#
# There is insufficient memory for the Java Runtime Environment to continue.
# Native memory allocation (mmap) failed to map 5637144576 bytes for committing reserved memory.
# Possible reasons:
#   The system is out of physical RAM or swap space
# Possible solutions:
#   Reduce memory load on the system
#   Increase physical memory or swap space
#   Check if swap backing store is full
#   Decrease Java heap size (-Xmx/-Xms)
#   Decrease number of Java threads
#   Decrease Java thread stack sizes (-Xss)
#   Set larger code cache with -XX:ReservedCodeCacheSize=
# This output file may be truncated or incomplete.
#
#  Out of Memory Error (os_linux.cpp:2706), pid=4545, tid=4572
#
# JRE version: OpenJDK Runtime Environment (10.0.2+13) (build 10.0.2+13-Ubuntu-1ubuntu0.18.04.3)
# Java VM: OpenJDK 64-Bit Server VM (10.0.2+13-Ubuntu-1ubuntu0.18.04.3, mixed mode, tiered, g1 gc, linux-amd64)
# Core dump will be written. Default location: Core dumps may be processed with "/usr/share/apport/apport %p %s %c %d %P" (or dumping to /home/william/Documents/phd/check_game/core.4545)
#

---------------  S U M M A R Y ------------

Command Line: -Xmx100g -Xss4M -Djava.awt.headless=true -Djava.library.path=/usr/local/prism-games-2.0.beta3-linux64/lib:/ppl prism.PrismCL -cuddmaxmem 100g -javamaxmem 100g smgKAKW_mul.prism smg_props.props -prop 1 -s -exportadvmdp tmp.tra -exportstates tmp.sta

Host: Intel(R) Core(TM) i7-8750H CPU @ 2.20GHz, 12 cores, 15G, Ubuntu 18.04.1 LTS
Time: Thu Nov 29 12:46:57 2018 GMT elapsed time: 2 seconds (0d 0h 0m 2s)

---------------  T H R E A D  ---------------

Current thread (0x00007fa6a813d000):  VMThread "VM Thread" [stack: 0x00007f8c629e8000,0x00007f8c62ae8000] [id=4572]

Stack: [0x00007f8c629e8000,0x00007f8c62ae8000],  sp=0x00007f8c62ae60a0,  free space=1016k
Native frames: (J=compiled Java code, A=aot compiled Java code, j=interpreted, Vv=VM code, C=native code)
V  [libjvm.so+0xd27ea4]
V  [libjvm.so+0xd28a4b]
V  [libjvm.so+0x64d415]
V  [libjvm.so+0xb2d7c8]
V  [libjvm.so+0xb2601d]
V  [libjvm.so+0x7662ff]
V  [libjvm.so+0x76653e]
V  [libjvm.so+0x769500]
V  [libjvm.so+0x7efa1c]
V  [libjvm.so+0x7f06df]
V  [libjvm.so+0x7f0b59]
V  [libjvm.so+0x7162cf]
V  [libjvm.so+0x71a3ba]
V  [libjvm.so+0xd3a008]
V  [libjvm.so+0xd38871]
V  [libjvm.so+0xd35b3b]
V  [libjvm.so+0xd3715e]
V  [libjvm.so+0xd37588]
V  [libjvm.so+0xb33d40]

VM_Operation (0x00007fa6ad2b9100): G1IncCollectionPause, mode: safepoint, requested by thread 0x00007fa6a8012000


---------------  P R O C E S S  ---------------

Threads class SMR info:
_java_thread_list=0x00007f8bfc000df0, length=13, elements={
0x00007fa6a8012000, 0x00007fa6a8146800, 0x00007fa6a8148800, 0x00007fa6a8152000,
0x00007fa6a815c800, 0x00007fa6a815e800, 0x00007fa6a8160800, 0x00007fa6a8162800,
0x00007fa6a8164800, 0x00007fa6a81d9000, 0x00007fa6a81f1800, 0x00007fa6a85a1800,
0x00007fa6a85bd000
}

Java Threads: ( => current thread )
  0x00007fa6a8012000 JavaThread "main" [_thread_blocked, id=4546, stack(0x00007fa6aceba000,0x00007fa6ad2bb000)]
  0x00007fa6a8146800 JavaThread "Reference Handler" daemon [_thread_blocked, id=4573, stack(0x00007f8c625e5000,0x00007f8c629e6000)]
  0x00007fa6a8148800 JavaThread "Finalizer" daemon [_thread_blocked, id=4574, stack(0x00007f8c621e4000,0x00007f8c625e5000)]
  0x00007fa6a8152000 JavaThread "Signal Dispatcher" daemon [_thread_blocked, id=4576, stack(0x00007f8c61414000,0x00007f8c61815000)]
  0x00007fa6a815c800 JavaThread "C2 CompilerThread0" daemon [_thread_blocked, id=4577, stack(0x00007f8c61313000,0x00007f8c61414000)]
  0x00007fa6a815e800 JavaThread "C2 CompilerThread1" daemon [_thread_blocked, id=4578, stack(0x00007f8c61212000,0x00007f8c61313000)]
  0x00007fa6a8160800 JavaThread "C2 CompilerThread2" daemon [_thread_blocked, id=4579, stack(0x00007f8c61111000,0x00007f8c61212000)]
  0x00007fa6a8162800 JavaThread "C1 CompilerThread3" daemon [_thread_blocked, id=4580, stack(0x00007f8c61010000,0x00007f8c61111000)]
  0x00007fa6a8164800 JavaThread "Sweeper thread" daemon [_thread_blocked, id=4581, stack(0x00007f8c60c0f000,0x00007f8c61010000)]
  0x00007fa6a81d9000 JavaThread "Service Thread" daemon [_thread_blocked, id=4582, stack(0x00007f8c6080e000,0x00007f8c60c0f000)]
  0x00007fa6a81f1800 JavaThread "Common-Cleaner" daemon [_thread_blocked, id=4584, stack(0x00007f8c6030b000,0x00007f8c6070c000)]
  0x00007fa6a85a1800 JavaThread "Image Fetcher 0" daemon [_thread_blocked, id=4587, stack(0x00007f8c0244f000,0x00007f8c02850000)]
  0x00007fa6a85bd000 JavaThread "Java2D Disposer" daemon [_thread_blocked, id=4588, stack(0x00007f8c016d0000,0x00007f8c01ad1000)]

Other Threads:
=>0x00007fa6a813d000 VMThread "VM Thread" [stack: 0x00007f8c629e8000,0x00007f8c62ae8000] [id=4572]
  0x00007fa6a81db000 WatcherThread [stack: 0x00007f8c6070e000,0x00007f8c6080e000] [id=4583]
  0x00007fa6a8029800 GCTaskThread "GC Thread#0" [stack: 0x00007fa68f617000,0x00007fa68f717000] [id=4547]
  0x00007fa6a802a800 GCTaskThread "GC Thread#1" [stack: 0x00007fa68f515000,0x00007fa68f615000] [id=4548]
  0x00007fa6a802c800 GCTaskThread "GC Thread#2" [stack: 0x00007fa68f413000,0x00007fa68f513000] [id=4549]
  0x00007fa6a802e000 GCTaskThread "GC Thread#3" [stack: 0x00007fa68f311000,0x00007fa68f411000] [id=4550]
  0x00007fa6a8030000 GCTaskThread "GC Thread#4" [stack: 0x00007fa68f20f000,0x00007fa68f30f000] [id=4551]
  0x00007fa6a8031800 GCTaskThread "GC Thread#5" [stack: 0x00007fa68f10d000,0x00007fa68f20d000] [id=4552]
  0x00007fa6a8033000 GCTaskThread "GC Thread#6" [stack: 0x00007fa68f00b000,0x00007fa68f10b000] [id=4553]
  0x00007fa6a8035000 GCTaskThread "GC Thread#7" [stack: 0x00007fa68ef09000,0x00007fa68f009000] [id=4554]
  0x00007fa6a8036800 GCTaskThread "GC Thread#8" [stack: 0x00007fa68ee07000,0x00007fa68ef07000] [id=4555]
  0x00007fa6a8038800 GCTaskThread "GC Thread#9" [stack: 0x00007fa68ed05000,0x00007fa68ee05000] [id=4556]
  0x00007fa6a8093800 ConcurrentGCThread "G1 Main Marker" [stack: 0x00007fa68c503000,0x00007fa68c603000] [id=4557]
  0x00007fa6a8095000 ConcurrentGCThread "G1 Conc#0" [stack: 0x00007fa68c401000,0x00007fa68c501000] [id=4558]
  0x00007fa6a8097000 ConcurrentGCThread "G1 Conc#1" [stack: 0x00007fa68c2ff000,0x00007fa68c3ff000] [id=4559]
  0x00007fa6a8098800 ConcurrentGCThread "G1 Conc#2" [stack: 0x00007fa68c1fd000,0x00007fa68c2fd000] [id=4560]
  0x00007fa6a80c4000 ConcurrentGCThread "G1 Refine#0" [stack: 0x00007f8c63cfe000,0x00007f8c63dfe000] [id=4561]
  0x00007fa6a80c5800 ConcurrentGCThread "G1 Refine#1" [stack: 0x00007f8c63bfc000,0x00007f8c63cfc000] [id=4562]
  0x00007fa6a80c7800 ConcurrentGCThread "G1 Refine#2" [stack: 0x00007f8c63afa000,0x00007f8c63bfa000] [id=4563]
  0x00007fa6a80c9000 ConcurrentGCThread "G1 Refine#3" [stack: 0x00007f8c639f8000,0x00007f8c63af8000] [id=4564]
  0x00007fa6a80cb000 ConcurrentGCThread "G1 Refine#4" [stack: 0x00007f8c638f6000,0x00007f8c639f6000] [id=4565]
  0x00007fa6a80cc800 ConcurrentGCThread "G1 Refine#5" [stack: 0x00007f8c637f4000,0x00007f8c638f4000] [id=4566]
  0x00007fa6a80ce800 ConcurrentGCThread "G1 Refine#6" [stack: 0x00007f8c636f2000,0x00007f8c637f2000] [id=4567]
  0x00007fa6a80d0000 ConcurrentGCThread "G1 Refine#7" [stack: 0x00007f8c635f0000,0x00007f8c636f0000] [id=4568]
  0x00007fa6a80d2000 ConcurrentGCThread "G1 Refine#8" [stack: 0x00007f8c634ee000,0x00007f8c635ee000] [id=4569]
  0x00007fa6a80d3800 ConcurrentGCThread "G1 Refine#9" [stack: 0x00007f8c633ec000,0x00007f8c634ec000] [id=4570]
  0x00007fa6a80d5800 ConcurrentGCThread "G1 Young RemSet Sampling" [stack: 0x00007f8c632ea000,0x00007f8c633ea000] [id=4571]

Threads with active compile tasks:

VM state:at safepoint (normal execution)

VM Mutex/Monitor currently owned by a thread:  ([mutex/lock_event])
[0x00007fa6a800e910] Threads_lock - owner thread: 0x00007fa6a813d000
[0x00007fa6a800eeb0] Heap_lock - owner thread: 0x00007fa6a8012000

Heap:
 garbage-first heap   total 8257536K, used 1263518K [0x00007f8d60000000, 0x00007fa660000000)
  region size 16384K, 1 young (16384K), 1 survivors (16384K)
 Metaspace       used 19368K, capacity 19648K, committed 19712K, reserved 20480K
Heap Regions: E=young(eden), S=young(survivor), O=old, HS=humongous(starts), HC=humongous(continues), CS=collection set, F=free, A=archive, TS=gc time stamp, AC=allocation context, TAMS=top-at-mark-start (previous, next)
|   0|0x00007f8d60000000, 0x00007f8d61000000, 0x00007f8d61000000|100%| O|  |TS  0|AC  0|TAMS 0x00007f8d61000000, 0x00007f8d61000000|
|   1|0x00007f8d61000000, 0x00007f8d62000000, 0x00007f8d62000000|100%| O|  |TS  0|AC  0|TAMS 0x00007f8d62000000, 0x00007f8d62000000|
|   2|0x00007f8d62000000, 0x00007f8d63000000, 0x00007f8d63000000|100%| O|  |TS  0|AC  0|TAMS 0x00007f8d63000000, 0x00007f8d63000000|
|   3|0x00007f8d63000000, 0x00007f8d64000000, 0x00007f8d64000000|100%| O|  |TS  0|AC  0|TAMS 0x00007f8d64000000, 0x00007f8d64000000|
|   4|0x00007f8d64000000, 0x00007f8d65000000, 0x00007f8d65000000|100%| O|  |TS  0|AC  0|TAMS 0x00007f8d65000000, 0x00007f8d65000000|
|   5|0x00007f8d65000000, 0x00007f8d66000000, 0x00007f8d66000000|100%| O|  |TS  0|AC  0|TAMS 0x00007f8d66000000, 0x00007f8d66000000|
|   6|0x00007f8d66000000, 0x00007f8d67000000, 0x00007f8d67000000|100%| O|  |TS  0|AC  0|TAMS 0x00007f8d67000000, 0x00007f8d67000000|
|   7|0x00007f8d67000000, 0x00007f8d68000000, 0x00007f8d68000000|100%| O|  |TS  1|AC  0|TAMS 0x00007f8d67000000, 0x00007f8d67000000|
|   8|0x00007f8d68000000, 0x00007f8d69000000, 0x00007f8d69000000|100%| O|  |TS  0|AC  0|TAMS 0x00007f8d69000000, 0x00007f8d69000000|
|   9|0x00007f8d69000000, 0x00007f8d6a000000, 0x00007f8d6a000000|100%| O|  |TS  0|AC  0|TAMS 0x00007f8d6a000000, 0x00007f8d6a000000|
|  10|0x00007f8d6a000000, 0x00007f8d6b000000, 0x00007f8d6b000000|100%| O|  |TS  0|AC  0|TAMS 0x00007f8d6b000000, 0x00007f8d6b000000|
|  11|0x00007f8d6b000000, 0x00007f8d6c000000, 0x00007f8d6c000000|100%| O|  |TS  1|AC  0|TAMS 0x00007f8d6b000000, 0x00007f8d6b000000|
|  12|0x00007f8d6c000000, 0x00007f8d6d000000, 0x00007f8d6d000000|100%| O|  |TS  0|AC  0|TAMS 0x00007f8d6d000000, 0x00007f8d6d000000|
|  13|0x00007f8d6d000000, 0x00007f8d6e000000, 0x00007f8d6e000000|100%| O|  |TS  0|AC  0|TAMS 0x00007f8d6e000000, 0x00007f8d6e000000|
|  14|0x00007f8d6e000000, 0x00007f8d6f000000, 0x00007f8d6f000000|100%| O|  |TS  0|AC  0|TAMS 0x00007f8d6f000000, 0x00007f8d6f000000|
|  15|0x00007f8d6f000000, 0x00007f8d70000000, 0x00007f8d70000000|100%| O|  |TS  0|AC  0|TAMS 0x00007f8d70000000, 0x00007f8d70000000|
|  16|0x00007f8d70000000, 0x00007f8d71000000, 0x00007f8d71000000|100%|HS|  |TS  0|AC  0|TAMS 0x00007f8d71000000, 0x00007f8d71000000|
|  17|0x00007f8d71000000, 0x00007f8d72000000, 0x00007f8d72000000|100%|HC|  |TS  0|AC  0|TAMS 0x00007f8d72000000, 0x00007f8d72000000|
|  18|0x00007f8d72000000, 0x00007f8d73000000, 0x00007f8d73000000|100%| O|  |TS  0|AC  0|TAMS 0x00007f8d73000000, 0x00007f8d73000000|
|  19|0x00007f8d73000000, 0x00007f8d74000000, 0x00007f8d74000000|100%| O|  |TS  0|AC  0|TAMS 0x00007f8d74000000, 0x00007f8d74000000|
|  20|0x00007f8d74000000, 0x00007f8d75000000, 0x00007f8d75000000|100%| O|  |TS  0|AC  0|TAMS 0x00007f8d75000000, 0x00007f8d75000000|
|  21|0x00007f8d75000000, 0x00007f8d76000000, 0x00007f8d76000000|100%| O|  |TS  0|AC  0|TAMS 0x00007f8d76000000, 0x00007f8d76000000|
|  22|0x00007f8d76000000, 0x00007f8d77000000, 0x00007f8d77000000|100%| O|  |TS  0|AC  0|TAMS 0x00007f8d77000000, 0x00007f8d77000000|
|  23|0x00007f8d77000000, 0x00007f8d78000000, 0x00007f8d78000000|100%| O|  |TS  0|AC  0|TAMS 0x00007f8d78000000, 0x00007f8d78000000|
|  24|0x00007f8d78000000, 0x00007f8d79000000, 0x00007f8d79000000|100%| O|  |TS  0|AC  0|TAMS 0x00007f8d79000000, 0x00007f8d79000000|
|  25|0x00007f8d79000000, 0x00007f8d7a000000, 0x00007f8d7a000000|100%| O|  |TS  0|AC  0|TAMS 0x00007f8d7a000000, 0x00007f8d7a000000|
|  26|0x00007f8d7a000000, 0x00007f8d7b000000, 0x00007f8d7b000000|100%| O|  |TS  0|AC  0|TAMS 0x00007f8d7a1b6c00, 0x00007f8d7a1b6c00|
|  27|0x00007f8d7b000000, 0x00007f8d7c000000, 0x00007f8d7c000000|100%|HS|  |TS  0|AC  0|TAMS 0x00007f8d7b000000, 0x00007f8d7b000000|
|  28|0x00007f8d7c000000, 0x00007f8d7d000000, 0x00007f8d7d000000|100%|HC|  |TS  0|AC  0|TAMS 0x00007f8d7c000000, 0x00007f8d7c000000|
|  29|0x00007f8d7d000000, 0x00007f8d7e000000, 0x00007f8d7e000000|100%| O|  |TS  0|AC  0|TAMS 0x00007f8d7d000000, 0x00007f8d7d000000|
|  30|0x00007f8d7e000000, 0x00007f8d7f000000, 0x00007f8d7f000000|100%| O|  |TS  0|AC  0|TAMS 0x00007f8d7e000000, 0x00007f8d7e000000|
|  31|0x00007f8d7f000000, 0x00007f8d80000000, 0x00007f8d80000000|100%| O|  |TS  0|AC  0|TAMS 0x00007f8d7f000000, 0x00007f8d7f000000|
|  32|0x00007f8d80000000, 0x00007f8d81000000, 0x00007f8d81000000|100%| O|  |TS  0|AC  0|TAMS 0x00007f8d80000000, 0x00007f8d80000000|
|  33|0x00007f8d81000000, 0x00007f8d82000000, 0x00007f8d82000000|100%| O|  |TS  0|AC  0|TAMS 0x00007f8d81000000, 0x00007f8d81000000|
|  34|0x00007f8d82000000, 0x00007f8d83000000, 0x00007f8d83000000|100%| O|  |TS  0|AC  0|TAMS 0x00007f8d82000000, 0x00007f8d82000000|
|  35|0x00007f8d83000000, 0x00007f8d84000000, 0x00007f8d84000000|100%| O|  |TS  0|AC  0|TAMS 0x00007f8d83000000, 0x00007f8d83000000|
|  36|0x00007f8d84000000, 0x00007f8d85000000, 0x00007f8d85000000|100%| O|  |TS  0|AC  0|TAMS 0x00007f8d84000000, 0x00007f8d84000000|
|  37|0x00007f8d85000000, 0x00007f8d86000000, 0x00007f8d86000000|100%| O|  |TS  0|AC  0|TAMS 0x00007f8d85000000, 0x00007f8d85000000|
|  38|0x00007f8d86000000, 0x00007f8d87000000, 0x00007f8d87000000|100%| O|  |TS  0|AC  0|TAMS 0x00007f8d86000000, 0x00007f8d86000000|
|  39|0x00007f8d87000000, 0x00007f8d88000000, 0x00007f8d88000000|100%| O|  |TS  1|AC  0|TAMS 0x00007f8d87000000, 0x00007f8d87000000|
|  40|0x00007f8d88000000, 0x00007f8d89000000, 0x00007f8d89000000|100%|HS|  |TS  0|AC  0|TAMS 0x00007f8d88000000, 0x00007f8d88000000|
|  41|0x00007f8d89000000, 0x00007f8d8a000000, 0x00007f8d8a000000|100%|HC|  |TS  0|AC  0|TAMS 0x00007f8d89000000, 0x00007f8d89000000|
|  42|0x00007f8d8a000000, 0x00007f8d8b000000, 0x00007f8d8b000000|100%|HC|  |TS  0|AC  0|TAMS 0x00007f8d8a000000, 0x00007f8d8a000000|
|  43|0x00007f8d8b000000, 0x00007f8d8c000000, 0x00007f8d8c000000|100%| O|  |TS  1|AC  0|TAMS 0x00007f8d8b000000, 0x00007f8d8b000000|
|  44|0x00007f8d8c000000, 0x00007f8d8d000000, 0x00007f8d8d000000|100%| O|  |TS  1|AC  0|TAMS 0x00007f8d8c000000, 0x00007f8d8c000000|
|  45|0x00007f8d8d000000, 0x00007f8d8e000000, 0x00007f8d8e000000|100%| O|  |TS  1|AC  0|TAMS 0x00007f8d8d000000, 0x00007f8d8d000000|
|  46|0x00007f8d8e000000, 0x00007f8d8f000000, 0x00007f8d8f000000|100%| O|  |TS  1|AC  0|TAMS 0x00007f8d8e000000, 0x00007f8d8e000000|
|  47|0x00007f8d8f000000, 0x00007f8d90000000, 0x00007f8d90000000|100%| O|  |TS  1|AC  0|TAMS 0x00007f8d8f000000, 0x00007f8d8f000000|
|  48|0x00007f8d90000000, 0x00007f8d91000000, 0x00007f8d91000000|100%| O|  |TS  1|AC  0|TAMS 0x00007f8d90000000, 0x00007f8d90000000|
|  49|0x00007f8d91000000, 0x00007f8d92000000, 0x00007f8d92000000|100%| O|  |TS  2|AC  0|TAMS 0x00007f8d91000000, 0x00007f8d91000000|
|  50|0x00007f8d92000000, 0x00007f8d93000000, 0x00007f8d93000000|100%|HS|  |TS  0|AC  0|TAMS 0x00007f8d92000000, 0x00007f8d92000000|
|  51|0x00007f8d93000000, 0x00007f8d94000000, 0x00007f8d94000000|100%|HC|  |TS  1|AC  0|TAMS 0x00007f8d93000000, 0x00007f8d93000000|
|  52|0x00007f8d94000000, 0x00007f8d95000000, 0x00007f8d95000000|100%|HC|  |TS  0|AC  0|TAMS 0x00007f8d94000000, 0x00007f8d94000000|
|  53|0x00007f8d95000000, 0x00007f8d96000000, 0x00007f8d96000000|100%|HC|  |TS  0|AC  0|TAMS 0x00007f8d95000000, 0x00007f8d95000000|
|  54|0x00007f8d96000000, 0x00007f8d97000000, 0x00007f8d97000000|100%|HC|  |TS  0|AC  0|TAMS 0x00007f8d96000000, 0x00007f8d96000000|
|  55|0x00007f8d97000000, 0x00007f8d98000000, 0x00007f8d98000000|100%| O|  |TS  2|AC  0|TAMS 0x00007f8d97000000, 0x00007f8d97000000|
|  56|0x00007f8d98000000, 0x00007f8d99000000, 0x00007f8d99000000|100%| O|  |TS  2|AC  0|TAMS 0x00007f8d98000000, 0x00007f8d98000000|
|  57|0x00007f8d99000000, 0x00007f8d9a000000, 0x00007f8d9a000000|100%| O|  |TS  2|AC  0|TAMS 0x00007f8d99000000, 0x00007f8d99000000|
|  58|0x00007f8d9a000000, 0x00007f8d9b000000, 0x00007f8d9b000000|100%| O|  |TS  2|AC  0|TAMS 0x00007f8d9a000000, 0x00007f8d9a000000|
|  59|0x00007f8d9b000000, 0x00007f8d9c000000, 0x00007f8d9c000000|100%| O|  |TS  2|AC  0|TAMS 0x00007f8d9b000000, 0x00007f8d9b000000|
|  60|0x00007f8d9c000000, 0x00007f8d9d000000, 0x00007f8d9d000000|100%| O|  |TS  2|AC  0|TAMS 0x00007f8d9c000000, 0x00007f8d9c000000|
|  61|0x00007f8d9d000000, 0x00007f8d9e000000, 0x00007f8d9e000000|100%| O|  |TS  2|AC  0|TAMS 0x00007f8d9d000000, 0x00007f8d9d000000|
|  62|0x00007f8d9e000000, 0x00007f8d9f000000, 0x00007f8d9f000000|100%| O|  |TS  2|AC  0|TAMS 0x00007f8d9e000000, 0x00007f8d9e000000|
|  63|0x00007f8d9f000000, 0x00007f8da0000000, 0x00007f8da0000000|100%| O|  |TS  2|AC  0|TAMS 0x00007f8d9f000000, 0x00007f8d9f000000|
|  64|0x00007f8da0000000, 0x00007f8da1000000, 0x00007f8da1000000|100%| O|  |TS  2|AC  0|TAMS 0x00007f8da0000000, 0x00007f8da0000000|
|  65|0x00007f8da1000000, 0x00007f8da2000000, 0x00007f8da2000000|100%| O|  |TS  2|AC  0|TAMS 0x00007f8da1000000, 0x00007f8da1000000|
|  66|0x00007f8da2000000, 0x00007f8da3000000, 0x00007f8da3000000|100%| O|  |TS  2|AC  0|TAMS 0x00007f8da2000000, 0x00007f8da2000000|
|  67|0x00007f8da3000000, 0x00007f8da4000000, 0x00007f8da4000000|100%| O|  |TS  2|AC  0|TAMS 0x00007f8da3000000, 0x00007f8da3000000|
|  68|0x00007f8da4000000, 0x00007f8da5000000, 0x00007f8da5000000|100%| O|  |TS  3|AC  0|TAMS 0x00007f8da4000000, 0x00007f8da4000000|
|  69|0x00007f8da5000000, 0x00007f8da6000000, 0x00007f8da6000000|100%| O|  |TS  3|AC  0|TAMS 0x00007f8da5000000, 0x00007f8da5000000|
|  70|0x00007f8da6000000, 0x00007f8da7000000, 0x00007f8da7000000|100%| O|  |TS  3|AC  0|TAMS 0x00007f8da6000000, 0x00007f8da6000000|
|  71|0x00007f8da7000000, 0x00007f8da8000000, 0x00007f8da8000000|100%| O|  |TS  3|AC  0|TAMS 0x00007f8da7000000, 0x00007f8da7000000|
|  72|0x00007f8da8000000, 0x00007f8da9000000, 0x00007f8da9000000|100%| O|  |TS  3|AC  0|TAMS 0x00007f8da8000000, 0x00007f8da8000000|
|  73|0x00007f8da9000000, 0x00007f8daa000000, 0x00007f8daa000000|100%| O|  |TS  3|AC  0|TAMS 0x00007f8da9000000, 0x00007f8da9000000|
|  74|0x00007f8daa000000, 0x00007f8dab000000, 0x00007f8dab000000|100%| O|  |TS  4|AC  0|TAMS 0x00007f8daa000000, 0x00007f8daa000000|
|  75|0x00007f8dab000000, 0x00007f8dac000000, 0x00007f8dac000000|100%| O|  |TS  4|AC  0|TAMS 0x00007f8dab000000, 0x00007f8dab000000|
|  76|0x00007f8dac000000, 0x00007f8dad000000, 0x00007f8dad000000|100%| O|  |TS  4|AC  0|TAMS 0x00007f8dac000000, 0x00007f8dac000000|
|  77|0x00007f8dad000000, 0x00007f8dad000000, 0x00007f8dae000000|  0%| F|  |TS  0|AC  0|TAMS 0x00007f8dad000000, 0x00007f8dad000000|
|  78|0x00007f8dae000000, 0x00007f8dae000000, 0x00007f8daf000000|  0%| F|  |TS  0|AC  0|TAMS 0x00007f8dae000000, 0x00007f8dae000000|
|  79|0x00007f8daf000000, 0x00007f8daf000000, 0x00007f8db0000000|  0%| F|  |TS  0|AC  0|TAMS 0x00007f8daf000000, 0x00007f8daf000000|
|  80|0x00007f8db0000000, 0x00007f8db0000000, 0x00007f8db1000000|  0%| F|  |TS  0|AC  0|TAMS 0x00007f8db0000000, 0x00007f8db0000000|
|  81|0x00007f8db1000000, 0x00007f8db1000000, 0x00007f8db2000000|  0%| F|  |TS  0|AC  0|TAMS 0x00007f8db1000000, 0x00007f8db1000000|
|  82|0x00007f8db2000000, 0x00007f8db2000000, 0x00007f8db3000000|  0%| F|  |TS  0|AC  0|TAMS 0x00007f8db2000000, 0x00007f8db2000000|
|  83|0x00007f8db3000000, 0x00007f8db3000000, 0x00007f8db4000000|  0%| F|  |TS  0|AC  0|TAMS 0x00007f8db3000000, 0x00007f8db3000000|
|  84|0x00007f8db4000000, 0x00007f8db4000000, 0x00007f8db5000000|  0%| F|  |TS  0|AC  0|TAMS 0x00007f8db4000000, 0x00007f8db4000000|
|  85|0x00007f8db5000000, 0x00007f8db5000000, 0x00007f8db6000000|  0%| F|  |TS  0|AC  0|TAMS 0x00007f8db5000000, 0x00007f8db5000000|
|  86|0x00007f8db6000000, 0x00007f8db6000000, 0x00007f8db7000000|  0%| F|  |TS  0|AC  0|TAMS 0x00007f8db6000000, 0x00007f8db6000000|
|  87|0x00007f8db7000000, 0x00007f8db7000000, 0x00007f8db8000000|  0%| F|  |TS  0|AC  0|TAMS 0x00007f8db7000000, 0x00007f8db7000000|
|  88|0x00007f8db8000000, 0x00007f8db8000000, 0x00007f8db9000000|  0%| F|  |TS  0|AC  0|TAMS 0x00007f8db8000000, 0x00007f8db8000000|
|  89|0x00007f8db9000000, 0x00007f8db9000000, 0x00007f8dba000000|  0%| F|  |TS  0|AC  0|TAMS 0x00007f8db9000000, 0x00007f8db9000000|
|  90|0x00007f8dba000000, 0x00007f8dba000000, 0x00007f8dbb000000|  0%| F|  |TS  0|AC  0|TAMS 0x00007f8dba000000, 0x00007f8dba000000|
|  91|0x00007f8dbb000000, 0x00007f8dbb000000, 0x00007f8dbc000000|  0%| F|  |TS  0|AC  0|TAMS 0x00007f8dbb000000, 0x00007f8dbb000000|
|  92|0x00007f8dbc000000, 0x00007f8dbc000000, 0x00007f8dbd000000|  0%| F|  |TS  0|AC  0|TAMS 0x00007f8dbc000000, 0x00007f8dbc000000|
|  93|0x00007f8dbd000000, 0x00007f8dbd000000, 0x00007f8dbe000000|  0%| F|  |TS  0|AC  0|TAMS 0x00007f8dbd000000, 0x00007f8dbd000000|
|  94|0x00007f8dbe000000, 0x00007f8dbe000000, 0x00007f8dbf000000|  0%| F|  |TS  0|AC  0|TAMS 0x00007f8dbe000000, 0x00007f8dbe000000|
|  95|0x00007f8dbf000000, 0x00007f8dbf000000, 0x00007f8dc0000000|  0%| F|  |TS  0|AC  0|TAMS 0x00007f8dbf000000, 0x00007f8dbf000000|
|  96|0x00007f8dc0000000, 0x00007f8dc0000000, 0x00007f8dc1000000|  0%| F|  |TS  0|AC  0|TAMS 0x00007f8dc0000000, 0x00007f8dc0000000|
|  97|0x00007f8dc1000000, 0x00007f8dc1000000, 0x00007f8dc2000000|  0%| F|  |TS  0|AC  0|TAMS 0x00007f8dc1000000, 0x00007f8dc1000000|
|  98|0x00007f8dc2000000, 0x00007f8dc2000000, 0x00007f8dc3000000|  0%| F|  |TS  0|AC  0|TAMS 0x00007f8dc2000000, 0x00007f8dc2000000|
|  99|0x00007f8dc3000000, 0x00007f8dc3000000, 0x00007f8dc4000000|  0%| F|  |TS  0|AC  0|TAMS 0x00007f8dc3000000, 0x00007f8dc3000000|
| 100|0x00007f8dc4000000, 0x00007f8dc4000000, 0x00007f8dc5000000|  0%| F|  |TS  0|AC  0|TAMS 0x00007f8dc4000000, 0x00007f8dc4000000|
| 101|0x00007f8dc5000000, 0x00007f8dc5000000, 0x00007f8dc6000000|  0%| F|  |TS  0|AC  0|TAMS 0x00007f8dc5000000, 0x00007f8dc5000000|
| 102|0x00007f8dc6000000, 0x00007f8dc6000000, 0x00007f8dc7000000|  0%| F|  |TS  0|AC  0|TAMS 0x00007f8dc6000000, 0x00007f8dc6000000|
| 103|0x00007f8dc7000000, 0x00007f8dc7000000, 0x00007f8dc8000000|  0%| F|  |TS  0|AC  0|TAMS 0x00007f8dc7000000, 0x00007f8dc7000000|
| 104|0x00007f8dc8000000, 0x00007f8dc8000000, 0x00007f8dc9000000|  0%| F|  |TS  0|AC  0|TAMS 0x00007f8dc8000000, 0x00007f8dc8000000|
| 105|0x00007f8dc9000000, 0x00007f8dc9000000, 0x00007f8dca000000|  0%| F|  |TS  0|AC  0|TAMS 0x00007f8dc9000000, 0x00007f8dc9000000|
| 106|0x00007f8dca000000, 0x00007f8dca000000, 0x00007f8dcb000000|  0%| F|  |TS  0|AC  0|TAMS 0x00007f8dca000000, 0x00007f8dca000000|
| 107|0x00007f8dcb000000, 0x00007f8dcb000000, 0x00007f8dcc000000|  0%| F|  |TS  0|AC  0|TAMS 0x00007f8dcb000000, 0x00007f8dcb000000|
| 108|0x00007f8dcc000000, 0x00007f8dcc000000, 0x00007f8dcd000000|  0%| F|  |TS  0|AC  0|TAMS 0x00007f8dcc000000, 0x00007f8dcc000000|
| 109|0x00007f8dcd000000, 0x00007f8dcd000000, 0x00007f8dce000000|  0%| F|  |TS  0|AC  0|TAMS 0x00007f8dcd000000, 0x00007f8dcd000000|
| 110|0x00007f8dce000000, 0x00007f8dce000000, 0x00007f8dcf000000|  0%| F|  |TS  0|AC  0|TAMS 0x00007f8dce000000, 0x00007f8dce000000|
| 111|0x00007f8dcf000000, 0x00007f8dcf000000, 0x00007f8dd0000000|  0%| F|  |TS  0|AC  0|TAMS 0x00007f8dcf000000, 0x00007f8dcf000000|
| 112|0x00007f8dd0000000, 0x00007f8dd0000000, 0x00007f8dd1000000|  0%| F|  |TS  0|AC  0|TAMS 0x00007f8dd0000000, 0x00007f8dd0000000|
| 113|0x00007f8dd1000000, 0x00007f8dd1000000, 0x00007f8dd2000000|  0%| F|  |TS  0|AC  0|TAMS 0x00007f8dd1000000, 0x00007f8dd1000000|
| 114|0x00007f8dd2000000, 0x00007f8dd2000000, 0x00007f8dd3000000|  0%| F|  |TS  0|AC  0|TAMS 0x00007f8dd2000000, 0x00007f8dd2000000|
| 115|0x00007f8dd3000000, 0x00007f8dd3000000, 0x00007f8dd4000000|  0%| F|  |TS  0|AC  0|TAMS 0x00007f8dd3000000, 0x00007f8dd3000000|
| 116|0x00007f8dd4000000, 0x00007f8dd4000000, 0x00007f8dd5000000|  0%| F|  |TS  0|AC  0|TAMS 0x00007f8dd4000000, 0x00007f8dd4000000|
| 117|0x00007f8dd5000000, 0x00007f8dd5000000, 0x00007f8dd6000000|  0%| F|  |TS  0|AC  0|TAMS 0x00007f8dd5000000, 0x00007f8dd5000000|
| 118|0x00007f8dd6000000, 0x00007f8dd6000000, 0x00007f8dd7000000|  0%| F|  |TS  0|AC  0|TAMS 0x00007f8dd6000000, 0x00007f8dd6000000|
| 119|0x00007f8dd7000000, 0x00007f8dd7000000, 0x00007f8dd8000000|  0%| F|  |TS  0|AC  0|TAMS 0x00007f8dd7000000, 0x00007f8dd7000000|
| 120|0x00007f8dd8000000, 0x00007f8dd8000000, 0x00007f8dd9000000|  0%| F|  |TS  0|AC  0|TAMS 0x00007f8dd8000000, 0x00007f8dd8000000|
| 121|0x00007f8dd9000000, 0x00007f8dd9000000, 0x00007f8dda000000|  0%| F|  |TS  0|AC  0|TAMS 0x00007f8dd9000000, 0x00007f8dd9000000|
| 122|0x00007f8dda000000, 0x00007f8dda000000, 0x00007f8ddb000000|  0%| F|  |TS  0|AC  0|TAMS 0x00007f8dda000000, 0x00007f8dda000000|
| 123|0x00007f8ddb000000, 0x00007f8ddb000000, 0x00007f8ddc000000|  0%| F|  |TS  0|AC  0|TAMS 0x00007f8ddb000000, 0x00007f8ddb000000|
| 124|0x00007f8ddc000000, 0x00007f8ddc000000, 0x00007f8ddd000000|  0%| F|  |TS  0|AC  0|TAMS 0x00007f8ddc000000, 0x00007f8ddc000000|
| 125|0x00007f8ddd000000, 0x00007f8ddd000000, 0x00007f8dde000000|  0%| F|  |TS  0|AC  0|TAMS 0x00007f8ddd000000, 0x00007f8ddd000000|
| 126|0x00007f8dde000000, 0x00007f8dde000000, 0x00007f8ddf000000|  0%| F|  |TS  0|AC  0|TAMS 0x00007f8dde000000, 0x00007f8dde000000|
| 127|0x00007f8ddf000000, 0x00007f8ddf000000, 0x00007f8de0000000|  0%| F|  |TS  0|AC  0|TAMS 0x00007f8ddf000000, 0x00007f8ddf000000|
| 128|0x00007f8de0000000, 0x00007f8de0000000, 0x00007f8de1000000|  0%| F|  |TS  0|AC  0|TAMS 0x00007f8de0000000, 0x00007f8de0000000|
| 129|0x00007f8de1000000, 0x00007f8de1000000, 0x00007f8de2000000|  0%| F|  |TS  0|AC  0|TAMS 0x00007f8de1000000, 0x00007f8de1000000|
| 130|0x00007f8de2000000, 0x00007f8de2000000, 0x00007f8de3000000|  0%| F|  |TS  0|AC  0|TAMS 0x00007f8de2000000, 0x00007f8de2000000|
| 131|0x00007f8de3000000, 0x00007f8de3000000, 0x00007f8de4000000|  0%| F|  |TS  0|AC  0|TAMS 0x00007f8de3000000, 0x00007f8de3000000|
| 132|0x00007f8de4000000, 0x00007f8de4000000, 0x00007f8de5000000|  0%| F|  |TS  0|AC  0|TAMS 0x00007f8de4000000, 0x00007f8de4000000|
| 133|0x00007f8de5000000, 0x00007f8de5000000, 0x00007f8de6000000|  0%| F|  |TS  0|AC  0|TAMS 0x00007f8de5000000, 0x00007f8de5000000|
| 134|0x00007f8de6000000, 0x00007f8de6000000, 0x00007f8de7000000|  0%| F|  |TS  0|AC  0|TAMS 0x00007f8de6000000, 0x00007f8de6000000|
| 135|0x00007f8de7000000, 0x00007f8de7000000, 0x00007f8de8000000|  0%| F|  |TS  0|AC  0|TAMS 0x00007f8de7000000, 0x00007f8de7000000|
| 136|0x00007f8de8000000, 0x00007f8de8000000, 0x00007f8de9000000|  0%| F|  |TS  0|AC  0|TAMS 0x00007f8de8000000, 0x00007f8de8000000|
| 137|0x00007f8de9000000, 0x00007f8de9000000, 0x00007f8dea000000|  0%| F|  |TS  0|AC  0|TAMS 0x00007f8de9000000, 0x00007f8de9000000|
| 138|0x00007f8dea000000, 0x00007f8dea000000, 0x00007f8deb000000|  0%| F|  |TS  0|AC  0|TAMS 0x00007f8dea000000, 0x00007f8dea000000|
| 139|0x00007f8deb000000, 0x00007f8deb000000, 0x00007f8dec000000|  0%| F|  |TS  0|AC  0|TAMS 0x00007f8deb000000, 0x00007f8deb000000|
| 140|0x00007f8dec000000, 0x00007f8dec000000, 0x00007f8ded000000|  0%| F|  |TS  0|AC  0|TAMS 0x00007f8dec000000, 0x00007f8dec000000|
| 141|0x00007f8ded000000, 0x00007f8ded000000, 0x00007f8dee000000|  0%| F|  |TS  0|AC  0|TAMS 0x00007f8ded000000, 0x00007f8ded000000|
| 142|0x00007f8dee000000, 0x00007f8dee000000, 0x00007f8def000000|  0%| F|  |TS  0|AC  0|TAMS 0x00007f8dee000000, 0x00007f8dee000000|
| 143|0x00007f8def000000, 0x00007f8def000000, 0x00007f8df0000000|  0%| F|  |TS  0|AC  0|TAMS 0x00007f8def000000, 0x00007f8def000000|
| 144|0x00007f8df0000000, 0x00007f8df0000000, 0x00007f8df1000000|  0%| F|  |TS  0|AC  0|TAMS 0x00007f8df0000000, 0x00007f8df0000000|
| 145|0x00007f8df1000000, 0x00007f8df1000000, 0x00007f8df2000000|  0%| F|  |TS  0|AC  0|TAMS 0x00007f8df1000000, 0x00007f8df1000000|
| 146|0x00007f8df2000000, 0x00007f8df2000000, 0x00007f8df3000000|  0%| F|  |TS  0|AC  0|TAMS 0x00007f8df2000000, 0x00007f8df2000000|
| 147|0x00007f8df3000000, 0x00007f8df3000000, 0x00007f8df4000000|  0%| F|  |TS  0|AC  0|TAMS 0x00007f8df3000000, 0x00007f8df3000000|
| 148|0x00007f8df4000000, 0x00007f8df41e7a28, 0x00007f8df5000000| 11%| S|CS|TS  4|AC  0|TAMS 0x00007f8df4000000, 0x00007f8df4000000|
| 149|0x00007f8df5000000, 0x00007f8df5000000, 0x00007f8df6000000|  0%| F|  |TS  4|AC  0|TAMS 0x00007f8df5000000, 0x00007f8df5000000|
| 150|0x00007f8df6000000, 0x00007f8df6000000, 0x00007f8df7000000|  0%| F|  |TS  4|AC  0|TAMS 0x00007f8df6000000, 0x00007f8df6000000|
| 151|0x00007f8df7000000, 0x00007f8df7000000, 0x00007f8df8000000|  0%| F|  |TS  4|AC  0|TAMS 0x00007f8df7000000, 0x00007f8df7000000|
| 152|0x00007f8df8000000, 0x00007f8df8000000, 0x00007f8df9000000|  0%| F|  |TS  4|AC  0|TAMS 0x00007f8df8000000, 0x00007f8df8000000|
| 153|0x00007f8df9000000, 0x00007f8df9000000, 0x00007f8dfa000000|  0%| F|  |TS  4|AC  0|TAMS 0x00007f8df9000000, 0x00007f8df9000000|
| 154|0x00007f8dfa000000, 0x00007f8dfa000000, 0x00007f8dfb000000|  0%| F|  |TS  4|AC  0|TAMS 0x00007f8dfa000000, 0x00007f8dfa000000|
| 155|0x00007f8dfb000000, 0x00007f8dfb000000, 0x00007f8dfc000000|  0%| F|  |TS  4|AC  0|TAMS 0x00007f8dfb000000, 0x00007f8dfb000000|
| 156|0x00007f8dfc000000, 0x00007f8dfc000000, 0x00007f8dfd000000|  0%| F|  |TS  4|AC  0|TAMS 0x00007f8dfc000000, 0x00007f8dfc000000|
| 157|0x00007f8dfd000000, 0x00007f8dfd000000, 0x00007f8dfe000000|  0%| F|  |TS  4|AC  0|TAMS 0x00007f8dfd000000, 0x00007f8dfd000000|
| 158|0x00007f8dfe000000, 0x00007f8dfe000000, 0x00007f8dff000000|  0%| F|  |TS  4|AC  0|TAMS 0x00007f8dfe000000, 0x00007f8dfe000000|
| 159|0x00007f8dff000000, 0x00007f8dff000000, 0x00007f8e00000000|  0%| F|  |TS  4|AC  0|TAMS 0x00007f8dff000000, 0x00007f8dff000000|
| 160|0x00007f8e00000000, 0x00007f8e00000000, 0x00007f8e01000000|  0%| F|  |TS  4|AC  0|TAMS 0x00007f8e00000000, 0x00007f8e00000000|
| 161|0x00007f8e01000000, 0x00007f8e01000000, 0x00007f8e02000000|  0%| F|  |TS  4|AC  0|TAMS 0x00007f8e01000000, 0x00007f8e01000000|
| 162|0x00007f8e02000000, 0x00007f8e02000000, 0x00007f8e03000000|  0%| F|  |TS  4|AC  0|TAMS 0x00007f8e02000000, 0x00007f8e02000000|
| 163|0x00007f8e03000000, 0x00007f8e03000000, 0x00007f8e04000000|  0%| F|  |TS  4|AC  0|TAMS 0x00007f8e03000000, 0x00007f8e03000000|
| 164|0x00007f8e04000000, 0x00007f8e04000000, 0x00007f8e05000000|  0%| F|  |TS  4|AC  0|TAMS 0x00007f8e04000000, 0x00007f8e04000000|
| 165|0x00007f8e05000000, 0x00007f8e05000000, 0x00007f8e06000000|  0%| F|  |TS  4|AC  0|TAMS 0x00007f8e05000000, 0x00007f8e05000000|
| 166|0x00007f8e06000000, 0x00007f8e06000000, 0x00007f8e07000000|  0%| F|  |TS  4|AC  0|TAMS 0x00007f8e06000000, 0x00007f8e06000000|
| 167|0x00007f8e07000000, 0x00007f8e07000000, 0x00007f8e08000000|  0%| F|  |TS  4|AC  0|TAMS 0x00007f8e07000000, 0x00007f8e07000000|

Card table byte_map: [0x00007f8d47000000,0x00007f8d53800000] byte_map_base: 0x00007f4d80500000

Marking Bits (Prev, Next): (CMBitMap*) 0x00007fa6a8092a78, (CMBitMap*) 0x00007fa6a8092a40
 Prev Bits: [0x00007f8c72800000, 0x00007f8cd6800000)
 Next Bits: [0x00007f8cd6800000, 0x00007f8d3a800000)

Polling page: 0x00007fa6afd40000

CodeHeap 'non-profiled nmethods': size=120032Kb used=825Kb max_used=825Kb free=119206Kb
 bounds [0x00007fa6971df000, 0x00007fa69744f000, 0x00007fa69e717000]
CodeHeap 'profiled nmethods': size=120028Kb used=3712Kb max_used=3712Kb free=116316Kb
 bounds [0x00007fa68fca8000, 0x00007fa690048000, 0x00007fa6971df000]
CodeHeap 'non-nmethods': size=5700Kb used=1224Kb max_used=1246Kb free=4475Kb
 bounds [0x00007fa68f717000, 0x00007fa68f987000, 0x00007fa68fca8000]
 total_blobs=2827 nmethods=1796 adapters=543
 compilation: enabled

Compilation events (10 events):
Event: 2.054 Thread 0x00007fa6a8162800 1793       2       parser.ast.Expression::evaluateDouble (71 bytes)
Event: 2.054 Thread 0x00007fa6a8160800 1794       4       parser.ast.ExpressionBinaryOp::evaluate (1023 bytes)
Event: 2.054 Thread 0x00007fa6a8162800 nmethod 1793 0x00007fa69002d890 code [0x00007fa69002daa0, 0x00007fa69002de98]
Event: 2.054 Thread 0x00007fa6a8162800 1795 %     3       explicit.ConstructModel::constructModel @ 532 (1822 bytes)
Event: 2.054 Thread 0x00007fa6a815c800 1796       4       parser.ast.Expression::evaluateDouble (71 bytes)
Event: 2.055 Thread 0x00007fa6a815c800 nmethod 1796 0x00007fa6972a5510 code [0x00007fa6972a56e0, 0x00007fa6972a58f8]
Event: 2.066 Thread 0x00007fa6a8162800 nmethod 1795% 0x00007fa69002e090 code [0x00007fa69002fb20, 0x00007fa690040dc8]
Event: 2.091 Thread 0x00007fa6a815e800 1797 %     4       explicit.ConstructModel::constructModel @ 532 (1822 bytes)
Event: 2.092 Thread 0x00007fa6a8160800 nmethod 1794 0x00007fa6972a5b90 code [0x00007fa6972a6320, 0x00007fa6972a96d0]
Event: 2.101 Thread 0x00007fa6a815e800 nmethod 1797% 0x00007fa6972abf10 code [0x00007fa6972ac100, 0x00007fa6972ace88]

GC Heap History (10 events):
Event: 1.307 GC heap after
{Heap after GC invocations=12 (full 0):
 garbage-first heap   total 917504K, used 580195K [0x00007f8d60000000, 0x00007fa660000000)
  region size 16384K, 1 young (16384K), 1 survivors (16384K)
 Metaspace       used 19288K, capacity 19520K, committed 19712K, reserved 20480K
}
Event: 1.353 GC heap before
{Heap before GC invocations=12 (full 0):
 garbage-first heap   total 917504K, used 645731K [0x00007f8d60000000, 0x00007fa660000000)
  region size 16384K, 5 young (81920K), 1 survivors (16384K)
 Metaspace       used 19288K, capacity 19520K, committed 19712K, reserved 20480K
}
Event: 1.376 GC heap after
{Heap after GC invocations=13 (full 0):
 garbage-first heap   total 2752512K, used 657075K [0x00007f8d60000000, 0x00007fa660000000)
  region size 16384K, 1 young (16384K), 1 survivors (16384K)
 Metaspace       used 19288K, capacity 19520K, committed 19712K, reserved 20480K
}
Event: 1.529 GC heap before
{Heap before GC invocations=14 (full 0):
 garbage-first heap   total 2752512K, used 837299K [0x00007f8d60000000, 0x00007fa660000000)
  region size 16384K, 11 young (180224K), 1 survivors (16384K)
 Metaspace       used 19288K, capacity 19520K, committed 19712K, reserved 20480K
}
Event: 1.579 GC heap after
{Heap after GC invocations=15 (full 0):
 garbage-first heap   total 2752512K, used 844052K [0x00007f8d60000000, 0x00007fa660000000)
  region size 16384K, 2 young (32768K), 2 survivors (32768K)
 Metaspace       used 19288K, capacity 19520K, committed 19712K, reserved 20480K
}
Event: 1.724 GC heap before
{Heap before GC invocations=15 (full 0):
 garbage-first heap   total 2752512K, used 1138964K [0x00007f8d60000000, 0x00007fa660000000)
  region size 16384K, 15 young (245760K), 2 survivors (32768K)
 Metaspace       used 19288K, capacity 19520K, committed 19712K, reserved 20480K
}
Event: 1.807 GC heap after
{Heap after GC invocations=16 (full 0):
 garbage-first heap   total 2752512K, used 1149444K [0x00007f8d60000000, 0x00007fa660000000)
  region size 16384K, 2 young (32768K), 2 survivors (32768K)
 Metaspace       used 19288K, capacity 19520K, committed 19712K, reserved 20480K
}
Event: 1.959 GC heap before
{Heap before GC invocations=16 (full 0):
 garbage-first heap   total 2752512K, used 1362436K [0x00007f8d60000000, 0x00007fa660000000)
  region size 16384K, 15 young (245760K), 2 survivors (32768K)
 Metaspace       used 19368K, capacity 19648K, committed 19712K, reserved 20480K
}
Event: 1.993 GC heap after
{Heap after GC invocations=17 (full 0):
 garbage-first heap   total 2752512K, used 1249019K [0x00007f8d60000000, 0x00007fa660000000)
  region size 16384K, 2 young (32768K), 2 survivors (32768K)
 Metaspace       used 19368K, capacity 19648K, committed 19712K, reserved 20480K
}
Event: 2.114 GC heap before
{Heap before GC invocations=17 (full 0):
 garbage-first heap   total 2752512K, used 1527547K [0x00007f8d60000000, 0x00007fa660000000)
  region size 16384K, 19 young (311296K), 2 survivors (32768K)
 Metaspace       used 19368K, capacity 19648K, committed 19712K, reserved 20480K
}

Deoptimization events (10 events):
Event: 0.724 Thread 0x00007fa6a8012000 Uncommon trap: reason=class_check action=maybe_recompile pc=0x00007fa69725eddc method=java.lang.String.valueOf(Ljava/lang/Object;)Ljava/lang/String; @ 10 c2
Event: 0.724 Thread 0x00007fa6a8012000 Uncommon trap: reason=class_check action=maybe_recompile pc=0x00007fa69725eddc method=java.lang.String.valueOf(Ljava/lang/Object;)Ljava/lang/String; @ 10 c2
Event: 0.855 Thread 0x00007fa6a8012000 Uncommon trap: reason=unstable_if action=reinterpret pc=0x00007fa69728ff40 method=parser.VarList.getAllStates()Ljava/util/List; @ 173 c2
Event: 0.959 Thread 0x00007fa6a8012000 Uncommon trap: reason=unstable_if action=reinterpret pc=0x00007fa697292528 method=parser.VarList.getAllStates()Ljava/util/List; @ 67 c2
Event: 1.899 Thread 0x00007fa6a8012000 Uncommon trap: reason=unstable_if action=reinterpret pc=0x00007fa69729a8ec method=parser.ast.ExpressionBinaryOp.evaluate(Lparser/EvaluateContext;)Ljava/lang/Object; @ 223 c2
Event: 2.049 Thread 0x00007fa6a8012000 Uncommon trap: reason=unstable_if action=reinterpret pc=0x00007fa6972a0bd8 method=parser.ast.Expression.evaluateDouble(Lparser/EvaluateContext;)D @ 51 c2
Event: 2.049 Thread 0x00007fa6a8012000 Uncommon trap: reason=speculate_class_check action=maybe_recompile pc=0x00007fa6972a0c08 method=parser.ast.Expression.evaluateBoolean(Lparser/EvaluateContext;)Z @ 2 c2
Event: 2.049 Thread 0x00007fa6a8012000 Uncommon trap: reason=unstable_if action=reinterpret pc=0x00007fa697297448 method=parser.ast.Expression.evaluateDouble(Lparser/EvaluateContext;)D @ 51 c2
Event: 2.049 Thread 0x00007fa6a8012000 Uncommon trap: reason=speculate_class_check action=maybe_recompile pc=0x00007fa6972a0c08 method=parser.ast.Expression.evaluateBoolean(Lparser/EvaluateContext;)Z @ 2 c2
Event: 2.049 Thread 0x00007fa6a8012000 Uncommon trap: reason=unstable_if action=reinterpret pc=0x00007fa6972a4b2c method=explicit.ConstructModel.constructModel(Lparser/ast/ModulesFile;ZZZZ[Z)Lexplicit/Model; @ 565 c2

Classes redefined (0 events):
No events

Internal exceptions (10 events):
Event: 0.358 Thread 0x00007fa6a8012000 Exception <a 'java/lang/NoSuchMethodError'{0x00007f8d6f1771c8}: java.lang.invoke.DirectMethodHandle$Holder.invokeStatic(Ljava/lang/Object;Ljava/lang/Object;Ljava/lang/Object;Ljava/lang/Object;Ljava/lang/Object;Ljava/lang/Object;Ljava/lang/Object;Ljava/lan
Event: 0.359 Thread 0x00007fa6a8012000 Exception <a 'java/lang/NoSuchMethodError'{0x00007f8d6f1a4f38}: java.lang.invoke.DirectMethodHandle$Holder.invokeStatic(Ljava/lang/Object;Ljava/lang/Object;Ljava/lang/Object;Ljava/lang/Object;Ljava/lang/Object;Ljava/lang/Object;Ljava/lang/Object;Ljava/lan
Event: 0.360 Thread 0x00007fa6a8012000 Exception <a 'java/lang/NoSuchMethodError'{0x00007f8d6f1ff0a8}: method resolution failed> (0x00007f8d6f1ff0a8) thrown at [/build/openjdk-lts-HXybSI/openjdk-lts-10.0.2+13/src/hotspot/share/prims/methodHandles.cpp, line 1226]
Event: 0.364 Thread 0x00007fa6a8012000 Exception <a 'java/lang/NoSuchMethodError'{0x00007f8d6f2c4e78}: java.lang.invoke.DirectMethodHandle$Holder.invokeSpecial(Ljava/lang/Object;Ljava/lang/Object;IILjava/lang/Object;Ljava/lang/Object;Ljava/lang/Object;Ljava/lang/Object;)Ljava/lang/Object;> (0x
Event: 0.364 Thread 0x00007fa6a8012000 Exception <a 'java/lang/NoSuchMethodError'{0x00007f8d6f2c9c00}: java.lang.invoke.DelegatingMethodHandle$Holder.reinvoke_L(Ljava/lang/Object;IILjava/lang/Object;Ljava/lang/Object;Ljava/lang/Object;Ljava/lang/Object;)Ljava/lang/Object;> (0x00007f8d6f2c9c00)
Event: 0.376 Thread 0x00007fa6a8012000 Exception <a 'java/lang/NoSuchMethodError'{0x00007f8d6f4f4230}: java.lang.invoke.DirectMethodHandle$Holder.invokeStatic(Ljava/lang/Object;Ljava/lang/Object;Ljava/lang/Object;Ljava/lang/Object;Ljava/lang/Object;Ljava/lang/Object;Ljava/lang/Object;Ljava/lan
Event: 0.377 Thread 0x00007fa6a8012000 Exception <a 'java/lang/NoSuchMethodError'{0x00007f8d6f507300}: java.lang.invoke.DirectMethodHandle$Holder.invokeStatic(Ljava/lang/Object;Ljava/lang/Object;Ljava/lang/Object;Ljava/lang/Object;Ljava/lang/Object;Ljava/lang/Object;Ljava/lang/Object;Ljava/lan
Event: 0.377 Thread 0x00007fa6a8012000 Exception <a 'java/lang/NoSuchMethodError'{0x00007f8d6f51a840}: java.lang.invoke.DirectMethodHandle$Holder.invokeStatic(Ljava/lang/Object;Ljava/lang/Object;Ljava/lang/Object;Ljava/lang/Object;Ljava/lang/Object;Ljava/lang/Object;Ljava/lang/Object;Ljava/lan
Event: 0.707 Thread 0x00007fa6a8012000 Exception <a 'java/lang/NoSuchMethodError'{0x00007f8d6f95c7c0}: java.lang.Object.lambda$union$2(Ljava/util/regex/Pattern$CharPredicate;I)Z> (0x00007f8d6f95c7c0) thrown at [/build/openjdk-lts-HXybSI/openjdk-lts-10.0.2+13/src/hotspot/share/interpreter/linkR
Event: 0.707 Thread 0x00007fa6a8012000 Exception <a 'java/lang/NoSuchMethodError'{0x00007f8d6f961758}: java.lang.Object.lambda$negate$3(I)Z> (0x00007f8d6f961758) thrown at [/build/openjdk-lts-HXybSI/openjdk-lts-10.0.2+13/src/hotspot/share/interpreter/linkResolver.cpp, line 741]

Events (10 events):
Event: 2.049 Thread 0x00007fa6a8012000 DEOPT UNPACKING pc=0x00007fa68f73efa5 sp=0x00007fa6ad2b9048 mode 2
Event: 2.049 Thread 0x00007fa6a8012000 Uncommon trap: trap_request=0xffffff76 fr.pc=0x00007fa6972a0c08 relative=0x0000000000002328
Event: 2.049 Thread 0x00007fa6a8012000 DEOPT PACKING pc=0x00007fa6972a0c08 sp=0x00007fa6ad2b9390
Event: 2.049 Thread 0x00007fa6a8012000 DEOPT UNPACKING pc=0x00007fa68f73efa5 sp=0x00007fa6ad2b92f8 mode 2
Event: 2.049 Thread 0x00007fa6a8012000 Uncommon trap: trap_request=0xffffff55 fr.pc=0x00007fa6972a4b2c relative=0x00000000000008cc
Event: 2.049 Thread 0x00007fa6a8012000 DEOPT PACKING pc=0x00007fa6972a4b2c sp=0x00007fa6ad2b94e0
Event: 2.049 Thread 0x00007fa6a8012000 DEOPT UNPACKING pc=0x00007fa68f73efa5 sp=0x00007fa6ad2b9478 mode 2
Event: 2.102 Thread 0x00007fa6a8012000 DEOPT PACKING pc=0x00007fa69003ea56 sp=0x00007fa6ad2b8fa0
Event: 2.102 Thread 0x00007fa6a8012000 DEOPT UNPACKING pc=0x00007fa68f73edba sp=0x00007fa6ad2b8970 mode 0
Event: 2.114 Executing VM operation: G1IncCollectionPause


Dynamic libraries:
55b911c77000-55b911c78000 r-xp 00000000 103:04 529357                    /usr/lib/jvm/java-11-openjdk-amd64/bin/java
55b911e78000-55b911e79000 r--p 00001000 103:04 529357                    /usr/lib/jvm/java-11-openjdk-amd64/bin/java
55b911e79000-55b911e7a000 rw-p 00002000 103:04 529357                    /usr/lib/jvm/java-11-openjdk-amd64/bin/java
55b912583000-55b9125a4000 rw-p 00000000 00:00 0                          [heap]
7f8b4750c000-7f8b4764c000 rw-p 00000000 00:00 0 
7f8b4764c000-7f8b4770c000 ---p 00000000 00:00 0 
7f8b4770c000-7f8b47729000 r-xp 00000000 103:04 665812                    /usr/local/prism-games-2.0.beta3-linux64/lib/libprismhybrid.so
7f8b47729000-7f8b47928000 ---p 0001d000 103:04 665812                    /usr/local/prism-games-2.0.beta3-linux64/lib/libprismhybrid.so
7f8b47928000-7f8b47929000 rw-p 0001c000 103:04 665812                    /usr/local/prism-games-2.0.beta3-linux64/lib/libprismhybrid.so
7f8b47929000-7f8b4792a000 rw-p 00000000 00:00 0 
7f8b4792a000-7f8b479c6000 r-xp 00000000 103:04 665821                    /usr/local/prism-games-2.0.beta3-linux64/lib/liblpsolve55.so
7f8b479c6000-7f8b47bc5000 ---p 0009c000 103:04 665821                    /usr/local/prism-games-2.0.beta3-linux64/lib/liblpsolve55.so
7f8b47bc5000-7f8b47bc7000 rw-p 0009b000 103:04 665821                    /usr/local/prism-games-2.0.beta3-linux64/lib/liblpsolve55.so
7f8b47bc7000-7f8b47bc8000 rw-p 00000000 00:00 0 
7f8b47bc8000-7f8b47bcf000 r-xp 00000000 103:04 665814                    /usr/local/prism-games-2.0.beta3-linux64/lib/libdv.so
7f8b47bcf000-7f8b47dce000 ---p 00007000 103:04 665814                    /usr/local/prism-games-2.0.beta3-linux64/lib/libdv.so
7f8b47dce000-7f8b47dcf000 rw-p 00006000 103:04 665814                    /usr/local/prism-games-2.0.beta3-linux64/lib/libdv.so
7f8b47dcf000-7f8b47dfe000 r-xp 00000000 103:04 665808                    /usr/local/prism-games-2.0.beta3-linux64/lib/libprismsparse.so
7f8b47dfe000-7f8b47ffd000 ---p 0002f000 103:04 665808                    /usr/local/prism-games-2.0.beta3-linux64/lib/libprismsparse.so
7f8b47ffd000-7f8b47ffe000 rw-p 0002e000 103:04 665808                    /usr/local/prism-games-2.0.beta3-linux64/lib/libprismsparse.so
7f8b47ffe000-7f8bec000000 rw-p 00000000 00:00 0 
7f8bec000000-7f8bec021000 rw-p 00000000 00:00 0 
7f8bec021000-7f8bf0000000 ---p 00000000 00:00 0 
7f8bf0000000-7f8bf0021000 rw-p 00000000 00:00 0 
7f8bf0021000-7f8bf4000000 ---p 00000000 00:00 0 
7f8bf4000000-7f8bf4021000 rw-p 00000000 00:00 0 
7f8bf4021000-7f8bf8000000 ---p 00000000 00:00 0 
7f8bf8000000-7f8bf8026000 rw-p 00000000 00:00 0 
7f8bf8026000-7f8bfc000000 ---p 00000000 00:00 0 
7f8bfc000000-7f8bfc021000 rw-p 00000000 00:00 0 
7f8bfc021000-7f8c00000000 ---p 00000000 00:00 0 
7f8c0003e000-7f8c00041000 r-xp 00000000 103:04 665806                    /usr/local/prism-games-2.0.beta3-linux64/lib/libodd.so
7f8c00041000-7f8c00240000 ---p 00003000 103:04 665806                    /usr/local/prism-games-2.0.beta3-linux64/lib/libodd.so
7f8c00240000-7f8c00241000 rw-p 00002000 103:04 665806                    /usr/local/prism-games-2.0.beta3-linux64/lib/libodd.so
7f8c00241000-7f8c0024c000 r-xp 00000000 103:04 665816                    /usr/local/prism-games-2.0.beta3-linux64/lib/libprismmtbdd.so
7f8c0024c000-7f8c0044c000 ---p 0000b000 103:04 665816                    /usr/local/prism-games-2.0.beta3-linux64/lib/libprismmtbdd.so
7f8c0044c000-7f8c0044d000 rw-p 0000b000 103:04 665816                    /usr/local/prism-games-2.0.beta3-linux64/lib/libprismmtbdd.so
7f8c0044d000-7f8c00c4e000 rw-p 00000000 00:00 0 
7f8c00c4e000-7f8c00cc7000 r-xp 00000000 103:04 665817                    /usr/local/prism-games-2.0.beta3-linux64/lib/libdd.so
7f8c00cc7000-7f8c00ec6000 ---p 00079000 103:04 665817                    /usr/local/prism-games-2.0.beta3-linux64/lib/libdd.so
7f8c00ec6000-7f8c00ec8000 rw-p 00078000 103:04 665817                    /usr/local/prism-games-2.0.beta3-linux64/lib/libdd.so
7f8c00ec8000-7f8c00ecf000 r-xp 00000000 103:04 665802                    /usr/local/prism-games-2.0.beta3-linux64/lib/libjdd.so
7f8c00ecf000-7f8c010ce000 ---p 00007000 103:04 665802                    /usr/local/prism-games-2.0.beta3-linux64/lib/libjdd.so
7f8c010ce000-7f8c010cf000 rw-p 00006000 103:04 665802                    /usr/local/prism-games-2.0.beta3-linux64/lib/libjdd.so
7f8c010cf000-7f8c012cf000 rw-p 00000000 00:00 0 
7f8c012cf000-7f8c012d3000 ---p 00000000 00:00 0 
7f8c012d3000-7f8c016d0000 rw-p 00000000 00:00 0 
7f8c016d0000-7f8c016d4000 ---p 00000000 00:00 0 
7f8c016d4000-7f8c01ad1000 rw-p 00000000 00:00 0 
7f8c01ad1000-7f8c01b02000 r-xp 00000000 103:04 534498                    /usr/lib/x86_64-linux-gnu/libpng16.so.16.34.0
7f8c01b02000-7f8c01d01000 ---p 00031000 103:04 534498                    /usr/lib/x86_64-linux-gnu/libpng16.so.16.34.0
7f8c01d01000-7f8c01d02000 r--p 00030000 103:04 534498                    /usr/lib/x86_64-linux-gnu/libpng16.so.16.34.0
7f8c01d02000-7f8c01d03000 rw-p 00031000 103:04 534498                    /usr/lib/x86_64-linux-gnu/libpng16.so.16.34.0
7f8c01d03000-7f8c01db0000 r-xp 00000000 103:04 534008                    /usr/lib/x86_64-linux-gnu/libfreetype.so.6.15.0
7f8c01db0000-7f8c01faf000 ---p 000ad000 103:04 534008                    /usr/lib/x86_64-linux-gnu/libfreetype.so.6.15.0
7f8c01faf000-7f8c01fb6000 r--p 000ac000 103:04 534008                    /usr/lib/x86_64-linux-gnu/libfreetype.so.6.15.0
7f8c01fb6000-7f8c01fb7000 rw-p 000b3000 103:04 534008                    /usr/lib/x86_64-linux-gnu/libfreetype.so.6.15.0
7f8c01fb7000-7f8c0204c000 r-xp 00000000 103:04 664524                    /usr/lib/jvm/java-11-openjdk-amd64/lib/libfontmanager.so
7f8c0204c000-7f8c0224c000 ---p 00095000 103:04 664524                    /usr/lib/jvm/java-11-openjdk-amd64/lib/libfontmanager.so
7f8c0224c000-7f8c0224d000 r--p 00095000 103:04 664524                    /usr/lib/jvm/java-11-openjdk-amd64/lib/libfontmanager.so
7f8c0224d000-7f8c0224e000 rw-p 00096000 103:04 664524                    /usr/lib/jvm/java-11-openjdk-amd64/lib/libfontmanager.so
7f8c0224e000-7f8c0244f000 rw-p 00000000 00:00 0 
7f8c0244f000-7f8c02453000 ---p 00000000 00:00 0 
7f8c02453000-7f8c02850000 rw-p 00000000 00:00 0 
7f8c02850000-7f8c02854000 ---p 00000000 00:00 0 
7f8c02854000-7f8c02c51000 rw-p 00000000 00:00 0 
7f8c02c51000-7f8c02c55000 ---p 00000000 00:00 0 
7f8c02c55000-7f8c03252000 rw-p 00000000 00:00 0 
7f8c0330a000-7f8c0350a000 rw-p 00000000 00:00 0 
7f8c0350a000-7f8c0370a000 rw-p 00000000 00:00 0 
7f8c0370a000-7f8c03712000 r-xp 00000000 103:04 664512                    /usr/lib/jvm/java-11-openjdk-amd64/lib/libawt_headless.so
7f8c03712000-7f8c03911000 ---p 00008000 103:04 664512                    /usr/lib/jvm/java-11-openjdk-amd64/lib/libawt_headless.so
7f8c03911000-7f8c03912000 r--p 00007000 103:04 664512                    /usr/lib/jvm/java-11-openjdk-amd64/lib/libawt_headless.so
7f8c03912000-7f8c03913000 rw-p 00008000 103:04 664512                    /usr/lib/jvm/java-11-openjdk-amd64/lib/libawt_headless.so
7f8c03913000-7f8c039b3000 r-xp 00000000 103:04 664508                    /usr/lib/jvm/java-11-openjdk-amd64/lib/libawt.so
7f8c039b3000-7f8c03bb3000 ---p 000a0000 103:04 664508                    /usr/lib/jvm/java-11-openjdk-amd64/lib/libawt.so
7f8c03bb3000-7f8c03bb4000 r--p 000a0000 103:04 664508                    /usr/lib/jvm/java-11-openjdk-amd64/lib/libawt.so
7f8c03bb4000-7f8c03bbf000 rw-p 000a1000 103:04 664508                    /usr/lib/jvm/java-11-openjdk-amd64/lib/libawt.so
7f8c03bbf000-7f8c03be4000 rw-p 00000000 00:00 0 
7f8c03be4000-7f8c03be8000 r-xp 00000000 103:04 665810                    /usr/local/prism-games-2.0.beta3-linux64/lib/libprism.so
7f8c03be8000-7f8c03de7000 ---p 00004000 103:04 665810                    /usr/local/prism-games-2.0.beta3-linux64/lib/libprism.so
7f8c03de7000-7f8c03de8000 rw-p 00003000 103:04 665810                    /usr/local/prism-games-2.0.beta3-linux64/lib/libprism.so
7f8c03de8000-7f8c03dff000 r-xp 00000000 103:04 664825                    /usr/lib/jvm/java-11-openjdk-amd64/lib/libnet.so
7f8c03dff000-7f8c03ffe000 ---p 00017000 103:04 664825                    /usr/lib/jvm/java-11-openjdk-amd64/lib/libnet.so
7f8c03ffe000-7f8c03fff000 r--p 00016000 103:04 664825                    /usr/lib/jvm/java-11-openjdk-amd64/lib/libnet.so
7f8c03fff000-7f8c04000000 rw-p 00017000 103:04 664825                    /usr/lib/jvm/java-11-openjdk-amd64/lib/libnet.so
7f8c04000000-7f8c04021000 rw-p 00000000 00:00 0 
7f8c04021000-7f8c08000000 ---p 00000000 00:00 0 
7f8c08000000-7f8c08021000 rw-p 00000000 00:00 0 
7f8c08021000-7f8c0c000000 ---p 00000000 00:00 0 
7f8c0c000000-7f8c0c021000 rw-p 00000000 00:00 0 
7f8c0c021000-7f8c10000000 ---p 00000000 00:00 0 
7f8c10000000-7f8c10021000 rw-p 00000000 00:00 0 
7f8c10021000-7f8c14000000 ---p 00000000 00:00 0 
7f8c14000000-7f8c14641000 rw-p 00000000 00:00 0 
7f8c14641000-7f8c18000000 ---p 00000000 00:00 0 
7f8c18000000-7f8c18592000 rw-p 00000000 00:00 0 
7f8c18592000-7f8c1c000000 ---p 00000000 00:00 0 
7f8c1c000000-7f8c1c57b000 rw-p 00000000 00:00 0 
7f8c1c57b000-7f8c20000000 ---p 00000000 00:00 0 
7f8c20000000-7f8c20987000 rw-p 00000000 00:00 0 
7f8c20987000-7f8c24000000 ---p 00000000 00:00 0 
7f8c24000000-7f8c24021000 rw-p 00000000 00:00 0 
7f8c24021000-7f8c28000000 ---p 00000000 00:00 0 
7f8c28000000-7f8c28021000 rw-p 00000000 00:00 0 
7f8c28021000-7f8c2c000000 ---p 00000000 00:00 0 
7f8c2c000000-7f8c2c189000 rw-p 00000000 00:00 0 
7f8c2c189000-7f8c30000000 ---p 00000000 00:00 0 
7f8c30000000-7f8c30021000 rw-p 00000000 00:00 0 
7f8c30021000-7f8c34000000 ---p 00000000 00:00 0 
7f8c34000000-7f8c34021000 rw-p 00000000 00:00 0 
7f8c34021000-7f8c38000000 ---p 00000000 00:00 0 
7f8c38000000-7f8c38021000 rw-p 00000000 00:00 0 
7f8c38021000-7f8c3c000000 ---p 00000000 00:00 0 
7f8c3c000000-7f8c3c021000 rw-p 00000000 00:00 0 
7f8c3c021000-7f8c40000000 ---p 00000000 00:00 0 
7f8c40000000-7f8c40021000 rw-p 00000000 00:00 0 
7f8c40021000-7f8c44000000 ---p 00000000 00:00 0 
7f8c44000000-7f8c44024000 rw-p 00000000 00:00 0 
7f8c44024000-7f8c48000000 ---p 00000000 00:00 0 
7f8c48000000-7f8c48021000 rw-p 00000000 00:00 0 
7f8c48021000-7f8c4c000000 ---p 00000000 00:00 0 
7f8c4c000000-7f8c4c021000 rw-p 00000000 00:00 0 
7f8c4c021000-7f8c50000000 ---p 00000000 00:00 0 
7f8c50000000-7f8c50021000 rw-p 00000000 00:00 0 
7f8c50021000-7f8c54000000 ---p 00000000 00:00 0 
7f8c54000000-7f8c54021000 rw-p 00000000 00:00 0 
7f8c54021000-7f8c58000000 ---p 00000000 00:00 0 
7f8c58000000-7f8c58021000 rw-p 00000000 00:00 0 
7f8c58021000-7f8c5c000000 ---p 00000000 00:00 0 
7f8c5c000000-7f8c5c04a000 rw-p 00000000 00:00 0 
7f8c5c04a000-7f8c60000000 ---p 00000000 00:00 0 
7f8c600f9000-7f8c6010a000 r-xp 00000000 103:04 664832                    /usr/lib/jvm/java-11-openjdk-amd64/lib/libnio.so
7f8c6010a000-7f8c60309000 ---p 00011000 103:04 664832                    /usr/lib/jvm/java-11-openjdk-amd64/lib/libnio.so
7f8c60309000-7f8c6030a000 r--p 00010000 103:04 664832                    /usr/lib/jvm/java-11-openjdk-amd64/lib/libnio.so
7f8c6030a000-7f8c6030b000 rw-p 00011000 103:04 664832                    /usr/lib/jvm/java-11-openjdk-amd64/lib/libnio.so
7f8c6030b000-7f8c6030f000 ---p 00000000 00:00 0 
7f8c6030f000-7f8c6070c000 rw-p 00000000 00:00 0 
7f8c6070c000-7f8c6070d000 ---p 00000000 00:00 0 
7f8c6070d000-7f8c6080e000 rw-p 00000000 00:00 0 
7f8c6080e000-7f8c60812000 ---p 00000000 00:00 0 
7f8c60812000-7f8c60c0f000 rw-p 00000000 00:00 0 
7f8c60c0f000-7f8c60c13000 ---p 00000000 00:00 0 
7f8c60c13000-7f8c61010000 rw-p 00000000 00:00 0 
7f8c61010000-7f8c61014000 ---p 00000000 00:00 0 
7f8c61014000-7f8c61111000 rw-p 00000000 00:00 0 
7f8c61111000-7f8c61115000 ---p 00000000 00:00 0 
7f8c61115000-7f8c61212000 rw-p 00000000 00:00 0 
7f8c61212000-7f8c61216000 ---p 00000000 00:00 0 
7f8c61216000-7f8c61313000 rw-p 00000000 00:00 0 
7f8c61313000-7f8c61317000 ---p 00000000 00:00 0 
7f8c61317000-7f8c61414000 rw-p 00000000 00:00 0 
7f8c61414000-7f8c61418000 ---p 00000000 00:00 0 
7f8c61418000-7f8c61815000 rw-p 00000000 00:00 0 
7f8c61815000-7f8c621e4000 r--p 00000000 103:04 531372                    /usr/lib/locale/locale-archive
7f8c621e4000-7f8c621e8000 ---p 00000000 00:00 0 
7f8c621e8000-7f8c625e5000 rw-p 00000000 00:00 0 
7f8c625e5000-7f8c625e9000 ---p 00000000 00:00 0 
7f8c625e9000-7f8c629e6000 rw-p 00000000 00:00 0 
7f8c629e6000-7f8c629e7000 ---p 00000000 00:00 0 
7f8c629e7000-7f8c632e8000 rw-p 00000000 00:00 0 
7f8c632e8000-7f8c632e9000 ---p 00000000 00:00 0 
7f8c632e9000-7f8c633ea000 rw-p 00000000 00:00 0 
7f8c633ea000-7f8c633eb000 ---p 00000000 00:00 0 
7f8c633eb000-7f8c634ec000 rw-p 00000000 00:00 0 
7f8c634ec000-7f8c634ed000 ---p 00000000 00:00 0 
7f8c634ed000-7f8c635ee000 rw-p 00000000 00:00 0 
7f8c635ee000-7f8c635ef000 ---p 00000000 00:00 0 
7f8c635ef000-7f8c636f0000 rw-p 00000000 00:00 0 
7f8c636f0000-7f8c636f1000 ---p 00000000 00:00 0 
7f8c636f1000-7f8c637f2000 rw-p 00000000 00:00 0 
7f8c637f2000-7f8c637f3000 ---p 00000000 00:00 0 
7f8c637f3000-7f8c638f4000 rw-p 00000000 00:00 0 
7f8c638f4000-7f8c638f5000 ---p 00000000 00:00 0 
7f8c638f5000-7f8c639f6000 rw-p 00000000 00:00 0 
7f8c639f6000-7f8c639f7000 ---p 00000000 00:00 0 
7f8c639f7000-7f8c63af8000 rw-p 00000000 00:00 0 
7f8c63af8000-7f8c63af9000 ---p 00000000 00:00 0 
7f8c63af9000-7f8c63bfa000 rw-p 00000000 00:00 0 
7f8c63bfa000-7f8c63bfb000 ---p 00000000 00:00 0 
7f8c63bfb000-7f8c63cfc000 rw-p 00000000 00:00 0 
7f8c63cfc000-7f8c63cfd000 ---p 00000000 00:00 0 
7f8c63cfd000-7f8c64000000 rw-p 00000000 00:00 0 
7f8c64000000-7f8c64021000 rw-p 00000000 00:00 0 
7f8c64021000-7f8c68000000 ---p 00000000 00:00 0 
7f8c68000000-7f8c68021000 rw-p 00000000 00:00 0 
7f8c68021000-7f8c6c000000 ---p 00000000 00:00 0 
7f8c6c000000-7f8c6c021000 rw-p 00000000 00:00 0 
7f8c6c021000-7f8c70000000 ---p 00000000 00:00 0 
7f8c700c8000-7f8c75200000 rw-p 00000000 00:00 0 
7f8c75200000-7f8cd6800000 ---p 00000000 00:00 0 
7f8cd6800000-7f8cd9200000 rw-p 00000000 00:00 0 
7f8cd9200000-7f8d3a800000 ---p 00000000 00:00 0 
7f8d3a800000-7f8d3ad40000 rw-p 00000000 00:00 0 
7f8d3ad40000-7f8d47000000 ---p 00000000 00:00 0 
7f8d47000000-7f8d47540000 rw-p 00000000 00:00 0 
7f8d47540000-7f8d53800000 ---p 00000000 00:00 0 
7f8d53800000-7f8d53d40000 rw-p 00000000 00:00 0 
7f8d53d40000-7f8d60000000 ---p 00000000 00:00 0 
7f8d60000000-7f8e08000000 rw-p 00000000 00:00 0 
7f8f58000000-7fa660000000 ---p 00000000 00:00 0 
7fa660000000-7fa660181000 rw-p 00000000 00:00 0 
7fa660181000-7fa664000000 ---p 00000000 00:00 0 
7fa664000000-7fa664021000 rw-p 00000000 00:00 0 
7fa664021000-7fa668000000 ---p 00000000 00:00 0 
7fa668000000-7fa668171000 rw-p 00000000 00:00 0 
7fa668171000-7fa66c000000 ---p 00000000 00:00 0 
7fa66c000000-7fa66c1b7000 rw-p 00000000 00:00 0 
7fa66c1b7000-7fa670000000 ---p 00000000 00:00 0 
7fa670000000-7fa67026a000 rw-p 00000000 00:00 0 
7fa67026a000-7fa674000000 ---p 00000000 00:00 0 
7fa674000000-7fa674191000 rw-p 00000000 00:00 0 
7fa674191000-7fa678000000 ---p 00000000 00:00 0 
7fa678000000-7fa678189000 rw-p 00000000 00:00 0 
7fa678189000-7fa67c000000 ---p 00000000 00:00 0 
7fa67c000000-7fa67c265000 rw-p 00000000 00:00 0 
7fa67c265000-7fa680000000 ---p 00000000 00:00 0 
7fa680000000-7fa68019e000 rw-p 00000000 00:00 0 
7fa68019e000-7fa684000000 ---p 00000000 00:00 0 
7fa684000000-7fa684192000 rw-p 00000000 00:00 0 
7fa684192000-7fa688000000 ---p 00000000 00:00 0 
7fa688000000-7fa68818f000 rw-p 00000000 00:00 0 
7fa68818f000-7fa68c000000 ---p 00000000 00:00 0 
7fa68c029000-7fa68c1fb000 rw-p 00000000 00:00 0 
7fa68c1fb000-7fa68c1fc000 ---p 00000000 00:00 0 
7fa68c1fc000-7fa68c2fd000 rw-p 00000000 00:00 0 
7fa68c2fd000-7fa68c2fe000 ---p 00000000 00:00 0 
7fa68c2fe000-7fa68c3ff000 rw-p 00000000 00:00 0 
7fa68c3ff000-7fa68c400000 ---p 00000000 00:00 0 
7fa68c400000-7fa68c501000 rw-p 00000000 00:00 0 
7fa68c501000-7fa68c502000 ---p 00000000 00:00 0 
7fa68c502000-7fa68ed03000 rw-p 00000000 00:00 0 
7fa68ed03000-7fa68ed04000 ---p 00000000 00:00 0 
7fa68ed04000-7fa68ee05000 rw-p 00000000 00:00 0 
7fa68ee05000-7fa68ee06000 ---p 00000000 00:00 0 
7fa68ee06000-7fa68ef07000 rw-p 00000000 00:00 0 
7fa68ef07000-7fa68ef08000 ---p 00000000 00:00 0 
7fa68ef08000-7fa68f009000 rw-p 00000000 00:00 0 
7fa68f009000-7fa68f00a000 ---p 00000000 00:00 0 
7fa68f00a000-7fa68f10b000 rw-p 00000000 00:00 0 
7fa68f10b000-7fa68f10c000 ---p 00000000 00:00 0 
7fa68f10c000-7fa68f20d000 rw-p 00000000 00:00 0 
7fa68f20d000-7fa68f20e000 ---p 00000000 00:00 0 
7fa68f20e000-7fa68f30f000 rw-p 00000000 00:00 0 
7fa68f30f000-7fa68f310000 ---p 00000000 00:00 0 
7fa68f310000-7fa68f411000 rw-p 00000000 00:00 0 
7fa68f411000-7fa68f412000 ---p 00000000 00:00 0 
7fa68f412000-7fa68f513000 rw-p 00000000 00:00 0 
7fa68f513000-7fa68f514000 ---p 00000000 00:00 0 
7fa68f514000-7fa68f615000 rw-p 00000000 00:00 0 
7fa68f615000-7fa68f616000 ---p 00000000 00:00 0 
7fa68f616000-7fa68f717000 rw-p 00000000 00:00 0 
7fa68f717000-7fa68f987000 rwxp 00000000 00:00 0 
7fa68f987000-7fa68fca8000 ---p 00000000 00:00 0 
7fa68fca8000-7fa690048000 rwxp 00000000 00:00 0 
7fa690048000-7fa6971df000 ---p 00000000 00:00 0 
7fa6971df000-7fa69744f000 rwxp 00000000 00:00 0 
7fa69744f000-7fa69e717000 ---p 00000000 00:00 0 
7fa69e717000-7fa6a7bf2000 r--s 00000000 103:04 670543                    /usr/lib/jvm/java-11-openjdk-amd64/lib/modules
7fa6a7bf2000-7fa6a7bf7000 r-xp 00000000 103:04 664738                    /usr/lib/jvm/java-11-openjdk-amd64/lib/libjimage.so
7fa6a7bf7000-7fa6a7df6000 ---p 00005000 103:04 664738                    /usr/lib/jvm/java-11-openjdk-amd64/lib/libjimage.so
7fa6a7df6000-7fa6a7df7000 r--p 00004000 103:04 664738                    /usr/lib/jvm/java-11-openjdk-amd64/lib/libjimage.so
7fa6a7df7000-7fa6a7df8000 rw-p 00005000 103:04 664738                    /usr/lib/jvm/java-11-openjdk-amd64/lib/libjimage.so
7fa6a7df8000-7fa6a7dff000 r-xp 00000000 103:04 670542                    /usr/lib/jvm/java-11-openjdk-amd64/lib/libzip.so
7fa6a7dff000-7fa6a7ffe000 ---p 00007000 103:04 670542                    /usr/lib/jvm/java-11-openjdk-amd64/lib/libzip.so
7fa6a7ffe000-7fa6a7fff000 r--p 00006000 103:04 670542                    /usr/lib/jvm/java-11-openjdk-amd64/lib/libzip.so
7fa6a7fff000-7fa6a8000000 rw-p 00007000 103:04 670542                    /usr/lib/jvm/java-11-openjdk-amd64/lib/libzip.so
7fa6a8000000-7fa6a86e4000 rw-p 00000000 00:00 0 
7fa6a86e4000-7fa6ac000000 ---p 00000000 00:00 0 
7fa6ac00b000-7fa6ac033000 rw-p 00000000 00:00 0 
7fa6ac033000-7fa6ac03e000 r-xp 00000000 103:04 267847                    /lib/x86_64-linux-gnu/libnss_files-2.27.so
7fa6ac03e000-7fa6ac23d000 ---p 0000b000 103:04 267847                    /lib/x86_64-linux-gnu/libnss_files-2.27.so
7fa6ac23d000-7fa6ac23e000 r--p 0000a000 103:04 267847                    /lib/x86_64-linux-gnu/libnss_files-2.27.so
7fa6ac23e000-7fa6ac23f000 rw-p 0000b000 103:04 267847                    /lib/x86_64-linux-gnu/libnss_files-2.27.so
7fa6ac23f000-7fa6ac245000 rw-p 00000000 00:00 0 
7fa6ac245000-7fa6ac25c000 r-xp 00000000 103:04 267841                    /lib/x86_64-linux-gnu/libnsl-2.27.so
7fa6ac25c000-7fa6ac45b000 ---p 00017000 103:04 267841                    /lib/x86_64-linux-gnu/libnsl-2.27.so
7fa6ac45b000-7fa6ac45c000 r--p 00016000 103:04 267841                    /lib/x86_64-linux-gnu/libnsl-2.27.so
7fa6ac45c000-7fa6ac45d000 rw-p 00017000 103:04 267841                    /lib/x86_64-linux-gnu/libnsl-2.27.so
7fa6ac45d000-7fa6ac45f000 rw-p 00000000 00:00 0 
7fa6ac45f000-7fa6ac46a000 r-xp 00000000 103:04 267858                    /lib/x86_64-linux-gnu/libnss_nis-2.27.so
7fa6ac46a000-7fa6ac669000 ---p 0000b000 103:04 267858                    /lib/x86_64-linux-gnu/libnss_nis-2.27.so
7fa6ac669000-7fa6ac66a000 r--p 0000a000 103:04 267858                    /lib/x86_64-linux-gnu/libnss_nis-2.27.so
7fa6ac66a000-7fa6ac66b000 rw-p 0000b000 103:04 267858                    /lib/x86_64-linux-gnu/libnss_nis-2.27.so
7fa6ac66b000-7fa6ac673000 r-xp 00000000 103:04 267843                    /lib/x86_64-linux-gnu/libnss_compat-2.27.so
7fa6ac673000-7fa6ac873000 ---p 00008000 103:04 267843                    /lib/x86_64-linux-gnu/libnss_compat-2.27.so
7fa6ac873000-7fa6ac874000 r--p 00008000 103:04 267843                    /lib/x86_64-linux-gnu/libnss_compat-2.27.so
7fa6ac874000-7fa6ac875000 rw-p 00009000 103:04 267843                    /lib/x86_64-linux-gnu/libnss_compat-2.27.so
7fa6ac875000-7fa6ac8a1000 r-xp 00000000 103:04 664658                    /usr/lib/jvm/java-11-openjdk-amd64/lib/libjava.so
7fa6ac8a1000-7fa6acaa0000 ---p 0002c000 103:04 664658                    /usr/lib/jvm/java-11-openjdk-amd64/lib/libjava.so
7fa6acaa0000-7fa6acaa1000 r--p 0002b000 103:04 664658                    /usr/lib/jvm/java-11-openjdk-amd64/lib/libjava.so
7fa6acaa1000-7fa6acaa3000 rw-p 0002c000 103:04 664658                    /usr/lib/jvm/java-11-openjdk-amd64/lib/libjava.so
7fa6acaa3000-7fa6acab0000 r-xp 00000000 103:04 670541                    /usr/lib/jvm/java-11-openjdk-amd64/lib/libverify.so
7fa6acab0000-7fa6accaf000 ---p 0000d000 103:04 670541                    /usr/lib/jvm/java-11-openjdk-amd64/lib/libverify.so
7fa6accaf000-7fa6accb1000 r--p 0000c000 103:04 670541                    /usr/lib/jvm/java-11-openjdk-amd64/lib/libverify.so
7fa6accb1000-7fa6accb2000 rw-p 0000e000 103:04 670541                    /usr/lib/jvm/java-11-openjdk-amd64/lib/libverify.so
7fa6accb2000-7fa6accb9000 r-xp 00000000 103:04 267898                    /lib/x86_64-linux-gnu/librt-2.27.so
7fa6accb9000-7fa6aceb8000 ---p 00007000 103:04 267898                    /lib/x86_64-linux-gnu/librt-2.27.so
7fa6aceb8000-7fa6aceb9000 r--p 00006000 103:04 267898                    /lib/x86_64-linux-gnu/librt-2.27.so
7fa6aceb9000-7fa6aceba000 rw-p 00007000 103:04 267898                    /lib/x86_64-linux-gnu/librt-2.27.so
7fa6aceba000-7fa6acebe000 ---p 00000000 00:00 0 
7fa6acebe000-7fa6ad2bb000 rw-p 00000000 00:00 0 
7fa6ad2bb000-7fa6ad2d2000 r-xp 00000000 103:04 261825                    /lib/x86_64-linux-gnu/libgcc_s.so.1
7fa6ad2d2000-7fa6ad4d1000 ---p 00017000 103:04 261825                    /lib/x86_64-linux-gnu/libgcc_s.so.1
7fa6ad4d1000-7fa6ad4d2000 r--p 00016000 103:04 261825                    /lib/x86_64-linux-gnu/libgcc_s.so.1
7fa6ad4d2000-7fa6ad4d3000 rw-p 00017000 103:04 261825                    /lib/x86_64-linux-gnu/libgcc_s.so.1
7fa6ad4d3000-7fa6ad670000 r-xp 00000000 103:04 267820                    /lib/x86_64-linux-gnu/libm-2.27.so
7fa6ad670000-7fa6ad86f000 ---p 0019d000 103:04 267820                    /lib/x86_64-linux-gnu/libm-2.27.so
7fa6ad86f000-7fa6ad870000 r--p 0019c000 103:04 267820                    /lib/x86_64-linux-gnu/libm-2.27.so
7fa6ad870000-7fa6ad871000 rw-p 0019d000 103:04 267820                    /lib/x86_64-linux-gnu/libm-2.27.so
7fa6ad871000-7fa6ad9ea000 r-xp 00000000 103:04 523283                    /usr/lib/x86_64-linux-gnu/libstdc++.so.6.0.25
7fa6ad9ea000-7fa6adbea000 ---p 00179000 103:04 523283                    /usr/lib/x86_64-linux-gnu/libstdc++.so.6.0.25
7fa6adbea000-7fa6adbf4000 r--p 00179000 103:04 523283                    /usr/lib/x86_64-linux-gnu/libstdc++.so.6.0.25
7fa6adbf4000-7fa6adbf6000 rw-p 00183000 103:04 523283                    /usr/lib/x86_64-linux-gnu/libstdc++.so.6.0.25
7fa6adbf6000-7fa6adbfa000 rw-p 00000000 00:00 0 
7fa6adbfa000-7fa6aeb97000 r-xp 00000000 103:04 670546                    /usr/lib/jvm/java-11-openjdk-amd64/lib/server/libjvm.so
7fa6aeb97000-7fa6aed97000 ---p 00f9d000 103:04 670546                    /usr/lib/jvm/java-11-openjdk-amd64/lib/server/libjvm.so
7fa6aed97000-7fa6aee5b000 r--p 00f9d000 103:04 670546                    /usr/lib/jvm/java-11-openjdk-amd64/lib/server/libjvm.so
7fa6aee5b000-7fa6aee93000 rw-p 01061000 103:04 670546                    /usr/lib/jvm/java-11-openjdk-amd64/lib/server/libjvm.so
7fa6aee93000-7fa6aeedc000 rw-p 00000000 00:00 0 
7fa6aeedc000-7fa6aeef6000 r-xp 00000000 103:04 267890                    /lib/x86_64-linux-gnu/libpthread-2.27.so
7fa6aeef6000-7fa6af0f5000 ---p 0001a000 103:04 267890                    /lib/x86_64-linux-gnu/libpthread-2.27.so
7fa6af0f5000-7fa6af0f6000 r--p 00019000 103:04 267890                    /lib/x86_64-linux-gnu/libpthread-2.27.so
7fa6af0f6000-7fa6af0f7000 rw-p 0001a000 103:04 267890                    /lib/x86_64-linux-gnu/libpthread-2.27.so
7fa6af0f7000-7fa6af0fb000 rw-p 00000000 00:00 0 
7fa6af0fb000-7fa6af0fe000 r-xp 00000000 103:04 267780                    /lib/x86_64-linux-gnu/libdl-2.27.so
7fa6af0fe000-7fa6af2fd000 ---p 00003000 103:04 267780                    /lib/x86_64-linux-gnu/libdl-2.27.so
7fa6af2fd000-7fa6af2fe000 r--p 00002000 103:04 267780                    /lib/x86_64-linux-gnu/libdl-2.27.so
7fa6af2fe000-7fa6af2ff000 rw-p 00003000 103:04 267780                    /lib/x86_64-linux-gnu/libdl-2.27.so
7fa6af2ff000-7fa6af31b000 r-xp 00000000 103:04 267929                    /lib/x86_64-linux-gnu/libz.so.1.2.11
7fa6af31b000-7fa6af51a000 ---p 0001c000 103:04 267929                    /lib/x86_64-linux-gnu/libz.so.1.2.11
7fa6af51a000-7fa6af51b000 r--p 0001b000 103:04 267929                    /lib/x86_64-linux-gnu/libz.so.1.2.11
7fa6af51b000-7fa6af51c000 rw-p 0001c000 103:04 267929                    /lib/x86_64-linux-gnu/libz.so.1.2.11
7fa6af51c000-7fa6af703000 r-xp 00000000 103:04 267757                    /lib/x86_64-linux-gnu/libc-2.27.so
7fa6af703000-7fa6af903000 ---p 001e7000 103:04 267757                    /lib/x86_64-linux-gnu/libc-2.27.so
7fa6af903000-7fa6af907000 r--p 001e7000 103:04 267757                    /lib/x86_64-linux-gnu/libc-2.27.so
7fa6af907000-7fa6af909000 rw-p 001eb000 103:04 267757                    /lib/x86_64-linux-gnu/libc-2.27.so
7fa6af909000-7fa6af90d000 rw-p 00000000 00:00 0 
7fa6af90d000-7fa6af91c000 r-xp 00000000 103:04 664504                    /usr/lib/jvm/java-11-openjdk-amd64/lib/jli/libjli.so
7fa6af91c000-7fa6afb1b000 ---p 0000f000 103:04 664504                    /usr/lib/jvm/java-11-openjdk-amd64/lib/jli/libjli.so
7fa6afb1b000-7fa6afb1c000 r--p 0000e000 103:04 664504                    /usr/lib/jvm/java-11-openjdk-amd64/lib/jli/libjli.so
7fa6afb1c000-7fa6afb1d000 rw-p 0000f000 103:04 664504                    /usr/lib/jvm/java-11-openjdk-amd64/lib/jli/libjli.so
7fa6afb1d000-7fa6afb44000 r-xp 00000000 103:04 267729                    /lib/x86_64-linux-gnu/ld-2.27.so
7fa6afb4e000-7fa6afb53000 rw-p 00000000 00:00 0 
7fa6afb53000-7fa6afc39000 ---p 00000000 00:00 0 
7fa6afc39000-7fa6afc41000 rw-p 00000000 00:00 0 
7fa6afc41000-7fa6afd24000 ---p 00000000 00:00 0 
7fa6afd24000-7fa6afd26000 rw-p 00000000 00:00 0 
7fa6afd2a000-7fa6afd2b000 r--p 00000000 103:04 794806                    /usr/share/locale-langpack/en_GB/LC_MESSAGES/libc.mo
7fa6afd2b000-7fa6afd31000 rw-p 00000000 00:00 0 
7fa6afd31000-7fa6afd38000 ---p 00000000 00:00 0 
7fa6afd38000-7fa6afd40000 rw-s 00000000 103:04 1056591                   /tmp/hsperfdata_william/4545
7fa6afd40000-7fa6afd41000 ---p 00000000 00:00 0 
7fa6afd41000-7fa6afd42000 r--p 00000000 00:00 0 
7fa6afd42000-7fa6afd44000 rw-p 00000000 00:00 0 
7fa6afd44000-7fa6afd45000 r--p 00027000 103:04 267729                    /lib/x86_64-linux-gnu/ld-2.27.so
7fa6afd45000-7fa6afd46000 rw-p 00028000 103:04 267729                    /lib/x86_64-linux-gnu/ld-2.27.so
7fa6afd46000-7fa6afd47000 rw-p 00000000 00:00 0 
7ffcfa67f000-7ffcfa6a1000 rw-p 00000000 00:00 0                          [stack]
7ffcfa7c4000-7ffcfa7c7000 r--p 00000000 00:00 0                          [vvar]
7ffcfa7c7000-7ffcfa7c9000 r-xp 00000000 00:00 0                          [vdso]
ffffffffff600000-ffffffffff601000 r-xp 00000000 00:00 0                  [vsyscall]


VM Arguments:
jvm_args: -Xmx100g -Xss4M -Djava.awt.headless=true -Djava.library.path=/usr/local/prism-games-2.0.beta3-linux64/lib:/ppl 
java_command: prism.PrismCL -cuddmaxmem 100g -javamaxmem 100g smgKAKW_mul.prism smg_props.props -prop 1 -s -exportadvmdp tmp.tra -exportstates tmp.sta
java_class_path (initial): /usr/local/prism-games-2.0.beta3-linux64/lib/prism.jar:/usr/local/prism-games-2.0.beta3-linux64/classes:/usr/local/prism-games-2.0.beta3-linux64:/usr/local/prism-games-2.0.beta3-linux64/lib/pepa.zip:/ppl/*:/usr/local/prism-games-2.0.beta3-linux64/lib/ppl_java.jar:/usr/local/prism-games-2.0.beta3-linux64/lib/epsgraphics.jar:/usr/local/prism-games-2.0.beta3-linux64/lib/jhoafparser.jar:/usr/local/prism-games-2.0.beta3-linux64/lib/commons-math3-3.3.jar:/usr/local/prism-games-2.0.beta3-linux64/lib/jcommon.jar:/usr/local/prism-games-2.0.beta3-linux64/lib/colt.jar:/usr/local/prism-games-2.0.beta3-linux64/lib/prism.jar:/usr/local/prism-games-2.0.beta3-linux64/lib/nailgun-server.jar:/usr/local/prism-games-2.0.beta3-linux64/lib/jfreechart.jar:/usr/local/prism-games-2.0.beta3-linux64/lib/jas.jar:/usr/local/prism-games-2.0.beta3-linux64/lib/lpsolve55j.jar:/usr/local/prism-games-2.0.beta3-linux64/lib/log4j.jar
Launcher Type: SUN_STANDARD

Logging:
Log output configuration:
#0: stdout all=warning uptime,level,tags
#1: stderr all=off uptime,level,tags

Environment Variables:
PATH=/home/william/anaconda3/bin:/home/william/prism-4.4-linux64/bin:/bin:/usr/bin:/usr/local/bin:/usr/hosts:/usr/ucb:/snap/bin
USERNAME=william
LD_LIBRARY_PATH=/usr/local/prism-games-2.0.beta3-linux64/lib:/ppl
SHELL=/bin/bash
DISPLAY=:0

Signal Handlers:
SIGSEGV: [libjvm.so+0xd28b70], sa_mask[0]=11111111011111111101111111111110, sa_flags=SA_RESTART|SA_SIGINFO
SIGBUS: [libjvm.so+0xd28b70], sa_mask[0]=11111111011111111101111111111110, sa_flags=SA_RESTART|SA_SIGINFO
SIGFPE: [libjvm.so+0xd28b70], sa_mask[0]=11111111011111111101111111111110, sa_flags=SA_RESTART|SA_SIGINFO
SIGPIPE: [libjvm.so+0xb2a1f0], sa_mask[0]=11111111011111111101111111111110, sa_flags=SA_RESTART|SA_SIGINFO
SIGXFSZ: [libjvm.so+0xb2a1f0], sa_mask[0]=11111111011111111101111111111110, sa_flags=SA_RESTART|SA_SIGINFO
SIGILL: [libjvm.so+0xd28b70], sa_mask[0]=11111111011111111101111111111110, sa_flags=SA_RESTART|SA_SIGINFO
SIGUSR2: [libjvm.so+0xb2a030], sa_mask[0]=00000000000000000000000000000000, sa_flags=SA_RESTART|SA_SIGINFO
SIGHUP: [libjvm.so+0xb2a180], sa_mask[0]=11111111011111111101111111111110, sa_flags=SA_RESTART|SA_SIGINFO
SIGINT: [libjvm.so+0xb2a180], sa_mask[0]=11111111011111111101111111111110, sa_flags=SA_RESTART|SA_SIGINFO
SIGTERM: [libjvm.so+0xb2a180], sa_mask[0]=11111111011111111101111111111110, sa_flags=SA_RESTART|SA_SIGINFO
SIGQUIT: [libjvm.so+0xb2a180], sa_mask[0]=11111111011111111101111111111110, sa_flags=SA_RESTART|SA_SIGINFO


---------------  S Y S T E M  ---------------

OS:DISTRIB_ID=Ubuntu
DISTRIB_RELEASE=18.04
DISTRIB_CODENAME=bionic
DISTRIB_DESCRIPTION="Ubuntu 18.04.1 LTS"
uname:Linux 4.19.0-041900-generic #201810221809 SMP Mon Oct 22 22:11:45 UTC 2018 x86_64
libc:glibc 2.27 NPTL 2.27 
rlimit: STACK 8192k, CORE 0k, NPROC 62301, NOFILE 4096, AS infinity, DATA infinity, FSIZE infinity
load average:1.69 1.14 1.38

/proc/meminfo:
MemTotal:       16058740 kB
MemFree:         1285220 kB
MemAvailable:    5181308 kB
Buffers:          635100 kB
Cached:          4448472 kB
SwapCached:            0 kB
Active:         11734528 kB
Inactive:        2452484 kB
Active(anon):    9106132 kB
Inactive(anon):  1056180 kB
Active(file):    2628396 kB
Inactive(file):  1396304 kB
Unevictable:        2376 kB
Mlocked:            2376 kB
SwapTotal:             0 kB
SwapFree:              0 kB
Dirty:               536 kB
Writeback:             0 kB
AnonPages:       9105924 kB
Mapped:          1113548 kB
Shmem:           1058880 kB
Slab:             320420 kB
SReclaimable:     213068 kB
SUnreclaim:       107352 kB
KernelStack:       20560 kB
PageTables:       105152 kB
NFS_Unstable:          0 kB
Bounce:                0 kB
WritebackTmp:          0 kB
CommitLimit:     8029368 kB
Committed_AS:   32569516 kB
VmallocTotal:   34359738367 kB
VmallocUsed:           0 kB
VmallocChunk:          0 kB
Percpu:             4928 kB
HardwareCorrupted:     0 kB
AnonHugePages:         0 kB
ShmemHugePages:        0 kB
ShmemPmdMapped:        0 kB
CmaTotal:              0 kB
CmaFree:               0 kB
HugePages_Total:       0
HugePages_Free:        0
HugePages_Rsvd:        0
HugePages_Surp:        0
Hugepagesize:       2048 kB
Hugetlb:               0 kB
DirectMap4k:      556880 kB
DirectMap2M:    14807040 kB
DirectMap1G:     1048576 kB

container (cgroup) information:
container_type: cgroupv1
cpu_cpuset_cpus: 0-11
cpu_memory_nodes: 0
active_processor_count: 12
cpu_quota: -1
cpu_period: 100000
cpu_shares: -1
memory_limit_in_bytes: -1
memory_and_swap_limit_in_bytes: -2
memory_soft_limit_in_bytes: -1
memory_usage_in_bytes: 14529654784
memory_max_usage_in_bytes: 2080768


CPU:total 12 (initial active 12) (6 cores per cpu, 2 threads per core) family 6 model 158 stepping 10, cmov, cx8, fxsr, mmx, sse, sse2, sse3, ssse3, sse4.1, sse4.2, popcnt, avx, avx2, aes, clmul, erms, 3dnowpref, lzcnt, ht, tsc, tscinvbit, bmi1, bmi2, adx, fma
CPU Model and flags from /proc/cpuinfo:
model name	: Intel(R) Core(TM) i7-8750H CPU @ 2.20GHz
flags		: fpu vme de pse tsc msr pae mce cx8 apic sep mtrr pge mca cmov pat pse36 clflush dts acpi mmx fxsr sse sse2 ss ht tm pbe syscall nx pdpe1gb rdtscp lm constant_tsc art arch_perfmon pebs bts rep_good nopl xtopology nonstop_tsc cpuid aperfmperf tsc_known_freq pni pclmulqdq dtes64 monitor ds_cpl vmx est tm2 ssse3 sdbg fma cx16 xtpr pdcm pcid sse4_1 sse4_2 x2apic movbe popcnt tsc_deadline_timer aes xsave avx f16c rdrand lahf_lm abm 3dnowprefetch cpuid_fault epb invpcid_single pti ssbd ibrs ibpb stibp tpr_shadow vnmi flexpriority ept vpid ept_ad fsgsbase tsc_adjust bmi1 avx2 smep bmi2 erms invpcid mpx rdseed adx smap clflushopt intel_pt xsaveopt xsavec xgetbv1 xsaves dtherm ida arat pln pts hwp hwp_notify hwp_act_window hwp_epp flush_l1d

Memory: 4k page, physical 16058740k(1285220k free), swap 0k(0k free)

vm_info: OpenJDK 64-Bit Server VM (10.0.2+13-Ubuntu-1ubuntu0.18.04.3) for linux-amd64 JRE (10.0.2+13-Ubuntu-1ubuntu0.18.04.3), built on Oct  7 2018 15:06:09 by "buildd" with gcc 7.3.0

END.
