#
# There is insufficient memory for the Java Runtime Environment to continue.
# Native memory allocation (mmap) failed to map 9663676416 bytes for committing reserved memory.
# Possible reasons:
#   The system is out of physical RAM or swap space
# Possible solutions:
#   Reduce memory load on the system
#   Increase physical memory or swap space
#   Check if swap backing store is full
#   Decrease Java heap size (-Xmx/-Xms)
#   Decrease number of Java threads
#   Decrease Java thread stack sizes (-Xss)
#   Set larger code cache with -XX:ReservedCodeCacheSize=
# This output file may be truncated or incomplete.
#
#  Out of Memory Error (os_linux.cpp:2706), pid=10036, tid=10063
#
# JRE version: OpenJDK Runtime Environment (10.0.2+13) (build 10.0.2+13-Ubuntu-1ubuntu0.18.04.4)
# Java VM: OpenJDK 64-Bit Server VM (10.0.2+13-Ubuntu-1ubuntu0.18.04.4, mixed mode, tiered, g1 gc, linux-amd64)
# Core dump will be written. Default location: Core dumps may be processed with "/usr/share/apport/apport %p %s %c %d %P" (or dumping to /home/william/Documents/phd/check_game/core.10036)
#

---------------  S U M M A R Y ------------

Command Line: -Xmx100g -Xss4M -Djava.awt.headless=true -Djava.library.path=/home/william/prism-4.4-linux64/lib prism.PrismCL -cuddmaxmem 100g -javamaxmem 100g seed_v_adv.prism props.props -prop 2 -s -exportadvmdp tmp.tra -exportstates tmp.sta

Host: Intel(R) Core(TM) i7-8750H CPU @ 2.20GHz, 12 cores, 15G, Ubuntu 18.04.1 LTS
Time: Mon Dec  3 10:51:52 2018 GMT elapsed time: 6 seconds (0d 0h 0m 6s)

---------------  T H R E A D  ---------------

Current thread (0x00007f975413c800):  VMThread "VM Thread" [stack: 0x00007f7d1d218000,0x00007f7d1d318000] [id=10063]

Stack: [0x00007f7d1d218000,0x00007f7d1d318000],  sp=0x00007f7d1d3160a0,  free space=1016k
Native frames: (J=compiled Java code, A=aot compiled Java code, j=interpreted, Vv=VM code, C=native code)
V  [libjvm.so+0xd27ea4]
V  [libjvm.so+0xd28a4b]
V  [libjvm.so+0x64d415]
V  [libjvm.so+0xb2d7c8]
V  [libjvm.so+0xb2601d]
V  [libjvm.so+0x7662ff]
V  [libjvm.so+0x76653e]
V  [libjvm.so+0x769500]
V  [libjvm.so+0x7efa1c]
V  [libjvm.so+0x7f06df]
V  [libjvm.so+0x7f0b59]
V  [libjvm.so+0x7162cf]
V  [libjvm.so+0x71a3ba]
V  [libjvm.so+0xd3a008]
V  [libjvm.so+0xd38871]
V  [libjvm.so+0xd35b3b]
V  [libjvm.so+0xd3715e]
V  [libjvm.so+0xd37588]
V  [libjvm.so+0xb33d40]

VM_Operation (0x00007f975ba05e60): G1IncCollectionPause, mode: safepoint, requested by thread 0x00007f9754012000


---------------  P R O C E S S  ---------------

Threads class SMR info:
_java_thread_list=0x00007f7ca0005730, length=12, elements={
0x00007f9754012000, 0x00007f9754146800, 0x00007f9754148800, 0x00007f9754152000,
0x00007f975415c000, 0x00007f975415e000, 0x00007f9754160000, 0x00007f9754162000,
0x00007f9754164000, 0x00007f97541f8800, 0x00007f9754219800, 0x00007f97545ec000
}

Java Threads: ( => current thread )
  0x00007f9754012000 JavaThread "main" [_thread_blocked, id=10037, stack(0x00007f975b607000,0x00007f975ba08000)]
  0x00007f9754146800 JavaThread "Reference Handler" daemon [_thread_blocked, id=10064, stack(0x00007f7d1ce15000,0x00007f7d1d216000)]
  0x00007f9754148800 JavaThread "Finalizer" daemon [_thread_blocked, id=10065, stack(0x00007f7d1ca14000,0x00007f7d1ce15000)]
  0x00007f9754152000 JavaThread "Signal Dispatcher" daemon [_thread_blocked, id=10066, stack(0x00007f7cd7bff000,0x00007f7cd8000000)]
  0x00007f975415c000 JavaThread "C2 CompilerThread0" daemon [_thread_blocked, id=10067, stack(0x00007f7cd7afe000,0x00007f7cd7bff000)]
  0x00007f975415e000 JavaThread "C2 CompilerThread1" daemon [_thread_blocked, id=10068, stack(0x00007f7cd79fd000,0x00007f7cd7afe000)]
  0x00007f9754160000 JavaThread "C2 CompilerThread2" daemon [_thread_blocked, id=10069, stack(0x00007f7cd78fc000,0x00007f7cd79fd000)]
  0x00007f9754162000 JavaThread "C1 CompilerThread3" daemon [_thread_blocked, id=10070, stack(0x00007f7cd77fb000,0x00007f7cd78fc000)]
  0x00007f9754164000 JavaThread "Sweeper thread" daemon [_thread_blocked, id=10071, stack(0x00007f7cd73fa000,0x00007f7cd77fb000)]
  0x00007f97541f8800 JavaThread "Service Thread" daemon [_thread_blocked, id=10072, stack(0x00007f7cd6ff9000,0x00007f7cd73fa000)]
  0x00007f9754219800 JavaThread "Common-Cleaner" daemon [_thread_blocked, id=10074, stack(0x00007f7cd6af6000,0x00007f7cd6ef7000)]
  0x00007f97545ec000 JavaThread "Java2D Disposer" daemon [_thread_blocked, id=10083, stack(0x00007f7ca7bff000,0x00007f7ca8000000)]

Other Threads:
=>0x00007f975413c800 VMThread "VM Thread" [stack: 0x00007f7d1d218000,0x00007f7d1d318000] [id=10063]
  0x00007f9754203000 WatcherThread [stack: 0x00007f7cd6ef9000,0x00007f7cd6ff9000] [id=10073]
  0x00007f9754029000 GCTaskThread "GC Thread#0" [stack: 0x00007f975a272000,0x00007f975a372000] [id=10038]
  0x00007f975402a800 GCTaskThread "GC Thread#1" [stack: 0x00007f975a170000,0x00007f975a270000] [id=10039]
  0x00007f975402c800 GCTaskThread "GC Thread#2" [stack: 0x00007f975a06e000,0x00007f975a16e000] [id=10040]
  0x00007f975402e000 GCTaskThread "GC Thread#3" [stack: 0x00007f9759f6c000,0x00007f975a06c000] [id=10041]
  0x00007f975402f800 GCTaskThread "GC Thread#4" [stack: 0x00007f9759e6a000,0x00007f9759f6a000] [id=10042]
  0x00007f9754031800 GCTaskThread "GC Thread#5" [stack: 0x00007f9759d68000,0x00007f9759e68000] [id=10043]
  0x00007f9754033000 GCTaskThread "GC Thread#6" [stack: 0x00007f9759c66000,0x00007f9759d66000] [id=10044]
  0x00007f9754035000 GCTaskThread "GC Thread#7" [stack: 0x00007f9759b64000,0x00007f9759c64000] [id=10045]
  0x00007f9754036800 GCTaskThread "GC Thread#8" [stack: 0x00007f9759a62000,0x00007f9759b62000] [id=10046]
  0x00007f9754038000 GCTaskThread "GC Thread#9" [stack: 0x00007f9759960000,0x00007f9759a60000] [id=10047]
  0x00007f9754093800 ConcurrentGCThread "G1 Main Marker" [stack: 0x00007f9758a5e000,0x00007f9758b5e000] [id=10048]
  0x00007f9754095000 ConcurrentGCThread "G1 Conc#0" [stack: 0x00007f975895c000,0x00007f9758a5c000] [id=10049]
  0x00007f9754097000 ConcurrentGCThread "G1 Conc#1" [stack: 0x00007f975885a000,0x00007f975895a000] [id=10050]
  0x00007f9754098800 ConcurrentGCThread "G1 Conc#2" [stack: 0x00007f9758758000,0x00007f9758858000] [id=10051]
  0x00007f97540c4000 ConcurrentGCThread "G1 Refine#0" [stack: 0x00007f7d1e5ff000,0x00007f7d1e6ff000] [id=10052]
  0x00007f97540c5800 ConcurrentGCThread "G1 Refine#1" [stack: 0x00007f7d1e4fd000,0x00007f7d1e5fd000] [id=10053]
  0x00007f97540c7800 ConcurrentGCThread "G1 Refine#2" [stack: 0x00007f7d1e3fb000,0x00007f7d1e4fb000] [id=10054]
  0x00007f97540c9000 ConcurrentGCThread "G1 Refine#3" [stack: 0x00007f7d1e2f9000,0x00007f7d1e3f9000] [id=10055]
  0x00007f97540cb000 ConcurrentGCThread "G1 Refine#4" [stack: 0x00007f7d1e1f7000,0x00007f7d1e2f7000] [id=10056]
  0x00007f97540cc800 ConcurrentGCThread "G1 Refine#5" [stack: 0x00007f7d1e0f5000,0x00007f7d1e1f5000] [id=10057]
  0x00007f97540ce800 ConcurrentGCThread "G1 Refine#6" [stack: 0x00007f7d1dff3000,0x00007f7d1e0f3000] [id=10058]
  0x00007f97540d0000 ConcurrentGCThread "G1 Refine#7" [stack: 0x00007f7d1def1000,0x00007f7d1dff1000] [id=10059]
  0x00007f97540d2000 ConcurrentGCThread "G1 Refine#8" [stack: 0x00007f7d1ddef000,0x00007f7d1deef000] [id=10060]
  0x00007f97540d3800 ConcurrentGCThread "G1 Refine#9" [stack: 0x00007f7d1dced000,0x00007f7d1dded000] [id=10061]
  0x00007f97540d5800 ConcurrentGCThread "G1 Young RemSet Sampling" [stack: 0x00007f7d1dbeb000,0x00007f7d1dceb000] [id=10062]

Threads with active compile tasks:

VM state:at safepoint (normal execution)

VM Mutex/Monitor currently owned by a thread:  ([mutex/lock_event])
[0x00007f975400e650] Threads_lock - owner thread: 0x00007f975413c800
[0x00007f975400ebf0] Heap_lock - owner thread: 0x00007f9754012000

Heap:
 garbage-first heap   total 14155776K, used 1257695K [0x00007f7e0c000000, 0x00007f970c000000)
  region size 16384K, 1 young (16384K), 1 survivors (16384K)
 Metaspace       used 19205K, capacity 19457K, committed 19712K, reserved 20480K
Heap Regions: E=young(eden), S=young(survivor), O=old, HS=humongous(starts), HC=humongous(continues), CS=collection set, F=free, A=archive, TS=gc time stamp, AC=allocation context, TAMS=top-at-mark-start (previous, next)
|   0|0x00007f7e0c000000, 0x00007f7e0d000000, 0x00007f7e0d000000|100%| O|  |TS  3|AC  0|TAMS 0x00007f7e0c000000, 0x00007f7e0c000000|
|   1|0x00007f7e0d000000, 0x00007f7e0e000000, 0x00007f7e0e000000|100%| O|  |TS  3|AC  0|TAMS 0x00007f7e0d000000, 0x00007f7e0d000000|
|   2|0x00007f7e0e000000, 0x00007f7e0f000000, 0x00007f7e0f000000|100%| O|  |TS  4|AC  0|TAMS 0x00007f7e0e000000, 0x00007f7e0e000000|
|   3|0x00007f7e0f000000, 0x00007f7e10000000, 0x00007f7e10000000|100%| O|  |TS  4|AC  0|TAMS 0x00007f7e0f000000, 0x00007f7e0f000000|
|   4|0x00007f7e10000000, 0x00007f7e11000000, 0x00007f7e11000000|100%| O|  |TS  5|AC  0|TAMS 0x00007f7e10000000, 0x00007f7e10000000|
|   5|0x00007f7e11000000, 0x00007f7e12000000, 0x00007f7e12000000|100%| O|  |TS  6|AC  0|TAMS 0x00007f7e11000000, 0x00007f7e11000000|
|   6|0x00007f7e12000000, 0x00007f7e13000000, 0x00007f7e13000000|100%| O|  |TS  7|AC  0|TAMS 0x00007f7e12000000, 0x00007f7e12000000|
|   7|0x00007f7e13000000, 0x00007f7e14000000, 0x00007f7e14000000|100%| O|  |TS  7|AC  0|TAMS 0x00007f7e13000000, 0x00007f7e13000000|
|   8|0x00007f7e14000000, 0x00007f7e15000000, 0x00007f7e15000000|100%| O|  |TS  8|AC  0|TAMS 0x00007f7e14000000, 0x00007f7e14000000|
|   9|0x00007f7e15000000, 0x00007f7e16000000, 0x00007f7e16000000|100%| O|  |TS  8|AC  0|TAMS 0x00007f7e15000000, 0x00007f7e15000000|
|  10|0x00007f7e16000000, 0x00007f7e17000000, 0x00007f7e17000000|100%| O|  |TS  8|AC  0|TAMS 0x00007f7e16000000, 0x00007f7e16000000|
|  11|0x00007f7e17000000, 0x00007f7e18000000, 0x00007f7e18000000|100%| O|  |TS  8|AC  0|TAMS 0x00007f7e17000000, 0x00007f7e17000000|
|  12|0x00007f7e18000000, 0x00007f7e19000000, 0x00007f7e19000000|100%| O|  |TS  9|AC  0|TAMS 0x00007f7e18000000, 0x00007f7e18000000|
|  13|0x00007f7e19000000, 0x00007f7e1a000000, 0x00007f7e1a000000|100%| O|  |TS  9|AC  0|TAMS 0x00007f7e19000000, 0x00007f7e19000000|
|  14|0x00007f7e1a000000, 0x00007f7e1b000000, 0x00007f7e1b000000|100%| O|  |TS  9|AC  0|TAMS 0x00007f7e1a000000, 0x00007f7e1a000000|
|  15|0x00007f7e1b000000, 0x00007f7e1c000000, 0x00007f7e1c000000|100%| O|  |TS  9|AC  0|TAMS 0x00007f7e1b000000, 0x00007f7e1b000000|
|  16|0x00007f7e1c000000, 0x00007f7e1d000000, 0x00007f7e1d000000|100%| O|  |TS 10|AC  0|TAMS 0x00007f7e1c000000, 0x00007f7e1c000000|
|  17|0x00007f7e1d000000, 0x00007f7e1e000000, 0x00007f7e1e000000|100%| O|  |TS 10|AC  0|TAMS 0x00007f7e1d000000, 0x00007f7e1d000000|
|  18|0x00007f7e1e000000, 0x00007f7e1f000000, 0x00007f7e1f000000|100%| O|  |TS 10|AC  0|TAMS 0x00007f7e1e000000, 0x00007f7e1e000000|
|  19|0x00007f7e1f000000, 0x00007f7e20000000, 0x00007f7e20000000|100%| O|  |TS 10|AC  0|TAMS 0x00007f7e1f000000, 0x00007f7e1f000000|
|  20|0x00007f7e20000000, 0x00007f7e21000000, 0x00007f7e21000000|100%| O|  |TS 10|AC  0|TAMS 0x00007f7e20000000, 0x00007f7e20000000|
|  21|0x00007f7e21000000, 0x00007f7e22000000, 0x00007f7e22000000|100%| O|  |TS 10|AC  0|TAMS 0x00007f7e21000000, 0x00007f7e21000000|
|  22|0x00007f7e22000000, 0x00007f7e23000000, 0x00007f7e23000000|100%| O|  |TS 11|AC  0|TAMS 0x00007f7e22000000, 0x00007f7e22000000|
|  23|0x00007f7e23000000, 0x00007f7e24000000, 0x00007f7e24000000|100%| O|  |TS 11|AC  0|TAMS 0x00007f7e23000000, 0x00007f7e23000000|
|  24|0x00007f7e24000000, 0x00007f7e25000000, 0x00007f7e25000000|100%| O|  |TS 11|AC  0|TAMS 0x00007f7e24000000, 0x00007f7e24000000|
|  25|0x00007f7e25000000, 0x00007f7e26000000, 0x00007f7e26000000|100%| O|  |TS 11|AC  0|TAMS 0x00007f7e25000000, 0x00007f7e25000000|
|  26|0x00007f7e26000000, 0x00007f7e27000000, 0x00007f7e27000000|100%| O|  |TS 11|AC  0|TAMS 0x00007f7e26000000, 0x00007f7e26000000|
|  27|0x00007f7e27000000, 0x00007f7e28000000, 0x00007f7e28000000|100%| O|  |TS 11|AC  0|TAMS 0x00007f7e27000000, 0x00007f7e27000000|
|  28|0x00007f7e28000000, 0x00007f7e29000000, 0x00007f7e29000000|100%| O|  |TS 11|AC  0|TAMS 0x00007f7e28000000, 0x00007f7e28000000|
|  29|0x00007f7e29000000, 0x00007f7e2a000000, 0x00007f7e2a000000|100%| O|  |TS 12|AC  0|TAMS 0x00007f7e29000000, 0x00007f7e29000000|
|  30|0x00007f7e2a000000, 0x00007f7e2b000000, 0x00007f7e2b000000|100%| O|  |TS 12|AC  0|TAMS 0x00007f7e2a000000, 0x00007f7e2a000000|
|  31|0x00007f7e2b000000, 0x00007f7e2c000000, 0x00007f7e2c000000|100%| O|  |TS 12|AC  0|TAMS 0x00007f7e2b000000, 0x00007f7e2b000000|
|  32|0x00007f7e2c000000, 0x00007f7e2d000000, 0x00007f7e2d000000|100%| O|  |TS 12|AC  0|TAMS 0x00007f7e2c000000, 0x00007f7e2c000000|
|  33|0x00007f7e2d000000, 0x00007f7e2e000000, 0x00007f7e2e000000|100%| O|  |TS 12|AC  0|TAMS 0x00007f7e2d000000, 0x00007f7e2d000000|
|  34|0x00007f7e2e000000, 0x00007f7e2f000000, 0x00007f7e2f000000|100%| O|  |TS 12|AC  0|TAMS 0x00007f7e2e000000, 0x00007f7e2e000000|
|  35|0x00007f7e2f000000, 0x00007f7e30000000, 0x00007f7e30000000|100%| O|  |TS 12|AC  0|TAMS 0x00007f7e2f000000, 0x00007f7e2f000000|
|  36|0x00007f7e30000000, 0x00007f7e31000000, 0x00007f7e31000000|100%| O|  |TS 13|AC  0|TAMS 0x00007f7e30000000, 0x00007f7e30000000|
|  37|0x00007f7e31000000, 0x00007f7e32000000, 0x00007f7e32000000|100%| O|  |TS 13|AC  0|TAMS 0x00007f7e31000000, 0x00007f7e31000000|
|  38|0x00007f7e32000000, 0x00007f7e33000000, 0x00007f7e33000000|100%| O|  |TS 13|AC  0|TAMS 0x00007f7e32000000, 0x00007f7e32000000|
|  39|0x00007f7e33000000, 0x00007f7e34000000, 0x00007f7e34000000|100%| O|  |TS 13|AC  0|TAMS 0x00007f7e33000000, 0x00007f7e33000000|
|  40|0x00007f7e34000000, 0x00007f7e35000000, 0x00007f7e35000000|100%| O|  |TS 13|AC  0|TAMS 0x00007f7e34000000, 0x00007f7e34000000|
|  41|0x00007f7e35000000, 0x00007f7e36000000, 0x00007f7e36000000|100%| O|  |TS 13|AC  0|TAMS 0x00007f7e35000000, 0x00007f7e35000000|
|  42|0x00007f7e36000000, 0x00007f7e37000000, 0x00007f7e37000000|100%| O|  |TS 13|AC  0|TAMS 0x00007f7e36000000, 0x00007f7e36000000|
|  43|0x00007f7e37000000, 0x00007f7e38000000, 0x00007f7e38000000|100%| O|  |TS 14|AC  0|TAMS 0x00007f7e37000000, 0x00007f7e37000000|
|  44|0x00007f7e38000000, 0x00007f7e39000000, 0x00007f7e39000000|100%| O|  |TS 14|AC  0|TAMS 0x00007f7e38000000, 0x00007f7e38000000|
|  45|0x00007f7e39000000, 0x00007f7e3a000000, 0x00007f7e3a000000|100%| O|  |TS 14|AC  0|TAMS 0x00007f7e39000000, 0x00007f7e39000000|
|  46|0x00007f7e3a000000, 0x00007f7e3b000000, 0x00007f7e3b000000|100%| O|  |TS 14|AC  0|TAMS 0x00007f7e3a000000, 0x00007f7e3a000000|
|  47|0x00007f7e3b000000, 0x00007f7e3c000000, 0x00007f7e3c000000|100%| O|  |TS 14|AC  0|TAMS 0x00007f7e3b000000, 0x00007f7e3b000000|
|  48|0x00007f7e3c000000, 0x00007f7e3d000000, 0x00007f7e3d000000|100%| O|  |TS 14|AC  0|TAMS 0x00007f7e3c000000, 0x00007f7e3c000000|
|  49|0x00007f7e3d000000, 0x00007f7e3e000000, 0x00007f7e3e000000|100%| O|  |TS 14|AC  0|TAMS 0x00007f7e3d000000, 0x00007f7e3d000000|
|  50|0x00007f7e3e000000, 0x00007f7e3f000000, 0x00007f7e3f000000|100%| O|  |TS 14|AC  0|TAMS 0x00007f7e3e000000, 0x00007f7e3e000000|
|  51|0x00007f7e3f000000, 0x00007f7e40000000, 0x00007f7e40000000|100%| O|  |TS 14|AC  0|TAMS 0x00007f7e3f000000, 0x00007f7e3f000000|
|  52|0x00007f7e40000000, 0x00007f7e41000000, 0x00007f7e41000000|100%| O|  |TS 14|AC  0|TAMS 0x00007f7e40000000, 0x00007f7e40000000|
|  53|0x00007f7e41000000, 0x00007f7e42000000, 0x00007f7e42000000|100%| O|  |TS 14|AC  0|TAMS 0x00007f7e41000000, 0x00007f7e41000000|
|  54|0x00007f7e42000000, 0x00007f7e43000000, 0x00007f7e43000000|100%| O|  |TS 14|AC  0|TAMS 0x00007f7e42000000, 0x00007f7e42000000|
|  55|0x00007f7e43000000, 0x00007f7e44000000, 0x00007f7e44000000|100%| O|  |TS 15|AC  0|TAMS 0x00007f7e43000000, 0x00007f7e43000000|
|  56|0x00007f7e44000000, 0x00007f7e45000000, 0x00007f7e45000000|100%| O|  |TS 15|AC  0|TAMS 0x00007f7e44000000, 0x00007f7e44000000|
|  57|0x00007f7e45000000, 0x00007f7e46000000, 0x00007f7e46000000|100%| O|  |TS 15|AC  0|TAMS 0x00007f7e45000000, 0x00007f7e45000000|
|  58|0x00007f7e46000000, 0x00007f7e47000000, 0x00007f7e47000000|100%| O|  |TS 15|AC  0|TAMS 0x00007f7e46000000, 0x00007f7e46000000|
|  59|0x00007f7e47000000, 0x00007f7e48000000, 0x00007f7e48000000|100%| O|  |TS 15|AC  0|TAMS 0x00007f7e47000000, 0x00007f7e47000000|
|  60|0x00007f7e48000000, 0x00007f7e49000000, 0x00007f7e49000000|100%| O|  |TS 15|AC  0|TAMS 0x00007f7e48000000, 0x00007f7e48000000|
|  61|0x00007f7e49000000, 0x00007f7e4a000000, 0x00007f7e4a000000|100%| O|  |TS 15|AC  0|TAMS 0x00007f7e49000000, 0x00007f7e49000000|
|  62|0x00007f7e4a000000, 0x00007f7e4b000000, 0x00007f7e4b000000|100%| O|  |TS 15|AC  0|TAMS 0x00007f7e4a000000, 0x00007f7e4a000000|
|  63|0x00007f7e4b000000, 0x00007f7e4c000000, 0x00007f7e4c000000|100%| O|  |TS 15|AC  0|TAMS 0x00007f7e4b000000, 0x00007f7e4b000000|
|  64|0x00007f7e4c000000, 0x00007f7e4d000000, 0x00007f7e4d000000|100%| O|  |TS 15|AC  0|TAMS 0x00007f7e4c000000, 0x00007f7e4c000000|
|  65|0x00007f7e4d000000, 0x00007f7e4e000000, 0x00007f7e4e000000|100%| O|  |TS 15|AC  0|TAMS 0x00007f7e4d000000, 0x00007f7e4d000000|
|  66|0x00007f7e4e000000, 0x00007f7e4f000000, 0x00007f7e4f000000|100%| O|  |TS 15|AC  0|TAMS 0x00007f7e4e000000, 0x00007f7e4e000000|
|  67|0x00007f7e4f000000, 0x00007f7e50000000, 0x00007f7e50000000|100%| O|  |TS 15|AC  0|TAMS 0x00007f7e4f000000, 0x00007f7e4f000000|
|  68|0x00007f7e50000000, 0x00007f7e51000000, 0x00007f7e51000000|100%| O|  |TS 16|AC  0|TAMS 0x00007f7e50000000, 0x00007f7e50000000|
|  69|0x00007f7e51000000, 0x00007f7e52000000, 0x00007f7e52000000|100%| O|  |TS 16|AC  0|TAMS 0x00007f7e51000000, 0x00007f7e51000000|
|  70|0x00007f7e52000000, 0x00007f7e53000000, 0x00007f7e53000000|100%| O|  |TS 16|AC  0|TAMS 0x00007f7e52000000, 0x00007f7e52000000|
|  71|0x00007f7e53000000, 0x00007f7e54000000, 0x00007f7e54000000|100%| O|  |TS 16|AC  0|TAMS 0x00007f7e53000000, 0x00007f7e53000000|
|  72|0x00007f7e54000000, 0x00007f7e55000000, 0x00007f7e55000000|100%| O|  |TS 16|AC  0|TAMS 0x00007f7e54000000, 0x00007f7e54000000|
|  73|0x00007f7e55000000, 0x00007f7e56000000, 0x00007f7e56000000|100%| O|  |TS 17|AC  0|TAMS 0x00007f7e55000000, 0x00007f7e55000000|
|  74|0x00007f7e56000000, 0x00007f7e57000000, 0x00007f7e57000000|100%| O|  |TS 17|AC  0|TAMS 0x00007f7e56000000, 0x00007f7e56000000|
|  75|0x00007f7e57000000, 0x00007f7e58000000, 0x00007f7e58000000|100%| O|  |TS 17|AC  0|TAMS 0x00007f7e57000000, 0x00007f7e57000000|
|  76|0x00007f7e58000000, 0x00007f7e585de800, 0x00007f7e59000000| 36%| O|  |TS 17|AC  0|TAMS 0x00007f7e58000000, 0x00007f7e58000000|
|  77|0x00007f7e59000000, 0x00007f7e59000000, 0x00007f7e5a000000|  0%| F|  |TS  9|AC  0|TAMS 0x00007f7e59000000, 0x00007f7e59000000|
|  78|0x00007f7e5a000000, 0x00007f7e5a000000, 0x00007f7e5b000000|  0%| F|  |TS  9|AC  0|TAMS 0x00007f7e5a000000, 0x00007f7e5a000000|
|  79|0x00007f7e5b000000, 0x00007f7e5b000000, 0x00007f7e5c000000|  0%| F|  |TS  9|AC  0|TAMS 0x00007f7e5b000000, 0x00007f7e5b000000|
|  80|0x00007f7e5c000000, 0x00007f7e5c000000, 0x00007f7e5d000000|  0%| F|  |TS  9|AC  0|TAMS 0x00007f7e5c000000, 0x00007f7e5c000000|
|  81|0x00007f7e5d000000, 0x00007f7e5d000000, 0x00007f7e5e000000|  0%| F|  |TS  9|AC  0|TAMS 0x00007f7e5d000000, 0x00007f7e5d000000|
|  82|0x00007f7e5e000000, 0x00007f7e5e000000, 0x00007f7e5f000000|  0%| F|  |TS  9|AC  0|TAMS 0x00007f7e5e000000, 0x00007f7e5e000000|
|  83|0x00007f7e5f000000, 0x00007f7e5f000000, 0x00007f7e60000000|  0%| F|  |TS  9|AC  0|TAMS 0x00007f7e5f000000, 0x00007f7e5f000000|
|  84|0x00007f7e60000000, 0x00007f7e60000000, 0x00007f7e61000000|  0%| F|  |TS 14|AC  0|TAMS 0x00007f7e60000000, 0x00007f7e60000000|
|  85|0x00007f7e61000000, 0x00007f7e61000000, 0x00007f7e62000000|  0%| F|  |TS 13|AC  0|TAMS 0x00007f7e61000000, 0x00007f7e61000000|
|  86|0x00007f7e62000000, 0x00007f7e62000000, 0x00007f7e63000000|  0%| F|  |TS 13|AC  0|TAMS 0x00007f7e62000000, 0x00007f7e62000000|
|  87|0x00007f7e63000000, 0x00007f7e63000000, 0x00007f7e64000000|  0%| F|  |TS 14|AC  0|TAMS 0x00007f7e63000000, 0x00007f7e63000000|
|  88|0x00007f7e64000000, 0x00007f7e64000000, 0x00007f7e65000000|  0%| F|  |TS 13|AC  0|TAMS 0x00007f7e64000000, 0x00007f7e64000000|
|  89|0x00007f7e65000000, 0x00007f7e65000000, 0x00007f7e66000000|  0%| F|  |TS 13|AC  0|TAMS 0x00007f7e65000000, 0x00007f7e65000000|
|  90|0x00007f7e66000000, 0x00007f7e66000000, 0x00007f7e67000000|  0%| F|  |TS 13|AC  0|TAMS 0x00007f7e66000000, 0x00007f7e66000000|
|  91|0x00007f7e67000000, 0x00007f7e67000000, 0x00007f7e68000000|  0%| F|  |TS 13|AC  0|TAMS 0x00007f7e67000000, 0x00007f7e67000000|
|  92|0x00007f7e68000000, 0x00007f7e68000000, 0x00007f7e69000000|  0%| F|  |TS 13|AC  0|TAMS 0x00007f7e68000000, 0x00007f7e68000000|
|  93|0x00007f7e69000000, 0x00007f7e69000000, 0x00007f7e6a000000|  0%| F|  |TS 13|AC  0|TAMS 0x00007f7e69000000, 0x00007f7e69000000|
|  94|0x00007f7e6a000000, 0x00007f7e6a000000, 0x00007f7e6b000000|  0%| F|  |TS 13|AC  0|TAMS 0x00007f7e6a000000, 0x00007f7e6a000000|
|  95|0x00007f7e6b000000, 0x00007f7e6b000000, 0x00007f7e6c000000|  0%| F|  |TS 13|AC  0|TAMS 0x00007f7e6b000000, 0x00007f7e6b000000|
|  96|0x00007f7e6c000000, 0x00007f7e6c000000, 0x00007f7e6d000000|  0%| F|  |TS 13|AC  0|TAMS 0x00007f7e6c000000, 0x00007f7e6c000000|
|  97|0x00007f7e6d000000, 0x00007f7e6d000000, 0x00007f7e6e000000|  0%| F|  |TS 13|AC  0|TAMS 0x00007f7e6d000000, 0x00007f7e6d000000|
|  98|0x00007f7e6e000000, 0x00007f7e6e000000, 0x00007f7e6f000000|  0%| F|  |TS 13|AC  0|TAMS 0x00007f7e6e000000, 0x00007f7e6e000000|
|  99|0x00007f7e6f000000, 0x00007f7e6f000000, 0x00007f7e70000000|  0%| F|  |TS 13|AC  0|TAMS 0x00007f7e6f000000, 0x00007f7e6f000000|
| 100|0x00007f7e70000000, 0x00007f7e70000000, 0x00007f7e71000000|  0%| F|  |TS 13|AC  0|TAMS 0x00007f7e70000000, 0x00007f7e70000000|
| 101|0x00007f7e71000000, 0x00007f7e71000000, 0x00007f7e72000000|  0%| F|  |TS 13|AC  0|TAMS 0x00007f7e71000000, 0x00007f7e71000000|
| 102|0x00007f7e72000000, 0x00007f7e72000000, 0x00007f7e73000000|  0%| F|  |TS 13|AC  0|TAMS 0x00007f7e72000000, 0x00007f7e72000000|
| 103|0x00007f7e73000000, 0x00007f7e73000000, 0x00007f7e74000000|  0%| F|  |TS 13|AC  0|TAMS 0x00007f7e73000000, 0x00007f7e73000000|
| 104|0x00007f7e74000000, 0x00007f7e74000000, 0x00007f7e75000000|  0%| F|  |TS 13|AC  0|TAMS 0x00007f7e74000000, 0x00007f7e74000000|
| 105|0x00007f7e75000000, 0x00007f7e75000000, 0x00007f7e76000000|  0%| F|  |TS 13|AC  0|TAMS 0x00007f7e75000000, 0x00007f7e75000000|
| 106|0x00007f7e76000000, 0x00007f7e76000000, 0x00007f7e77000000|  0%| F|  |TS 13|AC  0|TAMS 0x00007f7e76000000, 0x00007f7e76000000|
| 107|0x00007f7e77000000, 0x00007f7e77000000, 0x00007f7e78000000|  0%| F|  |TS 13|AC  0|TAMS 0x00007f7e77000000, 0x00007f7e77000000|
| 108|0x00007f7e78000000, 0x00007f7e78000000, 0x00007f7e79000000|  0%| F|  |TS 13|AC  0|TAMS 0x00007f7e78000000, 0x00007f7e78000000|
| 109|0x00007f7e79000000, 0x00007f7e79000000, 0x00007f7e7a000000|  0%| F|  |TS 13|AC  0|TAMS 0x00007f7e79000000, 0x00007f7e79000000|
| 110|0x00007f7e7a000000, 0x00007f7e7a000000, 0x00007f7e7b000000|  0%| F|  |TS 13|AC  0|TAMS 0x00007f7e7a000000, 0x00007f7e7a000000|
| 111|0x00007f7e7b000000, 0x00007f7e7b000000, 0x00007f7e7c000000|  0%| F|  |TS 13|AC  0|TAMS 0x00007f7e7b000000, 0x00007f7e7b000000|
| 112|0x00007f7e7c000000, 0x00007f7e7c000000, 0x00007f7e7d000000|  0%| F|  |TS 13|AC  0|TAMS 0x00007f7e7c000000, 0x00007f7e7c000000|
| 113|0x00007f7e7d000000, 0x00007f7e7d000000, 0x00007f7e7e000000|  0%| F|  |TS 13|AC  0|TAMS 0x00007f7e7d000000, 0x00007f7e7d000000|
| 114|0x00007f7e7e000000, 0x00007f7e7e000000, 0x00007f7e7f000000|  0%| F|  |TS 13|AC  0|TAMS 0x00007f7e7e000000, 0x00007f7e7e000000|
| 115|0x00007f7e7f000000, 0x00007f7e7f000000, 0x00007f7e80000000|  0%| F|  |TS 13|AC  0|TAMS 0x00007f7e7f000000, 0x00007f7e7f000000|
| 116|0x00007f7e80000000, 0x00007f7e80000000, 0x00007f7e81000000|  0%| F|  |TS 13|AC  0|TAMS 0x00007f7e80000000, 0x00007f7e80000000|
| 117|0x00007f7e81000000, 0x00007f7e81000000, 0x00007f7e82000000|  0%| F|  |TS 13|AC  0|TAMS 0x00007f7e81000000, 0x00007f7e81000000|
| 118|0x00007f7e82000000, 0x00007f7e82000000, 0x00007f7e83000000|  0%| F|  |TS 13|AC  0|TAMS 0x00007f7e82000000, 0x00007f7e82000000|
| 119|0x00007f7e83000000, 0x00007f7e83000000, 0x00007f7e84000000|  0%| F|  |TS 13|AC  0|TAMS 0x00007f7e83000000, 0x00007f7e83000000|
| 120|0x00007f7e84000000, 0x00007f7e84000000, 0x00007f7e85000000|  0%| F|  |TS 13|AC  0|TAMS 0x00007f7e84000000, 0x00007f7e84000000|
| 121|0x00007f7e85000000, 0x00007f7e85000000, 0x00007f7e86000000|  0%| F|  |TS 13|AC  0|TAMS 0x00007f7e85000000, 0x00007f7e85000000|
| 122|0x00007f7e86000000, 0x00007f7e86000000, 0x00007f7e87000000|  0%| F|  |TS 13|AC  0|TAMS 0x00007f7e86000000, 0x00007f7e86000000|
| 123|0x00007f7e87000000, 0x00007f7e87000000, 0x00007f7e88000000|  0%| F|  |TS 13|AC  0|TAMS 0x00007f7e87000000, 0x00007f7e87000000|
| 124|0x00007f7e88000000, 0x00007f7e88000000, 0x00007f7e89000000|  0%| F|  |TS 13|AC  0|TAMS 0x00007f7e88000000, 0x00007f7e88000000|
| 125|0x00007f7e89000000, 0x00007f7e89000000, 0x00007f7e8a000000|  0%| F|  |TS 13|AC  0|TAMS 0x00007f7e89000000, 0x00007f7e89000000|
| 126|0x00007f7e8a000000, 0x00007f7e8a000000, 0x00007f7e8b000000|  0%| F|  |TS 13|AC  0|TAMS 0x00007f7e8a000000, 0x00007f7e8a000000|
| 127|0x00007f7e8b000000, 0x00007f7e8b000000, 0x00007f7e8c000000|  0%| F|  |TS 13|AC  0|TAMS 0x00007f7e8b000000, 0x00007f7e8b000000|
| 128|0x00007f7e8c000000, 0x00007f7e8c000000, 0x00007f7e8d000000|  0%| F|  |TS 13|AC  0|TAMS 0x00007f7e8c000000, 0x00007f7e8c000000|
| 129|0x00007f7e8d000000, 0x00007f7e8d000000, 0x00007f7e8e000000|  0%| F|  |TS 13|AC  0|TAMS 0x00007f7e8d000000, 0x00007f7e8d000000|
| 130|0x00007f7e8e000000, 0x00007f7e8e000000, 0x00007f7e8f000000|  0%| F|  |TS 13|AC  0|TAMS 0x00007f7e8e000000, 0x00007f7e8e000000|
| 131|0x00007f7e8f000000, 0x00007f7e8f000000, 0x00007f7e90000000|  0%| F|  |TS 13|AC  0|TAMS 0x00007f7e8f000000, 0x00007f7e8f000000|
| 132|0x00007f7e90000000, 0x00007f7e90000000, 0x00007f7e91000000|  0%| F|  |TS 13|AC  0|TAMS 0x00007f7e90000000, 0x00007f7e90000000|
| 133|0x00007f7e91000000, 0x00007f7e91000000, 0x00007f7e92000000|  0%| F|  |TS 13|AC  0|TAMS 0x00007f7e91000000, 0x00007f7e91000000|
| 134|0x00007f7e92000000, 0x00007f7e92000000, 0x00007f7e93000000|  0%| F|  |TS 13|AC  0|TAMS 0x00007f7e92000000, 0x00007f7e92000000|
| 135|0x00007f7e93000000, 0x00007f7e93000000, 0x00007f7e94000000|  0%| F|  |TS 13|AC  0|TAMS 0x00007f7e93000000, 0x00007f7e93000000|
| 136|0x00007f7e94000000, 0x00007f7e94000000, 0x00007f7e95000000|  0%| F|  |TS 13|AC  0|TAMS 0x00007f7e94000000, 0x00007f7e94000000|
| 137|0x00007f7e95000000, 0x00007f7e95000000, 0x00007f7e96000000|  0%| F|  |TS 13|AC  0|TAMS 0x00007f7e95000000, 0x00007f7e95000000|
| 138|0x00007f7e96000000, 0x00007f7e96000000, 0x00007f7e97000000|  0%| F|  |TS 13|AC  0|TAMS 0x00007f7e96000000, 0x00007f7e96000000|
| 139|0x00007f7e97000000, 0x00007f7e97000000, 0x00007f7e98000000|  0%| F|  |TS 13|AC  0|TAMS 0x00007f7e97000000, 0x00007f7e97000000|
| 140|0x00007f7e98000000, 0x00007f7e98000000, 0x00007f7e99000000|  0%| F|  |TS 13|AC  0|TAMS 0x00007f7e98000000, 0x00007f7e98000000|
| 141|0x00007f7e99000000, 0x00007f7e99000000, 0x00007f7e9a000000|  0%| F|  |TS 13|AC  0|TAMS 0x00007f7e99000000, 0x00007f7e99000000|
| 142|0x00007f7e9a000000, 0x00007f7e9a000000, 0x00007f7e9b000000|  0%| F|  |TS 13|AC  0|TAMS 0x00007f7e9a000000, 0x00007f7e9a000000|
| 143|0x00007f7e9b000000, 0x00007f7e9b000000, 0x00007f7e9c000000|  0%| F|  |TS 13|AC  0|TAMS 0x00007f7e9b000000, 0x00007f7e9b000000|
| 144|0x00007f7e9c000000, 0x00007f7e9c000000, 0x00007f7e9d000000|  0%| F|  |TS 13|AC  0|TAMS 0x00007f7e9c000000, 0x00007f7e9c000000|
| 145|0x00007f7e9d000000, 0x00007f7e9d000000, 0x00007f7e9e000000|  0%| F|  |TS 13|AC  0|TAMS 0x00007f7e9d000000, 0x00007f7e9d000000|
| 146|0x00007f7e9e000000, 0x00007f7e9e000000, 0x00007f7e9f000000|  0%| F|  |TS 13|AC  0|TAMS 0x00007f7e9e000000, 0x00007f7e9e000000|
| 147|0x00007f7e9f000000, 0x00007f7e9f000000, 0x00007f7ea0000000|  0%| F|  |TS 13|AC  0|TAMS 0x00007f7e9f000000, 0x00007f7e9f000000|
| 148|0x00007f7ea0000000, 0x00007f7ea0000000, 0x00007f7ea1000000|  0%| F|  |TS 13|AC  0|TAMS 0x00007f7ea0000000, 0x00007f7ea0000000|
| 149|0x00007f7ea1000000, 0x00007f7ea1000000, 0x00007f7ea2000000|  0%| F|  |TS 13|AC  0|TAMS 0x00007f7ea1000000, 0x00007f7ea1000000|
| 150|0x00007f7ea2000000, 0x00007f7ea2000000, 0x00007f7ea3000000|  0%| F|  |TS 13|AC  0|TAMS 0x00007f7ea2000000, 0x00007f7ea2000000|
| 151|0x00007f7ea3000000, 0x00007f7ea3000000, 0x00007f7ea4000000|  0%| F|  |TS 13|AC  0|TAMS 0x00007f7ea3000000, 0x00007f7ea3000000|
| 152|0x00007f7ea4000000, 0x00007f7ea4000000, 0x00007f7ea5000000|  0%| F|  |TS 13|AC  0|TAMS 0x00007f7ea4000000, 0x00007f7ea4000000|
| 153|0x00007f7ea5000000, 0x00007f7ea5000000, 0x00007f7ea6000000|  0%| F|  |TS 13|AC  0|TAMS 0x00007f7ea5000000, 0x00007f7ea5000000|
| 154|0x00007f7ea6000000, 0x00007f7ea6000000, 0x00007f7ea7000000|  0%| F|  |TS 13|AC  0|TAMS 0x00007f7ea6000000, 0x00007f7ea6000000|
| 155|0x00007f7ea7000000, 0x00007f7ea7000000, 0x00007f7ea8000000|  0%| F|  |TS 13|AC  0|TAMS 0x00007f7ea7000000, 0x00007f7ea7000000|
| 156|0x00007f7ea8000000, 0x00007f7ea8000000, 0x00007f7ea9000000|  0%| F|  |TS 13|AC  0|TAMS 0x00007f7ea8000000, 0x00007f7ea8000000|
| 157|0x00007f7ea9000000, 0x00007f7ea9000000, 0x00007f7eaa000000|  0%| F|  |TS 13|AC  0|TAMS 0x00007f7ea9000000, 0x00007f7ea9000000|
| 158|0x00007f7eaa000000, 0x00007f7eaa000000, 0x00007f7eab000000|  0%| F|  |TS 13|AC  0|TAMS 0x00007f7eaa000000, 0x00007f7eaa000000|
| 159|0x00007f7eab000000, 0x00007f7eab000000, 0x00007f7eac000000|  0%| F|  |TS 13|AC  0|TAMS 0x00007f7eab000000, 0x00007f7eab000000|
| 160|0x00007f7eac000000, 0x00007f7eac000000, 0x00007f7ead000000|  0%| F|  |TS 13|AC  0|TAMS 0x00007f7eac000000, 0x00007f7eac000000|
| 161|0x00007f7ead000000, 0x00007f7ead000000, 0x00007f7eae000000|  0%| F|  |TS 13|AC  0|TAMS 0x00007f7ead000000, 0x00007f7ead000000|
| 162|0x00007f7eae000000, 0x00007f7eae000000, 0x00007f7eaf000000|  0%| F|  |TS 13|AC  0|TAMS 0x00007f7eae000000, 0x00007f7eae000000|
| 163|0x00007f7eaf000000, 0x00007f7eaf000000, 0x00007f7eb0000000|  0%| F|  |TS 13|AC  0|TAMS 0x00007f7eaf000000, 0x00007f7eaf000000|
| 164|0x00007f7eb0000000, 0x00007f7eb0000000, 0x00007f7eb1000000|  0%| F|  |TS 13|AC  0|TAMS 0x00007f7eb0000000, 0x00007f7eb0000000|
| 165|0x00007f7eb1000000, 0x00007f7eb1000000, 0x00007f7eb2000000|  0%| F|  |TS 13|AC  0|TAMS 0x00007f7eb1000000, 0x00007f7eb1000000|
| 166|0x00007f7eb2000000, 0x00007f7eb2000000, 0x00007f7eb3000000|  0%| F|  |TS 13|AC  0|TAMS 0x00007f7eb2000000, 0x00007f7eb2000000|
| 167|0x00007f7eb3000000, 0x00007f7eb3000000, 0x00007f7eb4000000|  0%| F|  |TS 13|AC  0|TAMS 0x00007f7eb3000000, 0x00007f7eb3000000|
| 168|0x00007f7eb4000000, 0x00007f7eb4000000, 0x00007f7eb5000000|  0%| F|  |TS 13|AC  0|TAMS 0x00007f7eb4000000, 0x00007f7eb4000000|
| 169|0x00007f7eb5000000, 0x00007f7eb5000000, 0x00007f7eb6000000|  0%| F|  |TS 13|AC  0|TAMS 0x00007f7eb5000000, 0x00007f7eb5000000|
| 170|0x00007f7eb6000000, 0x00007f7eb6000000, 0x00007f7eb7000000|  0%| F|  |TS 13|AC  0|TAMS 0x00007f7eb6000000, 0x00007f7eb6000000|
| 171|0x00007f7eb7000000, 0x00007f7eb7000000, 0x00007f7eb8000000|  0%| F|  |TS 13|AC  0|TAMS 0x00007f7eb7000000, 0x00007f7eb7000000|
| 172|0x00007f7eb8000000, 0x00007f7eb8000000, 0x00007f7eb9000000|  0%| F|  |TS 13|AC  0|TAMS 0x00007f7eb8000000, 0x00007f7eb8000000|
| 173|0x00007f7eb9000000, 0x00007f7eb9000000, 0x00007f7eba000000|  0%| F|  |TS 13|AC  0|TAMS 0x00007f7eb9000000, 0x00007f7eb9000000|
| 174|0x00007f7eba000000, 0x00007f7eba000000, 0x00007f7ebb000000|  0%| F|  |TS 13|AC  0|TAMS 0x00007f7eba000000, 0x00007f7eba000000|
| 175|0x00007f7ebb000000, 0x00007f7ebb000000, 0x00007f7ebc000000|  0%| F|  |TS 13|AC  0|TAMS 0x00007f7ebb000000, 0x00007f7ebb000000|
| 176|0x00007f7ebc000000, 0x00007f7ebc000000, 0x00007f7ebd000000|  0%| F|  |TS 13|AC  0|TAMS 0x00007f7ebc000000, 0x00007f7ebc000000|
| 177|0x00007f7ebd000000, 0x00007f7ebd000000, 0x00007f7ebe000000|  0%| F|  |TS 13|AC  0|TAMS 0x00007f7ebd000000, 0x00007f7ebd000000|
| 178|0x00007f7ebe000000, 0x00007f7ebe000000, 0x00007f7ebf000000|  0%| F|  |TS 13|AC  0|TAMS 0x00007f7ebe000000, 0x00007f7ebe000000|
| 179|0x00007f7ebf000000, 0x00007f7ebf000000, 0x00007f7ec0000000|  0%| F|  |TS 13|AC  0|TAMS 0x00007f7ebf000000, 0x00007f7ebf000000|
| 180|0x00007f7ec0000000, 0x00007f7ec0000000, 0x00007f7ec1000000|  0%| F|  |TS 13|AC  0|TAMS 0x00007f7ec0000000, 0x00007f7ec0000000|
| 181|0x00007f7ec1000000, 0x00007f7ec1000000, 0x00007f7ec2000000|  0%| F|  |TS 13|AC  0|TAMS 0x00007f7ec1000000, 0x00007f7ec1000000|
| 182|0x00007f7ec2000000, 0x00007f7ec2000000, 0x00007f7ec3000000|  0%| F|  |TS 13|AC  0|TAMS 0x00007f7ec2000000, 0x00007f7ec2000000|
| 183|0x00007f7ec3000000, 0x00007f7ec3000000, 0x00007f7ec4000000|  0%| F|  |TS 13|AC  0|TAMS 0x00007f7ec3000000, 0x00007f7ec3000000|
| 184|0x00007f7ec4000000, 0x00007f7ec4000000, 0x00007f7ec5000000|  0%| F|  |TS 13|AC  0|TAMS 0x00007f7ec4000000, 0x00007f7ec4000000|
| 185|0x00007f7ec5000000, 0x00007f7ec5000000, 0x00007f7ec6000000|  0%| F|  |TS 13|AC  0|TAMS 0x00007f7ec5000000, 0x00007f7ec5000000|
| 186|0x00007f7ec6000000, 0x00007f7ec6000000, 0x00007f7ec7000000|  0%| F|  |TS 13|AC  0|TAMS 0x00007f7ec6000000, 0x00007f7ec6000000|
| 187|0x00007f7ec7000000, 0x00007f7ec7000000, 0x00007f7ec8000000|  0%| F|  |TS 13|AC  0|TAMS 0x00007f7ec7000000, 0x00007f7ec7000000|
| 188|0x00007f7ec8000000, 0x00007f7ec8000000, 0x00007f7ec9000000|  0%| F|  |TS 13|AC  0|TAMS 0x00007f7ec8000000, 0x00007f7ec8000000|
| 189|0x00007f7ec9000000, 0x00007f7ec9000000, 0x00007f7eca000000|  0%| F|  |TS 13|AC  0|TAMS 0x00007f7ec9000000, 0x00007f7ec9000000|
| 190|0x00007f7eca000000, 0x00007f7eca000000, 0x00007f7ecb000000|  0%| F|  |TS 13|AC  0|TAMS 0x00007f7eca000000, 0x00007f7eca000000|
| 191|0x00007f7ecb000000, 0x00007f7ecb000000, 0x00007f7ecc000000|  0%| F|  |TS 13|AC  0|TAMS 0x00007f7ecb000000, 0x00007f7ecb000000|
| 192|0x00007f7ecc000000, 0x00007f7ecc000000, 0x00007f7ecd000000|  0%| F|  |TS 13|AC  0|TAMS 0x00007f7ecc000000, 0x00007f7ecc000000|
| 193|0x00007f7ecd000000, 0x00007f7ecd000000, 0x00007f7ece000000|  0%| F|  |TS 13|AC  0|TAMS 0x00007f7ecd000000, 0x00007f7ecd000000|
| 194|0x00007f7ece000000, 0x00007f7ece000000, 0x00007f7ecf000000|  0%| F|  |TS 13|AC  0|TAMS 0x00007f7ece000000, 0x00007f7ece000000|
| 195|0x00007f7ecf000000, 0x00007f7ecf000000, 0x00007f7ed0000000|  0%| F|  |TS 13|AC  0|TAMS 0x00007f7ecf000000, 0x00007f7ecf000000|
| 196|0x00007f7ed0000000, 0x00007f7ed0000000, 0x00007f7ed1000000|  0%| F|  |TS 13|AC  0|TAMS 0x00007f7ed0000000, 0x00007f7ed0000000|
| 197|0x00007f7ed1000000, 0x00007f7ed1000000, 0x00007f7ed2000000|  0%| F|  |TS 13|AC  0|TAMS 0x00007f7ed1000000, 0x00007f7ed1000000|
| 198|0x00007f7ed2000000, 0x00007f7ed2000000, 0x00007f7ed3000000|  0%| F|  |TS 13|AC  0|TAMS 0x00007f7ed2000000, 0x00007f7ed2000000|
| 199|0x00007f7ed3000000, 0x00007f7ed3000000, 0x00007f7ed4000000|  0%| F|  |TS 13|AC  0|TAMS 0x00007f7ed3000000, 0x00007f7ed3000000|
| 200|0x00007f7ed4000000, 0x00007f7ed4000000, 0x00007f7ed5000000|  0%| F|  |TS 13|AC  0|TAMS 0x00007f7ed4000000, 0x00007f7ed4000000|
| 201|0x00007f7ed5000000, 0x00007f7ed5000000, 0x00007f7ed6000000|  0%| F|  |TS 13|AC  0|TAMS 0x00007f7ed5000000, 0x00007f7ed5000000|
| 202|0x00007f7ed6000000, 0x00007f7ed6000000, 0x00007f7ed7000000|  0%| F|  |TS 13|AC  0|TAMS 0x00007f7ed6000000, 0x00007f7ed6000000|
| 203|0x00007f7ed7000000, 0x00007f7ed7000000, 0x00007f7ed8000000|  0%| F|  |TS 13|AC  0|TAMS 0x00007f7ed7000000, 0x00007f7ed7000000|
| 204|0x00007f7ed8000000, 0x00007f7ed8000000, 0x00007f7ed9000000|  0%| F|  |TS 13|AC  0|TAMS 0x00007f7ed8000000, 0x00007f7ed8000000|
| 205|0x00007f7ed9000000, 0x00007f7ed9000000, 0x00007f7eda000000|  0%| F|  |TS 13|AC  0|TAMS 0x00007f7ed9000000, 0x00007f7ed9000000|
| 206|0x00007f7eda000000, 0x00007f7eda000000, 0x00007f7edb000000|  0%| F|  |TS 13|AC  0|TAMS 0x00007f7eda000000, 0x00007f7eda000000|
| 207|0x00007f7edb000000, 0x00007f7edb000000, 0x00007f7edc000000|  0%| F|  |TS 13|AC  0|TAMS 0x00007f7edb000000, 0x00007f7edb000000|
| 208|0x00007f7edc000000, 0x00007f7edc000000, 0x00007f7edd000000|  0%| F|  |TS 13|AC  0|TAMS 0x00007f7edc000000, 0x00007f7edc000000|
| 209|0x00007f7edd000000, 0x00007f7edd000000, 0x00007f7ede000000|  0%| F|  |TS 13|AC  0|TAMS 0x00007f7edd000000, 0x00007f7edd000000|
| 210|0x00007f7ede000000, 0x00007f7ede000000, 0x00007f7edf000000|  0%| F|  |TS 13|AC  0|TAMS 0x00007f7ede000000, 0x00007f7ede000000|
| 211|0x00007f7edf000000, 0x00007f7edf000000, 0x00007f7ee0000000|  0%| F|  |TS 13|AC  0|TAMS 0x00007f7edf000000, 0x00007f7edf000000|
| 212|0x00007f7ee0000000, 0x00007f7ee0000000, 0x00007f7ee1000000|  0%| F|  |TS 13|AC  0|TAMS 0x00007f7ee0000000, 0x00007f7ee0000000|
| 213|0x00007f7ee1000000, 0x00007f7ee1000000, 0x00007f7ee2000000|  0%| F|  |TS 13|AC  0|TAMS 0x00007f7ee1000000, 0x00007f7ee1000000|
| 214|0x00007f7ee2000000, 0x00007f7ee2000000, 0x00007f7ee3000000|  0%| F|  |TS 13|AC  0|TAMS 0x00007f7ee2000000, 0x00007f7ee2000000|
| 215|0x00007f7ee3000000, 0x00007f7ee3000000, 0x00007f7ee4000000|  0%| F|  |TS 13|AC  0|TAMS 0x00007f7ee3000000, 0x00007f7ee3000000|
| 216|0x00007f7ee4000000, 0x00007f7ee4000000, 0x00007f7ee5000000|  0%| F|  |TS 13|AC  0|TAMS 0x00007f7ee4000000, 0x00007f7ee4000000|
| 217|0x00007f7ee5000000, 0x00007f7ee5000000, 0x00007f7ee6000000|  0%| F|  |TS 13|AC  0|TAMS 0x00007f7ee5000000, 0x00007f7ee5000000|
| 218|0x00007f7ee6000000, 0x00007f7ee6000000, 0x00007f7ee7000000|  0%| F|  |TS 13|AC  0|TAMS 0x00007f7ee6000000, 0x00007f7ee6000000|
| 219|0x00007f7ee7000000, 0x00007f7ee7000000, 0x00007f7ee8000000|  0%| F|  |TS 13|AC  0|TAMS 0x00007f7ee7000000, 0x00007f7ee7000000|
| 220|0x00007f7ee8000000, 0x00007f7ee8000000, 0x00007f7ee9000000|  0%| F|  |TS 13|AC  0|TAMS 0x00007f7ee8000000, 0x00007f7ee8000000|
| 221|0x00007f7ee9000000, 0x00007f7ee9000000, 0x00007f7eea000000|  0%| F|  |TS 13|AC  0|TAMS 0x00007f7ee9000000, 0x00007f7ee9000000|
| 222|0x00007f7eea000000, 0x00007f7eea000000, 0x00007f7eeb000000|  0%| F|  |TS 13|AC  0|TAMS 0x00007f7eea000000, 0x00007f7eea000000|
| 223|0x00007f7eeb000000, 0x00007f7eeb000000, 0x00007f7eec000000|  0%| F|  |TS 13|AC  0|TAMS 0x00007f7eeb000000, 0x00007f7eeb000000|
| 224|0x00007f7eec000000, 0x00007f7eec000000, 0x00007f7eed000000|  0%| F|  |TS 13|AC  0|TAMS 0x00007f7eec000000, 0x00007f7eec000000|
| 225|0x00007f7eed000000, 0x00007f7eed000000, 0x00007f7eee000000|  0%| F|  |TS 13|AC  0|TAMS 0x00007f7eed000000, 0x00007f7eed000000|
| 226|0x00007f7eee000000, 0x00007f7eee000000, 0x00007f7eef000000|  0%| F|  |TS 13|AC  0|TAMS 0x00007f7eee000000, 0x00007f7eee000000|
| 227|0x00007f7eef000000, 0x00007f7eef000000, 0x00007f7ef0000000|  0%| F|  |TS 13|AC  0|TAMS 0x00007f7eef000000, 0x00007f7eef000000|
| 228|0x00007f7ef0000000, 0x00007f7ef0000000, 0x00007f7ef1000000|  0%| F|  |TS 13|AC  0|TAMS 0x00007f7ef0000000, 0x00007f7ef0000000|
| 229|0x00007f7ef1000000, 0x00007f7ef1000000, 0x00007f7ef2000000|  0%| F|  |TS 13|AC  0|TAMS 0x00007f7ef1000000, 0x00007f7ef1000000|
| 230|0x00007f7ef2000000, 0x00007f7ef2000000, 0x00007f7ef3000000|  0%| F|  |TS 13|AC  0|TAMS 0x00007f7ef2000000, 0x00007f7ef2000000|
| 231|0x00007f7ef3000000, 0x00007f7ef3000000, 0x00007f7ef4000000|  0%| F|  |TS 13|AC  0|TAMS 0x00007f7ef3000000, 0x00007f7ef3000000|
| 232|0x00007f7ef4000000, 0x00007f7ef4000000, 0x00007f7ef5000000|  0%| F|  |TS 13|AC  0|TAMS 0x00007f7ef4000000, 0x00007f7ef4000000|
| 233|0x00007f7ef5000000, 0x00007f7ef5000000, 0x00007f7ef6000000|  0%| F|  |TS 13|AC  0|TAMS 0x00007f7ef5000000, 0x00007f7ef5000000|
| 234|0x00007f7ef6000000, 0x00007f7ef6000000, 0x00007f7ef7000000|  0%| F|  |TS 13|AC  0|TAMS 0x00007f7ef6000000, 0x00007f7ef6000000|
| 235|0x00007f7ef7000000, 0x00007f7ef7000000, 0x00007f7ef8000000|  0%| F|  |TS 13|AC  0|TAMS 0x00007f7ef7000000, 0x00007f7ef7000000|
| 236|0x00007f7ef8000000, 0x00007f7ef8000000, 0x00007f7ef9000000|  0%| F|  |TS 13|AC  0|TAMS 0x00007f7ef8000000, 0x00007f7ef8000000|
| 237|0x00007f7ef9000000, 0x00007f7ef9000000, 0x00007f7efa000000|  0%| F|  |TS 13|AC  0|TAMS 0x00007f7ef9000000, 0x00007f7ef9000000|
| 238|0x00007f7efa000000, 0x00007f7efa000000, 0x00007f7efb000000|  0%| F|  |TS 13|AC  0|TAMS 0x00007f7efa000000, 0x00007f7efa000000|
| 239|0x00007f7efb000000, 0x00007f7efb000000, 0x00007f7efc000000|  0%| F|  |TS 13|AC  0|TAMS 0x00007f7efb000000, 0x00007f7efb000000|
| 240|0x00007f7efc000000, 0x00007f7efc000000, 0x00007f7efd000000|  0%| F|  |TS 13|AC  0|TAMS 0x00007f7efc000000, 0x00007f7efc000000|
| 241|0x00007f7efd000000, 0x00007f7efd000000, 0x00007f7efe000000|  0%| F|  |TS 13|AC  0|TAMS 0x00007f7efd000000, 0x00007f7efd000000|
| 242|0x00007f7efe000000, 0x00007f7efe000000, 0x00007f7eff000000|  0%| F|  |TS 13|AC  0|TAMS 0x00007f7efe000000, 0x00007f7efe000000|
| 243|0x00007f7eff000000, 0x00007f7eff000000, 0x00007f7f00000000|  0%| F|  |TS 13|AC  0|TAMS 0x00007f7eff000000, 0x00007f7eff000000|
| 244|0x00007f7f00000000, 0x00007f7f00000000, 0x00007f7f01000000|  0%| F|  |TS 13|AC  0|TAMS 0x00007f7f00000000, 0x00007f7f00000000|
| 245|0x00007f7f01000000, 0x00007f7f01000000, 0x00007f7f02000000|  0%| F|  |TS 13|AC  0|TAMS 0x00007f7f01000000, 0x00007f7f01000000|
| 246|0x00007f7f02000000, 0x00007f7f02000000, 0x00007f7f03000000|  0%| F|  |TS 13|AC  0|TAMS 0x00007f7f02000000, 0x00007f7f02000000|
| 247|0x00007f7f03000000, 0x00007f7f03000000, 0x00007f7f04000000|  0%| F|  |TS 13|AC  0|TAMS 0x00007f7f03000000, 0x00007f7f03000000|
| 248|0x00007f7f04000000, 0x00007f7f04000000, 0x00007f7f05000000|  0%| F|  |TS 13|AC  0|TAMS 0x00007f7f04000000, 0x00007f7f04000000|
| 249|0x00007f7f05000000, 0x00007f7f05000000, 0x00007f7f06000000|  0%| F|  |TS 13|AC  0|TAMS 0x00007f7f05000000, 0x00007f7f05000000|
| 250|0x00007f7f06000000, 0x00007f7f06000000, 0x00007f7f07000000|  0%| F|  |TS 13|AC  0|TAMS 0x00007f7f06000000, 0x00007f7f06000000|
| 251|0x00007f7f07000000, 0x00007f7f07000000, 0x00007f7f08000000|  0%| F|  |TS 13|AC  0|TAMS 0x00007f7f07000000, 0x00007f7f07000000|
| 252|0x00007f7f08000000, 0x00007f7f08000000, 0x00007f7f09000000|  0%| F|  |TS 13|AC  0|TAMS 0x00007f7f08000000, 0x00007f7f08000000|
| 253|0x00007f7f09000000, 0x00007f7f09000000, 0x00007f7f0a000000|  0%| F|  |TS 13|AC  0|TAMS 0x00007f7f09000000, 0x00007f7f09000000|
| 254|0x00007f7f0a000000, 0x00007f7f0a000000, 0x00007f7f0b000000|  0%| F|  |TS 13|AC  0|TAMS 0x00007f7f0a000000, 0x00007f7f0a000000|
| 255|0x00007f7f0b000000, 0x00007f7f0b000000, 0x00007f7f0c000000|  0%| F|  |TS 13|AC  0|TAMS 0x00007f7f0b000000, 0x00007f7f0b000000|
| 256|0x00007f7f0c000000, 0x00007f7f0c000000, 0x00007f7f0d000000|  0%| F|  |TS 13|AC  0|TAMS 0x00007f7f0c000000, 0x00007f7f0c000000|
| 257|0x00007f7f0d000000, 0x00007f7f0d000000, 0x00007f7f0e000000|  0%| F|  |TS 13|AC  0|TAMS 0x00007f7f0d000000, 0x00007f7f0d000000|
| 258|0x00007f7f0e000000, 0x00007f7f0e000000, 0x00007f7f0f000000|  0%| F|  |TS 13|AC  0|TAMS 0x00007f7f0e000000, 0x00007f7f0e000000|
| 259|0x00007f7f0f000000, 0x00007f7f0f000000, 0x00007f7f10000000|  0%| F|  |TS 13|AC  0|TAMS 0x00007f7f0f000000, 0x00007f7f0f000000|
| 260|0x00007f7f10000000, 0x00007f7f10000000, 0x00007f7f11000000|  0%| F|  |TS 13|AC  0|TAMS 0x00007f7f10000000, 0x00007f7f10000000|
| 261|0x00007f7f11000000, 0x00007f7f11000000, 0x00007f7f12000000|  0%| F|  |TS 13|AC  0|TAMS 0x00007f7f11000000, 0x00007f7f11000000|
| 262|0x00007f7f12000000, 0x00007f7f12000000, 0x00007f7f13000000|  0%| F|  |TS 13|AC  0|TAMS 0x00007f7f12000000, 0x00007f7f12000000|
| 263|0x00007f7f13000000, 0x00007f7f13000000, 0x00007f7f14000000|  0%| F|  |TS 13|AC  0|TAMS 0x00007f7f13000000, 0x00007f7f13000000|
| 264|0x00007f7f14000000, 0x00007f7f14000000, 0x00007f7f15000000|  0%| F|  |TS 13|AC  0|TAMS 0x00007f7f14000000, 0x00007f7f14000000|
| 265|0x00007f7f15000000, 0x00007f7f15000000, 0x00007f7f16000000|  0%| F|  |TS 13|AC  0|TAMS 0x00007f7f15000000, 0x00007f7f15000000|
| 266|0x00007f7f16000000, 0x00007f7f16000000, 0x00007f7f17000000|  0%| F|  |TS 13|AC  0|TAMS 0x00007f7f16000000, 0x00007f7f16000000|
| 267|0x00007f7f17000000, 0x00007f7f17000000, 0x00007f7f18000000|  0%| F|  |TS 13|AC  0|TAMS 0x00007f7f17000000, 0x00007f7f17000000|
| 268|0x00007f7f18000000, 0x00007f7f18000000, 0x00007f7f19000000|  0%| F|  |TS 13|AC  0|TAMS 0x00007f7f18000000, 0x00007f7f18000000|
| 269|0x00007f7f19000000, 0x00007f7f19659640, 0x00007f7f1a000000| 39%| S|CS|TS 17|AC  0|TAMS 0x00007f7f19000000, 0x00007f7f19000000|
| 270|0x00007f7f1a000000, 0x00007f7f1a000000, 0x00007f7f1b000000|  0%| F|  |TS 17|AC  0|TAMS 0x00007f7f1a000000, 0x00007f7f1a000000|
| 271|0x00007f7f1b000000, 0x00007f7f1b000000, 0x00007f7f1c000000|  0%| F|  |TS 17|AC  0|TAMS 0x00007f7f1b000000, 0x00007f7f1b000000|
| 272|0x00007f7f1c000000, 0x00007f7f1c000000, 0x00007f7f1d000000|  0%| F|  |TS 17|AC  0|TAMS 0x00007f7f1c000000, 0x00007f7f1c000000|
| 273|0x00007f7f1d000000, 0x00007f7f1d000000, 0x00007f7f1e000000|  0%| F|  |TS 17|AC  0|TAMS 0x00007f7f1d000000, 0x00007f7f1d000000|
| 274|0x00007f7f1e000000, 0x00007f7f1e000000, 0x00007f7f1f000000|  0%| F|  |TS 17|AC  0|TAMS 0x00007f7f1e000000, 0x00007f7f1e000000|
| 275|0x00007f7f1f000000, 0x00007f7f1f000000, 0x00007f7f20000000|  0%| F|  |TS 17|AC  0|TAMS 0x00007f7f1f000000, 0x00007f7f1f000000|
| 276|0x00007f7f20000000, 0x00007f7f20000000, 0x00007f7f21000000|  0%| F|  |TS 17|AC  0|TAMS 0x00007f7f20000000, 0x00007f7f20000000|
| 277|0x00007f7f21000000, 0x00007f7f21000000, 0x00007f7f22000000|  0%| F|  |TS 17|AC  0|TAMS 0x00007f7f21000000, 0x00007f7f21000000|
| 278|0x00007f7f22000000, 0x00007f7f22000000, 0x00007f7f23000000|  0%| F|  |TS 17|AC  0|TAMS 0x00007f7f22000000, 0x00007f7f22000000|
| 279|0x00007f7f23000000, 0x00007f7f23000000, 0x00007f7f24000000|  0%| F|  |TS 17|AC  0|TAMS 0x00007f7f23000000, 0x00007f7f23000000|
| 280|0x00007f7f24000000, 0x00007f7f24000000, 0x00007f7f25000000|  0%| F|  |TS 17|AC  0|TAMS 0x00007f7f24000000, 0x00007f7f24000000|
| 281|0x00007f7f25000000, 0x00007f7f25000000, 0x00007f7f26000000|  0%| F|  |TS 17|AC  0|TAMS 0x00007f7f25000000, 0x00007f7f25000000|
| 282|0x00007f7f26000000, 0x00007f7f26000000, 0x00007f7f27000000|  0%| F|  |TS 17|AC  0|TAMS 0x00007f7f26000000, 0x00007f7f26000000|
| 283|0x00007f7f27000000, 0x00007f7f27000000, 0x00007f7f28000000|  0%| F|  |TS 17|AC  0|TAMS 0x00007f7f27000000, 0x00007f7f27000000|
| 284|0x00007f7f28000000, 0x00007f7f28000000, 0x00007f7f29000000|  0%| F|  |TS 17|AC  0|TAMS 0x00007f7f28000000, 0x00007f7f28000000|
| 285|0x00007f7f29000000, 0x00007f7f29000000, 0x00007f7f2a000000|  0%| F|  |TS 17|AC  0|TAMS 0x00007f7f29000000, 0x00007f7f29000000|
| 286|0x00007f7f2a000000, 0x00007f7f2a000000, 0x00007f7f2b000000|  0%| F|  |TS 17|AC  0|TAMS 0x00007f7f2a000000, 0x00007f7f2a000000|
| 287|0x00007f7f2b000000, 0x00007f7f2b000000, 0x00007f7f2c000000|  0%| F|  |TS 17|AC  0|TAMS 0x00007f7f2b000000, 0x00007f7f2b000000|

Card table byte_map: [0x00007f7df3000000,0x00007f7dff800000] byte_map_base: 0x00007f3e33fa0000

Marking Bits (Prev, Next): (CMBitMap*) 0x00007f9754092850, (CMBitMap*) 0x00007f9754092888
 Prev Bits: [0x00007f7d82800000, 0x00007f7de6800000)
 Next Bits: [0x00007f7d1e800000, 0x00007f7d82800000)

Polling page: 0x00007f975e48d000

CodeHeap 'non-profiled nmethods': size=120032Kb used=1743Kb max_used=1743Kb free=118288Kb
 bounds [0x00007f97435ed000, 0x00007f974385d000, 0x00007f974ab25000]
CodeHeap 'profiled nmethods': size=120028Kb used=4812Kb max_used=4812Kb free=115215Kb
 bounds [0x00007f973c0b6000, 0x00007f973c576000, 0x00007f97435ed000]
CodeHeap 'non-nmethods': size=5700Kb used=1223Kb max_used=1263Kb free=4477Kb
 bounds [0x00007f973bb25000, 0x00007f973bd95000, 0x00007f973c0b6000]
 total_blobs=3953 nmethods=2394 adapters=539
 compilation: enabled

Compilation events (10 events):
Event: 5.982 Thread 0x00007f975415e000 2392       4       jdd.JDD::FindMin (13 bytes)
Event: 5.982 Thread 0x00007f975415e000 nmethod 2392 0x00007f9743796790 code [0x00007f9743796940, 0x00007f97437969f8]
Event: 5.982 Thread 0x00007f975415e000 2393       4       prism.Prism::getSumRoundOff (10 bytes)
Event: 5.983 Thread 0x00007f975415c000 nmethod 2391 0x00007f9743796b10 code [0x00007f9743796cc0, 0x00007f9743797028]
Event: 5.983 Thread 0x00007f975415c000 2394       4       prism.Modules2MTBDD::translateExpression (15 bytes)
Event: 5.986 Thread 0x00007f975415c000 nmethod 2394 0x00007f9743797290 code [0x00007f9743797480, 0x00007f9743797870]
Event: 5.987 Thread 0x00007f975415e000 nmethod 2393 0x00007f9743797c90 code [0x00007f9743797e60, 0x00007f9743798618]
Event: 5.998 Thread 0x00007f975415c000 2395       4       jdd.JDDNode::equals (28 bytes)
Event: 5.998 Thread 0x00007f975415c000 nmethod 2395 0x00007f9743798990 code [0x00007f9743798b20, 0x00007f9743798bd8]
Event: 6.036 Thread 0x00007f9754160000 nmethod 2386 0x00007f9743798c90 code [0x00007f9743799160, 0x00007f974379deb0]

GC Heap History (10 events):
Event: 1.849 GC heap after
{Heap after GC invocations=12 (full 0):
 garbage-first heap   total 1572864K, used 624420K [0x00007f7e0c000000, 0x00007f970c000000)
  region size 16384K, 2 young (32768K), 2 survivors (32768K)
 Metaspace       used 18053K, capacity 18304K, committed 18432K, reserved 18432K
}
Event: 2.322 GC heap before
{Heap before GC invocations=12 (full 0):
 garbage-first heap   total 1572864K, used 755492K [0x00007f7e0c000000, 0x00007f970c000000)
  region size 16384K, 10 young (163840K), 2 survivors (32768K)
 Metaspace       used 18554K, capacity 18816K, committed 18944K, reserved 20480K
}
Event: 2.433 GC heap after
{Heap after GC invocations=13 (full 0):
 garbage-first heap   total 4718592K, used 747717K [0x00007f7e0c000000, 0x00007f970c000000)
  region size 16384K, 2 young (32768K), 2 survivors (32768K)
 Metaspace       used 18554K, capacity 18816K, committed 18944K, reserved 20480K
}
Event: 2.689 GC heap before
{Heap before GC invocations=13 (full 0):
 garbage-first heap   total 4718592K, used 944325K [0x00007f7e0c000000, 0x00007f970c000000)
  region size 16384K, 14 young (229376K), 2 survivors (32768K)
 Metaspace       used 18796K, capacity 19009K, committed 19200K, reserved 20480K
}
Event: 2.744 GC heap after
{Heap after GC invocations=14 (full 0):
 garbage-first heap   total 4718592K, used 940535K [0x00007f7e0c000000, 0x00007f970c000000)
  region size 16384K, 2 young (32768K), 2 survivors (32768K)
 Metaspace       used 18796K, capacity 19009K, committed 19200K, reserved 20480K
}
Event: 2.833 GC heap before
{Heap before GC invocations=14 (full 0):
 garbage-first heap   total 4718592K, used 1137143K [0x00007f7e0c000000, 0x00007f970c000000)
  region size 16384K, 14 young (229376K), 2 survivors (32768K)
 Metaspace       used 18799K, capacity 19009K, committed 19200K, reserved 20480K
}
Event: 2.877 GC heap after
{Heap after GC invocations=15 (full 0):
 garbage-first heap   total 4718592K, used 1150145K [0x00007f7e0c000000, 0x00007f970c000000)
  region size 16384K, 2 young (32768K), 2 survivors (32768K)
 Metaspace       used 18799K, capacity 19009K, committed 19200K, reserved 20480K
}
Event: 4.026 GC heap before
{Heap before GC invocations=15 (full 0):
 garbage-first heap   total 4718592K, used 1346753K [0x00007f7e0c000000, 0x00007f970c000000)
  region size 16384K, 14 young (229376K), 2 survivors (32768K)
 Metaspace       used 19205K, capacity 19457K, committed 19712K, reserved 20480K
}
Event: 4.048 GC heap after
{Heap after GC invocations=16 (full 0):
 garbage-first heap   total 4718592K, used 1239810K [0x00007f7e0c000000, 0x00007f970c000000)
  region size 16384K, 2 young (32768K), 2 survivors (32768K)
 Metaspace       used 19205K, capacity 19457K, committed 19712K, reserved 20480K
}
Event: 6.057 GC heap before
{Heap before GC invocations=16 (full 0):
 garbage-first heap   total 4718592K, used 1501954K [0x00007f7e0c000000, 0x00007f970c000000)
  region size 16384K, 18 young (294912K), 2 survivors (32768K)
 Metaspace       used 19205K, capacity 19457K, committed 19712K, reserved 20480K
}

Deoptimization events (10 events):
Event: 2.591 Thread 0x00007f9754012000 Uncommon trap: reason=bimorphic_or_optimized_type_check action=maybe_recompile pc=0x00007f974373e440 method=parser.visitor.Simplify.visit(Lparser/ast/ExpressionBinaryOp;)Ljava/lang/Object; @ 6 c2
Event: 2.591 Thread 0x00007f9754012000 Uncommon trap: reason=bimorphic_or_optimized_type_check action=maybe_recompile pc=0x00007f974373e440 method=parser.visitor.Simplify.visit(Lparser/ast/ExpressionBinaryOp;)Ljava/lang/Object; @ 6 c2
Event: 2.591 Thread 0x00007f9754012000 Uncommon trap: reason=bimorphic_or_optimized_type_check action=maybe_recompile pc=0x00007f974373e440 method=parser.visitor.Simplify.visit(Lparser/ast/ExpressionBinaryOp;)Ljava/lang/Object; @ 6 c2
Event: 2.593 Thread 0x00007f9754012000 Uncommon trap: reason=intrinsic_or_type_checked_inlining action=make_not_entrant pc=0x00007f97436a37d0 method=java.util.Arrays.copyOf([Ljava/lang/Object;ILjava/lang/Class;)[Ljava/lang/Object; @ 35 c2
Event: 2.610 Thread 0x00007f9754012000 Uncommon trap: reason=unstable_if action=reinterpret pc=0x00007f97437043a0 method=java.util.Vector.indexOf(Ljava/lang/Object;I)I @ 1 c2
Event: 2.614 Thread 0x00007f9754012000 Uncommon trap: reason=predicate action=maybe_recompile pc=0x00007f97437009f8 method=java.util.Vector.indexOf(Ljava/lang/Object;I)I @ 44 c2
Event: 3.007 Thread 0x00007f9754012000 Uncommon trap: reason=class_check action=maybe_recompile pc=0x00007f974373a60c method=parser.ast.Expression.evaluateInt(Lparser/EvaluateContext;)I @ 2 c2
Event: 3.007 Thread 0x00007f9754012000 Uncommon trap: reason=class_check action=maybe_recompile pc=0x00007f974373a60c method=parser.ast.Expression.evaluateInt(Lparser/EvaluateContext;)I @ 2 c2
Event: 3.007 Thread 0x00007f9754012000 Uncommon trap: reason=class_check action=maybe_recompile pc=0x00007f974373a60c method=parser.ast.Expression.evaluateInt(Lparser/EvaluateContext;)I @ 2 c2
Event: 3.007 Thread 0x00007f9754012000 Uncommon trap: reason=class_check action=maybe_recompile pc=0x00007f974373a60c method=parser.ast.Expression.evaluateInt(Lparser/EvaluateContext;)I @ 2 c2

Classes redefined (0 events):
No events

Internal exceptions (10 events):
Event: 1.942 Thread 0x00007f9754012000 Implicit null exception at 0x00007f97436e58f2 to 0x00007f97436e69f6
Event: 1.942 Thread 0x00007f9754012000 Implicit null exception at 0x00007f97436e196f to 0x00007f97436e27e6
Event: 2.211 Thread 0x00007f9754012000 Implicit null exception at 0x00007f97437141cb to 0x00007f9743714cb6
Event: 2.211 Thread 0x00007f9754012000 Implicit null exception at 0x00007f9743712b59 to 0x00007f9743713436
Event: 2.266 Thread 0x00007f9754012000 Implicit null exception at 0x00007f974371d818 to 0x00007f974371dafa
Event: 2.266 Thread 0x00007f9754012000 Implicit null exception at 0x00007f974371ca25 to 0x00007f974371cd4a
Event: 2.266 Thread 0x00007f9754012000 Implicit null exception at 0x00007f974371b085 to 0x00007f974371b136
Event: 2.529 Thread 0x00007f9754012000 Implicit null exception at 0x00007f9743731a70 to 0x00007f974373339a
Event: 2.529 Thread 0x00007f9754012000 Implicit null exception at 0x00007f974372e884 to 0x00007f974372ff6a
Event: 2.609 Thread 0x00007f9754012000 Implicit null exception at 0x00007f9743703f1f to 0x00007f9743704386

Events (10 events):
Event: 3.997 Thread 0x00007f9754664000 Thread exited: 0x00007f9754664000
Event: 3.997 Thread 0x00007f97546b6000 Thread exited: 0x00007f97546b6000
Event: 4.026 Executing VM operation: G1IncCollectionPause
Event: 4.048 Executing VM operation: G1IncCollectionPause done
Event: 5.287 Executing VM operation: RevokeBias
Event: 5.287 Executing VM operation: RevokeBias done
Event: 5.287 Thread 0x00007f97545d7000 Thread exited: 0x00007f97545d7000
Event: 5.962 Thread 0x00007f9754012000 DEOPT PACKING pc=0x00007f973c4fe140 sp=0x00007f975ba05e20
Event: 5.962 Thread 0x00007f9754012000 DEOPT UNPACKING pc=0x00007f973bb4cdba sp=0x00007f975ba05670 mode 0
Event: 6.057 Executing VM operation: G1IncCollectionPause


Dynamic libraries:
556e0b044000-556e0b045000 r-xp 00000000 103:04 529239                    /usr/lib/jvm/java-11-openjdk-amd64/bin/java
556e0b245000-556e0b246000 r--p 00001000 103:04 529239                    /usr/lib/jvm/java-11-openjdk-amd64/bin/java
556e0b246000-556e0b247000 rw-p 00002000 103:04 529239                    /usr/lib/jvm/java-11-openjdk-amd64/bin/java
556e0cca6000-556e0ccc7000 rw-p 00000000 00:00 0                          [heap]
7f7bb3ffa000-7f7bd3ffb000 rw-p 00000000 00:00 0 
7f7be0000000-7f7be0140000 rw-p 00000000 00:00 0 
7f7be0140000-7f7be4000000 ---p 00000000 00:00 0 
7f7be8000000-7f7bebffa000 rw-p 00000000 00:00 0 
7f7bebffa000-7f7bec000000 ---p 00000000 00:00 0 
7f7befffe000-7f7c94000000 rw-p 00000000 00:00 0 
7f7c94000000-7f7c94021000 rw-p 00000000 00:00 0 
7f7c94021000-7f7c98000000 ---p 00000000 00:00 0 
7f7c98000000-7f7c9bffd000 rw-p 00000000 00:00 0 
7f7c9bffd000-7f7c9c000000 ---p 00000000 00:00 0 
7f7c9c000000-7f7c9c021000 rw-p 00000000 00:00 0 
7f7c9c021000-7f7ca0000000 ---p 00000000 00:00 0 
7f7ca0000000-7f7ca0021000 rw-p 00000000 00:00 0 
7f7ca0021000-7f7ca4000000 ---p 00000000 00:00 0 
7f7ca5c25000-7f7ca5d65000 rw-p 00000000 00:00 0 
7f7ca5d65000-7f7ca5e25000 ---p 00000000 00:00 0 
7f7ca6626000-7f7ca662d000 r-xp 00000000 103:09 5773602                   /home/william/prism-4.4-linux64/lib/libjdd.so
7f7ca662d000-7f7ca682c000 ---p 00007000 103:09 5773602                   /home/william/prism-4.4-linux64/lib/libjdd.so
7f7ca682c000-7f7ca682d000 r--p 00006000 103:09 5773602                   /home/william/prism-4.4-linux64/lib/libjdd.so
7f7ca682d000-7f7ca682e000 rw-p 00007000 103:09 5773602                   /home/william/prism-4.4-linux64/lib/libjdd.so
7f7ca682e000-7f7ca6841000 r-xp 00000000 103:09 5773619                   /home/william/prism-4.4-linux64/lib/libprismmtbdd.so
7f7ca6841000-7f7ca6a41000 ---p 00013000 103:09 5773619                   /home/william/prism-4.4-linux64/lib/libprismmtbdd.so
7f7ca6a41000-7f7ca6a42000 r--p 00013000 103:09 5773619                   /home/william/prism-4.4-linux64/lib/libprismmtbdd.so
7f7ca6a42000-7f7ca6a43000 rw-p 00014000 103:09 5773619                   /home/william/prism-4.4-linux64/lib/libprismmtbdd.so
7f7ca6a43000-7f7ca6a77000 r-xp 00000000 103:09 5773608                   /home/william/prism-4.4-linux64/lib/libprismhybrid.so
7f7ca6a77000-7f7ca6c77000 ---p 00034000 103:09 5773608                   /home/william/prism-4.4-linux64/lib/libprismhybrid.so
7f7ca6c77000-7f7ca6c78000 r--p 00034000 103:09 5773608                   /home/william/prism-4.4-linux64/lib/libprismhybrid.so
7f7ca6c78000-7f7ca6c79000 rw-p 00035000 103:09 5773608                   /home/william/prism-4.4-linux64/lib/libprismhybrid.so
7f7ca6c79000-7f7ca6d17000 r-xp 00000000 103:09 5773612                   /home/william/prism-4.4-linux64/lib/liblpsolve55.so
7f7ca6d17000-7f7ca6f17000 ---p 0009e000 103:09 5773612                   /home/william/prism-4.4-linux64/lib/liblpsolve55.so
7f7ca6f17000-7f7ca6f18000 r--p 0009e000 103:09 5773612                   /home/william/prism-4.4-linux64/lib/liblpsolve55.so
7f7ca6f18000-7f7ca6f19000 rw-p 0009f000 103:09 5773612                   /home/william/prism-4.4-linux64/lib/liblpsolve55.so
7f7ca6f19000-7f7ca6f28000 r-xp 00000000 103:09 5773609                   /home/william/prism-4.4-linux64/lib/libdv.so
7f7ca6f28000-7f7ca7127000 ---p 0000f000 103:09 5773609                   /home/william/prism-4.4-linux64/lib/libdv.so
7f7ca7127000-7f7ca7128000 r--p 0000e000 103:09 5773609                   /home/william/prism-4.4-linux64/lib/libdv.so
7f7ca7128000-7f7ca7129000 rw-p 0000f000 103:09 5773609                   /home/william/prism-4.4-linux64/lib/libdv.so
7f7ca7129000-7f7ca71b5000 r-xp 00000000 103:09 5773613                   /home/william/prism-4.4-linux64/lib/libdd.so
7f7ca71b5000-7f7ca73b4000 ---p 0008c000 103:09 5773613                   /home/william/prism-4.4-linux64/lib/libdd.so
7f7ca73b4000-7f7ca73b5000 r--p 0008b000 103:09 5773613                   /home/william/prism-4.4-linux64/lib/libdd.so
7f7ca73b5000-7f7ca73b6000 rw-p 0008c000 103:09 5773613                   /home/william/prism-4.4-linux64/lib/libdd.so
7f7ca73b6000-7f7ca73b7000 rw-p 00000000 00:00 0 
7f7ca73b7000-7f7ca73bb000 r-xp 00000000 103:09 5773618                   /home/william/prism-4.4-linux64/lib/libodd.so
7f7ca73bb000-7f7ca75ba000 ---p 00004000 103:09 5773618                   /home/william/prism-4.4-linux64/lib/libodd.so
7f7ca75ba000-7f7ca75bb000 r--p 00003000 103:09 5773618                   /home/william/prism-4.4-linux64/lib/libodd.so
7f7ca75bb000-7f7ca75bc000 rw-p 00004000 103:09 5773618                   /home/william/prism-4.4-linux64/lib/libodd.so
7f7ca75bc000-7f7ca75fd000 r-xp 00000000 103:09 5773615                   /home/william/prism-4.4-linux64/lib/libprismsparse.so
7f7ca75fd000-7f7ca77fc000 ---p 00041000 103:09 5773615                   /home/william/prism-4.4-linux64/lib/libprismsparse.so
7f7ca77fc000-7f7ca77fd000 r--p 00040000 103:09 5773615                   /home/william/prism-4.4-linux64/lib/libprismsparse.so
7f7ca77fd000-7f7ca77fe000 rw-p 00041000 103:09 5773615                   /home/william/prism-4.4-linux64/lib/libprismsparse.so
7f7ca77fe000-7f7ca7802000 ---p 00000000 00:00 0 
7f7ca7802000-7f7ca7bff000 rw-p 00000000 00:00 0 
7f7ca7bff000-7f7ca7c03000 ---p 00000000 00:00 0 
7f7ca7c03000-7f7ca8000000 rw-p 00000000 00:00 0 
7f7ca8000000-7f7ca8021000 rw-p 00000000 00:00 0 
7f7ca8021000-7f7cac000000 ---p 00000000 00:00 0 
7f7cac000000-7f7cac021000 rw-p 00000000 00:00 0 
7f7cac021000-7f7cb0000000 ---p 00000000 00:00 0 
7f7cb0000000-7f7cb0021000 rw-p 00000000 00:00 0 
7f7cb0021000-7f7cb4000000 ---p 00000000 00:00 0 
7f7cb4000000-7f7cb4021000 rw-p 00000000 00:00 0 
7f7cb4021000-7f7cb8000000 ---p 00000000 00:00 0 
7f7cb8000000-7f7cb8021000 rw-p 00000000 00:00 0 
7f7cb8021000-7f7cbc000000 ---p 00000000 00:00 0 
7f7cbc000000-7f7cbc021000 rw-p 00000000 00:00 0 
7f7cbc021000-7f7cc0000000 ---p 00000000 00:00 0 
7f7cc0000000-7f7cc072d000 rw-p 00000000 00:00 0 
7f7cc072d000-7f7cc4000000 ---p 00000000 00:00 0 
7f7cc4000000-7f7cc443e000 rw-p 00000000 00:00 0 
7f7cc443e000-7f7cc8000000 ---p 00000000 00:00 0 
7f7cc8000000-7f7cc8d21000 rw-p 00000000 00:00 0 
7f7cc8d21000-7f7ccc000000 ---p 00000000 00:00 0 
7f7ccc000000-7f7ccc826000 rw-p 00000000 00:00 0 
7f7ccc826000-7f7cd0000000 ---p 00000000 00:00 0 
7f7cd0000000-7f7cd0021000 rw-p 00000000 00:00 0 
7f7cd0021000-7f7cd4000000 ---p 00000000 00:00 0 
7f7cd41b4000-7f7cd43b4000 rw-p 00000000 00:00 0 
7f7cd43b4000-7f7cd43e5000 r-xp 00000000 103:04 534498                    /usr/lib/x86_64-linux-gnu/libpng16.so.16.34.0
7f7cd43e5000-7f7cd45e4000 ---p 00031000 103:04 534498                    /usr/lib/x86_64-linux-gnu/libpng16.so.16.34.0
7f7cd45e4000-7f7cd45e5000 r--p 00030000 103:04 534498                    /usr/lib/x86_64-linux-gnu/libpng16.so.16.34.0
7f7cd45e5000-7f7cd45e6000 rw-p 00031000 103:04 534498                    /usr/lib/x86_64-linux-gnu/libpng16.so.16.34.0
7f7cd45e6000-7f7cd4693000 r-xp 00000000 103:04 534008                    /usr/lib/x86_64-linux-gnu/libfreetype.so.6.15.0
7f7cd4693000-7f7cd4892000 ---p 000ad000 103:04 534008                    /usr/lib/x86_64-linux-gnu/libfreetype.so.6.15.0
7f7cd4892000-7f7cd4899000 r--p 000ac000 103:04 534008                    /usr/lib/x86_64-linux-gnu/libfreetype.so.6.15.0
7f7cd4899000-7f7cd489a000 rw-p 000b3000 103:04 534008                    /usr/lib/x86_64-linux-gnu/libfreetype.so.6.15.0
7f7cd489a000-7f7cd492f000 r-xp 00000000 103:04 664490                    /usr/lib/jvm/java-11-openjdk-amd64/lib/libfontmanager.so
7f7cd492f000-7f7cd4b2f000 ---p 00095000 103:04 664490                    /usr/lib/jvm/java-11-openjdk-amd64/lib/libfontmanager.so
7f7cd4b2f000-7f7cd4b30000 r--p 00095000 103:04 664490                    /usr/lib/jvm/java-11-openjdk-amd64/lib/libfontmanager.so
7f7cd4b30000-7f7cd4b31000 rw-p 00096000 103:04 664490                    /usr/lib/jvm/java-11-openjdk-amd64/lib/libfontmanager.so
7f7cd4b31000-7f7cd4d32000 rw-p 00000000 00:00 0 
7f7cd4d32000-7f7cd4d36000 ---p 00000000 00:00 0 
7f7cd4d36000-7f7cd5133000 rw-p 00000000 00:00 0 
7f7cd5133000-7f7cd5137000 ---p 00000000 00:00 0 
7f7cd5137000-7f7cd5534000 rw-p 00000000 00:00 0 
7f7cd5534000-7f7cd5538000 ---p 00000000 00:00 0 
7f7cd5538000-7f7cd5b35000 rw-p 00000000 00:00 0 
7f7cd5bed000-7f7cd5ded000 rw-p 00000000 00:00 0 
7f7cd5ded000-7f7cd5fed000 rw-p 00000000 00:00 0 
7f7cd5fed000-7f7cd5ff5000 r-xp 00000000 103:04 659845                    /usr/lib/jvm/java-11-openjdk-amd64/lib/libawt_headless.so
7f7cd5ff5000-7f7cd61f4000 ---p 00008000 103:04 659845                    /usr/lib/jvm/java-11-openjdk-amd64/lib/libawt_headless.so
7f7cd61f4000-7f7cd61f5000 r--p 00007000 103:04 659845                    /usr/lib/jvm/java-11-openjdk-amd64/lib/libawt_headless.so
7f7cd61f5000-7f7cd61f6000 rw-p 00008000 103:04 659845                    /usr/lib/jvm/java-11-openjdk-amd64/lib/libawt_headless.so
7f7cd61f6000-7f7cd6296000 r-xp 00000000 103:04 659843                    /usr/lib/jvm/java-11-openjdk-amd64/lib/libawt.so
7f7cd6296000-7f7cd6496000 ---p 000a0000 103:04 659843                    /usr/lib/jvm/java-11-openjdk-amd64/lib/libawt.so
7f7cd6496000-7f7cd6497000 r--p 000a0000 103:04 659843                    /usr/lib/jvm/java-11-openjdk-amd64/lib/libawt.so
7f7cd6497000-7f7cd64a2000 rw-p 000a1000 103:04 659843                    /usr/lib/jvm/java-11-openjdk-amd64/lib/libawt.so
7f7cd64a2000-7f7cd64c7000 rw-p 00000000 00:00 0 
7f7cd64c7000-7f7cd64cb000 r-xp 00000000 103:09 5773622                   /home/william/prism-4.4-linux64/lib/libprism.so
7f7cd64cb000-7f7cd66ca000 ---p 00004000 103:09 5773622                   /home/william/prism-4.4-linux64/lib/libprism.so
7f7cd66ca000-7f7cd66cb000 r--p 00003000 103:09 5773622                   /home/william/prism-4.4-linux64/lib/libprism.so
7f7cd66cb000-7f7cd66cc000 rw-p 00004000 103:09 5773622                   /home/william/prism-4.4-linux64/lib/libprism.so
7f7cd66cc000-7f7cd66e3000 r-xp 00000000 103:04 666295                    /usr/lib/jvm/java-11-openjdk-amd64/lib/libnet.so
7f7cd66e3000-7f7cd68e2000 ---p 00017000 103:04 666295                    /usr/lib/jvm/java-11-openjdk-amd64/lib/libnet.so
7f7cd68e2000-7f7cd68e3000 r--p 00016000 103:04 666295                    /usr/lib/jvm/java-11-openjdk-amd64/lib/libnet.so
7f7cd68e3000-7f7cd68e4000 rw-p 00017000 103:04 666295                    /usr/lib/jvm/java-11-openjdk-amd64/lib/libnet.so
7f7cd68e4000-7f7cd68f5000 r-xp 00000000 103:04 666296                    /usr/lib/jvm/java-11-openjdk-amd64/lib/libnio.so
7f7cd68f5000-7f7cd6af4000 ---p 00011000 103:04 666296                    /usr/lib/jvm/java-11-openjdk-amd64/lib/libnio.so
7f7cd6af4000-7f7cd6af5000 r--p 00010000 103:04 666296                    /usr/lib/jvm/java-11-openjdk-amd64/lib/libnio.so
7f7cd6af5000-7f7cd6af6000 rw-p 00011000 103:04 666296                    /usr/lib/jvm/java-11-openjdk-amd64/lib/libnio.so
7f7cd6af6000-7f7cd6afa000 ---p 00000000 00:00 0 
7f7cd6afa000-7f7cd6ef7000 rw-p 00000000 00:00 0 
7f7cd6ef7000-7f7cd6ef8000 ---p 00000000 00:00 0 
7f7cd6ef8000-7f7cd6ff9000 rw-p 00000000 00:00 0 
7f7cd6ff9000-7f7cd6ffd000 ---p 00000000 00:00 0 
7f7cd6ffd000-7f7cd73fa000 rw-p 00000000 00:00 0 
7f7cd73fa000-7f7cd73fe000 ---p 00000000 00:00 0 
7f7cd73fe000-7f7cd77fb000 rw-p 00000000 00:00 0 
7f7cd77fb000-7f7cd77ff000 ---p 00000000 00:00 0 
7f7cd77ff000-7f7cd78fc000 rw-p 00000000 00:00 0 
7f7cd78fc000-7f7cd7900000 ---p 00000000 00:00 0 
7f7cd7900000-7f7cd79fd000 rw-p 00000000 00:00 0 
7f7cd79fd000-7f7cd7a01000 ---p 00000000 00:00 0 
7f7cd7a01000-7f7cd7afe000 rw-p 00000000 00:00 0 
7f7cd7afe000-7f7cd7b02000 ---p 00000000 00:00 0 
7f7cd7b02000-7f7cd7bff000 rw-p 00000000 00:00 0 
7f7cd7bff000-7f7cd7c03000 ---p 00000000 00:00 0 
7f7cd7c03000-7f7cd8000000 rw-p 00000000 00:00 0 
7f7cd8000000-7f7cd8021000 rw-p 00000000 00:00 0 
7f7cd8021000-7f7cdc000000 ---p 00000000 00:00 0 
7f7cdc000000-7f7cdc021000 rw-p 00000000 00:00 0 
7f7cdc021000-7f7ce0000000 ---p 00000000 00:00 0 
7f7ce0000000-7f7ce0021000 rw-p 00000000 00:00 0 
7f7ce0021000-7f7ce4000000 ---p 00000000 00:00 0 
7f7ce4000000-7f7ce42b6000 rw-p 00000000 00:00 0 
7f7ce42b6000-7f7ce8000000 ---p 00000000 00:00 0 
7f7ce8000000-7f7ce8050000 rw-p 00000000 00:00 0 
7f7ce8050000-7f7cec000000 ---p 00000000 00:00 0 
7f7cec000000-7f7cec05f000 rw-p 00000000 00:00 0 
7f7cec05f000-7f7cf0000000 ---p 00000000 00:00 0 
7f7cf0000000-7f7cf005f000 rw-p 00000000 00:00 0 
7f7cf005f000-7f7cf4000000 ---p 00000000 00:00 0 
7f7cf4000000-7f7cf4052000 rw-p 00000000 00:00 0 
7f7cf4052000-7f7cf8000000 ---p 00000000 00:00 0 
7f7cf8000000-7f7cf8062000 rw-p 00000000 00:00 0 
7f7cf8062000-7f7cfc000000 ---p 00000000 00:00 0 
7f7cfc000000-7f7cfc043000 rw-p 00000000 00:00 0 
7f7cfc043000-7f7d00000000 ---p 00000000 00:00 0 
7f7d00000000-7f7d0003d000 rw-p 00000000 00:00 0 
7f7d0003d000-7f7d04000000 ---p 00000000 00:00 0 
7f7d04000000-7f7d0406c000 rw-p 00000000 00:00 0 
7f7d0406c000-7f7d08000000 ---p 00000000 00:00 0 
7f7d08000000-7f7d08081000 rw-p 00000000 00:00 0 
7f7d08081000-7f7d0c000000 ---p 00000000 00:00 0 
7f7d0c000000-7f7d0c069000 rw-p 00000000 00:00 0 
7f7d0c069000-7f7d10000000 ---p 00000000 00:00 0 
7f7d10000000-7f7d10021000 rw-p 00000000 00:00 0 
7f7d10021000-7f7d14000000 ---p 00000000 00:00 0 
7f7d14000000-7f7d14021000 rw-p 00000000 00:00 0 
7f7d14021000-7f7d18000000 ---p 00000000 00:00 0 
7f7d18000000-7f7d18021000 rw-p 00000000 00:00 0 
7f7d18021000-7f7d1c000000 ---p 00000000 00:00 0 
7f7d1c014000-7f7d1c045000 rw-p 00000000 00:00 0 
7f7d1c045000-7f7d1ca14000 r--p 00000000 103:04 531372                    /usr/lib/locale/locale-archive
7f7d1ca14000-7f7d1ca18000 ---p 00000000 00:00 0 
7f7d1ca18000-7f7d1ce15000 rw-p 00000000 00:00 0 
7f7d1ce15000-7f7d1ce19000 ---p 00000000 00:00 0 
7f7d1ce19000-7f7d1d216000 rw-p 00000000 00:00 0 
7f7d1d216000-7f7d1d217000 ---p 00000000 00:00 0 
7f7d1d217000-7f7d1dbe9000 rw-p 00000000 00:00 0 
7f7d1dbe9000-7f7d1dbea000 ---p 00000000 00:00 0 
7f7d1dbea000-7f7d1dceb000 rw-p 00000000 00:00 0 
7f7d1dceb000-7f7d1dcec000 ---p 00000000 00:00 0 
7f7d1dcec000-7f7d1dded000 rw-p 00000000 00:00 0 
7f7d1dded000-7f7d1ddee000 ---p 00000000 00:00 0 
7f7d1ddee000-7f7d1deef000 rw-p 00000000 00:00 0 
7f7d1deef000-7f7d1def0000 ---p 00000000 00:00 0 
7f7d1def0000-7f7d1dff1000 rw-p 00000000 00:00 0 
7f7d1dff1000-7f7d1dff2000 ---p 00000000 00:00 0 
7f7d1dff2000-7f7d1e0f3000 rw-p 00000000 00:00 0 
7f7d1e0f3000-7f7d1e0f4000 ---p 00000000 00:00 0 
7f7d1e0f4000-7f7d1e1f5000 rw-p 00000000 00:00 0 
7f7d1e1f5000-7f7d1e1f6000 ---p 00000000 00:00 0 
7f7d1e1f6000-7f7d1e2f7000 rw-p 00000000 00:00 0 
7f7d1e2f7000-7f7d1e2f8000 ---p 00000000 00:00 0 
7f7d1e2f8000-7f7d1e3f9000 rw-p 00000000 00:00 0 
7f7d1e3f9000-7f7d1e3fa000 ---p 00000000 00:00 0 
7f7d1e3fa000-7f7d1e4fb000 rw-p 00000000 00:00 0 
7f7d1e4fb000-7f7d1e4fc000 ---p 00000000 00:00 0 
7f7d1e4fc000-7f7d1e5fd000 rw-p 00000000 00:00 0 
7f7d1e5fd000-7f7d1e5fe000 ---p 00000000 00:00 0 
7f7d1e5fe000-7f7d23000000 rw-p 00000000 00:00 0 
7f7d23000000-7f7d82800000 ---p 00000000 00:00 0 
7f7d82800000-7f7d87000000 rw-p 00000000 00:00 0 
7f7d87000000-7f7de6800000 ---p 00000000 00:00 0 
7f7de6800000-7f7de7100000 rw-p 00000000 00:00 0 
7f7de7100000-7f7df3000000 ---p 00000000 00:00 0 
7f7df3000000-7f7df3900000 rw-p 00000000 00:00 0 
7f7df3900000-7f7dff800000 ---p 00000000 00:00 0 
7f7dff800000-7f7e00100000 rw-p 00000000 00:00 0 
7f7e00100000-7f7e0c000000 ---p 00000000 00:00 0 
7f7e0c000000-7f7f2c000000 rw-p 00000000 00:00 0 
7f816c000000-7f970c000000 ---p 00000000 00:00 0 
7f970c000000-7f970c070000 rw-p 00000000 00:00 0 
7f970c070000-7f9710000000 ---p 00000000 00:00 0 
7f9710000000-7f9710021000 rw-p 00000000 00:00 0 
7f9710021000-7f9714000000 ---p 00000000 00:00 0 
7f9714000000-7f971406a000 rw-p 00000000 00:00 0 
7f971406a000-7f9718000000 ---p 00000000 00:00 0 
7f9718000000-7f971807c000 rw-p 00000000 00:00 0 
7f971807c000-7f971c000000 ---p 00000000 00:00 0 
7f971c000000-7f971c083000 rw-p 00000000 00:00 0 
7f971c083000-7f9720000000 ---p 00000000 00:00 0 
7f9720000000-7f9720076000 rw-p 00000000 00:00 0 
7f9720076000-7f9724000000 ---p 00000000 00:00 0 
7f9724000000-7f9724084000 rw-p 00000000 00:00 0 
7f9724084000-7f9728000000 ---p 00000000 00:00 0 
7f9728000000-7f972806d000 rw-p 00000000 00:00 0 
7f972806d000-7f972c000000 ---p 00000000 00:00 0 
7f972c000000-7f972c075000 rw-p 00000000 00:00 0 
7f972c075000-7f9730000000 ---p 00000000 00:00 0 
7f9730000000-7f973007e000 rw-p 00000000 00:00 0 
7f973007e000-7f9734000000 ---p 00000000 00:00 0 
7f9734000000-7f9734073000 rw-p 00000000 00:00 0 
7f9734073000-7f9738000000 ---p 00000000 00:00 0 
7f9738023000-7f973bb25000 rw-p 00000000 00:00 0 
7f973bb25000-7f973bd95000 rwxp 00000000 00:00 0 
7f973bd95000-7f973c0b6000 ---p 00000000 00:00 0 
7f973c0b6000-7f973c576000 rwxp 00000000 00:00 0 
7f973c576000-7f97435ed000 ---p 00000000 00:00 0 
7f97435ed000-7f974385d000 rwxp 00000000 00:00 0 
7f974385d000-7f974ab25000 ---p 00000000 00:00 0 
7f974ab25000-7f9754000000 r--s 00000000 103:04 666305                    /usr/lib/jvm/java-11-openjdk-amd64/lib/modules
7f9754000000-7f9757ffc000 rw-p 00000000 00:00 0 
7f9757ffc000-7f9758000000 ---p 00000000 00:00 0 
7f9758027000-7f9758756000 rw-p 00000000 00:00 0 
7f9758756000-7f9758757000 ---p 00000000 00:00 0 
7f9758757000-7f9758858000 rw-p 00000000 00:00 0 
7f9758858000-7f9758859000 ---p 00000000 00:00 0 
7f9758859000-7f975895a000 rw-p 00000000 00:00 0 
7f975895a000-7f975895b000 ---p 00000000 00:00 0 
7f975895b000-7f9758a5c000 rw-p 00000000 00:00 0 
7f9758a5c000-7f9758a5d000 ---p 00000000 00:00 0 
7f9758a5d000-7f975995e000 rw-p 00000000 00:00 0 
7f975995e000-7f975995f000 ---p 00000000 00:00 0 
7f975995f000-7f9759a60000 rw-p 00000000 00:00 0 
7f9759a60000-7f9759a61000 ---p 00000000 00:00 0 
7f9759a61000-7f9759b62000 rw-p 00000000 00:00 0 
7f9759b62000-7f9759b63000 ---p 00000000 00:00 0 
7f9759b63000-7f9759c64000 rw-p 00000000 00:00 0 
7f9759c64000-7f9759c65000 ---p 00000000 00:00 0 
7f9759c65000-7f9759d66000 rw-p 00000000 00:00 0 
7f9759d66000-7f9759d67000 ---p 00000000 00:00 0 
7f9759d67000-7f9759e68000 rw-p 00000000 00:00 0 
7f9759e68000-7f9759e69000 ---p 00000000 00:00 0 
7f9759e69000-7f9759f6a000 rw-p 00000000 00:00 0 
7f9759f6a000-7f9759f6b000 ---p 00000000 00:00 0 
7f9759f6b000-7f975a06c000 rw-p 00000000 00:00 0 
7f975a06c000-7f975a06d000 ---p 00000000 00:00 0 
7f975a06d000-7f975a16e000 rw-p 00000000 00:00 0 
7f975a16e000-7f975a16f000 ---p 00000000 00:00 0 
7f975a16f000-7f975a270000 rw-p 00000000 00:00 0 
7f975a270000-7f975a271000 ---p 00000000 00:00 0 
7f975a271000-7f975a372000 rw-p 00000000 00:00 0 
7f975a372000-7f975a377000 r-xp 00000000 103:04 664863                    /usr/lib/jvm/java-11-openjdk-amd64/lib/libjimage.so
7f975a377000-7f975a576000 ---p 00005000 103:04 664863                    /usr/lib/jvm/java-11-openjdk-amd64/lib/libjimage.so
7f975a576000-7f975a577000 r--p 00004000 103:04 664863                    /usr/lib/jvm/java-11-openjdk-amd64/lib/libjimage.so
7f975a577000-7f975a578000 rw-p 00005000 103:04 664863                    /usr/lib/jvm/java-11-openjdk-amd64/lib/libjimage.so
7f975a578000-7f975a57f000 r-xp 00000000 103:04 666304                    /usr/lib/jvm/java-11-openjdk-amd64/lib/libzip.so
7f975a57f000-7f975a77e000 ---p 00007000 103:04 666304                    /usr/lib/jvm/java-11-openjdk-amd64/lib/libzip.so
7f975a77e000-7f975a77f000 r--p 00006000 103:04 666304                    /usr/lib/jvm/java-11-openjdk-amd64/lib/libzip.so
7f975a77f000-7f975a780000 rw-p 00007000 103:04 666304                    /usr/lib/jvm/java-11-openjdk-amd64/lib/libzip.so
7f975a780000-7f975a78b000 r-xp 00000000 103:04 267847                    /lib/x86_64-linux-gnu/libnss_files-2.27.so
7f975a78b000-7f975a98a000 ---p 0000b000 103:04 267847                    /lib/x86_64-linux-gnu/libnss_files-2.27.so
7f975a98a000-7f975a98b000 r--p 0000a000 103:04 267847                    /lib/x86_64-linux-gnu/libnss_files-2.27.so
7f975a98b000-7f975a98c000 rw-p 0000b000 103:04 267847                    /lib/x86_64-linux-gnu/libnss_files-2.27.so
7f975a98c000-7f975a992000 rw-p 00000000 00:00 0 
7f975a992000-7f975a9a9000 r-xp 00000000 103:04 267841                    /lib/x86_64-linux-gnu/libnsl-2.27.so
7f975a9a9000-7f975aba8000 ---p 00017000 103:04 267841                    /lib/x86_64-linux-gnu/libnsl-2.27.so
7f975aba8000-7f975aba9000 r--p 00016000 103:04 267841                    /lib/x86_64-linux-gnu/libnsl-2.27.so
7f975aba9000-7f975abaa000 rw-p 00017000 103:04 267841                    /lib/x86_64-linux-gnu/libnsl-2.27.so
7f975abaa000-7f975abac000 rw-p 00000000 00:00 0 
7f975abac000-7f975abb7000 r-xp 00000000 103:04 267858                    /lib/x86_64-linux-gnu/libnss_nis-2.27.so
7f975abb7000-7f975adb6000 ---p 0000b000 103:04 267858                    /lib/x86_64-linux-gnu/libnss_nis-2.27.so
7f975adb6000-7f975adb7000 r--p 0000a000 103:04 267858                    /lib/x86_64-linux-gnu/libnss_nis-2.27.so
7f975adb7000-7f975adb8000 rw-p 0000b000 103:04 267858                    /lib/x86_64-linux-gnu/libnss_nis-2.27.so
7f975adb8000-7f975adc0000 r-xp 00000000 103:04 267843                    /lib/x86_64-linux-gnu/libnss_compat-2.27.so
7f975adc0000-7f975afc0000 ---p 00008000 103:04 267843                    /lib/x86_64-linux-gnu/libnss_compat-2.27.so
7f975afc0000-7f975afc1000 r--p 00008000 103:04 267843                    /lib/x86_64-linux-gnu/libnss_compat-2.27.so
7f975afc1000-7f975afc2000 rw-p 00009000 103:04 267843                    /lib/x86_64-linux-gnu/libnss_compat-2.27.so
7f975afc2000-7f975afee000 r-xp 00000000 103:04 664605                    /usr/lib/jvm/java-11-openjdk-amd64/lib/libjava.so
7f975afee000-7f975b1ed000 ---p 0002c000 103:04 664605                    /usr/lib/jvm/java-11-openjdk-amd64/lib/libjava.so
7f975b1ed000-7f975b1ee000 r--p 0002b000 103:04 664605                    /usr/lib/jvm/java-11-openjdk-amd64/lib/libjava.so
7f975b1ee000-7f975b1f0000 rw-p 0002c000 103:04 664605                    /usr/lib/jvm/java-11-openjdk-amd64/lib/libjava.so
7f975b1f0000-7f975b1fd000 r-xp 00000000 103:04 666303                    /usr/lib/jvm/java-11-openjdk-amd64/lib/libverify.so
7f975b1fd000-7f975b3fc000 ---p 0000d000 103:04 666303                    /usr/lib/jvm/java-11-openjdk-amd64/lib/libverify.so
7f975b3fc000-7f975b3fe000 r--p 0000c000 103:04 666303                    /usr/lib/jvm/java-11-openjdk-amd64/lib/libverify.so
7f975b3fe000-7f975b3ff000 rw-p 0000e000 103:04 666303                    /usr/lib/jvm/java-11-openjdk-amd64/lib/libverify.so
7f975b3ff000-7f975b406000 r-xp 00000000 103:04 267898                    /lib/x86_64-linux-gnu/librt-2.27.so
7f975b406000-7f975b605000 ---p 00007000 103:04 267898                    /lib/x86_64-linux-gnu/librt-2.27.so
7f975b605000-7f975b606000 r--p 00006000 103:04 267898                    /lib/x86_64-linux-gnu/librt-2.27.so
7f975b606000-7f975b607000 rw-p 00007000 103:04 267898                    /lib/x86_64-linux-gnu/librt-2.27.so
7f975b607000-7f975b60b000 ---p 00000000 00:00 0 
7f975b60b000-7f975ba08000 rw-p 00000000 00:00 0 
7f975ba08000-7f975ba1f000 r-xp 00000000 103:04 261825                    /lib/x86_64-linux-gnu/libgcc_s.so.1
7f975ba1f000-7f975bc1e000 ---p 00017000 103:04 261825                    /lib/x86_64-linux-gnu/libgcc_s.so.1
7f975bc1e000-7f975bc1f000 r--p 00016000 103:04 261825                    /lib/x86_64-linux-gnu/libgcc_s.so.1
7f975bc1f000-7f975bc20000 rw-p 00017000 103:04 261825                    /lib/x86_64-linux-gnu/libgcc_s.so.1
7f975bc20000-7f975bdbd000 r-xp 00000000 103:04 267820                    /lib/x86_64-linux-gnu/libm-2.27.so
7f975bdbd000-7f975bfbc000 ---p 0019d000 103:04 267820                    /lib/x86_64-linux-gnu/libm-2.27.so
7f975bfbc000-7f975bfbd000 r--p 0019c000 103:04 267820                    /lib/x86_64-linux-gnu/libm-2.27.so
7f975bfbd000-7f975bfbe000 rw-p 0019d000 103:04 267820                    /lib/x86_64-linux-gnu/libm-2.27.so
7f975bfbe000-7f975c137000 r-xp 00000000 103:04 523283                    /usr/lib/x86_64-linux-gnu/libstdc++.so.6.0.25
7f975c137000-7f975c337000 ---p 00179000 103:04 523283                    /usr/lib/x86_64-linux-gnu/libstdc++.so.6.0.25
7f975c337000-7f975c341000 r--p 00179000 103:04 523283                    /usr/lib/x86_64-linux-gnu/libstdc++.so.6.0.25
7f975c341000-7f975c343000 rw-p 00183000 103:04 523283                    /usr/lib/x86_64-linux-gnu/libstdc++.so.6.0.25
7f975c343000-7f975c347000 rw-p 00000000 00:00 0 
7f975c347000-7f975d2e4000 r-xp 00000000 103:04 666308                    /usr/lib/jvm/java-11-openjdk-amd64/lib/server/libjvm.so
7f975d2e4000-7f975d4e4000 ---p 00f9d000 103:04 666308                    /usr/lib/jvm/java-11-openjdk-amd64/lib/server/libjvm.so
7f975d4e4000-7f975d5a8000 r--p 00f9d000 103:04 666308                    /usr/lib/jvm/java-11-openjdk-amd64/lib/server/libjvm.so
7f975d5a8000-7f975d5e0000 rw-p 01061000 103:04 666308                    /usr/lib/jvm/java-11-openjdk-amd64/lib/server/libjvm.so
7f975d5e0000-7f975d629000 rw-p 00000000 00:00 0 
7f975d629000-7f975d643000 r-xp 00000000 103:04 267890                    /lib/x86_64-linux-gnu/libpthread-2.27.so
7f975d643000-7f975d842000 ---p 0001a000 103:04 267890                    /lib/x86_64-linux-gnu/libpthread-2.27.so
7f975d842000-7f975d843000 r--p 00019000 103:04 267890                    /lib/x86_64-linux-gnu/libpthread-2.27.so
7f975d843000-7f975d844000 rw-p 0001a000 103:04 267890                    /lib/x86_64-linux-gnu/libpthread-2.27.so
7f975d844000-7f975d848000 rw-p 00000000 00:00 0 
7f975d848000-7f975d84b000 r-xp 00000000 103:04 267780                    /lib/x86_64-linux-gnu/libdl-2.27.so
7f975d84b000-7f975da4a000 ---p 00003000 103:04 267780                    /lib/x86_64-linux-gnu/libdl-2.27.so
7f975da4a000-7f975da4b000 r--p 00002000 103:04 267780                    /lib/x86_64-linux-gnu/libdl-2.27.so
7f975da4b000-7f975da4c000 rw-p 00003000 103:04 267780                    /lib/x86_64-linux-gnu/libdl-2.27.so
7f975da4c000-7f975da68000 r-xp 00000000 103:04 267929                    /lib/x86_64-linux-gnu/libz.so.1.2.11
7f975da68000-7f975dc67000 ---p 0001c000 103:04 267929                    /lib/x86_64-linux-gnu/libz.so.1.2.11
7f975dc67000-7f975dc68000 r--p 0001b000 103:04 267929                    /lib/x86_64-linux-gnu/libz.so.1.2.11
7f975dc68000-7f975dc69000 rw-p 0001c000 103:04 267929                    /lib/x86_64-linux-gnu/libz.so.1.2.11
7f975dc69000-7f975de50000 r-xp 00000000 103:04 267757                    /lib/x86_64-linux-gnu/libc-2.27.so
7f975de50000-7f975e050000 ---p 001e7000 103:04 267757                    /lib/x86_64-linux-gnu/libc-2.27.so
7f975e050000-7f975e054000 r--p 001e7000 103:04 267757                    /lib/x86_64-linux-gnu/libc-2.27.so
7f975e054000-7f975e056000 rw-p 001eb000 103:04 267757                    /lib/x86_64-linux-gnu/libc-2.27.so
7f975e056000-7f975e05a000 rw-p 00000000 00:00 0 
7f975e05a000-7f975e069000 r-xp 00000000 103:04 659837                    /usr/lib/jvm/java-11-openjdk-amd64/lib/jli/libjli.so
7f975e069000-7f975e268000 ---p 0000f000 103:04 659837                    /usr/lib/jvm/java-11-openjdk-amd64/lib/jli/libjli.so
7f975e268000-7f975e269000 r--p 0000e000 103:04 659837                    /usr/lib/jvm/java-11-openjdk-amd64/lib/jli/libjli.so
7f975e269000-7f975e26a000 rw-p 0000f000 103:04 659837                    /usr/lib/jvm/java-11-openjdk-amd64/lib/jli/libjli.so
7f975e26a000-7f975e291000 r-xp 00000000 103:04 267729                    /lib/x86_64-linux-gnu/ld-2.27.so
7f975e29b000-7f975e2a0000 rw-p 00000000 00:00 0 
7f975e2a0000-7f975e386000 ---p 00000000 00:00 0 
7f975e386000-7f975e390000 rw-p 00000000 00:00 0 
7f975e390000-7f975e471000 ---p 00000000 00:00 0 
7f975e471000-7f975e473000 rw-p 00000000 00:00 0 
7f975e477000-7f975e478000 r--p 00000000 103:04 794806                    /usr/share/locale-langpack/en_GB/LC_MESSAGES/libc.mo
7f975e478000-7f975e47e000 rw-p 00000000 00:00 0 
7f975e47e000-7f975e485000 ---p 00000000 00:00 0 
7f975e485000-7f975e48d000 rw-s 00000000 103:04 1058832                   /tmp/hsperfdata_william/10036
7f975e48d000-7f975e48e000 ---p 00000000 00:00 0 
7f975e48e000-7f975e48f000 r--p 00000000 00:00 0 
7f975e48f000-7f975e491000 rw-p 00000000 00:00 0 
7f975e491000-7f975e492000 r--p 00027000 103:04 267729                    /lib/x86_64-linux-gnu/ld-2.27.so
7f975e492000-7f975e493000 rw-p 00028000 103:04 267729                    /lib/x86_64-linux-gnu/ld-2.27.so
7f975e493000-7f975e494000 rw-p 00000000 00:00 0 
7ffe5e117000-7ffe5e138000 rw-p 00000000 00:00 0                          [stack]
7ffe5e1b9000-7ffe5e1bc000 r--p 00000000 00:00 0                          [vvar]
7ffe5e1bc000-7ffe5e1be000 r-xp 00000000 00:00 0                          [vdso]
ffffffffff600000-ffffffffff601000 r-xp 00000000 00:00 0                  [vsyscall]


VM Arguments:
jvm_args: -Xmx100g -Xss4M -Djava.awt.headless=true -Djava.library.path=/home/william/prism-4.4-linux64/lib 
java_command: prism.PrismCL -cuddmaxmem 100g -javamaxmem 100g seed_v_adv.prism props.props -prop 2 -s -exportadvmdp tmp.tra -exportstates tmp.sta
java_class_path (initial): /home/william/prism-4.4-linux64/lib/prism.jar:/home/william/prism-4.4-linux64/classes:/home/william/prism-4.4-linux64:/home/william/prism-4.4-linux64/lib/pepa.zip:/home/william/prism-4.4-linux64/lib/jfreechart.jar:/home/william/prism-4.4-linux64/lib/prism.jar:/home/william/prism-4.4-linux64/lib/jhoafparser.jar:/home/william/prism-4.4-linux64/lib/jcommon.jar:/home/william/prism-4.4-linux64/lib/lpsolve55j.jar:/home/william/prism-4.4-linux64/lib/nailgun-server.jar:/home/william/prism-4.4-linux64/lib/log4j.jar:/home/william/prism-4.4-linux64/lib/epsgraphics.jar:/home/william/prism-4.4-linux64/lib/jas.jar:/home/william/prism-4.4-linux64/lib/colt.jar
Launcher Type: SUN_STANDARD

Logging:
Log output configuration:
#0: stdout all=warning uptime,level,tags
#1: stderr all=off uptime,level,tags

Environment Variables:
PATH=/home/william/anaconda3/bin:/home/william/prism-4.4-linux64/bin:/bin:/usr/bin:/usr/local/bin:/usr/hosts:/usr/ucb:/snap/bin
USERNAME=william
LD_LIBRARY_PATH=/home/william/prism-4.4-linux64/lib
SHELL=/bin/bash
DISPLAY=:0

Signal Handlers:
SIGSEGV: [libjvm.so+0xd28b70], sa_mask[0]=11111111011111111101111111111110, sa_flags=SA_RESTART|SA_SIGINFO
SIGBUS: [libjvm.so+0xd28b70], sa_mask[0]=11111111011111111101111111111110, sa_flags=SA_RESTART|SA_SIGINFO
SIGFPE: [libjvm.so+0xd28b70], sa_mask[0]=11111111011111111101111111111110, sa_flags=SA_RESTART|SA_SIGINFO
SIGPIPE: [libjvm.so+0xb2a1f0], sa_mask[0]=11111111011111111101111111111110, sa_flags=SA_RESTART|SA_SIGINFO
SIGXFSZ: [libjvm.so+0xb2a1f0], sa_mask[0]=11111111011111111101111111111110, sa_flags=SA_RESTART|SA_SIGINFO
SIGILL: [libjvm.so+0xd28b70], sa_mask[0]=11111111011111111101111111111110, sa_flags=SA_RESTART|SA_SIGINFO
SIGUSR2: [libjvm.so+0xb2a030], sa_mask[0]=00000000000000000000000000000000, sa_flags=SA_RESTART|SA_SIGINFO
SIGHUP: [libjvm.so+0xb2a180], sa_mask[0]=11111111011111111101111111111110, sa_flags=SA_RESTART|SA_SIGINFO
SIGINT: [libjvm.so+0xb2a180], sa_mask[0]=11111111011111111101111111111110, sa_flags=SA_RESTART|SA_SIGINFO
SIGTERM: [libjvm.so+0xb2a180], sa_mask[0]=11111111011111111101111111111110, sa_flags=SA_RESTART|SA_SIGINFO
SIGQUIT: [libjvm.so+0xb2a180], sa_mask[0]=11111111011111111101111111111110, sa_flags=SA_RESTART|SA_SIGINFO


---------------  S Y S T E M  ---------------

OS:DISTRIB_ID=Ubuntu
DISTRIB_RELEASE=18.04
DISTRIB_CODENAME=bionic
DISTRIB_DESCRIPTION="Ubuntu 18.04.1 LTS"
uname:Linux 4.19.0-041900-generic #201810221809 SMP Mon Oct 22 22:11:45 UTC 2018 x86_64
libc:glibc 2.27 NPTL 2.27 
rlimit: STACK 8192k, CORE 0k, NPROC 62301, NOFILE 4096, AS infinity, DATA infinity, FSIZE infinity
load average:1.36 0.78 0.60

/proc/meminfo:
MemTotal:       16058740 kB
MemFree:         6953048 kB
MemAvailable:    9107800 kB
Buffers:          338124 kB
Cached:          2223732 kB
SwapCached:            0 kB
Active:          7230636 kB
Inactive:        1294384 kB
Active(anon):    5976788 kB
Inactive(anon):   327784 kB
Active(file):    1253848 kB
Inactive(file):   966600 kB
Unevictable:        1392 kB
Mlocked:            1392 kB
SwapTotal:             0 kB
SwapFree:              0 kB
Dirty:             26116 kB
Writeback:             0 kB
AnonPages:       5964736 kB
Mapped:           677520 kB
Shmem:            341408 kB
Slab:             357048 kB
SReclaimable:     275780 kB
SUnreclaim:        81268 kB
KernelStack:       15776 kB
PageTables:        75264 kB
NFS_Unstable:          0 kB
Bounce:                0 kB
WritebackTmp:          0 kB
CommitLimit:     8029368 kB
Committed_AS:   21771716 kB
VmallocTotal:   34359738367 kB
VmallocUsed:           0 kB
VmallocChunk:          0 kB
Percpu:             4736 kB
HardwareCorrupted:     0 kB
AnonHugePages:         0 kB
ShmemHugePages:        0 kB
ShmemPmdMapped:        0 kB
CmaTotal:              0 kB
CmaFree:               0 kB
HugePages_Total:       0
HugePages_Free:        0
HugePages_Rsvd:        0
HugePages_Surp:        0
Hugepagesize:       2048 kB
Hugetlb:               0 kB
DirectMap4k:      302928 kB
DirectMap2M:     8769536 kB
DirectMap1G:     7340032 kB

container (cgroup) information:
container_type: cgroupv1
cpu_cpuset_cpus: 0-11
cpu_memory_nodes: 0
active_processor_count: 12
cpu_quota: -1
cpu_period: 100000
cpu_shares: -1
memory_limit_in_bytes: -1
memory_and_swap_limit_in_bytes: -2
memory_soft_limit_in_bytes: -1
memory_usage_in_bytes: 8731303936
memory_max_usage_in_bytes: 0


CPU:total 12 (initial active 12) (6 cores per cpu, 2 threads per core) family 6 model 158 stepping 10, cmov, cx8, fxsr, mmx, sse, sse2, sse3, ssse3, sse4.1, sse4.2, popcnt, avx, avx2, aes, clmul, erms, 3dnowpref, lzcnt, ht, tsc, tscinvbit, bmi1, bmi2, adx, fma
CPU Model and flags from /proc/cpuinfo:
model name	: Intel(R) Core(TM) i7-8750H CPU @ 2.20GHz
flags		: fpu vme de pse tsc msr pae mce cx8 apic sep mtrr pge mca cmov pat pse36 clflush dts acpi mmx fxsr sse sse2 ss ht tm pbe syscall nx pdpe1gb rdtscp lm constant_tsc art arch_perfmon pebs bts rep_good nopl xtopology nonstop_tsc cpuid aperfmperf tsc_known_freq pni pclmulqdq dtes64 monitor ds_cpl vmx est tm2 ssse3 sdbg fma cx16 xtpr pdcm pcid sse4_1 sse4_2 x2apic movbe popcnt tsc_deadline_timer aes xsave avx f16c rdrand lahf_lm abm 3dnowprefetch cpuid_fault epb invpcid_single pti ssbd ibrs ibpb stibp tpr_shadow vnmi flexpriority ept vpid ept_ad fsgsbase tsc_adjust bmi1 avx2 smep bmi2 erms invpcid mpx rdseed adx smap clflushopt intel_pt xsaveopt xsavec xgetbv1 xsaves dtherm ida arat pln pts hwp hwp_notify hwp_act_window hwp_epp flush_l1d

Memory: 4k page, physical 16058740k(6953048k free), swap 0k(0k free)

vm_info: OpenJDK 64-Bit Server VM (10.0.2+13-Ubuntu-1ubuntu0.18.04.4) for linux-amd64 JRE (10.0.2+13-Ubuntu-1ubuntu0.18.04.4), built on Nov 13 2018 12:53:39 by "buildd" with gcc 7.3.0

END.
