#
# There is insufficient memory for the Java Runtime Environment to continue.
# Native memory allocation (mmap) failed to map 10569646080 bytes for committing reserved memory.
# Possible reasons:
#   The system is out of physical RAM or swap space
# Possible solutions:
#   Reduce memory load on the system
#   Increase physical memory or swap space
#   Check if swap backing store is full
#   Decrease Java heap size (-Xmx/-Xms)
#   Decrease number of Java threads
#   Decrease Java thread stack sizes (-Xss)
#   Set larger code cache with -XX:ReservedCodeCacheSize=
# This output file may be truncated or incomplete.
#
#  Out of Memory Error (os_linux.cpp:2706), pid=1040, tid=1071
#
# JRE version: OpenJDK Runtime Environment (10.0.2+13) (build 10.0.2+13-Ubuntu-1ubuntu0.18.04.3)
# Java VM: OpenJDK 64-Bit Server VM (10.0.2+13-Ubuntu-1ubuntu0.18.04.3, mixed mode, tiered, g1 gc, linux-amd64)
# Core dump will be written. Default location: Core dumps may be processed with "/usr/share/apport/apport %p %s %c %d %P" (or dumping to /home/william/Documents/phd/check_game/core.1040)
#

---------------  S U M M A R Y ------------

Command Line: -Xmx100g -Xss4M -Djava.awt.headless=true -Djava.library.path=/home/william/prism-4.4-linux64/lib prism.PrismCL -javamaxmem 100g -s it1vsKA.prism props.props -prop 1

Host: Intel(R) Core(TM) i7-8750H CPU @ 2.20GHz, 12 cores, 15G, Ubuntu 18.04.1 LTS
Time: Tue Nov 27 14:24:47 2018 GMT elapsed time: 3 seconds (0d 0h 0m 3s)

---------------  T H R E A D  ---------------

Current thread (0x00007f10dc13c800):  VMThread "VM Thread" [stack: 0x00007ef6a5823000,0x00007ef6a5923000] [id=1071]

Stack: [0x00007ef6a5823000,0x00007ef6a5923000],  sp=0x00007ef6a59210a0,  free space=1016k
Native frames: (J=compiled Java code, A=aot compiled Java code, j=interpreted, Vv=VM code, C=native code)
V  [libjvm.so+0xd27ea4]
V  [libjvm.so+0xd28a4b]
V  [libjvm.so+0x64d415]
V  [libjvm.so+0xb2d7c8]
V  [libjvm.so+0xb2601d]
V  [libjvm.so+0x7662ff]
V  [libjvm.so+0x76653e]
V  [libjvm.so+0x769500]
V  [libjvm.so+0x7efa1c]
V  [libjvm.so+0x7f06df]
V  [libjvm.so+0x7f0b59]
V  [libjvm.so+0x7162cf]
V  [libjvm.so+0x71a3ba]
V  [libjvm.so+0xd3a008]
V  [libjvm.so+0xd38871]
V  [libjvm.so+0xd35b3b]
V  [libjvm.so+0xd3715e]
V  [libjvm.so+0xd37588]
V  [libjvm.so+0xb33d40]

VM_Operation (0x00007f10e3fe9fc0): G1IncCollectionPause, mode: safepoint, requested by thread 0x00007f10dc012000


---------------  P R O C E S S  ---------------

Threads class SMR info:
_java_thread_list=0x00007ef638000df0, length=13, elements={
0x00007f10dc012000, 0x00007f10dc146800, 0x00007f10dc150800, 0x00007f10dc162000,
0x00007f10dc164000, 0x00007f10dc166000, 0x00007f10dc168000, 0x00007f10dc16a000,
0x00007f10dc16c000, 0x00007f10dc1f8800, 0x00007f10dc20e000, 0x00007f10dc5e9800,
0x00007f10dc5fe800
}

Java Threads: ( => current thread )
  0x00007f10dc012000 JavaThread "main" [_thread_blocked, id=1043, stack(0x00007f10e3beb000,0x00007f10e3fec000)]
  0x00007f10dc146800 JavaThread "Reference Handler" daemon [_thread_blocked, id=1072, stack(0x00007ef6a5420000,0x00007ef6a5821000)]
  0x00007f10dc150800 JavaThread "Finalizer" daemon [_thread_blocked, id=1073, stack(0x00007ef6a501f000,0x00007ef6a5420000)]
  0x00007f10dc162000 JavaThread "Signal Dispatcher" daemon [_thread_blocked, id=1074, stack(0x00007ef6a424f000,0x00007ef6a4650000)]
  0x00007f10dc164000 JavaThread "C2 CompilerThread0" daemon [_thread_blocked, id=1075, stack(0x00007ef6a414e000,0x00007ef6a424f000)]
  0x00007f10dc166000 JavaThread "C2 CompilerThread1" daemon [_thread_blocked, id=1076, stack(0x00007ef6a404d000,0x00007ef6a414e000)]
  0x00007f10dc168000 JavaThread "C2 CompilerThread2" daemon [_thread_blocked, id=1077, stack(0x00007ef657eff000,0x00007ef658000000)]
  0x00007f10dc16a000 JavaThread "C1 CompilerThread3" daemon [_thread_blocked, id=1078, stack(0x00007ef657dfe000,0x00007ef657eff000)]
  0x00007f10dc16c000 JavaThread "Sweeper thread" daemon [_thread_blocked, id=1079, stack(0x00007ef6579fd000,0x00007ef657dfe000)]
  0x00007f10dc1f8800 JavaThread "Service Thread" daemon [_thread_blocked, id=1080, stack(0x00007ef6575fc000,0x00007ef6579fd000)]
  0x00007f10dc20e000 JavaThread "Common-Cleaner" daemon [_thread_blocked, id=1082, stack(0x00007ef6570f9000,0x00007ef6574fa000)]
  0x00007f10dc5e9800 JavaThread "Image Fetcher 0" daemon [_thread_blocked, id=1085, stack(0x00007ef655335000,0x00007ef655736000)]
  0x00007f10dc5fe800 JavaThread "Java2D Disposer" daemon [_thread_blocked, id=1086, stack(0x00007ef6545b6000,0x00007ef6549b7000)]

Other Threads:
=>0x00007f10dc13c800 VMThread "VM Thread" [stack: 0x00007ef6a5823000,0x00007ef6a5923000] [id=1071]
  0x00007f10dc1fb000 WatcherThread [stack: 0x00007ef6574fc000,0x00007ef6575fc000] [id=1081]
  0x00007f10dc029000 GCTaskThread "GC Thread#0" [stack: 0x00007f10e2856000,0x00007f10e2956000] [id=1044]
  0x00007f10dc02a800 GCTaskThread "GC Thread#1" [stack: 0x00007f10e2754000,0x00007f10e2854000] [id=1045]
  0x00007f10dc02c800 GCTaskThread "GC Thread#2" [stack: 0x00007f10e2652000,0x00007f10e2752000] [id=1046]
  0x00007f10dc02e000 GCTaskThread "GC Thread#3" [stack: 0x00007f10e2550000,0x00007f10e2650000] [id=1047]
  0x00007f10dc02f800 GCTaskThread "GC Thread#4" [stack: 0x00007f10e244e000,0x00007f10e254e000] [id=1048]
  0x00007f10dc031800 GCTaskThread "GC Thread#5" [stack: 0x00007f10e234c000,0x00007f10e244c000] [id=1049]
  0x00007f10dc033000 GCTaskThread "GC Thread#6" [stack: 0x00007f10e224a000,0x00007f10e234a000] [id=1050]
  0x00007f10dc035000 GCTaskThread "GC Thread#7" [stack: 0x00007f10e2148000,0x00007f10e2248000] [id=1051]
  0x00007f10dc036800 GCTaskThread "GC Thread#8" [stack: 0x00007f10e2046000,0x00007f10e2146000] [id=1052]
  0x00007f10dc038000 GCTaskThread "GC Thread#9" [stack: 0x00007f10e1f44000,0x00007f10e2044000] [id=1053]
  0x00007f10dc093800 ConcurrentGCThread "G1 Main Marker" [stack: 0x00007f10e1042000,0x00007f10e1142000] [id=1054]
  0x00007f10dc095000 ConcurrentGCThread "G1 Conc#0" [stack: 0x00007f10e0f40000,0x00007f10e1040000] [id=1055]
  0x00007f10dc097000 ConcurrentGCThread "G1 Conc#1" [stack: 0x00007f10e0e3e000,0x00007f10e0f3e000] [id=1056]
  0x00007f10dc098800 ConcurrentGCThread "G1 Conc#2" [stack: 0x00007f10e0d3c000,0x00007f10e0e3c000] [id=1057]
  0x00007f10dc0c4000 ConcurrentGCThread "G1 Refine#0" [stack: 0x00007f10e0230000,0x00007f10e0330000] [id=1058]
  0x00007f10dc0c5800 ConcurrentGCThread "G1 Refine#1" [stack: 0x00007f10e012e000,0x00007f10e022e000] [id=1060]
  0x00007f10dc0c7800 ConcurrentGCThread "G1 Refine#2" [stack: 0x00007f10e002c000,0x00007f10e012c000] [id=1061]
  0x00007f10dc0c9000 ConcurrentGCThread "G1 Refine#3" [stack: 0x00007f10c0125000,0x00007f10c0225000] [id=1062]
  0x00007f10dc0cb000 ConcurrentGCThread "G1 Refine#4" [stack: 0x00007f10c0023000,0x00007f10c0123000] [id=1063]
  0x00007f10dc0cc800 ConcurrentGCThread "G1 Refine#5" [stack: 0x00007ef6a6700000,0x00007ef6a6800000] [id=1064]
  0x00007f10dc0ce800 ConcurrentGCThread "G1 Refine#6" [stack: 0x00007ef6a65fe000,0x00007ef6a66fe000] [id=1065]
  0x00007f10dc0d0000 ConcurrentGCThread "G1 Refine#7" [stack: 0x00007ef6a64fc000,0x00007ef6a65fc000] [id=1066]
  0x00007f10dc0d2000 ConcurrentGCThread "G1 Refine#8" [stack: 0x00007ef6a63fa000,0x00007ef6a64fa000] [id=1067]
  0x00007f10dc0d3800 ConcurrentGCThread "G1 Refine#9" [stack: 0x00007ef6a62f8000,0x00007ef6a63f8000] [id=1068]
  0x00007f10dc0d5000 ConcurrentGCThread "G1 Young RemSet Sampling" [stack: 0x00007ef6a61f6000,0x00007ef6a62f6000] [id=1070]

Threads with active compile tasks:

VM state:at safepoint (normal execution)

VM Mutex/Monitor currently owned by a thread:  ([mutex/lock_event])
[0x00007f10dc00e5d0] Threads_lock - owner thread: 0x00007f10dc13c800
[0x00007f10dc00eb70] Heap_lock - owner thread: 0x00007f10dc012000

Heap:
 garbage-first heap   total 15482880K, used 1626066K [0x00007ef794000000, 0x00007f1094000000)
  region size 16384K, 2 young (32768K), 2 survivors (32768K)
 Metaspace       used 18054K, capacity 18302K, committed 18432K, reserved 18432K
Heap Regions: E=young(eden), S=young(survivor), O=old, HS=humongous(starts), HC=humongous(continues), CS=collection set, F=free, A=archive, TS=gc time stamp, AC=allocation context, TAMS=top-at-mark-start (previous, next)
|   0|0x00007ef794000000, 0x00007ef795000000, 0x00007ef795000000|100%| O|  |TS  3|AC  0|TAMS 0x00007ef794000000, 0x00007ef794000000|
|   1|0x00007ef795000000, 0x00007ef796000000, 0x00007ef796000000|100%| O|  |TS  3|AC  0|TAMS 0x00007ef795000000, 0x00007ef795000000|
|   2|0x00007ef796000000, 0x00007ef797000000, 0x00007ef797000000|100%| O|  |TS  4|AC  0|TAMS 0x00007ef796000000, 0x00007ef796000000|
|   3|0x00007ef797000000, 0x00007ef798000000, 0x00007ef798000000|100%| O|  |TS  4|AC  0|TAMS 0x00007ef797000000, 0x00007ef797000000|
|   4|0x00007ef798000000, 0x00007ef799000000, 0x00007ef799000000|100%| O|  |TS  5|AC  0|TAMS 0x00007ef798000000, 0x00007ef798000000|
|   5|0x00007ef799000000, 0x00007ef79a000000, 0x00007ef79a000000|100%| O|  |TS  6|AC  0|TAMS 0x00007ef799000000, 0x00007ef799000000|
|   6|0x00007ef79a000000, 0x00007ef79b000000, 0x00007ef79b000000|100%| O|  |TS  7|AC  0|TAMS 0x00007ef79a000000, 0x00007ef79a000000|
|   7|0x00007ef79b000000, 0x00007ef79c000000, 0x00007ef79c000000|100%| O|  |TS  7|AC  0|TAMS 0x00007ef79b000000, 0x00007ef79b000000|
|   8|0x00007ef79c000000, 0x00007ef79d000000, 0x00007ef79d000000|100%| O|  |TS  8|AC  0|TAMS 0x00007ef79c000000, 0x00007ef79c000000|
|   9|0x00007ef79d000000, 0x00007ef79e000000, 0x00007ef79e000000|100%| O|  |TS  8|AC  0|TAMS 0x00007ef79d000000, 0x00007ef79d000000|
|  10|0x00007ef79e000000, 0x00007ef79f000000, 0x00007ef79f000000|100%| O|  |TS  8|AC  0|TAMS 0x00007ef79e000000, 0x00007ef79e000000|
|  11|0x00007ef79f000000, 0x00007ef7a0000000, 0x00007ef7a0000000|100%| O|  |TS  8|AC  0|TAMS 0x00007ef79f000000, 0x00007ef79f000000|
|  12|0x00007ef7a0000000, 0x00007ef7a1000000, 0x00007ef7a1000000|100%| O|  |TS  9|AC  0|TAMS 0x00007ef7a0000000, 0x00007ef7a0000000|
|  13|0x00007ef7a1000000, 0x00007ef7a2000000, 0x00007ef7a2000000|100%| O|  |TS  9|AC  0|TAMS 0x00007ef7a1000000, 0x00007ef7a1000000|
|  14|0x00007ef7a2000000, 0x00007ef7a3000000, 0x00007ef7a3000000|100%| O|  |TS  9|AC  0|TAMS 0x00007ef7a2000000, 0x00007ef7a2000000|
|  15|0x00007ef7a3000000, 0x00007ef7a4000000, 0x00007ef7a4000000|100%| O|  |TS  9|AC  0|TAMS 0x00007ef7a3000000, 0x00007ef7a3000000|
|  16|0x00007ef7a4000000, 0x00007ef7a5000000, 0x00007ef7a5000000|100%| O|  |TS  9|AC  0|TAMS 0x00007ef7a4000000, 0x00007ef7a4000000|
|  17|0x00007ef7a5000000, 0x00007ef7a6000000, 0x00007ef7a6000000|100%| O|  |TS 10|AC  0|TAMS 0x00007ef7a5000000, 0x00007ef7a5000000|
|  18|0x00007ef7a6000000, 0x00007ef7a7000000, 0x00007ef7a7000000|100%| O|  |TS 10|AC  0|TAMS 0x00007ef7a6000000, 0x00007ef7a6000000|
|  19|0x00007ef7a7000000, 0x00007ef7a8000000, 0x00007ef7a8000000|100%| O|  |TS 10|AC  0|TAMS 0x00007ef7a7000000, 0x00007ef7a7000000|
|  20|0x00007ef7a8000000, 0x00007ef7a9000000, 0x00007ef7a9000000|100%| O|  |TS 10|AC  0|TAMS 0x00007ef7a8000000, 0x00007ef7a8000000|
|  21|0x00007ef7a9000000, 0x00007ef7aa000000, 0x00007ef7aa000000|100%| O|  |TS 10|AC  0|TAMS 0x00007ef7a9000000, 0x00007ef7a9000000|
|  22|0x00007ef7aa000000, 0x00007ef7ab000000, 0x00007ef7ab000000|100%| O|  |TS 11|AC  0|TAMS 0x00007ef7aa000000, 0x00007ef7aa000000|
|  23|0x00007ef7ab000000, 0x00007ef7ac000000, 0x00007ef7ac000000|100%| O|  |TS 11|AC  0|TAMS 0x00007ef7ab000000, 0x00007ef7ab000000|
|  24|0x00007ef7ac000000, 0x00007ef7ad000000, 0x00007ef7ad000000|100%| O|  |TS 11|AC  0|TAMS 0x00007ef7ac000000, 0x00007ef7ac000000|
|  25|0x00007ef7ad000000, 0x00007ef7ae000000, 0x00007ef7ae000000|100%| O|  |TS 11|AC  0|TAMS 0x00007ef7ad000000, 0x00007ef7ad000000|
|  26|0x00007ef7ae000000, 0x00007ef7af000000, 0x00007ef7af000000|100%| O|  |TS 11|AC  0|TAMS 0x00007ef7ae000000, 0x00007ef7ae000000|
|  27|0x00007ef7af000000, 0x00007ef7b0000000, 0x00007ef7b0000000|100%| O|  |TS 11|AC  0|TAMS 0x00007ef7af000000, 0x00007ef7af000000|
|  28|0x00007ef7b0000000, 0x00007ef7b1000000, 0x00007ef7b1000000|100%| O|  |TS 12|AC  0|TAMS 0x00007ef7b0000000, 0x00007ef7b0000000|
|  29|0x00007ef7b1000000, 0x00007ef7b2000000, 0x00007ef7b2000000|100%| O|  |TS 12|AC  0|TAMS 0x00007ef7b1000000, 0x00007ef7b1000000|
|  30|0x00007ef7b2000000, 0x00007ef7b3000000, 0x00007ef7b3000000|100%| O|  |TS 12|AC  0|TAMS 0x00007ef7b2000000, 0x00007ef7b2000000|
|  31|0x00007ef7b3000000, 0x00007ef7b4000000, 0x00007ef7b4000000|100%| O|  |TS 12|AC  0|TAMS 0x00007ef7b3000000, 0x00007ef7b3000000|
|  32|0x00007ef7b4000000, 0x00007ef7b5000000, 0x00007ef7b5000000|100%| O|  |TS 12|AC  0|TAMS 0x00007ef7b4000000, 0x00007ef7b4000000|
|  33|0x00007ef7b5000000, 0x00007ef7b6000000, 0x00007ef7b6000000|100%| O|  |TS 12|AC  0|TAMS 0x00007ef7b5000000, 0x00007ef7b5000000|
|  34|0x00007ef7b6000000, 0x00007ef7b7000000, 0x00007ef7b7000000|100%| O|  |TS 12|AC  0|TAMS 0x00007ef7b6000000, 0x00007ef7b6000000|
|  35|0x00007ef7b7000000, 0x00007ef7b8000000, 0x00007ef7b8000000|100%| O|  |TS 12|AC  0|TAMS 0x00007ef7b7000000, 0x00007ef7b7000000|
|  36|0x00007ef7b8000000, 0x00007ef7b9000000, 0x00007ef7b9000000|100%| O|  |TS 13|AC  0|TAMS 0x00007ef7b8000000, 0x00007ef7b8000000|
|  37|0x00007ef7b9000000, 0x00007ef7ba000000, 0x00007ef7ba000000|100%| O|  |TS 13|AC  0|TAMS 0x00007ef7b9000000, 0x00007ef7b9000000|
|  38|0x00007ef7ba000000, 0x00007ef7bb000000, 0x00007ef7bb000000|100%| O|  |TS 13|AC  0|TAMS 0x00007ef7ba000000, 0x00007ef7ba000000|
|  39|0x00007ef7bb000000, 0x00007ef7bc000000, 0x00007ef7bc000000|100%| O|  |TS 13|AC  0|TAMS 0x00007ef7bb000000, 0x00007ef7bb000000|
|  40|0x00007ef7bc000000, 0x00007ef7bd000000, 0x00007ef7bd000000|100%| O|  |TS 13|AC  0|TAMS 0x00007ef7bc000000, 0x00007ef7bc000000|
|  41|0x00007ef7bd000000, 0x00007ef7be000000, 0x00007ef7be000000|100%| O|  |TS 13|AC  0|TAMS 0x00007ef7bd000000, 0x00007ef7bd000000|
|  42|0x00007ef7be000000, 0x00007ef7bf000000, 0x00007ef7bf000000|100%| O|  |TS 13|AC  0|TAMS 0x00007ef7be000000, 0x00007ef7be000000|
|  43|0x00007ef7bf000000, 0x00007ef7c0000000, 0x00007ef7c0000000|100%| O|  |TS 14|AC  0|TAMS 0x00007ef7bf000000, 0x00007ef7bf000000|
|  44|0x00007ef7c0000000, 0x00007ef7c1000000, 0x00007ef7c1000000|100%| O|  |TS 14|AC  0|TAMS 0x00007ef7c0000000, 0x00007ef7c0000000|
|  45|0x00007ef7c1000000, 0x00007ef7c2000000, 0x00007ef7c2000000|100%| O|  |TS 14|AC  0|TAMS 0x00007ef7c1000000, 0x00007ef7c1000000|
|  46|0x00007ef7c2000000, 0x00007ef7c3000000, 0x00007ef7c3000000|100%| O|  |TS 14|AC  0|TAMS 0x00007ef7c2000000, 0x00007ef7c2000000|
|  47|0x00007ef7c3000000, 0x00007ef7c4000000, 0x00007ef7c4000000|100%| O|  |TS 14|AC  0|TAMS 0x00007ef7c3000000, 0x00007ef7c3000000|
|  48|0x00007ef7c4000000, 0x00007ef7c5000000, 0x00007ef7c5000000|100%| O|  |TS 14|AC  0|TAMS 0x00007ef7c4000000, 0x00007ef7c4000000|
|  49|0x00007ef7c5000000, 0x00007ef7c6000000, 0x00007ef7c6000000|100%| O|  |TS 14|AC  0|TAMS 0x00007ef7c5000000, 0x00007ef7c5000000|
|  50|0x00007ef7c6000000, 0x00007ef7c7000000, 0x00007ef7c7000000|100%| O|  |TS 14|AC  0|TAMS 0x00007ef7c6000000, 0x00007ef7c6000000|
|  51|0x00007ef7c7000000, 0x00007ef7c8000000, 0x00007ef7c8000000|100%| O|  |TS 14|AC  0|TAMS 0x00007ef7c7000000, 0x00007ef7c7000000|
|  52|0x00007ef7c8000000, 0x00007ef7c9000000, 0x00007ef7c9000000|100%| O|  |TS 14|AC  0|TAMS 0x00007ef7c8000000, 0x00007ef7c8000000|
|  53|0x00007ef7c9000000, 0x00007ef7ca000000, 0x00007ef7ca000000|100%| O|  |TS 14|AC  0|TAMS 0x00007ef7c9000000, 0x00007ef7c9000000|
|  54|0x00007ef7ca000000, 0x00007ef7cb000000, 0x00007ef7cb000000|100%| O|  |TS 14|AC  0|TAMS 0x00007ef7ca000000, 0x00007ef7ca000000|
|  55|0x00007ef7cb000000, 0x00007ef7cc000000, 0x00007ef7cc000000|100%| O|  |TS 14|AC  0|TAMS 0x00007ef7cb000000, 0x00007ef7cb000000|
|  56|0x00007ef7cc000000, 0x00007ef7cd000000, 0x00007ef7cd000000|100%| O|  |TS 15|AC  0|TAMS 0x00007ef7cc000000, 0x00007ef7cc000000|
|  57|0x00007ef7cd000000, 0x00007ef7ce000000, 0x00007ef7ce000000|100%| O|  |TS 15|AC  0|TAMS 0x00007ef7cd000000, 0x00007ef7cd000000|
|  58|0x00007ef7ce000000, 0x00007ef7cf000000, 0x00007ef7cf000000|100%| O|  |TS 15|AC  0|TAMS 0x00007ef7ce000000, 0x00007ef7ce000000|
|  59|0x00007ef7cf000000, 0x00007ef7d0000000, 0x00007ef7d0000000|100%| O|  |TS 15|AC  0|TAMS 0x00007ef7cf000000, 0x00007ef7cf000000|
|  60|0x00007ef7d0000000, 0x00007ef7d1000000, 0x00007ef7d1000000|100%| O|  |TS 15|AC  0|TAMS 0x00007ef7d0000000, 0x00007ef7d0000000|
|  61|0x00007ef7d1000000, 0x00007ef7d2000000, 0x00007ef7d2000000|100%| O|  |TS 15|AC  0|TAMS 0x00007ef7d1000000, 0x00007ef7d1000000|
|  62|0x00007ef7d2000000, 0x00007ef7d3000000, 0x00007ef7d3000000|100%| O|  |TS 15|AC  0|TAMS 0x00007ef7d2000000, 0x00007ef7d2000000|
|  63|0x00007ef7d3000000, 0x00007ef7d4000000, 0x00007ef7d4000000|100%| O|  |TS 15|AC  0|TAMS 0x00007ef7d3000000, 0x00007ef7d3000000|
|  64|0x00007ef7d4000000, 0x00007ef7d5000000, 0x00007ef7d5000000|100%| O|  |TS 15|AC  0|TAMS 0x00007ef7d4000000, 0x00007ef7d4000000|
|  65|0x00007ef7d5000000, 0x00007ef7d6000000, 0x00007ef7d6000000|100%| O|  |TS 15|AC  0|TAMS 0x00007ef7d5000000, 0x00007ef7d5000000|
|  66|0x00007ef7d6000000, 0x00007ef7d7000000, 0x00007ef7d7000000|100%| O|  |TS 15|AC  0|TAMS 0x00007ef7d6000000, 0x00007ef7d6000000|
|  67|0x00007ef7d7000000, 0x00007ef7d8000000, 0x00007ef7d8000000|100%| O|  |TS 15|AC  0|TAMS 0x00007ef7d7000000, 0x00007ef7d7000000|
|  68|0x00007ef7d8000000, 0x00007ef7d9000000, 0x00007ef7d9000000|100%| O|  |TS 15|AC  0|TAMS 0x00007ef7d8000000, 0x00007ef7d8000000|
|  69|0x00007ef7d9000000, 0x00007ef7da000000, 0x00007ef7da000000|100%| O|  |TS 16|AC  0|TAMS 0x00007ef7d9000000, 0x00007ef7d9000000|
|  70|0x00007ef7da000000, 0x00007ef7db000000, 0x00007ef7db000000|100%| O|  |TS 16|AC  0|TAMS 0x00007ef7da000000, 0x00007ef7da000000|
|  71|0x00007ef7db000000, 0x00007ef7dc000000, 0x00007ef7dc000000|100%| O|  |TS 16|AC  0|TAMS 0x00007ef7db000000, 0x00007ef7db000000|
|  72|0x00007ef7dc000000, 0x00007ef7dd000000, 0x00007ef7dd000000|100%| O|  |TS 16|AC  0|TAMS 0x00007ef7dc000000, 0x00007ef7dc000000|
|  73|0x00007ef7dd000000, 0x00007ef7de000000, 0x00007ef7de000000|100%| O|  |TS 16|AC  0|TAMS 0x00007ef7dd000000, 0x00007ef7dd000000|
|  74|0x00007ef7de000000, 0x00007ef7df000000, 0x00007ef7df000000|100%| O|  |TS 16|AC  0|TAMS 0x00007ef7de000000, 0x00007ef7de000000|
|  75|0x00007ef7df000000, 0x00007ef7e0000000, 0x00007ef7e0000000|100%| O|  |TS 16|AC  0|TAMS 0x00007ef7df000000, 0x00007ef7df000000|
|  76|0x00007ef7e0000000, 0x00007ef7e1000000, 0x00007ef7e1000000|100%| O|  |TS 16|AC  0|TAMS 0x00007ef7e0000000, 0x00007ef7e0000000|
|  77|0x00007ef7e1000000, 0x00007ef7e2000000, 0x00007ef7e2000000|100%| O|  |TS 16|AC  0|TAMS 0x00007ef7e1000000, 0x00007ef7e1000000|
|  78|0x00007ef7e2000000, 0x00007ef7e3000000, 0x00007ef7e3000000|100%| O|  |TS 16|AC  0|TAMS 0x00007ef7e2000000, 0x00007ef7e2000000|
|  79|0x00007ef7e3000000, 0x00007ef7e4000000, 0x00007ef7e4000000|100%| O|  |TS 16|AC  0|TAMS 0x00007ef7e3000000, 0x00007ef7e3000000|
|  80|0x00007ef7e4000000, 0x00007ef7e5000000, 0x00007ef7e5000000|100%| O|  |TS 16|AC  0|TAMS 0x00007ef7e4000000, 0x00007ef7e4000000|
|  81|0x00007ef7e5000000, 0x00007ef7e6000000, 0x00007ef7e6000000|100%| O|  |TS 16|AC  0|TAMS 0x00007ef7e5000000, 0x00007ef7e5000000|
|  82|0x00007ef7e6000000, 0x00007ef7e7000000, 0x00007ef7e7000000|100%| O|  |TS 16|AC  0|TAMS 0x00007ef7e6000000, 0x00007ef7e6000000|
|  83|0x00007ef7e7000000, 0x00007ef7e8000000, 0x00007ef7e8000000|100%| O|  |TS 17|AC  0|TAMS 0x00007ef7e7000000, 0x00007ef7e7000000|
|  84|0x00007ef7e8000000, 0x00007ef7e9000000, 0x00007ef7e9000000|100%| O|  |TS 17|AC  0|TAMS 0x00007ef7e8000000, 0x00007ef7e8000000|
|  85|0x00007ef7e9000000, 0x00007ef7ea000000, 0x00007ef7ea000000|100%| O|  |TS 17|AC  0|TAMS 0x00007ef7e9000000, 0x00007ef7e9000000|
|  86|0x00007ef7ea000000, 0x00007ef7eb000000, 0x00007ef7eb000000|100%| O|  |TS 17|AC  0|TAMS 0x00007ef7ea000000, 0x00007ef7ea000000|
|  87|0x00007ef7eb000000, 0x00007ef7ec000000, 0x00007ef7ec000000|100%| O|  |TS 17|AC  0|TAMS 0x00007ef7eb000000, 0x00007ef7eb000000|
|  88|0x00007ef7ec000000, 0x00007ef7ed000000, 0x00007ef7ed000000|100%| O|  |TS 17|AC  0|TAMS 0x00007ef7ec000000, 0x00007ef7ec000000|
|  89|0x00007ef7ed000000, 0x00007ef7ee000000, 0x00007ef7ee000000|100%| O|  |TS 17|AC  0|TAMS 0x00007ef7ed000000, 0x00007ef7ed000000|
|  90|0x00007ef7ee000000, 0x00007ef7ef000000, 0x00007ef7ef000000|100%| O|  |TS 17|AC  0|TAMS 0x00007ef7ee000000, 0x00007ef7ee000000|
|  91|0x00007ef7ef000000, 0x00007ef7f0000000, 0x00007ef7f0000000|100%| O|  |TS 17|AC  0|TAMS 0x00007ef7ef000000, 0x00007ef7ef000000|
|  92|0x00007ef7f0000000, 0x00007ef7f1000000, 0x00007ef7f1000000|100%| O|  |TS 17|AC  0|TAMS 0x00007ef7f0000000, 0x00007ef7f0000000|
|  93|0x00007ef7f1000000, 0x00007ef7f2000000, 0x00007ef7f2000000|100%| O|  |TS 17|AC  0|TAMS 0x00007ef7f1000000, 0x00007ef7f1000000|
|  94|0x00007ef7f2000000, 0x00007ef7f3000000, 0x00007ef7f3000000|100%| O|  |TS 17|AC  0|TAMS 0x00007ef7f2000000, 0x00007ef7f2000000|
|  95|0x00007ef7f3000000, 0x00007ef7f4000000, 0x00007ef7f4000000|100%| O|  |TS 17|AC  0|TAMS 0x00007ef7f3000000, 0x00007ef7f3000000|
|  96|0x00007ef7f4000000, 0x00007ef7f5000000, 0x00007ef7f5000000|100%| O|  |TS 17|AC  0|TAMS 0x00007ef7f4000000, 0x00007ef7f4000000|
|  97|0x00007ef7f5000000, 0x00007ef7f53f4800, 0x00007ef7f6000000| 24%| O|  |TS 17|AC  0|TAMS 0x00007ef7f5000000, 0x00007ef7f5000000|
|  98|0x00007ef7f6000000, 0x00007ef7f6000000, 0x00007ef7f7000000|  0%| F|  |TS 13|AC  0|TAMS 0x00007ef7f6000000, 0x00007ef7f6000000|
|  99|0x00007ef7f7000000, 0x00007ef7f7000000, 0x00007ef7f8000000|  0%| F|  |TS 13|AC  0|TAMS 0x00007ef7f7000000, 0x00007ef7f7000000|
| 100|0x00007ef7f8000000, 0x00007ef7f8000000, 0x00007ef7f9000000|  0%| F|  |TS 13|AC  0|TAMS 0x00007ef7f8000000, 0x00007ef7f8000000|
| 101|0x00007ef7f9000000, 0x00007ef7f9000000, 0x00007ef7fa000000|  0%| F|  |TS 13|AC  0|TAMS 0x00007ef7f9000000, 0x00007ef7f9000000|
| 102|0x00007ef7fa000000, 0x00007ef7fa000000, 0x00007ef7fb000000|  0%| F|  |TS 13|AC  0|TAMS 0x00007ef7fa000000, 0x00007ef7fa000000|
| 103|0x00007ef7fb000000, 0x00007ef7fb000000, 0x00007ef7fc000000|  0%| F|  |TS 13|AC  0|TAMS 0x00007ef7fb000000, 0x00007ef7fb000000|
| 104|0x00007ef7fc000000, 0x00007ef7fc000000, 0x00007ef7fd000000|  0%| F|  |TS 13|AC  0|TAMS 0x00007ef7fc000000, 0x00007ef7fc000000|
| 105|0x00007ef7fd000000, 0x00007ef7fd000000, 0x00007ef7fe000000|  0%| F|  |TS 13|AC  0|TAMS 0x00007ef7fd000000, 0x00007ef7fd000000|
| 106|0x00007ef7fe000000, 0x00007ef7fe000000, 0x00007ef7ff000000|  0%| F|  |TS 13|AC  0|TAMS 0x00007ef7fe000000, 0x00007ef7fe000000|
| 107|0x00007ef7ff000000, 0x00007ef7ff000000, 0x00007ef800000000|  0%| F|  |TS 13|AC  0|TAMS 0x00007ef7ff000000, 0x00007ef7ff000000|
| 108|0x00007ef800000000, 0x00007ef800000000, 0x00007ef801000000|  0%| F|  |TS 13|AC  0|TAMS 0x00007ef800000000, 0x00007ef800000000|
| 109|0x00007ef801000000, 0x00007ef801000000, 0x00007ef802000000|  0%| F|  |TS 13|AC  0|TAMS 0x00007ef801000000, 0x00007ef801000000|
| 110|0x00007ef802000000, 0x00007ef802000000, 0x00007ef803000000|  0%| F|  |TS 13|AC  0|TAMS 0x00007ef802000000, 0x00007ef802000000|
| 111|0x00007ef803000000, 0x00007ef803000000, 0x00007ef804000000|  0%| F|  |TS 13|AC  0|TAMS 0x00007ef803000000, 0x00007ef803000000|
| 112|0x00007ef804000000, 0x00007ef804000000, 0x00007ef805000000|  0%| F|  |TS 13|AC  0|TAMS 0x00007ef804000000, 0x00007ef804000000|
| 113|0x00007ef805000000, 0x00007ef805000000, 0x00007ef806000000|  0%| F|  |TS 13|AC  0|TAMS 0x00007ef805000000, 0x00007ef805000000|
| 114|0x00007ef806000000, 0x00007ef806000000, 0x00007ef807000000|  0%| F|  |TS 13|AC  0|TAMS 0x00007ef806000000, 0x00007ef806000000|
| 115|0x00007ef807000000, 0x00007ef807000000, 0x00007ef808000000|  0%| F|  |TS 13|AC  0|TAMS 0x00007ef807000000, 0x00007ef807000000|
| 116|0x00007ef808000000, 0x00007ef808000000, 0x00007ef809000000|  0%| F|  |TS 13|AC  0|TAMS 0x00007ef808000000, 0x00007ef808000000|
| 117|0x00007ef809000000, 0x00007ef809000000, 0x00007ef80a000000|  0%| F|  |TS 13|AC  0|TAMS 0x00007ef809000000, 0x00007ef809000000|
| 118|0x00007ef80a000000, 0x00007ef80a000000, 0x00007ef80b000000|  0%| F|  |TS 13|AC  0|TAMS 0x00007ef80a000000, 0x00007ef80a000000|
| 119|0x00007ef80b000000, 0x00007ef80b000000, 0x00007ef80c000000|  0%| F|  |TS 13|AC  0|TAMS 0x00007ef80b000000, 0x00007ef80b000000|
| 120|0x00007ef80c000000, 0x00007ef80c000000, 0x00007ef80d000000|  0%| F|  |TS 13|AC  0|TAMS 0x00007ef80c000000, 0x00007ef80c000000|
| 121|0x00007ef80d000000, 0x00007ef80d000000, 0x00007ef80e000000|  0%| F|  |TS 13|AC  0|TAMS 0x00007ef80d000000, 0x00007ef80d000000|
| 122|0x00007ef80e000000, 0x00007ef80e000000, 0x00007ef80f000000|  0%| F|  |TS 13|AC  0|TAMS 0x00007ef80e000000, 0x00007ef80e000000|
| 123|0x00007ef80f000000, 0x00007ef80f000000, 0x00007ef810000000|  0%| F|  |TS 13|AC  0|TAMS 0x00007ef80f000000, 0x00007ef80f000000|
| 124|0x00007ef810000000, 0x00007ef810000000, 0x00007ef811000000|  0%| F|  |TS 13|AC  0|TAMS 0x00007ef810000000, 0x00007ef810000000|
| 125|0x00007ef811000000, 0x00007ef811000000, 0x00007ef812000000|  0%| F|  |TS 13|AC  0|TAMS 0x00007ef811000000, 0x00007ef811000000|
| 126|0x00007ef812000000, 0x00007ef812000000, 0x00007ef813000000|  0%| F|  |TS 13|AC  0|TAMS 0x00007ef812000000, 0x00007ef812000000|
| 127|0x00007ef813000000, 0x00007ef813000000, 0x00007ef814000000|  0%| F|  |TS 13|AC  0|TAMS 0x00007ef813000000, 0x00007ef813000000|
| 128|0x00007ef814000000, 0x00007ef814000000, 0x00007ef815000000|  0%| F|  |TS 13|AC  0|TAMS 0x00007ef814000000, 0x00007ef814000000|
| 129|0x00007ef815000000, 0x00007ef815000000, 0x00007ef816000000|  0%| F|  |TS 13|AC  0|TAMS 0x00007ef815000000, 0x00007ef815000000|
| 130|0x00007ef816000000, 0x00007ef816000000, 0x00007ef817000000|  0%| F|  |TS 13|AC  0|TAMS 0x00007ef816000000, 0x00007ef816000000|
| 131|0x00007ef817000000, 0x00007ef817000000, 0x00007ef818000000|  0%| F|  |TS 13|AC  0|TAMS 0x00007ef817000000, 0x00007ef817000000|
| 132|0x00007ef818000000, 0x00007ef818000000, 0x00007ef819000000|  0%| F|  |TS 13|AC  0|TAMS 0x00007ef818000000, 0x00007ef818000000|
| 133|0x00007ef819000000, 0x00007ef819000000, 0x00007ef81a000000|  0%| F|  |TS 13|AC  0|TAMS 0x00007ef819000000, 0x00007ef819000000|
| 134|0x00007ef81a000000, 0x00007ef81a000000, 0x00007ef81b000000|  0%| F|  |TS 13|AC  0|TAMS 0x00007ef81a000000, 0x00007ef81a000000|
| 135|0x00007ef81b000000, 0x00007ef81b000000, 0x00007ef81c000000|  0%| F|  |TS 13|AC  0|TAMS 0x00007ef81b000000, 0x00007ef81b000000|
| 136|0x00007ef81c000000, 0x00007ef81c000000, 0x00007ef81d000000|  0%| F|  |TS 13|AC  0|TAMS 0x00007ef81c000000, 0x00007ef81c000000|
| 137|0x00007ef81d000000, 0x00007ef81d000000, 0x00007ef81e000000|  0%| F|  |TS 13|AC  0|TAMS 0x00007ef81d000000, 0x00007ef81d000000|
| 138|0x00007ef81e000000, 0x00007ef81e000000, 0x00007ef81f000000|  0%| F|  |TS 13|AC  0|TAMS 0x00007ef81e000000, 0x00007ef81e000000|
| 139|0x00007ef81f000000, 0x00007ef81f000000, 0x00007ef820000000|  0%| F|  |TS 13|AC  0|TAMS 0x00007ef81f000000, 0x00007ef81f000000|
| 140|0x00007ef820000000, 0x00007ef820000000, 0x00007ef821000000|  0%| F|  |TS 13|AC  0|TAMS 0x00007ef820000000, 0x00007ef820000000|
| 141|0x00007ef821000000, 0x00007ef821000000, 0x00007ef822000000|  0%| F|  |TS 13|AC  0|TAMS 0x00007ef821000000, 0x00007ef821000000|
| 142|0x00007ef822000000, 0x00007ef822000000, 0x00007ef823000000|  0%| F|  |TS 13|AC  0|TAMS 0x00007ef822000000, 0x00007ef822000000|
| 143|0x00007ef823000000, 0x00007ef823000000, 0x00007ef824000000|  0%| F|  |TS 13|AC  0|TAMS 0x00007ef823000000, 0x00007ef823000000|
| 144|0x00007ef824000000, 0x00007ef824000000, 0x00007ef825000000|  0%| F|  |TS 13|AC  0|TAMS 0x00007ef824000000, 0x00007ef824000000|
| 145|0x00007ef825000000, 0x00007ef825000000, 0x00007ef826000000|  0%| F|  |TS 13|AC  0|TAMS 0x00007ef825000000, 0x00007ef825000000|
| 146|0x00007ef826000000, 0x00007ef826000000, 0x00007ef827000000|  0%| F|  |TS 13|AC  0|TAMS 0x00007ef826000000, 0x00007ef826000000|
| 147|0x00007ef827000000, 0x00007ef827000000, 0x00007ef828000000|  0%| F|  |TS 13|AC  0|TAMS 0x00007ef827000000, 0x00007ef827000000|
| 148|0x00007ef828000000, 0x00007ef828000000, 0x00007ef829000000|  0%| F|  |TS 13|AC  0|TAMS 0x00007ef828000000, 0x00007ef828000000|
| 149|0x00007ef829000000, 0x00007ef829000000, 0x00007ef82a000000|  0%| F|  |TS 13|AC  0|TAMS 0x00007ef829000000, 0x00007ef829000000|
| 150|0x00007ef82a000000, 0x00007ef82a000000, 0x00007ef82b000000|  0%| F|  |TS 13|AC  0|TAMS 0x00007ef82a000000, 0x00007ef82a000000|
| 151|0x00007ef82b000000, 0x00007ef82b000000, 0x00007ef82c000000|  0%| F|  |TS 13|AC  0|TAMS 0x00007ef82b000000, 0x00007ef82b000000|
| 152|0x00007ef82c000000, 0x00007ef82c000000, 0x00007ef82d000000|  0%| F|  |TS 13|AC  0|TAMS 0x00007ef82c000000, 0x00007ef82c000000|
| 153|0x00007ef82d000000, 0x00007ef82d000000, 0x00007ef82e000000|  0%| F|  |TS 13|AC  0|TAMS 0x00007ef82d000000, 0x00007ef82d000000|
| 154|0x00007ef82e000000, 0x00007ef82e000000, 0x00007ef82f000000|  0%| F|  |TS 13|AC  0|TAMS 0x00007ef82e000000, 0x00007ef82e000000|
| 155|0x00007ef82f000000, 0x00007ef82f000000, 0x00007ef830000000|  0%| F|  |TS 13|AC  0|TAMS 0x00007ef82f000000, 0x00007ef82f000000|
| 156|0x00007ef830000000, 0x00007ef830000000, 0x00007ef831000000|  0%| F|  |TS 13|AC  0|TAMS 0x00007ef830000000, 0x00007ef830000000|
| 157|0x00007ef831000000, 0x00007ef831000000, 0x00007ef832000000|  0%| F|  |TS 13|AC  0|TAMS 0x00007ef831000000, 0x00007ef831000000|
| 158|0x00007ef832000000, 0x00007ef832000000, 0x00007ef833000000|  0%| F|  |TS 13|AC  0|TAMS 0x00007ef832000000, 0x00007ef832000000|
| 159|0x00007ef833000000, 0x00007ef833000000, 0x00007ef834000000|  0%| F|  |TS 13|AC  0|TAMS 0x00007ef833000000, 0x00007ef833000000|
| 160|0x00007ef834000000, 0x00007ef834000000, 0x00007ef835000000|  0%| F|  |TS 13|AC  0|TAMS 0x00007ef834000000, 0x00007ef834000000|
| 161|0x00007ef835000000, 0x00007ef835000000, 0x00007ef836000000|  0%| F|  |TS 13|AC  0|TAMS 0x00007ef835000000, 0x00007ef835000000|
| 162|0x00007ef836000000, 0x00007ef836000000, 0x00007ef837000000|  0%| F|  |TS 13|AC  0|TAMS 0x00007ef836000000, 0x00007ef836000000|
| 163|0x00007ef837000000, 0x00007ef837000000, 0x00007ef838000000|  0%| F|  |TS 13|AC  0|TAMS 0x00007ef837000000, 0x00007ef837000000|
| 164|0x00007ef838000000, 0x00007ef838000000, 0x00007ef839000000|  0%| F|  |TS 13|AC  0|TAMS 0x00007ef838000000, 0x00007ef838000000|
| 165|0x00007ef839000000, 0x00007ef839000000, 0x00007ef83a000000|  0%| F|  |TS 13|AC  0|TAMS 0x00007ef839000000, 0x00007ef839000000|
| 166|0x00007ef83a000000, 0x00007ef83a000000, 0x00007ef83b000000|  0%| F|  |TS 13|AC  0|TAMS 0x00007ef83a000000, 0x00007ef83a000000|
| 167|0x00007ef83b000000, 0x00007ef83b000000, 0x00007ef83c000000|  0%| F|  |TS 13|AC  0|TAMS 0x00007ef83b000000, 0x00007ef83b000000|
| 168|0x00007ef83c000000, 0x00007ef83c000000, 0x00007ef83d000000|  0%| F|  |TS 13|AC  0|TAMS 0x00007ef83c000000, 0x00007ef83c000000|
| 169|0x00007ef83d000000, 0x00007ef83d000000, 0x00007ef83e000000|  0%| F|  |TS 13|AC  0|TAMS 0x00007ef83d000000, 0x00007ef83d000000|
| 170|0x00007ef83e000000, 0x00007ef83e000000, 0x00007ef83f000000|  0%| F|  |TS 13|AC  0|TAMS 0x00007ef83e000000, 0x00007ef83e000000|
| 171|0x00007ef83f000000, 0x00007ef83f000000, 0x00007ef840000000|  0%| F|  |TS 13|AC  0|TAMS 0x00007ef83f000000, 0x00007ef83f000000|
| 172|0x00007ef840000000, 0x00007ef840000000, 0x00007ef841000000|  0%| F|  |TS 13|AC  0|TAMS 0x00007ef840000000, 0x00007ef840000000|
| 173|0x00007ef841000000, 0x00007ef841000000, 0x00007ef842000000|  0%| F|  |TS 13|AC  0|TAMS 0x00007ef841000000, 0x00007ef841000000|
| 174|0x00007ef842000000, 0x00007ef842000000, 0x00007ef843000000|  0%| F|  |TS 13|AC  0|TAMS 0x00007ef842000000, 0x00007ef842000000|
| 175|0x00007ef843000000, 0x00007ef843000000, 0x00007ef844000000|  0%| F|  |TS 13|AC  0|TAMS 0x00007ef843000000, 0x00007ef843000000|
| 176|0x00007ef844000000, 0x00007ef844000000, 0x00007ef845000000|  0%| F|  |TS 13|AC  0|TAMS 0x00007ef844000000, 0x00007ef844000000|
| 177|0x00007ef845000000, 0x00007ef845000000, 0x00007ef846000000|  0%| F|  |TS 13|AC  0|TAMS 0x00007ef845000000, 0x00007ef845000000|
| 178|0x00007ef846000000, 0x00007ef846000000, 0x00007ef847000000|  0%| F|  |TS 13|AC  0|TAMS 0x00007ef846000000, 0x00007ef846000000|
| 179|0x00007ef847000000, 0x00007ef847000000, 0x00007ef848000000|  0%| F|  |TS 13|AC  0|TAMS 0x00007ef847000000, 0x00007ef847000000|
| 180|0x00007ef848000000, 0x00007ef848000000, 0x00007ef849000000|  0%| F|  |TS 13|AC  0|TAMS 0x00007ef848000000, 0x00007ef848000000|
| 181|0x00007ef849000000, 0x00007ef849000000, 0x00007ef84a000000|  0%| F|  |TS 13|AC  0|TAMS 0x00007ef849000000, 0x00007ef849000000|
| 182|0x00007ef84a000000, 0x00007ef84a000000, 0x00007ef84b000000|  0%| F|  |TS 13|AC  0|TAMS 0x00007ef84a000000, 0x00007ef84a000000|
| 183|0x00007ef84b000000, 0x00007ef84b000000, 0x00007ef84c000000|  0%| F|  |TS 13|AC  0|TAMS 0x00007ef84b000000, 0x00007ef84b000000|
| 184|0x00007ef84c000000, 0x00007ef84c000000, 0x00007ef84d000000|  0%| F|  |TS 13|AC  0|TAMS 0x00007ef84c000000, 0x00007ef84c000000|
| 185|0x00007ef84d000000, 0x00007ef84d000000, 0x00007ef84e000000|  0%| F|  |TS 13|AC  0|TAMS 0x00007ef84d000000, 0x00007ef84d000000|
| 186|0x00007ef84e000000, 0x00007ef84e000000, 0x00007ef84f000000|  0%| F|  |TS 13|AC  0|TAMS 0x00007ef84e000000, 0x00007ef84e000000|
| 187|0x00007ef84f000000, 0x00007ef84f000000, 0x00007ef850000000|  0%| F|  |TS 13|AC  0|TAMS 0x00007ef84f000000, 0x00007ef84f000000|
| 188|0x00007ef850000000, 0x00007ef850000000, 0x00007ef851000000|  0%| F|  |TS 13|AC  0|TAMS 0x00007ef850000000, 0x00007ef850000000|
| 189|0x00007ef851000000, 0x00007ef851000000, 0x00007ef852000000|  0%| F|  |TS 13|AC  0|TAMS 0x00007ef851000000, 0x00007ef851000000|
| 190|0x00007ef852000000, 0x00007ef852000000, 0x00007ef853000000|  0%| F|  |TS 13|AC  0|TAMS 0x00007ef852000000, 0x00007ef852000000|
| 191|0x00007ef853000000, 0x00007ef853000000, 0x00007ef854000000|  0%| F|  |TS 13|AC  0|TAMS 0x00007ef853000000, 0x00007ef853000000|
| 192|0x00007ef854000000, 0x00007ef854000000, 0x00007ef855000000|  0%| F|  |TS 13|AC  0|TAMS 0x00007ef854000000, 0x00007ef854000000|
| 193|0x00007ef855000000, 0x00007ef855000000, 0x00007ef856000000|  0%| F|  |TS 13|AC  0|TAMS 0x00007ef855000000, 0x00007ef855000000|
| 194|0x00007ef856000000, 0x00007ef856000000, 0x00007ef857000000|  0%| F|  |TS 13|AC  0|TAMS 0x00007ef856000000, 0x00007ef856000000|
| 195|0x00007ef857000000, 0x00007ef857000000, 0x00007ef858000000|  0%| F|  |TS 13|AC  0|TAMS 0x00007ef857000000, 0x00007ef857000000|
| 196|0x00007ef858000000, 0x00007ef858000000, 0x00007ef859000000|  0%| F|  |TS 13|AC  0|TAMS 0x00007ef858000000, 0x00007ef858000000|
| 197|0x00007ef859000000, 0x00007ef859000000, 0x00007ef85a000000|  0%| F|  |TS 13|AC  0|TAMS 0x00007ef859000000, 0x00007ef859000000|
| 198|0x00007ef85a000000, 0x00007ef85a000000, 0x00007ef85b000000|  0%| F|  |TS 13|AC  0|TAMS 0x00007ef85a000000, 0x00007ef85a000000|
| 199|0x00007ef85b000000, 0x00007ef85b000000, 0x00007ef85c000000|  0%| F|  |TS 13|AC  0|TAMS 0x00007ef85b000000, 0x00007ef85b000000|
| 200|0x00007ef85c000000, 0x00007ef85c000000, 0x00007ef85d000000|  0%| F|  |TS 13|AC  0|TAMS 0x00007ef85c000000, 0x00007ef85c000000|
| 201|0x00007ef85d000000, 0x00007ef85d000000, 0x00007ef85e000000|  0%| F|  |TS 13|AC  0|TAMS 0x00007ef85d000000, 0x00007ef85d000000|
| 202|0x00007ef85e000000, 0x00007ef85e000000, 0x00007ef85f000000|  0%| F|  |TS 13|AC  0|TAMS 0x00007ef85e000000, 0x00007ef85e000000|
| 203|0x00007ef85f000000, 0x00007ef85f000000, 0x00007ef860000000|  0%| F|  |TS 13|AC  0|TAMS 0x00007ef85f000000, 0x00007ef85f000000|
| 204|0x00007ef860000000, 0x00007ef860000000, 0x00007ef861000000|  0%| F|  |TS 13|AC  0|TAMS 0x00007ef860000000, 0x00007ef860000000|
| 205|0x00007ef861000000, 0x00007ef861000000, 0x00007ef862000000|  0%| F|  |TS 13|AC  0|TAMS 0x00007ef861000000, 0x00007ef861000000|
| 206|0x00007ef862000000, 0x00007ef862000000, 0x00007ef863000000|  0%| F|  |TS 13|AC  0|TAMS 0x00007ef862000000, 0x00007ef862000000|
| 207|0x00007ef863000000, 0x00007ef863000000, 0x00007ef864000000|  0%| F|  |TS 13|AC  0|TAMS 0x00007ef863000000, 0x00007ef863000000|
| 208|0x00007ef864000000, 0x00007ef864000000, 0x00007ef865000000|  0%| F|  |TS 13|AC  0|TAMS 0x00007ef864000000, 0x00007ef864000000|
| 209|0x00007ef865000000, 0x00007ef865000000, 0x00007ef866000000|  0%| F|  |TS 13|AC  0|TAMS 0x00007ef865000000, 0x00007ef865000000|
| 210|0x00007ef866000000, 0x00007ef866000000, 0x00007ef867000000|  0%| F|  |TS 13|AC  0|TAMS 0x00007ef866000000, 0x00007ef866000000|
| 211|0x00007ef867000000, 0x00007ef867000000, 0x00007ef868000000|  0%| F|  |TS 13|AC  0|TAMS 0x00007ef867000000, 0x00007ef867000000|
| 212|0x00007ef868000000, 0x00007ef868000000, 0x00007ef869000000|  0%| F|  |TS 13|AC  0|TAMS 0x00007ef868000000, 0x00007ef868000000|
| 213|0x00007ef869000000, 0x00007ef869000000, 0x00007ef86a000000|  0%| F|  |TS 13|AC  0|TAMS 0x00007ef869000000, 0x00007ef869000000|
| 214|0x00007ef86a000000, 0x00007ef86a000000, 0x00007ef86b000000|  0%| F|  |TS 13|AC  0|TAMS 0x00007ef86a000000, 0x00007ef86a000000|
| 215|0x00007ef86b000000, 0x00007ef86b000000, 0x00007ef86c000000|  0%| F|  |TS 13|AC  0|TAMS 0x00007ef86b000000, 0x00007ef86b000000|
| 216|0x00007ef86c000000, 0x00007ef86c000000, 0x00007ef86d000000|  0%| F|  |TS 13|AC  0|TAMS 0x00007ef86c000000, 0x00007ef86c000000|
| 217|0x00007ef86d000000, 0x00007ef86d000000, 0x00007ef86e000000|  0%| F|  |TS 13|AC  0|TAMS 0x00007ef86d000000, 0x00007ef86d000000|
| 218|0x00007ef86e000000, 0x00007ef86e000000, 0x00007ef86f000000|  0%| F|  |TS 13|AC  0|TAMS 0x00007ef86e000000, 0x00007ef86e000000|
| 219|0x00007ef86f000000, 0x00007ef86f000000, 0x00007ef870000000|  0%| F|  |TS 13|AC  0|TAMS 0x00007ef86f000000, 0x00007ef86f000000|
| 220|0x00007ef870000000, 0x00007ef870000000, 0x00007ef871000000|  0%| F|  |TS 13|AC  0|TAMS 0x00007ef870000000, 0x00007ef870000000|
| 221|0x00007ef871000000, 0x00007ef871000000, 0x00007ef872000000|  0%| F|  |TS 13|AC  0|TAMS 0x00007ef871000000, 0x00007ef871000000|
| 222|0x00007ef872000000, 0x00007ef872000000, 0x00007ef873000000|  0%| F|  |TS 13|AC  0|TAMS 0x00007ef872000000, 0x00007ef872000000|
| 223|0x00007ef873000000, 0x00007ef873000000, 0x00007ef874000000|  0%| F|  |TS 13|AC  0|TAMS 0x00007ef873000000, 0x00007ef873000000|
| 224|0x00007ef874000000, 0x00007ef874000000, 0x00007ef875000000|  0%| F|  |TS 13|AC  0|TAMS 0x00007ef874000000, 0x00007ef874000000|
| 225|0x00007ef875000000, 0x00007ef875000000, 0x00007ef876000000|  0%| F|  |TS 13|AC  0|TAMS 0x00007ef875000000, 0x00007ef875000000|
| 226|0x00007ef876000000, 0x00007ef876000000, 0x00007ef877000000|  0%| F|  |TS 13|AC  0|TAMS 0x00007ef876000000, 0x00007ef876000000|
| 227|0x00007ef877000000, 0x00007ef877000000, 0x00007ef878000000|  0%| F|  |TS 13|AC  0|TAMS 0x00007ef877000000, 0x00007ef877000000|
| 228|0x00007ef878000000, 0x00007ef878000000, 0x00007ef879000000|  0%| F|  |TS 13|AC  0|TAMS 0x00007ef878000000, 0x00007ef878000000|
| 229|0x00007ef879000000, 0x00007ef879000000, 0x00007ef87a000000|  0%| F|  |TS 13|AC  0|TAMS 0x00007ef879000000, 0x00007ef879000000|
| 230|0x00007ef87a000000, 0x00007ef87a000000, 0x00007ef87b000000|  0%| F|  |TS 13|AC  0|TAMS 0x00007ef87a000000, 0x00007ef87a000000|
| 231|0x00007ef87b000000, 0x00007ef87b000000, 0x00007ef87c000000|  0%| F|  |TS 13|AC  0|TAMS 0x00007ef87b000000, 0x00007ef87b000000|
| 232|0x00007ef87c000000, 0x00007ef87c000000, 0x00007ef87d000000|  0%| F|  |TS 13|AC  0|TAMS 0x00007ef87c000000, 0x00007ef87c000000|
| 233|0x00007ef87d000000, 0x00007ef87d000000, 0x00007ef87e000000|  0%| F|  |TS 13|AC  0|TAMS 0x00007ef87d000000, 0x00007ef87d000000|
| 234|0x00007ef87e000000, 0x00007ef87e000000, 0x00007ef87f000000|  0%| F|  |TS 13|AC  0|TAMS 0x00007ef87e000000, 0x00007ef87e000000|
| 235|0x00007ef87f000000, 0x00007ef87f000000, 0x00007ef880000000|  0%| F|  |TS 13|AC  0|TAMS 0x00007ef87f000000, 0x00007ef87f000000|
| 236|0x00007ef880000000, 0x00007ef880000000, 0x00007ef881000000|  0%| F|  |TS 13|AC  0|TAMS 0x00007ef880000000, 0x00007ef880000000|
| 237|0x00007ef881000000, 0x00007ef881000000, 0x00007ef882000000|  0%| F|  |TS 13|AC  0|TAMS 0x00007ef881000000, 0x00007ef881000000|
| 238|0x00007ef882000000, 0x00007ef882000000, 0x00007ef883000000|  0%| F|  |TS 13|AC  0|TAMS 0x00007ef882000000, 0x00007ef882000000|
| 239|0x00007ef883000000, 0x00007ef883000000, 0x00007ef884000000|  0%| F|  |TS 13|AC  0|TAMS 0x00007ef883000000, 0x00007ef883000000|
| 240|0x00007ef884000000, 0x00007ef884000000, 0x00007ef885000000|  0%| F|  |TS 13|AC  0|TAMS 0x00007ef884000000, 0x00007ef884000000|
| 241|0x00007ef885000000, 0x00007ef885000000, 0x00007ef886000000|  0%| F|  |TS 13|AC  0|TAMS 0x00007ef885000000, 0x00007ef885000000|
| 242|0x00007ef886000000, 0x00007ef886000000, 0x00007ef887000000|  0%| F|  |TS 13|AC  0|TAMS 0x00007ef886000000, 0x00007ef886000000|
| 243|0x00007ef887000000, 0x00007ef887000000, 0x00007ef888000000|  0%| F|  |TS 13|AC  0|TAMS 0x00007ef887000000, 0x00007ef887000000|
| 244|0x00007ef888000000, 0x00007ef888000000, 0x00007ef889000000|  0%| F|  |TS 13|AC  0|TAMS 0x00007ef888000000, 0x00007ef888000000|
| 245|0x00007ef889000000, 0x00007ef889000000, 0x00007ef88a000000|  0%| F|  |TS 13|AC  0|TAMS 0x00007ef889000000, 0x00007ef889000000|
| 246|0x00007ef88a000000, 0x00007ef88a000000, 0x00007ef88b000000|  0%| F|  |TS 13|AC  0|TAMS 0x00007ef88a000000, 0x00007ef88a000000|
| 247|0x00007ef88b000000, 0x00007ef88b000000, 0x00007ef88c000000|  0%| F|  |TS 13|AC  0|TAMS 0x00007ef88b000000, 0x00007ef88b000000|
| 248|0x00007ef88c000000, 0x00007ef88c000000, 0x00007ef88d000000|  0%| F|  |TS 13|AC  0|TAMS 0x00007ef88c000000, 0x00007ef88c000000|
| 249|0x00007ef88d000000, 0x00007ef88d000000, 0x00007ef88e000000|  0%| F|  |TS 13|AC  0|TAMS 0x00007ef88d000000, 0x00007ef88d000000|
| 250|0x00007ef88e000000, 0x00007ef88e000000, 0x00007ef88f000000|  0%| F|  |TS 13|AC  0|TAMS 0x00007ef88e000000, 0x00007ef88e000000|
| 251|0x00007ef88f000000, 0x00007ef88f000000, 0x00007ef890000000|  0%| F|  |TS 13|AC  0|TAMS 0x00007ef88f000000, 0x00007ef88f000000|
| 252|0x00007ef890000000, 0x00007ef890000000, 0x00007ef891000000|  0%| F|  |TS 13|AC  0|TAMS 0x00007ef890000000, 0x00007ef890000000|
| 253|0x00007ef891000000, 0x00007ef891000000, 0x00007ef892000000|  0%| F|  |TS 13|AC  0|TAMS 0x00007ef891000000, 0x00007ef891000000|
| 254|0x00007ef892000000, 0x00007ef892000000, 0x00007ef893000000|  0%| F|  |TS 13|AC  0|TAMS 0x00007ef892000000, 0x00007ef892000000|
| 255|0x00007ef893000000, 0x00007ef893000000, 0x00007ef894000000|  0%| F|  |TS 13|AC  0|TAMS 0x00007ef893000000, 0x00007ef893000000|
| 256|0x00007ef894000000, 0x00007ef894000000, 0x00007ef895000000|  0%| F|  |TS 13|AC  0|TAMS 0x00007ef894000000, 0x00007ef894000000|
| 257|0x00007ef895000000, 0x00007ef895000000, 0x00007ef896000000|  0%| F|  |TS 13|AC  0|TAMS 0x00007ef895000000, 0x00007ef895000000|
| 258|0x00007ef896000000, 0x00007ef896000000, 0x00007ef897000000|  0%| F|  |TS 13|AC  0|TAMS 0x00007ef896000000, 0x00007ef896000000|
| 259|0x00007ef897000000, 0x00007ef897000000, 0x00007ef898000000|  0%| F|  |TS 13|AC  0|TAMS 0x00007ef897000000, 0x00007ef897000000|
| 260|0x00007ef898000000, 0x00007ef898000000, 0x00007ef899000000|  0%| F|  |TS 13|AC  0|TAMS 0x00007ef898000000, 0x00007ef898000000|
| 261|0x00007ef899000000, 0x00007ef899000000, 0x00007ef89a000000|  0%| F|  |TS 13|AC  0|TAMS 0x00007ef899000000, 0x00007ef899000000|
| 262|0x00007ef89a000000, 0x00007ef89a000000, 0x00007ef89b000000|  0%| F|  |TS 13|AC  0|TAMS 0x00007ef89a000000, 0x00007ef89a000000|
| 263|0x00007ef89b000000, 0x00007ef89b000000, 0x00007ef89c000000|  0%| F|  |TS 13|AC  0|TAMS 0x00007ef89b000000, 0x00007ef89b000000|
| 264|0x00007ef89c000000, 0x00007ef89c000000, 0x00007ef89d000000|  0%| F|  |TS 13|AC  0|TAMS 0x00007ef89c000000, 0x00007ef89c000000|
| 265|0x00007ef89d000000, 0x00007ef89d000000, 0x00007ef89e000000|  0%| F|  |TS 13|AC  0|TAMS 0x00007ef89d000000, 0x00007ef89d000000|
| 266|0x00007ef89e000000, 0x00007ef89e000000, 0x00007ef89f000000|  0%| F|  |TS 13|AC  0|TAMS 0x00007ef89e000000, 0x00007ef89e000000|
| 267|0x00007ef89f000000, 0x00007ef89f000000, 0x00007ef8a0000000|  0%| F|  |TS 13|AC  0|TAMS 0x00007ef89f000000, 0x00007ef89f000000|
| 268|0x00007ef8a0000000, 0x00007ef8a0000000, 0x00007ef8a1000000|  0%| F|  |TS 13|AC  0|TAMS 0x00007ef8a0000000, 0x00007ef8a0000000|
| 269|0x00007ef8a1000000, 0x00007ef8a1000000, 0x00007ef8a2000000|  0%| F|  |TS 13|AC  0|TAMS 0x00007ef8a1000000, 0x00007ef8a1000000|
| 270|0x00007ef8a2000000, 0x00007ef8a2000000, 0x00007ef8a3000000|  0%| F|  |TS 13|AC  0|TAMS 0x00007ef8a2000000, 0x00007ef8a2000000|
| 271|0x00007ef8a3000000, 0x00007ef8a3000000, 0x00007ef8a4000000|  0%| F|  |TS 13|AC  0|TAMS 0x00007ef8a3000000, 0x00007ef8a3000000|
| 272|0x00007ef8a4000000, 0x00007ef8a4000000, 0x00007ef8a5000000|  0%| F|  |TS 13|AC  0|TAMS 0x00007ef8a4000000, 0x00007ef8a4000000|
| 273|0x00007ef8a5000000, 0x00007ef8a5000000, 0x00007ef8a6000000|  0%| F|  |TS 13|AC  0|TAMS 0x00007ef8a5000000, 0x00007ef8a5000000|
| 274|0x00007ef8a6000000, 0x00007ef8a6000000, 0x00007ef8a7000000|  0%| F|  |TS 13|AC  0|TAMS 0x00007ef8a6000000, 0x00007ef8a6000000|
| 275|0x00007ef8a7000000, 0x00007ef8a7000000, 0x00007ef8a8000000|  0%| F|  |TS 13|AC  0|TAMS 0x00007ef8a7000000, 0x00007ef8a7000000|
| 276|0x00007ef8a8000000, 0x00007ef8a8000000, 0x00007ef8a9000000|  0%| F|  |TS 13|AC  0|TAMS 0x00007ef8a8000000, 0x00007ef8a8000000|
| 277|0x00007ef8a9000000, 0x00007ef8a9000000, 0x00007ef8aa000000|  0%| F|  |TS 13|AC  0|TAMS 0x00007ef8a9000000, 0x00007ef8a9000000|
| 278|0x00007ef8aa000000, 0x00007ef8aa000000, 0x00007ef8ab000000|  0%| F|  |TS 13|AC  0|TAMS 0x00007ef8aa000000, 0x00007ef8aa000000|
| 279|0x00007ef8ab000000, 0x00007ef8ab000000, 0x00007ef8ac000000|  0%| F|  |TS 13|AC  0|TAMS 0x00007ef8ab000000, 0x00007ef8ab000000|
| 280|0x00007ef8ac000000, 0x00007ef8ac000000, 0x00007ef8ad000000|  0%| F|  |TS 13|AC  0|TAMS 0x00007ef8ac000000, 0x00007ef8ac000000|
| 281|0x00007ef8ad000000, 0x00007ef8ad000000, 0x00007ef8ae000000|  0%| F|  |TS 13|AC  0|TAMS 0x00007ef8ad000000, 0x00007ef8ad000000|
| 282|0x00007ef8ae000000, 0x00007ef8ae000000, 0x00007ef8af000000|  0%| F|  |TS 13|AC  0|TAMS 0x00007ef8ae000000, 0x00007ef8ae000000|
| 283|0x00007ef8af000000, 0x00007ef8af000000, 0x00007ef8b0000000|  0%| F|  |TS 13|AC  0|TAMS 0x00007ef8af000000, 0x00007ef8af000000|
| 284|0x00007ef8b0000000, 0x00007ef8b0000000, 0x00007ef8b1000000|  0%| F|  |TS 13|AC  0|TAMS 0x00007ef8b0000000, 0x00007ef8b0000000|
| 285|0x00007ef8b1000000, 0x00007ef8b1000000, 0x00007ef8b2000000|  0%| F|  |TS 13|AC  0|TAMS 0x00007ef8b1000000, 0x00007ef8b1000000|
| 286|0x00007ef8b2000000, 0x00007ef8b2000000, 0x00007ef8b3000000|  0%| F|  |TS 13|AC  0|TAMS 0x00007ef8b2000000, 0x00007ef8b2000000|
| 287|0x00007ef8b3000000, 0x00007ef8b3000000, 0x00007ef8b4000000|  0%| F|  |TS 13|AC  0|TAMS 0x00007ef8b3000000, 0x00007ef8b3000000|
| 288|0x00007ef8b4000000, 0x00007ef8b4000000, 0x00007ef8b5000000|  0%| F|  |TS 13|AC  0|TAMS 0x00007ef8b4000000, 0x00007ef8b4000000|
| 289|0x00007ef8b5000000, 0x00007ef8b5000000, 0x00007ef8b6000000|  0%| F|  |TS 13|AC  0|TAMS 0x00007ef8b5000000, 0x00007ef8b5000000|
| 290|0x00007ef8b6000000, 0x00007ef8b6000000, 0x00007ef8b7000000|  0%| F|  |TS 13|AC  0|TAMS 0x00007ef8b6000000, 0x00007ef8b6000000|
| 291|0x00007ef8b7000000, 0x00007ef8b7000000, 0x00007ef8b8000000|  0%| F|  |TS 13|AC  0|TAMS 0x00007ef8b7000000, 0x00007ef8b7000000|
| 292|0x00007ef8b8000000, 0x00007ef8b8000000, 0x00007ef8b9000000|  0%| F|  |TS 13|AC  0|TAMS 0x00007ef8b8000000, 0x00007ef8b8000000|
| 293|0x00007ef8b9000000, 0x00007ef8b9000000, 0x00007ef8ba000000|  0%| F|  |TS 13|AC  0|TAMS 0x00007ef8b9000000, 0x00007ef8b9000000|
| 294|0x00007ef8ba000000, 0x00007ef8ba000000, 0x00007ef8bb000000|  0%| F|  |TS 13|AC  0|TAMS 0x00007ef8ba000000, 0x00007ef8ba000000|
| 295|0x00007ef8bb000000, 0x00007ef8bb000000, 0x00007ef8bc000000|  0%| F|  |TS 13|AC  0|TAMS 0x00007ef8bb000000, 0x00007ef8bb000000|
| 296|0x00007ef8bc000000, 0x00007ef8bc000000, 0x00007ef8bd000000|  0%| F|  |TS 13|AC  0|TAMS 0x00007ef8bc000000, 0x00007ef8bc000000|
| 297|0x00007ef8bd000000, 0x00007ef8bd000000, 0x00007ef8be000000|  0%| F|  |TS 13|AC  0|TAMS 0x00007ef8bd000000, 0x00007ef8bd000000|
| 298|0x00007ef8be000000, 0x00007ef8bf000000, 0x00007ef8bf000000|100%| S|CS|TS 17|AC  0|TAMS 0x00007ef8be000000, 0x00007ef8be000000|
| 299|0x00007ef8bf000000, 0x00007ef8c0000000, 0x00007ef8c0000000|100%| S|CS|TS 17|AC  0|TAMS 0x00007ef8bf000000, 0x00007ef8bf000000|
| 300|0x00007ef8c0000000, 0x00007ef8c0000000, 0x00007ef8c1000000|  0%| F|  |TS 17|AC  0|TAMS 0x00007ef8c0000000, 0x00007ef8c0000000|
| 301|0x00007ef8c1000000, 0x00007ef8c1000000, 0x00007ef8c2000000|  0%| F|  |TS 17|AC  0|TAMS 0x00007ef8c1000000, 0x00007ef8c1000000|
| 302|0x00007ef8c2000000, 0x00007ef8c2000000, 0x00007ef8c3000000|  0%| F|  |TS 17|AC  0|TAMS 0x00007ef8c2000000, 0x00007ef8c2000000|
| 303|0x00007ef8c3000000, 0x00007ef8c3000000, 0x00007ef8c4000000|  0%| F|  |TS 17|AC  0|TAMS 0x00007ef8c3000000, 0x00007ef8c3000000|
| 304|0x00007ef8c4000000, 0x00007ef8c4000000, 0x00007ef8c5000000|  0%| F|  |TS 17|AC  0|TAMS 0x00007ef8c4000000, 0x00007ef8c4000000|
| 305|0x00007ef8c5000000, 0x00007ef8c5000000, 0x00007ef8c6000000|  0%| F|  |TS 17|AC  0|TAMS 0x00007ef8c5000000, 0x00007ef8c5000000|
| 306|0x00007ef8c6000000, 0x00007ef8c6000000, 0x00007ef8c7000000|  0%| F|  |TS 17|AC  0|TAMS 0x00007ef8c6000000, 0x00007ef8c6000000|
| 307|0x00007ef8c7000000, 0x00007ef8c7000000, 0x00007ef8c8000000|  0%| F|  |TS 17|AC  0|TAMS 0x00007ef8c7000000, 0x00007ef8c7000000|
| 308|0x00007ef8c8000000, 0x00007ef8c8000000, 0x00007ef8c9000000|  0%| F|  |TS 17|AC  0|TAMS 0x00007ef8c8000000, 0x00007ef8c8000000|
| 309|0x00007ef8c9000000, 0x00007ef8c9000000, 0x00007ef8ca000000|  0%| F|  |TS 17|AC  0|TAMS 0x00007ef8c9000000, 0x00007ef8c9000000|
| 310|0x00007ef8ca000000, 0x00007ef8ca000000, 0x00007ef8cb000000|  0%| F|  |TS 17|AC  0|TAMS 0x00007ef8ca000000, 0x00007ef8ca000000|
| 311|0x00007ef8cb000000, 0x00007ef8cb000000, 0x00007ef8cc000000|  0%| F|  |TS 17|AC  0|TAMS 0x00007ef8cb000000, 0x00007ef8cb000000|
| 312|0x00007ef8cc000000, 0x00007ef8cc000000, 0x00007ef8cd000000|  0%| F|  |TS 17|AC  0|TAMS 0x00007ef8cc000000, 0x00007ef8cc000000|
| 313|0x00007ef8cd000000, 0x00007ef8cd000000, 0x00007ef8ce000000|  0%| F|  |TS 17|AC  0|TAMS 0x00007ef8cd000000, 0x00007ef8cd000000|
| 314|0x00007ef8ce000000, 0x00007ef8ce000000, 0x00007ef8cf000000|  0%| F|  |TS 17|AC  0|TAMS 0x00007ef8ce000000, 0x00007ef8ce000000|

Card table byte_map: [0x00007ef77b000000,0x00007ef787800000] byte_map_base: 0x00007eb7ff360000

Marking Bits (Prev, Next): (CMBitMap*) 0x00007f10dc0927d0, (CMBitMap*) 0x00007f10dc092808
 Prev Bits: [0x00007ef70a800000, 0x00007ef76e800000)
 Next Bits: [0x00007ef6a6800000, 0x00007ef70a800000)

Polling page: 0x00007f10e6a71000

CodeHeap 'non-profiled nmethods': size=120032Kb used=924Kb max_used=924Kb free=119107Kb
 bounds [0x00007f10cb5ed000, 0x00007f10cb85d000, 0x00007f10d2b25000]
CodeHeap 'profiled nmethods': size=120028Kb used=2923Kb max_used=2923Kb free=117104Kb
 bounds [0x00007f10c40b6000, 0x00007f10c4396000, 0x00007f10cb5ed000]
CodeHeap 'non-nmethods': size=5700Kb used=1219Kb max_used=1263Kb free=4480Kb
 bounds [0x00007f10c3b25000, 0x00007f10c3d95000, 0x00007f10c40b6000]
 total_blobs=2661 nmethods=1624 adapters=534
 compilation: enabled

Compilation events (10 events):
Event: 2.683 Thread 0x00007f10dc16a000 1621 %     3       parser.PrismParser::Module @ 172 (277 bytes)
Event: 2.684 Thread 0x00007f10dc166000 1622       4       sun.nio.cs.UTF_8$Decoder::xflow (31 bytes)
Event: 2.685 Thread 0x00007f10dc16a000 nmethod 1621% 0x00007f10c438c690 code [0x00007f10c438ca60, 0x00007f10c438e0e8]
Event: 2.688 Thread 0x00007f10dc166000 nmethod 1622 0x00007f10cb6d2d90 code [0x00007f10cb6d2f40, 0x00007f10cb6d3258]
Event: 2.703 Thread 0x00007f10dc16a000 1623       3       parser.PrismParser::Module (277 bytes)
Event: 2.705 Thread 0x00007f10dc16a000 nmethod 1623 0x00007f10c438ea90 code [0x00007f10c438ee60, 0x00007f10c43903c8]
Event: 2.838 Thread 0x00007f10dc168000 1624   !   4       java.nio.charset.CharsetDecoder::decode (287 bytes)
Event: 2.838 Thread 0x00007f10dc164000 1625       4       sun.nio.cs.UTF_8$Decoder::decodeLoop (28 bytes)
Event: 2.839 Thread 0x00007f10dc164000 nmethod 1625 0x00007f10cb6d3610 code [0x00007f10cb6d37c0, 0x00007f10cb6d38e8]
Event: 3.073 Thread 0x00007f10dc168000 nmethod 1624 0x00007f10cb6d3a90 code [0x00007f10cb6d3c40, 0x00007f10cb6d3e88]

GC Heap History (10 events):
Event: 1.698 GC heap after
{Heap after GC invocations=12 (full 0):
 garbage-first heap   total 1720320K, used 606208K [0x00007ef794000000, 0x00007f1094000000)
  region size 16384K, 1 young (16384K), 1 survivors (16384K)
 Metaspace       used 18050K, capacity 18302K, committed 18432K, reserved 18432K
}
Event: 1.774 GC heap before
{Heap before GC invocations=12 (full 0):
 garbage-first heap   total 1720320K, used 737280K [0x00007ef794000000, 0x00007f1094000000)
  region size 16384K, 9 young (147456K), 1 survivors (16384K)
 Metaspace       used 18050K, capacity 18302K, committed 18432K, reserved 18432K
}
Event: 1.916 GC heap after
{Heap after GC invocations=13 (full 0):
 garbage-first heap   total 5160960K, used 743438K [0x00007ef794000000, 0x00007f1094000000)
  region size 16384K, 2 young (32768K), 2 survivors (32768K)
 Metaspace       used 18050K, capacity 18302K, committed 18432K, reserved 18432K
}
Event: 2.088 GC heap before
{Heap before GC invocations=13 (full 0):
 garbage-first heap   total 5160960K, used 956430K [0x00007ef794000000, 0x00007f1094000000)
  region size 16384K, 15 young (245760K), 2 survivors (32768K)
 Metaspace       used 18050K, capacity 18302K, committed 18432K, reserved 18432K
}
Event: 2.318 GC heap after
{Heap after GC invocations=14 (full 0):
 garbage-first heap   total 5160960K, used 954573K [0x00007ef794000000, 0x00007f1094000000)
  region size 16384K, 2 young (32768K), 2 survivors (32768K)
 Metaspace       used 18050K, capacity 18302K, committed 18432K, reserved 18432K
}
Event: 2.449 GC heap before
{Heap before GC invocations=14 (full 0):
 garbage-first heap   total 5160960K, used 1167565K [0x00007ef794000000, 0x00007f1094000000)
  region size 16384K, 15 young (245760K), 2 survivors (32768K)
 Metaspace       used 18050K, capacity 18302K, committed 18432K, reserved 18432K
}
Event: 2.665 GC heap after
{Heap after GC invocations=15 (full 0):
 garbage-first heap   total 5160960K, used 1174041K [0x00007ef794000000, 0x00007f1094000000)
  region size 16384K, 2 young (32768K), 2 survivors (32768K)
 Metaspace       used 18050K, capacity 18302K, committed 18432K, reserved 18432K
}
Event: 2.839 GC heap before
{Heap before GC invocations=15 (full 0):
 garbage-first heap   total 5160960K, used 1387033K [0x00007ef794000000, 0x00007f1094000000)
  region size 16384K, 15 young (245760K), 2 survivors (32768K)
 Metaspace       used 18054K, capacity 18302K, committed 18432K, reserved 18432K
}
Event: 3.073 GC heap after
{Heap after GC invocations=16 (full 0):
 garbage-first heap   total 5160960K, used 1396598K [0x00007ef794000000, 0x00007f1094000000)
  region size 16384K, 2 young (32768K), 2 survivors (32768K)
 Metaspace       used 18054K, capacity 18302K, committed 18432K, reserved 18432K
}
Event: 3.247 GC heap before
{Heap before GC invocations=16 (full 0):
 garbage-first heap   total 5160960K, used 1609590K [0x00007ef794000000, 0x00007f1094000000)
  region size 16384K, 15 young (245760K), 2 survivors (32768K)
 Metaspace       used 18054K, capacity 18302K, committed 18432K, reserved 18432K
}

Deoptimization events (10 events):
Event: 0.155 Thread 0x00007f10dc012000 Uncommon trap: reason=unstable_if action=reinterpret pc=0x00007f10cb607a74 method=java.lang.StringLatin1.replace([BCC)Ljava/lang/String; @ 19 c2
Event: 0.370 Thread 0x00007f10dc012000 Uncommon trap: reason=unstable_if action=reinterpret pc=0x00007f10cb639674 method=java.lang.String.startsWith(Ljava/lang/String;I)Z @ 14 c2
Event: 0.389 Thread 0x00007f10dc012000 Uncommon trap: reason=unstable_if action=reinterpret pc=0x00007f10cb649fd0 method=java.lang.ref.ReferenceQueue.poll()Ljava/lang/ref/Reference; @ 4 c2
Event: 0.389 Thread 0x00007f10dc012000 Uncommon trap: reason=unstable_if action=reinterpret pc=0x00007f10cb639a68 method=java.lang.ref.ReferenceQueue.poll()Ljava/lang/ref/Reference; @ 4 c2
Event: 0.396 Thread 0x00007f10dc012000 Uncommon trap: reason=unstable_if action=reinterpret pc=0x00007f10cb647278 method=java.lang.ref.SoftReference.get()Ljava/lang/Object; @ 17 c2
Event: 0.494 Thread 0x00007f10dc012000 Uncommon trap: reason=unstable_if action=reinterpret pc=0x00007f10cb603514 method=java.lang.String.equals(Ljava/lang/Object;)Z @ 27 c2
Event: 0.499 Thread 0x00007f10dc012000 Uncommon trap: reason=unstable_if action=reinterpret pc=0x00007f10cb5f43fc method=java.lang.String.isLatin1()Z @ 10 c2
Event: 0.500 Thread 0x00007f10dc012000 Uncommon trap: reason=unstable_if action=reinterpret pc=0x00007f10cb5f5568 method=java.lang.String.isLatin1()Z @ 10 c2
Event: 0.502 Thread 0x00007f10dc012000 Uncommon trap: reason=unstable_if action=reinterpret pc=0x00007f10cb6181a4 method=jdk.internal.org.objectweb.asm.Type.getArgumentsAndReturnSizes(Ljava/lang/String;)I @ 88 c2
Event: 0.551 Thread 0x00007f10dc012000 Uncommon trap: reason=unstable_if action=reinterpret pc=0x00007f10cb678ed8 method=parser.SimpleCharStream.readChar()C @ 26 c2

Classes redefined (0 events):
No events

Internal exceptions (10 events):
Event: 0.394 Thread 0x00007f10dc012000 Exception <a 'java/lang/NoSuchMethodError'{0x00007ef7a30e0168}: java.lang.invoke.DirectMethodHandle$Holder.invokeStatic(Ljava/lang/Object;Ljava/lang/Object;Ljava/lang/Object;Ljava/lang/Object;Ljava/lang/Object;Ljava/lang/Object;Ljava/lang/Object;Ljava/lan
Event: 0.395 Thread 0x00007f10dc012000 Exception <a 'java/lang/NoSuchMethodError'{0x00007ef7a310deb8}: java.lang.invoke.DirectMethodHandle$Holder.invokeStatic(Ljava/lang/Object;Ljava/lang/Object;Ljava/lang/Object;Ljava/lang/Object;Ljava/lang/Object;Ljava/lang/Object;Ljava/lang/Object;Ljava/lan
Event: 0.396 Thread 0x00007f10dc012000 Exception <a 'java/lang/NoSuchMethodError'{0x00007ef7a313df40}: method resolution failed> (0x00007ef7a313df40) thrown at [/build/openjdk-lts-HXybSI/openjdk-lts-10.0.2+13/src/hotspot/share/prims/methodHandles.cpp, line 1226]
Event: 0.400 Thread 0x00007f10dc012000 Exception <a 'java/lang/NoSuchMethodError'{0x00007ef7a3203f10}: java.lang.invoke.DirectMethodHandle$Holder.invokeSpecial(Ljava/lang/Object;Ljava/lang/Object;IILjava/lang/Object;Ljava/lang/Object;Ljava/lang/Object;Ljava/lang/Object;)Ljava/lang/Object;> (0x
Event: 0.400 Thread 0x00007f10dc012000 Exception <a 'java/lang/NoSuchMethodError'{0x00007ef7a3208c98}: java.lang.invoke.DelegatingMethodHandle$Holder.reinvoke_L(Ljava/lang/Object;IILjava/lang/Object;Ljava/lang/Object;Ljava/lang/Object;Ljava/lang/Object;)Ljava/lang/Object;> (0x00007ef7a3208c98)
Event: 0.413 Thread 0x00007f10dc012000 Exception <a 'java/lang/NoSuchMethodError'{0x00007ef7a345aea0}: java.lang.invoke.DirectMethodHandle$Holder.invokeStatic(Ljava/lang/Object;Ljava/lang/Object;Ljava/lang/Object;Ljava/lang/Object;Ljava/lang/Object;Ljava/lang/Object;Ljava/lang/Object;Ljava/lan
Event: 0.413 Thread 0x00007f10dc012000 Exception <a 'java/lang/NoSuchMethodError'{0x00007ef7a346dec0}: java.lang.invoke.DirectMethodHandle$Holder.invokeStatic(Ljava/lang/Object;Ljava/lang/Object;Ljava/lang/Object;Ljava/lang/Object;Ljava/lang/Object;Ljava/lang/Object;Ljava/lang/Object;Ljava/lan
Event: 0.414 Thread 0x00007f10dc012000 Exception <a 'java/lang/NoSuchMethodError'{0x00007ef7a3481400}: java.lang.invoke.DirectMethodHandle$Holder.invokeStatic(Ljava/lang/Object;Ljava/lang/Object;Ljava/lang/Object;Ljava/lang/Object;Ljava/lang/Object;Ljava/lang/Object;Ljava/lang/Object;Ljava/lan
Event: 0.513 Thread 0x00007f10dc012000 Exception <a 'java/lang/NoSuchMethodError'{0x00007ef7a38d7a90}: java.lang.Object.lambda$union$2(Ljava/util/regex/Pattern$CharPredicate;I)Z> (0x00007ef7a38d7a90) thrown at [/build/openjdk-lts-HXybSI/openjdk-lts-10.0.2+13/src/hotspot/share/interpreter/linkR
Event: 0.513 Thread 0x00007f10dc012000 Exception <a 'java/lang/NoSuchMethodError'{0x00007ef7a38dca28}: java.lang.Object.lambda$negate$3(I)Z> (0x00007ef7a38dca28) thrown at [/build/openjdk-lts-HXybSI/openjdk-lts-10.0.2+13/src/hotspot/share/interpreter/linkResolver.cpp, line 741]

Events (10 events):
Event: 1.698 Executing VM operation: G1IncCollectionPause done
Event: 1.774 Executing VM operation: G1IncCollectionPause
Event: 1.916 Executing VM operation: G1IncCollectionPause done
Event: 2.088 Executing VM operation: G1IncCollectionPause
Event: 2.318 Executing VM operation: G1IncCollectionPause done
Event: 2.449 Executing VM operation: G1IncCollectionPause
Event: 2.665 Executing VM operation: G1IncCollectionPause done
Event: 2.839 Executing VM operation: G1IncCollectionPause
Event: 3.073 Executing VM operation: G1IncCollectionPause done
Event: 3.247 Executing VM operation: G1IncCollectionPause


Dynamic libraries:
55d907dcc000-55d907dcd000 r-xp 00000000 103:04 529357                    /usr/lib/jvm/java-11-openjdk-amd64/bin/java
55d907fcd000-55d907fce000 r--p 00001000 103:04 529357                    /usr/lib/jvm/java-11-openjdk-amd64/bin/java
55d907fce000-55d907fcf000 rw-p 00002000 103:04 529357                    /usr/lib/jvm/java-11-openjdk-amd64/bin/java
55d908790000-55d9087b1000 rw-p 00000000 00:00 0                          [heap]
7ef620c25000-7ef622c28000 rw-p 00000000 00:00 0 
7ef622c28000-7ef622c2f000 r-xp 00000000 103:09 5773602                   /home/william/prism-4.4-linux64/lib/libjdd.so
7ef622c2f000-7ef622e2e000 ---p 00007000 103:09 5773602                   /home/william/prism-4.4-linux64/lib/libjdd.so
7ef622e2e000-7ef622e2f000 r--p 00006000 103:09 5773602                   /home/william/prism-4.4-linux64/lib/libjdd.so
7ef622e2f000-7ef622e30000 rw-p 00007000 103:09 5773602                   /home/william/prism-4.4-linux64/lib/libjdd.so
7ef622e30000-7ef622e43000 r-xp 00000000 103:09 5773619                   /home/william/prism-4.4-linux64/lib/libprismmtbdd.so
7ef622e43000-7ef623043000 ---p 00013000 103:09 5773619                   /home/william/prism-4.4-linux64/lib/libprismmtbdd.so
7ef623043000-7ef623044000 r--p 00013000 103:09 5773619                   /home/william/prism-4.4-linux64/lib/libprismmtbdd.so
7ef623044000-7ef623045000 rw-p 00014000 103:09 5773619                   /home/william/prism-4.4-linux64/lib/libprismmtbdd.so
7ef623045000-7ef623079000 r-xp 00000000 103:09 5773608                   /home/william/prism-4.4-linux64/lib/libprismhybrid.so
7ef623079000-7ef623279000 ---p 00034000 103:09 5773608                   /home/william/prism-4.4-linux64/lib/libprismhybrid.so
7ef623279000-7ef62327a000 r--p 00034000 103:09 5773608                   /home/william/prism-4.4-linux64/lib/libprismhybrid.so
7ef62327a000-7ef62327b000 rw-p 00035000 103:09 5773608                   /home/william/prism-4.4-linux64/lib/libprismhybrid.so
7ef62327b000-7ef623319000 r-xp 00000000 103:09 5773612                   /home/william/prism-4.4-linux64/lib/liblpsolve55.so
7ef623319000-7ef623519000 ---p 0009e000 103:09 5773612                   /home/william/prism-4.4-linux64/lib/liblpsolve55.so
7ef623519000-7ef62351a000 r--p 0009e000 103:09 5773612                   /home/william/prism-4.4-linux64/lib/liblpsolve55.so
7ef62351a000-7ef62351b000 rw-p 0009f000 103:09 5773612                   /home/william/prism-4.4-linux64/lib/liblpsolve55.so
7ef62351b000-7ef62352a000 r-xp 00000000 103:09 5773609                   /home/william/prism-4.4-linux64/lib/libdv.so
7ef62352a000-7ef623729000 ---p 0000f000 103:09 5773609                   /home/william/prism-4.4-linux64/lib/libdv.so
7ef623729000-7ef62372a000 r--p 0000e000 103:09 5773609                   /home/william/prism-4.4-linux64/lib/libdv.so
7ef62372a000-7ef62372b000 rw-p 0000f000 103:09 5773609                   /home/william/prism-4.4-linux64/lib/libdv.so
7ef62372b000-7ef6237b7000 r-xp 00000000 103:09 5773613                   /home/william/prism-4.4-linux64/lib/libdd.so
7ef6237b7000-7ef6239b6000 ---p 0008c000 103:09 5773613                   /home/william/prism-4.4-linux64/lib/libdd.so
7ef6239b6000-7ef6239b7000 r--p 0008b000 103:09 5773613                   /home/william/prism-4.4-linux64/lib/libdd.so
7ef6239b7000-7ef6239b8000 rw-p 0008c000 103:09 5773613                   /home/william/prism-4.4-linux64/lib/libdd.so
7ef6239b8000-7ef6239b9000 rw-p 00000000 00:00 0 
7ef6239b9000-7ef6239bd000 r-xp 00000000 103:09 5773618                   /home/william/prism-4.4-linux64/lib/libodd.so
7ef6239bd000-7ef623bbc000 ---p 00004000 103:09 5773618                   /home/william/prism-4.4-linux64/lib/libodd.so
7ef623bbc000-7ef623bbd000 r--p 00003000 103:09 5773618                   /home/william/prism-4.4-linux64/lib/libodd.so
7ef623bbd000-7ef623bbe000 rw-p 00004000 103:09 5773618                   /home/william/prism-4.4-linux64/lib/libodd.so
7ef623bbe000-7ef623bff000 r-xp 00000000 103:09 5773615                   /home/william/prism-4.4-linux64/lib/libprismsparse.so
7ef623bff000-7ef623dfe000 ---p 00041000 103:09 5773615                   /home/william/prism-4.4-linux64/lib/libprismsparse.so
7ef623dfe000-7ef623dff000 r--p 00040000 103:09 5773615                   /home/william/prism-4.4-linux64/lib/libprismsparse.so
7ef623dff000-7ef623e00000 rw-p 00041000 103:09 5773615                   /home/william/prism-4.4-linux64/lib/libprismsparse.so
7ef623e00000-7ef624000000 rw-p 00000000 00:00 0 
7ef624000000-7ef624021000 rw-p 00000000 00:00 0 
7ef624021000-7ef628000000 ---p 00000000 00:00 0 
7ef628000000-7ef628021000 rw-p 00000000 00:00 0 
7ef628021000-7ef62c000000 ---p 00000000 00:00 0 
7ef62c000000-7ef62c021000 rw-p 00000000 00:00 0 
7ef62c021000-7ef630000000 ---p 00000000 00:00 0 
7ef630000000-7ef630021000 rw-p 00000000 00:00 0 
7ef630021000-7ef634000000 ---p 00000000 00:00 0 
7ef634000000-7ef634021000 rw-p 00000000 00:00 0 
7ef634021000-7ef638000000 ---p 00000000 00:00 0 
7ef638000000-7ef638021000 rw-p 00000000 00:00 0 
7ef638021000-7ef63c000000 ---p 00000000 00:00 0 
7ef63c000000-7ef63c021000 rw-p 00000000 00:00 0 
7ef63c021000-7ef640000000 ---p 00000000 00:00 0 
7ef640000000-7ef640021000 rw-p 00000000 00:00 0 
7ef640021000-7ef644000000 ---p 00000000 00:00 0 
7ef644000000-7ef6443f3000 rw-p 00000000 00:00 0 
7ef6443f3000-7ef648000000 ---p 00000000 00:00 0 
7ef648000000-7ef648021000 rw-p 00000000 00:00 0 
7ef648021000-7ef64c000000 ---p 00000000 00:00 0 
7ef64c000000-7ef64c81d000 rw-p 00000000 00:00 0 
7ef64c81d000-7ef650000000 ---p 00000000 00:00 0 
7ef650000000-7ef650993000 rw-p 00000000 00:00 0 
7ef650993000-7ef654000000 ---p 00000000 00:00 0 
7ef6541b5000-7ef6541b9000 ---p 00000000 00:00 0 
7ef6541b9000-7ef6545b6000 rw-p 00000000 00:00 0 
7ef6545b6000-7ef6545ba000 ---p 00000000 00:00 0 
7ef6545ba000-7ef6549b7000 rw-p 00000000 00:00 0 
7ef6549b7000-7ef6549e8000 r-xp 00000000 103:04 534498                    /usr/lib/x86_64-linux-gnu/libpng16.so.16.34.0
7ef6549e8000-7ef654be7000 ---p 00031000 103:04 534498                    /usr/lib/x86_64-linux-gnu/libpng16.so.16.34.0
7ef654be7000-7ef654be8000 r--p 00030000 103:04 534498                    /usr/lib/x86_64-linux-gnu/libpng16.so.16.34.0
7ef654be8000-7ef654be9000 rw-p 00031000 103:04 534498                    /usr/lib/x86_64-linux-gnu/libpng16.so.16.34.0
7ef654be9000-7ef654c96000 r-xp 00000000 103:04 534008                    /usr/lib/x86_64-linux-gnu/libfreetype.so.6.15.0
7ef654c96000-7ef654e95000 ---p 000ad000 103:04 534008                    /usr/lib/x86_64-linux-gnu/libfreetype.so.6.15.0
7ef654e95000-7ef654e9c000 r--p 000ac000 103:04 534008                    /usr/lib/x86_64-linux-gnu/libfreetype.so.6.15.0
7ef654e9c000-7ef654e9d000 rw-p 000b3000 103:04 534008                    /usr/lib/x86_64-linux-gnu/libfreetype.so.6.15.0
7ef654e9d000-7ef654f32000 r-xp 00000000 103:04 664524                    /usr/lib/jvm/java-11-openjdk-amd64/lib/libfontmanager.so
7ef654f32000-7ef655132000 ---p 00095000 103:04 664524                    /usr/lib/jvm/java-11-openjdk-amd64/lib/libfontmanager.so
7ef655132000-7ef655133000 r--p 00095000 103:04 664524                    /usr/lib/jvm/java-11-openjdk-amd64/lib/libfontmanager.so
7ef655133000-7ef655134000 rw-p 00096000 103:04 664524                    /usr/lib/jvm/java-11-openjdk-amd64/lib/libfontmanager.so
7ef655134000-7ef655335000 rw-p 00000000 00:00 0 
7ef655335000-7ef655339000 ---p 00000000 00:00 0 
7ef655339000-7ef655736000 rw-p 00000000 00:00 0 
7ef655736000-7ef65573a000 ---p 00000000 00:00 0 
7ef65573a000-7ef655b37000 rw-p 00000000 00:00 0 
7ef655b37000-7ef655b3b000 ---p 00000000 00:00 0 
7ef655b3b000-7ef656138000 rw-p 00000000 00:00 0 
7ef6561f0000-7ef6563f0000 rw-p 00000000 00:00 0 
7ef6563f0000-7ef6565f0000 rw-p 00000000 00:00 0 
7ef6565f0000-7ef6565f8000 r-xp 00000000 103:04 664512                    /usr/lib/jvm/java-11-openjdk-amd64/lib/libawt_headless.so
7ef6565f8000-7ef6567f7000 ---p 00008000 103:04 664512                    /usr/lib/jvm/java-11-openjdk-amd64/lib/libawt_headless.so
7ef6567f7000-7ef6567f8000 r--p 00007000 103:04 664512                    /usr/lib/jvm/java-11-openjdk-amd64/lib/libawt_headless.so
7ef6567f8000-7ef6567f9000 rw-p 00008000 103:04 664512                    /usr/lib/jvm/java-11-openjdk-amd64/lib/libawt_headless.so
7ef6567f9000-7ef656899000 r-xp 00000000 103:04 664508                    /usr/lib/jvm/java-11-openjdk-amd64/lib/libawt.so
7ef656899000-7ef656a99000 ---p 000a0000 103:04 664508                    /usr/lib/jvm/java-11-openjdk-amd64/lib/libawt.so
7ef656a99000-7ef656a9a000 r--p 000a0000 103:04 664508                    /usr/lib/jvm/java-11-openjdk-amd64/lib/libawt.so
7ef656a9a000-7ef656aa5000 rw-p 000a1000 103:04 664508                    /usr/lib/jvm/java-11-openjdk-amd64/lib/libawt.so
7ef656aa5000-7ef656aca000 rw-p 00000000 00:00 0 
7ef656aca000-7ef656ace000 r-xp 00000000 103:09 5773622                   /home/william/prism-4.4-linux64/lib/libprism.so
7ef656ace000-7ef656ccd000 ---p 00004000 103:09 5773622                   /home/william/prism-4.4-linux64/lib/libprism.so
7ef656ccd000-7ef656cce000 r--p 00003000 103:09 5773622                   /home/william/prism-4.4-linux64/lib/libprism.so
7ef656cce000-7ef656ccf000 rw-p 00004000 103:09 5773622                   /home/william/prism-4.4-linux64/lib/libprism.so
7ef656ccf000-7ef656ce6000 r-xp 00000000 103:04 664825                    /usr/lib/jvm/java-11-openjdk-amd64/lib/libnet.so
7ef656ce6000-7ef656ee5000 ---p 00017000 103:04 664825                    /usr/lib/jvm/java-11-openjdk-amd64/lib/libnet.so
7ef656ee5000-7ef656ee6000 r--p 00016000 103:04 664825                    /usr/lib/jvm/java-11-openjdk-amd64/lib/libnet.so
7ef656ee6000-7ef656ee7000 rw-p 00017000 103:04 664825                    /usr/lib/jvm/java-11-openjdk-amd64/lib/libnet.so
7ef656ee7000-7ef656ef8000 r-xp 00000000 103:04 664832                    /usr/lib/jvm/java-11-openjdk-amd64/lib/libnio.so
7ef656ef8000-7ef6570f7000 ---p 00011000 103:04 664832                    /usr/lib/jvm/java-11-openjdk-amd64/lib/libnio.so
7ef6570f7000-7ef6570f8000 r--p 00010000 103:04 664832                    /usr/lib/jvm/java-11-openjdk-amd64/lib/libnio.so
7ef6570f8000-7ef6570f9000 rw-p 00011000 103:04 664832                    /usr/lib/jvm/java-11-openjdk-amd64/lib/libnio.so
7ef6570f9000-7ef6570fd000 ---p 00000000 00:00 0 
7ef6570fd000-7ef6574fa000 rw-p 00000000 00:00 0 
7ef6574fa000-7ef6574fb000 ---p 00000000 00:00 0 
7ef6574fb000-7ef6575fc000 rw-p 00000000 00:00 0 
7ef6575fc000-7ef657600000 ---p 00000000 00:00 0 
7ef657600000-7ef6579fd000 rw-p 00000000 00:00 0 
7ef6579fd000-7ef657a01000 ---p 00000000 00:00 0 
7ef657a01000-7ef657dfe000 rw-p 00000000 00:00 0 
7ef657dfe000-7ef657e02000 ---p 00000000 00:00 0 
7ef657e02000-7ef657eff000 rw-p 00000000 00:00 0 
7ef657eff000-7ef657f03000 ---p 00000000 00:00 0 
7ef657f03000-7ef658000000 rw-p 00000000 00:00 0 
7ef658000000-7ef658021000 rw-p 00000000 00:00 0 
7ef658021000-7ef65c000000 ---p 00000000 00:00 0 
7ef65c000000-7ef65c933000 rw-p 00000000 00:00 0 
7ef65c933000-7ef660000000 ---p 00000000 00:00 0 
7ef660000000-7ef660021000 rw-p 00000000 00:00 0 
7ef660021000-7ef664000000 ---p 00000000 00:00 0 
7ef664000000-7ef664021000 rw-p 00000000 00:00 0 
7ef664021000-7ef668000000 ---p 00000000 00:00 0 
7ef668000000-7ef668021000 rw-p 00000000 00:00 0 
7ef668021000-7ef66c000000 ---p 00000000 00:00 0 
7ef66c000000-7ef66c2fb000 rw-p 00000000 00:00 0 
7ef66c2fb000-7ef670000000 ---p 00000000 00:00 0 
7ef670000000-7ef67004c000 rw-p 00000000 00:00 0 
7ef67004c000-7ef674000000 ---p 00000000 00:00 0 
7ef674000000-7ef674049000 rw-p 00000000 00:00 0 
7ef674049000-7ef678000000 ---p 00000000 00:00 0 
7ef678000000-7ef678031000 rw-p 00000000 00:00 0 
7ef678031000-7ef67c000000 ---p 00000000 00:00 0 
7ef67c000000-7ef67c055000 rw-p 00000000 00:00 0 
7ef67c055000-7ef680000000 ---p 00000000 00:00 0 
7ef680000000-7ef680066000 rw-p 00000000 00:00 0 
7ef680066000-7ef684000000 ---p 00000000 00:00 0 
7ef684000000-7ef68404b000 rw-p 00000000 00:00 0 
7ef68404b000-7ef688000000 ---p 00000000 00:00 0 
7ef688000000-7ef688056000 rw-p 00000000 00:00 0 
7ef688056000-7ef68c000000 ---p 00000000 00:00 0 
7ef68c000000-7ef68c04d000 rw-p 00000000 00:00 0 
7ef68c04d000-7ef690000000 ---p 00000000 00:00 0 
7ef690000000-7ef690051000 rw-p 00000000 00:00 0 
7ef690051000-7ef694000000 ---p 00000000 00:00 0 
7ef694000000-7ef69405f000 rw-p 00000000 00:00 0 
7ef69405f000-7ef698000000 ---p 00000000 00:00 0 
7ef698000000-7ef698021000 rw-p 00000000 00:00 0 
7ef698021000-7ef69c000000 ---p 00000000 00:00 0 
7ef69c000000-7ef69c021000 rw-p 00000000 00:00 0 
7ef69c021000-7ef6a0000000 ---p 00000000 00:00 0 
7ef6a0000000-7ef6a0021000 rw-p 00000000 00:00 0 
7ef6a0021000-7ef6a4000000 ---p 00000000 00:00 0 
7ef6a401c000-7ef6a404d000 rw-p 00000000 00:00 0 
7ef6a404d000-7ef6a4051000 ---p 00000000 00:00 0 
7ef6a4051000-7ef6a414e000 rw-p 00000000 00:00 0 
7ef6a414e000-7ef6a4152000 ---p 00000000 00:00 0 
7ef6a4152000-7ef6a424f000 rw-p 00000000 00:00 0 
7ef6a424f000-7ef6a4253000 ---p 00000000 00:00 0 
7ef6a4253000-7ef6a4650000 rw-p 00000000 00:00 0 
7ef6a4650000-7ef6a501f000 r--p 00000000 103:04 531372                    /usr/lib/locale/locale-archive
7ef6a501f000-7ef6a5023000 ---p 00000000 00:00 0 
7ef6a5023000-7ef6a5420000 rw-p 00000000 00:00 0 
7ef6a5420000-7ef6a5424000 ---p 00000000 00:00 0 
7ef6a5424000-7ef6a5821000 rw-p 00000000 00:00 0 
7ef6a5821000-7ef6a5822000 ---p 00000000 00:00 0 
7ef6a5822000-7ef6a61f4000 rw-p 00000000 00:00 0 
7ef6a61f4000-7ef6a61f5000 ---p 00000000 00:00 0 
7ef6a61f5000-7ef6a62f6000 rw-p 00000000 00:00 0 
7ef6a62f6000-7ef6a62f7000 ---p 00000000 00:00 0 
7ef6a62f7000-7ef6a63f8000 rw-p 00000000 00:00 0 
7ef6a63f8000-7ef6a63f9000 ---p 00000000 00:00 0 
7ef6a63f9000-7ef6a64fa000 rw-p 00000000 00:00 0 
7ef6a64fa000-7ef6a64fb000 ---p 00000000 00:00 0 
7ef6a64fb000-7ef6a65fc000 rw-p 00000000 00:00 0 
7ef6a65fc000-7ef6a65fd000 ---p 00000000 00:00 0 
7ef6a65fd000-7ef6a66fe000 rw-p 00000000 00:00 0 
7ef6a66fe000-7ef6a66ff000 ---p 00000000 00:00 0 
7ef6a66ff000-7ef6ab6c0000 rw-p 00000000 00:00 0 
7ef6ab6c0000-7ef70a800000 ---p 00000000 00:00 0 
7ef70a800000-7ef70f6c0000 rw-p 00000000 00:00 0 
7ef70f6c0000-7ef76e800000 ---p 00000000 00:00 0 
7ef76e800000-7ef76f1d8000 rw-p 00000000 00:00 0 
7ef76f1d8000-7ef77b000000 ---p 00000000 00:00 0 
7ef77b000000-7ef77b9d8000 rw-p 00000000 00:00 0 
7ef77b9d8000-7ef787800000 ---p 00000000 00:00 0 
7ef787800000-7ef7881d8000 rw-p 00000000 00:00 0 
7ef7881d8000-7ef794000000 ---p 00000000 00:00 0 
7ef794000000-7ef8cf000000 rw-p 00000000 00:00 0 
7efb45000000-7f1094000000 ---p 00000000 00:00 0 
7f1094000000-7f1094054000 rw-p 00000000 00:00 0 
7f1094054000-7f1098000000 ---p 00000000 00:00 0 
7f1098000000-7f1098021000 rw-p 00000000 00:00 0 
7f1098021000-7f109c000000 ---p 00000000 00:00 0 
7f109c000000-7f109c04d000 rw-p 00000000 00:00 0 
7f109c04d000-7f10a0000000 ---p 00000000 00:00 0 
7f10a0000000-7f10a0050000 rw-p 00000000 00:00 0 
7f10a0050000-7f10a4000000 ---p 00000000 00:00 0 
7f10a4000000-7f10a4054000 rw-p 00000000 00:00 0 
7f10a4054000-7f10a8000000 ---p 00000000 00:00 0 
7f10a8000000-7f10a8050000 rw-p 00000000 00:00 0 
7f10a8050000-7f10ac000000 ---p 00000000 00:00 0 
7f10ac000000-7f10ac052000 rw-p 00000000 00:00 0 
7f10ac052000-7f10b0000000 ---p 00000000 00:00 0 
7f10b0000000-7f10b004f000 rw-p 00000000 00:00 0 
7f10b004f000-7f10b4000000 ---p 00000000 00:00 0 
7f10b4000000-7f10b4053000 rw-p 00000000 00:00 0 
7f10b4053000-7f10b8000000 ---p 00000000 00:00 0 
7f10b8000000-7f10b8054000 rw-p 00000000 00:00 0 
7f10b8054000-7f10bc000000 ---p 00000000 00:00 0 
7f10bc000000-7f10bc04f000 rw-p 00000000 00:00 0 
7f10bc04f000-7f10c0000000 ---p 00000000 00:00 0 
7f10c0021000-7f10c0022000 ---p 00000000 00:00 0 
7f10c0022000-7f10c0123000 rw-p 00000000 00:00 0 
7f10c0123000-7f10c0124000 ---p 00000000 00:00 0 
7f10c0124000-7f10c3b25000 rw-p 00000000 00:00 0 
7f10c3b25000-7f10c3d95000 rwxp 00000000 00:00 0 
7f10c3d95000-7f10c40b6000 ---p 00000000 00:00 0 
7f10c40b6000-7f10c4396000 rwxp 00000000 00:00 0 
7f10c4396000-7f10cb5ed000 ---p 00000000 00:00 0 
7f10cb5ed000-7f10cb85d000 rwxp 00000000 00:00 0 
7f10cb85d000-7f10d2b25000 ---p 00000000 00:00 0 
7f10d2b25000-7f10dc000000 r--s 00000000 103:04 670543                    /usr/lib/jvm/java-11-openjdk-amd64/lib/modules
7f10dc000000-7f10dc6c4000 rw-p 00000000 00:00 0 
7f10dc6c4000-7f10e0000000 ---p 00000000 00:00 0 
7f10e0002000-7f10e002a000 rw-p 00000000 00:00 0 
7f10e002a000-7f10e002b000 ---p 00000000 00:00 0 
7f10e002b000-7f10e012c000 rw-p 00000000 00:00 0 
7f10e012c000-7f10e012d000 ---p 00000000 00:00 0 
7f10e012d000-7f10e022e000 rw-p 00000000 00:00 0 
7f10e022e000-7f10e022f000 ---p 00000000 00:00 0 
7f10e022f000-7f10e0d3a000 rw-p 00000000 00:00 0 
7f10e0d3a000-7f10e0d3b000 ---p 00000000 00:00 0 
7f10e0d3b000-7f10e0e3c000 rw-p 00000000 00:00 0 
7f10e0e3c000-7f10e0e3d000 ---p 00000000 00:00 0 
7f10e0e3d000-7f10e0f3e000 rw-p 00000000 00:00 0 
7f10e0f3e000-7f10e0f3f000 ---p 00000000 00:00 0 
7f10e0f3f000-7f10e1040000 rw-p 00000000 00:00 0 
7f10e1040000-7f10e1041000 ---p 00000000 00:00 0 
7f10e1041000-7f10e1f42000 rw-p 00000000 00:00 0 
7f10e1f42000-7f10e1f43000 ---p 00000000 00:00 0 
7f10e1f43000-7f10e2044000 rw-p 00000000 00:00 0 
7f10e2044000-7f10e2045000 ---p 00000000 00:00 0 
7f10e2045000-7f10e2146000 rw-p 00000000 00:00 0 
7f10e2146000-7f10e2147000 ---p 00000000 00:00 0 
7f10e2147000-7f10e2248000 rw-p 00000000 00:00 0 
7f10e2248000-7f10e2249000 ---p 00000000 00:00 0 
7f10e2249000-7f10e234a000 rw-p 00000000 00:00 0 
7f10e234a000-7f10e234b000 ---p 00000000 00:00 0 
7f10e234b000-7f10e244c000 rw-p 00000000 00:00 0 
7f10e244c000-7f10e244d000 ---p 00000000 00:00 0 
7f10e244d000-7f10e254e000 rw-p 00000000 00:00 0 
7f10e254e000-7f10e254f000 ---p 00000000 00:00 0 
7f10e254f000-7f10e2650000 rw-p 00000000 00:00 0 
7f10e2650000-7f10e2651000 ---p 00000000 00:00 0 
7f10e2651000-7f10e2752000 rw-p 00000000 00:00 0 
7f10e2752000-7f10e2753000 ---p 00000000 00:00 0 
7f10e2753000-7f10e2854000 rw-p 00000000 00:00 0 
7f10e2854000-7f10e2855000 ---p 00000000 00:00 0 
7f10e2855000-7f10e2956000 rw-p 00000000 00:00 0 
7f10e2956000-7f10e295b000 r-xp 00000000 103:04 664738                    /usr/lib/jvm/java-11-openjdk-amd64/lib/libjimage.so
7f10e295b000-7f10e2b5a000 ---p 00005000 103:04 664738                    /usr/lib/jvm/java-11-openjdk-amd64/lib/libjimage.so
7f10e2b5a000-7f10e2b5b000 r--p 00004000 103:04 664738                    /usr/lib/jvm/java-11-openjdk-amd64/lib/libjimage.so
7f10e2b5b000-7f10e2b5c000 rw-p 00005000 103:04 664738                    /usr/lib/jvm/java-11-openjdk-amd64/lib/libjimage.so
7f10e2b5c000-7f10e2b63000 r-xp 00000000 103:04 670542                    /usr/lib/jvm/java-11-openjdk-amd64/lib/libzip.so
7f10e2b63000-7f10e2d62000 ---p 00007000 103:04 670542                    /usr/lib/jvm/java-11-openjdk-amd64/lib/libzip.so
7f10e2d62000-7f10e2d63000 r--p 00006000 103:04 670542                    /usr/lib/jvm/java-11-openjdk-amd64/lib/libzip.so
7f10e2d63000-7f10e2d64000 rw-p 00007000 103:04 670542                    /usr/lib/jvm/java-11-openjdk-amd64/lib/libzip.so
7f10e2d64000-7f10e2d6f000 r-xp 00000000 103:04 267847                    /lib/x86_64-linux-gnu/libnss_files-2.27.so
7f10e2d6f000-7f10e2f6e000 ---p 0000b000 103:04 267847                    /lib/x86_64-linux-gnu/libnss_files-2.27.so
7f10e2f6e000-7f10e2f6f000 r--p 0000a000 103:04 267847                    /lib/x86_64-linux-gnu/libnss_files-2.27.so
7f10e2f6f000-7f10e2f70000 rw-p 0000b000 103:04 267847                    /lib/x86_64-linux-gnu/libnss_files-2.27.so
7f10e2f70000-7f10e2f76000 rw-p 00000000 00:00 0 
7f10e2f76000-7f10e2f8d000 r-xp 00000000 103:04 267841                    /lib/x86_64-linux-gnu/libnsl-2.27.so
7f10e2f8d000-7f10e318c000 ---p 00017000 103:04 267841                    /lib/x86_64-linux-gnu/libnsl-2.27.so
7f10e318c000-7f10e318d000 r--p 00016000 103:04 267841                    /lib/x86_64-linux-gnu/libnsl-2.27.so
7f10e318d000-7f10e318e000 rw-p 00017000 103:04 267841                    /lib/x86_64-linux-gnu/libnsl-2.27.so
7f10e318e000-7f10e3190000 rw-p 00000000 00:00 0 
7f10e3190000-7f10e319b000 r-xp 00000000 103:04 267858                    /lib/x86_64-linux-gnu/libnss_nis-2.27.so
7f10e319b000-7f10e339a000 ---p 0000b000 103:04 267858                    /lib/x86_64-linux-gnu/libnss_nis-2.27.so
7f10e339a000-7f10e339b000 r--p 0000a000 103:04 267858                    /lib/x86_64-linux-gnu/libnss_nis-2.27.so
7f10e339b000-7f10e339c000 rw-p 0000b000 103:04 267858                    /lib/x86_64-linux-gnu/libnss_nis-2.27.so
7f10e339c000-7f10e33a4000 r-xp 00000000 103:04 267843                    /lib/x86_64-linux-gnu/libnss_compat-2.27.so
7f10e33a4000-7f10e35a4000 ---p 00008000 103:04 267843                    /lib/x86_64-linux-gnu/libnss_compat-2.27.so
7f10e35a4000-7f10e35a5000 r--p 00008000 103:04 267843                    /lib/x86_64-linux-gnu/libnss_compat-2.27.so
7f10e35a5000-7f10e35a6000 rw-p 00009000 103:04 267843                    /lib/x86_64-linux-gnu/libnss_compat-2.27.so
7f10e35a6000-7f10e35d2000 r-xp 00000000 103:04 664658                    /usr/lib/jvm/java-11-openjdk-amd64/lib/libjava.so
7f10e35d2000-7f10e37d1000 ---p 0002c000 103:04 664658                    /usr/lib/jvm/java-11-openjdk-amd64/lib/libjava.so
7f10e37d1000-7f10e37d2000 r--p 0002b000 103:04 664658                    /usr/lib/jvm/java-11-openjdk-amd64/lib/libjava.so
7f10e37d2000-7f10e37d4000 rw-p 0002c000 103:04 664658                    /usr/lib/jvm/java-11-openjdk-amd64/lib/libjava.so
7f10e37d4000-7f10e37e1000 r-xp 00000000 103:04 670541                    /usr/lib/jvm/java-11-openjdk-amd64/lib/libverify.so
7f10e37e1000-7f10e39e0000 ---p 0000d000 103:04 670541                    /usr/lib/jvm/java-11-openjdk-amd64/lib/libverify.so
7f10e39e0000-7f10e39e2000 r--p 0000c000 103:04 670541                    /usr/lib/jvm/java-11-openjdk-amd64/lib/libverify.so
7f10e39e2000-7f10e39e3000 rw-p 0000e000 103:04 670541                    /usr/lib/jvm/java-11-openjdk-amd64/lib/libverify.so
7f10e39e3000-7f10e39ea000 r-xp 00000000 103:04 267898                    /lib/x86_64-linux-gnu/librt-2.27.so
7f10e39ea000-7f10e3be9000 ---p 00007000 103:04 267898                    /lib/x86_64-linux-gnu/librt-2.27.so
7f10e3be9000-7f10e3bea000 r--p 00006000 103:04 267898                    /lib/x86_64-linux-gnu/librt-2.27.so
7f10e3bea000-7f10e3beb000 rw-p 00007000 103:04 267898                    /lib/x86_64-linux-gnu/librt-2.27.so
7f10e3beb000-7f10e3bef000 ---p 00000000 00:00 0 
7f10e3bef000-7f10e3fec000 rw-p 00000000 00:00 0 
7f10e3fec000-7f10e4003000 r-xp 00000000 103:04 261825                    /lib/x86_64-linux-gnu/libgcc_s.so.1
7f10e4003000-7f10e4202000 ---p 00017000 103:04 261825                    /lib/x86_64-linux-gnu/libgcc_s.so.1
7f10e4202000-7f10e4203000 r--p 00016000 103:04 261825                    /lib/x86_64-linux-gnu/libgcc_s.so.1
7f10e4203000-7f10e4204000 rw-p 00017000 103:04 261825                    /lib/x86_64-linux-gnu/libgcc_s.so.1
7f10e4204000-7f10e43a1000 r-xp 00000000 103:04 267820                    /lib/x86_64-linux-gnu/libm-2.27.so
7f10e43a1000-7f10e45a0000 ---p 0019d000 103:04 267820                    /lib/x86_64-linux-gnu/libm-2.27.so
7f10e45a0000-7f10e45a1000 r--p 0019c000 103:04 267820                    /lib/x86_64-linux-gnu/libm-2.27.so
7f10e45a1000-7f10e45a2000 rw-p 0019d000 103:04 267820                    /lib/x86_64-linux-gnu/libm-2.27.so
7f10e45a2000-7f10e471b000 r-xp 00000000 103:04 523283                    /usr/lib/x86_64-linux-gnu/libstdc++.so.6.0.25
7f10e471b000-7f10e491b000 ---p 00179000 103:04 523283                    /usr/lib/x86_64-linux-gnu/libstdc++.so.6.0.25
7f10e491b000-7f10e4925000 r--p 00179000 103:04 523283                    /usr/lib/x86_64-linux-gnu/libstdc++.so.6.0.25
7f10e4925000-7f10e4927000 rw-p 00183000 103:04 523283                    /usr/lib/x86_64-linux-gnu/libstdc++.so.6.0.25
7f10e4927000-7f10e492b000 rw-p 00000000 00:00 0 
7f10e492b000-7f10e58c8000 r-xp 00000000 103:04 670546                    /usr/lib/jvm/java-11-openjdk-amd64/lib/server/libjvm.so
7f10e58c8000-7f10e5ac8000 ---p 00f9d000 103:04 670546                    /usr/lib/jvm/java-11-openjdk-amd64/lib/server/libjvm.so
7f10e5ac8000-7f10e5b8c000 r--p 00f9d000 103:04 670546                    /usr/lib/jvm/java-11-openjdk-amd64/lib/server/libjvm.so
7f10e5b8c000-7f10e5bc4000 rw-p 01061000 103:04 670546                    /usr/lib/jvm/java-11-openjdk-amd64/lib/server/libjvm.so
7f10e5bc4000-7f10e5c0d000 rw-p 00000000 00:00 0 
7f10e5c0d000-7f10e5c27000 r-xp 00000000 103:04 267890                    /lib/x86_64-linux-gnu/libpthread-2.27.so
7f10e5c27000-7f10e5e26000 ---p 0001a000 103:04 267890                    /lib/x86_64-linux-gnu/libpthread-2.27.so
7f10e5e26000-7f10e5e27000 r--p 00019000 103:04 267890                    /lib/x86_64-linux-gnu/libpthread-2.27.so
7f10e5e27000-7f10e5e28000 rw-p 0001a000 103:04 267890                    /lib/x86_64-linux-gnu/libpthread-2.27.so
7f10e5e28000-7f10e5e2c000 rw-p 00000000 00:00 0 
7f10e5e2c000-7f10e5e2f000 r-xp 00000000 103:04 267780                    /lib/x86_64-linux-gnu/libdl-2.27.so
7f10e5e2f000-7f10e602e000 ---p 00003000 103:04 267780                    /lib/x86_64-linux-gnu/libdl-2.27.so
7f10e602e000-7f10e602f000 r--p 00002000 103:04 267780                    /lib/x86_64-linux-gnu/libdl-2.27.so
7f10e602f000-7f10e6030000 rw-p 00003000 103:04 267780                    /lib/x86_64-linux-gnu/libdl-2.27.so
7f10e6030000-7f10e604c000 r-xp 00000000 103:04 267929                    /lib/x86_64-linux-gnu/libz.so.1.2.11
7f10e604c000-7f10e624b000 ---p 0001c000 103:04 267929                    /lib/x86_64-linux-gnu/libz.so.1.2.11
7f10e624b000-7f10e624c000 r--p 0001b000 103:04 267929                    /lib/x86_64-linux-gnu/libz.so.1.2.11
7f10e624c000-7f10e624d000 rw-p 0001c000 103:04 267929                    /lib/x86_64-linux-gnu/libz.so.1.2.11
7f10e624d000-7f10e6434000 r-xp 00000000 103:04 267757                    /lib/x86_64-linux-gnu/libc-2.27.so
7f10e6434000-7f10e6634000 ---p 001e7000 103:04 267757                    /lib/x86_64-linux-gnu/libc-2.27.so
7f10e6634000-7f10e6638000 r--p 001e7000 103:04 267757                    /lib/x86_64-linux-gnu/libc-2.27.so
7f10e6638000-7f10e663a000 rw-p 001eb000 103:04 267757                    /lib/x86_64-linux-gnu/libc-2.27.so
7f10e663a000-7f10e663e000 rw-p 00000000 00:00 0 
7f10e663e000-7f10e664d000 r-xp 00000000 103:04 664504                    /usr/lib/jvm/java-11-openjdk-amd64/lib/jli/libjli.so
7f10e664d000-7f10e684c000 ---p 0000f000 103:04 664504                    /usr/lib/jvm/java-11-openjdk-amd64/lib/jli/libjli.so
7f10e684c000-7f10e684d000 r--p 0000e000 103:04 664504                    /usr/lib/jvm/java-11-openjdk-amd64/lib/jli/libjli.so
7f10e684d000-7f10e684e000 rw-p 0000f000 103:04 664504                    /usr/lib/jvm/java-11-openjdk-amd64/lib/jli/libjli.so
7f10e684e000-7f10e6875000 r-xp 00000000 103:04 267729                    /lib/x86_64-linux-gnu/ld-2.27.so
7f10e687f000-7f10e6884000 rw-p 00000000 00:00 0 
7f10e6884000-7f10e696a000 ---p 00000000 00:00 0 
7f10e696a000-7f10e6970000 rw-p 00000000 00:00 0 
7f10e6970000-7f10e6a55000 ---p 00000000 00:00 0 
7f10e6a55000-7f10e6a57000 rw-p 00000000 00:00 0 
7f10e6a5b000-7f10e6a5c000 r--p 00000000 103:04 794806                    /usr/share/locale-langpack/en_GB/LC_MESSAGES/libc.mo
7f10e6a5c000-7f10e6a62000 rw-p 00000000 00:00 0 
7f10e6a62000-7f10e6a69000 ---p 00000000 00:00 0 
7f10e6a69000-7f10e6a71000 rw-s 00000000 103:04 1056593                   /tmp/hsperfdata_william/1040
7f10e6a71000-7f10e6a72000 ---p 00000000 00:00 0 
7f10e6a72000-7f10e6a73000 r--p 00000000 00:00 0 
7f10e6a73000-7f10e6a75000 rw-p 00000000 00:00 0 
7f10e6a75000-7f10e6a76000 r--p 00027000 103:04 267729                    /lib/x86_64-linux-gnu/ld-2.27.so
7f10e6a76000-7f10e6a77000 rw-p 00028000 103:04 267729                    /lib/x86_64-linux-gnu/ld-2.27.so
7f10e6a77000-7f10e6a78000 rw-p 00000000 00:00 0 
7ffe0e662000-7ffe0e683000 rw-p 00000000 00:00 0                          [stack]
7ffe0e7e7000-7ffe0e7ea000 r--p 00000000 00:00 0                          [vvar]
7ffe0e7ea000-7ffe0e7ec000 r-xp 00000000 00:00 0                          [vdso]
ffffffffff600000-ffffffffff601000 r-xp 00000000 00:00 0                  [vsyscall]


VM Arguments:
jvm_args: -Xmx100g -Xss4M -Djava.awt.headless=true -Djava.library.path=/home/william/prism-4.4-linux64/lib 
java_command: prism.PrismCL -javamaxmem 100g -s it1vsKA.prism props.props -prop 1
java_class_path (initial): /home/william/prism-4.4-linux64/lib/prism.jar:/home/william/prism-4.4-linux64/classes:/home/william/prism-4.4-linux64:/home/william/prism-4.4-linux64/lib/pepa.zip:/home/william/prism-4.4-linux64/lib/jfreechart.jar:/home/william/prism-4.4-linux64/lib/prism.jar:/home/william/prism-4.4-linux64/lib/jhoafparser.jar:/home/william/prism-4.4-linux64/lib/jcommon.jar:/home/william/prism-4.4-linux64/lib/lpsolve55j.jar:/home/william/prism-4.4-linux64/lib/nailgun-server.jar:/home/william/prism-4.4-linux64/lib/log4j.jar:/home/william/prism-4.4-linux64/lib/epsgraphics.jar:/home/william/prism-4.4-linux64/lib/jas.jar:/home/william/prism-4.4-linux64/lib/colt.jar
Launcher Type: SUN_STANDARD

Logging:
Log output configuration:
#0: stdout all=warning uptime,level,tags
#1: stderr all=off uptime,level,tags

Environment Variables:
PATH=/home/william/anaconda3/bin:/home/william/prism-4.4-linux64/bin:/bin:/usr/bin:/usr/local/bin:/usr/hosts:/usr/ucb:/snap/bin
USERNAME=william
LD_LIBRARY_PATH=/home/william/prism-4.4-linux64/lib
SHELL=/bin/bash
DISPLAY=:0

Signal Handlers:
SIGSEGV: [libjvm.so+0xd28b70], sa_mask[0]=11111111011111111101111111111110, sa_flags=SA_RESTART|SA_SIGINFO
SIGBUS: [libjvm.so+0xd28b70], sa_mask[0]=11111111011111111101111111111110, sa_flags=SA_RESTART|SA_SIGINFO
SIGFPE: [libjvm.so+0xd28b70], sa_mask[0]=11111111011111111101111111111110, sa_flags=SA_RESTART|SA_SIGINFO
SIGPIPE: [libjvm.so+0xb2a1f0], sa_mask[0]=11111111011111111101111111111110, sa_flags=SA_RESTART|SA_SIGINFO
SIGXFSZ: [libjvm.so+0xb2a1f0], sa_mask[0]=11111111011111111101111111111110, sa_flags=SA_RESTART|SA_SIGINFO
SIGILL: [libjvm.so+0xd28b70], sa_mask[0]=11111111011111111101111111111110, sa_flags=SA_RESTART|SA_SIGINFO
SIGUSR2: [libjvm.so+0xb2a030], sa_mask[0]=00000000000000000000000000000000, sa_flags=SA_RESTART|SA_SIGINFO
SIGHUP: [libjvm.so+0xb2a180], sa_mask[0]=11111111011111111101111111111110, sa_flags=SA_RESTART|SA_SIGINFO
SIGINT: [libjvm.so+0xb2a180], sa_mask[0]=11111111011111111101111111111110, sa_flags=SA_RESTART|SA_SIGINFO
SIGTERM: [libjvm.so+0xb2a180], sa_mask[0]=11111111011111111101111111111110, sa_flags=SA_RESTART|SA_SIGINFO
SIGQUIT: [libjvm.so+0xb2a180], sa_mask[0]=11111111011111111101111111111110, sa_flags=SA_RESTART|SA_SIGINFO


---------------  S Y S T E M  ---------------

OS:DISTRIB_ID=Ubuntu
DISTRIB_RELEASE=18.04
DISTRIB_CODENAME=bionic
DISTRIB_DESCRIPTION="Ubuntu 18.04.1 LTS"
uname:Linux 4.19.0-041900-generic #201810221809 SMP Mon Oct 22 22:11:45 UTC 2018 x86_64
libc:glibc 2.27 NPTL 2.27 
rlimit: STACK 8192k, CORE 0k, NPROC 62301, NOFILE 4096, AS infinity, DATA infinity, FSIZE infinity
load average:2.18 2.08 1.99

/proc/meminfo:
MemTotal:       16058740 kB
MemFree:          174324 kB
MemAvailable:    4234068 kB
Buffers:          533004 kB
Cached:          5326136 kB
SwapCached:            0 kB
Active:         11472196 kB
Inactive:        3680680 kB
Active(anon):    9308832 kB
Inactive(anon):  1736496 kB
Active(file):    2163364 kB
Inactive(file):  1944184 kB
Unevictable:        1720 kB
Mlocked:            1720 kB
SwapTotal:             0 kB
SwapFree:              0 kB
Dirty:             19988 kB
Writeback:             0 kB
AnonPages:       9295884 kB
Mapped:          1526556 kB
Shmem:           1751372 kB
Slab:             416836 kB
SReclaimable:     293956 kB
SUnreclaim:       122880 kB
KernelStack:       22864 kB
PageTables:       121908 kB
NFS_Unstable:          0 kB
Bounce:                0 kB
WritebackTmp:          0 kB
CommitLimit:     8029368 kB
Committed_AS:   29559924 kB
VmallocTotal:   34359738367 kB
VmallocUsed:           0 kB
VmallocChunk:          0 kB
Percpu:             4928 kB
HardwareCorrupted:     0 kB
AnonHugePages:         0 kB
ShmemHugePages:        0 kB
ShmemPmdMapped:        0 kB
CmaTotal:              0 kB
CmaFree:               0 kB
HugePages_Total:       0
HugePages_Free:        0
HugePages_Rsvd:        0
HugePages_Surp:        0
Hugepagesize:       2048 kB
Hugetlb:               0 kB
DirectMap4k:      487248 kB
DirectMap2M:    14876672 kB
DirectMap1G:     1048576 kB

container (cgroup) information:
container_type: cgroupv1
cpu_cpuset_cpus: 0-11
cpu_memory_nodes: 0
active_processor_count: 12
cpu_quota: -1
cpu_period: 100000
cpu_shares: -1
memory_limit_in_bytes: -1
memory_and_swap_limit_in_bytes: -2
memory_soft_limit_in_bytes: -1
memory_usage_in_bytes: 15518052352
memory_max_usage_in_bytes: 0


CPU:total 12 (initial active 12) (6 cores per cpu, 2 threads per core) family 6 model 158 stepping 10, cmov, cx8, fxsr, mmx, sse, sse2, sse3, ssse3, sse4.1, sse4.2, popcnt, avx, avx2, aes, clmul, erms, 3dnowpref, lzcnt, ht, tsc, tscinvbit, bmi1, bmi2, adx, fma
CPU Model and flags from /proc/cpuinfo:
model name	: Intel(R) Core(TM) i7-8750H CPU @ 2.20GHz
flags		: fpu vme de pse tsc msr pae mce cx8 apic sep mtrr pge mca cmov pat pse36 clflush dts acpi mmx fxsr sse sse2 ss ht tm pbe syscall nx pdpe1gb rdtscp lm constant_tsc art arch_perfmon pebs bts rep_good nopl xtopology nonstop_tsc cpuid aperfmperf tsc_known_freq pni pclmulqdq dtes64 monitor ds_cpl vmx est tm2 ssse3 sdbg fma cx16 xtpr pdcm pcid sse4_1 sse4_2 x2apic movbe popcnt tsc_deadline_timer aes xsave avx f16c rdrand lahf_lm abm 3dnowprefetch cpuid_fault epb invpcid_single pti ssbd ibrs ibpb stibp tpr_shadow vnmi flexpriority ept vpid ept_ad fsgsbase tsc_adjust bmi1 avx2 smep bmi2 erms invpcid mpx rdseed adx smap clflushopt intel_pt xsaveopt xsavec xgetbv1 xsaves dtherm ida arat pln pts hwp hwp_notify hwp_act_window hwp_epp flush_l1d

Memory: 4k page, physical 16058740k(174324k free), swap 0k(0k free)

vm_info: OpenJDK 64-Bit Server VM (10.0.2+13-Ubuntu-1ubuntu0.18.04.3) for linux-amd64 JRE (10.0.2+13-Ubuntu-1ubuntu0.18.04.3), built on Oct  7 2018 15:06:09 by "buildd" with gcc 7.3.0

END.
