#
# There is insufficient memory for the Java Runtime Environment to continue.
# Native memory allocation (mmap) failed to map 5637144576 bytes for committing reserved memory.
# Possible reasons:
#   The system is out of physical RAM or swap space
# Possible solutions:
#   Reduce memory load on the system
#   Increase physical memory or swap space
#   Check if swap backing store is full
#   Decrease Java heap size (-Xmx/-Xms)
#   Decrease number of Java threads
#   Decrease Java thread stack sizes (-Xss)
#   Set larger code cache with -XX:ReservedCodeCacheSize=
# This output file may be truncated or incomplete.
#
#  Out of Memory Error (os_linux.cpp:2706), pid=5414, tid=5441
#
# JRE version: OpenJDK Runtime Environment (10.0.2+13) (build 10.0.2+13-Ubuntu-1ubuntu0.18.04.3)
# Java VM: OpenJDK 64-Bit Server VM (10.0.2+13-Ubuntu-1ubuntu0.18.04.3, mixed mode, tiered, g1 gc, linux-amd64)
# Core dump will be written. Default location: Core dumps may be processed with "/usr/share/apport/apport %p %s %c %d %P" (or dumping to /home/william/Documents/phd/check_game/core.5414)
#

---------------  S U M M A R Y ------------

Command Line: -Xmx100g -Xss4M -Djava.awt.headless=true -Djava.library.path=/usr/local/prism-games-2.0.beta3-linux64/lib:/ppl prism.PrismCL -cuddmaxmem 100g -javamaxmem 100g smgKAKW_mul.prism smg_props.props -prop 1 -s -exportadvmdp tmp.tra -exportstates tmp.sta

Host: Intel(R) Core(TM) i7-8750H CPU @ 2.20GHz, 12 cores, 15G, Ubuntu 18.04.1 LTS
Time: Thu Nov 29 12:54:13 2018 GMT elapsed time: 2 seconds (0d 0h 0m 2s)

---------------  T H R E A D  ---------------

Current thread (0x00007f4d9013d000):  VMThread "VM Thread" [stack: 0x00007f4d74336000,0x00007f4d74436000] [id=5441]

Stack: [0x00007f4d74336000,0x00007f4d74436000],  sp=0x00007f4d744340a0,  free space=1016k
Native frames: (J=compiled Java code, A=aot compiled Java code, j=interpreted, Vv=VM code, C=native code)
V  [libjvm.so+0xd27ea4]
V  [libjvm.so+0xd28a4b]
V  [libjvm.so+0x64d415]
V  [libjvm.so+0xb2d7c8]
V  [libjvm.so+0xb2601d]
V  [libjvm.so+0x7662ff]
V  [libjvm.so+0x76653e]
V  [libjvm.so+0x769500]
V  [libjvm.so+0x7efa1c]
V  [libjvm.so+0x7f06df]
V  [libjvm.so+0x7f0b59]
V  [libjvm.so+0x7162cf]
V  [libjvm.so+0x71a3ba]
V  [libjvm.so+0xd3a008]
V  [libjvm.so+0xd38871]
V  [libjvm.so+0xd35b3b]
V  [libjvm.so+0xd3715e]
V  [libjvm.so+0xd37588]
V  [libjvm.so+0xb33d40]

VM_Operation (0x00007f4d96aed100): G1IncCollectionPause, mode: safepoint, requested by thread 0x00007f4d90012000


---------------  P R O C E S S  ---------------

Threads class SMR info:
_java_thread_list=0x00007f32e4000df0, length=13, elements={
0x00007f4d90012000, 0x00007f4d90146800, 0x00007f4d90148800, 0x00007f4d90152000,
0x00007f4d9015c800, 0x00007f4d9015e800, 0x00007f4d90160800, 0x00007f4d90162800,
0x00007f4d90164800, 0x00007f4d901e9000, 0x00007f4d90201800, 0x00007f4d90653800,
0x00007f4d9066f000
}

Java Threads: ( => current thread )
  0x00007f4d90012000 JavaThread "main" [_thread_blocked, id=5415, stack(0x00007f4d966ee000,0x00007f4d96aef000)]
  0x00007f4d90146800 JavaThread "Reference Handler" daemon [_thread_blocked, id=5442, stack(0x00007f331bbff000,0x00007f331c000000)]
  0x00007f4d90148800 JavaThread "Finalizer" daemon [_thread_blocked, id=5443, stack(0x00007f331b7fe000,0x00007f331bbff000)]
  0x00007f4d90152000 JavaThread "Signal Dispatcher" daemon [_thread_blocked, id=5444, stack(0x00007f331aa2e000,0x00007f331ae2f000)]
  0x00007f4d9015c800 JavaThread "C2 CompilerThread0" daemon [_thread_blocked, id=5445, stack(0x00007f4d74233000,0x00007f4d74334000)]
  0x00007f4d9015e800 JavaThread "C2 CompilerThread1" daemon [_thread_blocked, id=5446, stack(0x00007f4d74132000,0x00007f4d74233000)]
  0x00007f4d90160800 JavaThread "C2 CompilerThread2" daemon [_thread_blocked, id=5447, stack(0x00007f4d74031000,0x00007f4d74132000)]
  0x00007f4d90162800 JavaThread "C1 CompilerThread3" daemon [_thread_blocked, id=5448, stack(0x00007f331a92d000,0x00007f331aa2e000)]
  0x00007f4d90164800 JavaThread "Sweeper thread" daemon [_thread_blocked, id=5449, stack(0x00007f331a52c000,0x00007f331a92d000)]
  0x00007f4d901e9000 JavaThread "Service Thread" daemon [_thread_blocked, id=5450, stack(0x00007f331a12b000,0x00007f331a52c000)]
  0x00007f4d90201800 JavaThread "Common-Cleaner" daemon [_thread_blocked, id=5452, stack(0x00007f3319c28000,0x00007f331a029000)]
  0x00007f4d90653800 JavaThread "Image Fetcher 0" daemon [_thread_blocked, id=5456, stack(0x00007f32e3bff000,0x00007f32e4000000)]
  0x00007f4d9066f000 JavaThread "Java2D Disposer" daemon [_thread_blocked, id=5457, stack(0x00007f32e3080000,0x00007f32e3481000)]

Other Threads:
=>0x00007f4d9013d000 VMThread "VM Thread" [stack: 0x00007f4d74336000,0x00007f4d74436000] [id=5441]
  0x00007f4d901eb000 WatcherThread [stack: 0x00007f331a02b000,0x00007f331a12b000] [id=5451]
  0x00007f4d90029800 GCTaskThread "GC Thread#0" [stack: 0x00007f4d95359000,0x00007f4d95459000] [id=5416]
  0x00007f4d9002a800 GCTaskThread "GC Thread#1" [stack: 0x00007f4d95257000,0x00007f4d95357000] [id=5417]
  0x00007f4d9002c800 GCTaskThread "GC Thread#2" [stack: 0x00007f4d95155000,0x00007f4d95255000] [id=5418]
  0x00007f4d9002e000 GCTaskThread "GC Thread#3" [stack: 0x00007f4d95053000,0x00007f4d95153000] [id=5419]
  0x00007f4d90030000 GCTaskThread "GC Thread#4" [stack: 0x00007f4d94f51000,0x00007f4d95051000] [id=5420]
  0x00007f4d90031800 GCTaskThread "GC Thread#5" [stack: 0x00007f4d94e4f000,0x00007f4d94f4f000] [id=5421]
  0x00007f4d90033000 GCTaskThread "GC Thread#6" [stack: 0x00007f4d94d4d000,0x00007f4d94e4d000] [id=5422]
  0x00007f4d90035000 GCTaskThread "GC Thread#7" [stack: 0x00007f4d94c4b000,0x00007f4d94d4b000] [id=5423]
  0x00007f4d90036800 GCTaskThread "GC Thread#8" [stack: 0x00007f4d94b49000,0x00007f4d94c49000] [id=5424]
  0x00007f4d90038800 GCTaskThread "GC Thread#9" [stack: 0x00007f4d94a47000,0x00007f4d94b47000] [id=5425]
  0x00007f4d90093800 ConcurrentGCThread "G1 Main Marker" [stack: 0x00007f4d75d2f000,0x00007f4d75e2f000] [id=5426]
  0x00007f4d90095000 ConcurrentGCThread "G1 Conc#0" [stack: 0x00007f4d75c2d000,0x00007f4d75d2d000] [id=5427]
  0x00007f4d90097000 ConcurrentGCThread "G1 Conc#1" [stack: 0x00007f4d75b2b000,0x00007f4d75c2b000] [id=5428]
  0x00007f4d90098800 ConcurrentGCThread "G1 Conc#2" [stack: 0x00007f4d75a29000,0x00007f4d75b29000] [id=5429]
  0x00007f4d900c4000 ConcurrentGCThread "G1 Refine#0" [stack: 0x00007f4d74f1d000,0x00007f4d7501d000] [id=5430]
  0x00007f4d900c5800 ConcurrentGCThread "G1 Refine#1" [stack: 0x00007f4d74e1b000,0x00007f4d74f1b000] [id=5431]
  0x00007f4d900c7800 ConcurrentGCThread "G1 Refine#2" [stack: 0x00007f4d74d19000,0x00007f4d74e19000] [id=5432]
  0x00007f4d900c9000 ConcurrentGCThread "G1 Refine#3" [stack: 0x00007f4d74c17000,0x00007f4d74d17000] [id=5433]
  0x00007f4d900cb000 ConcurrentGCThread "G1 Refine#4" [stack: 0x00007f4d74b15000,0x00007f4d74c15000] [id=5434]
  0x00007f4d900cc800 ConcurrentGCThread "G1 Refine#5" [stack: 0x00007f4d74a13000,0x00007f4d74b13000] [id=5435]
  0x00007f4d900ce800 ConcurrentGCThread "G1 Refine#6" [stack: 0x00007f4d74911000,0x00007f4d74a11000] [id=5436]
  0x00007f4d900d0000 ConcurrentGCThread "G1 Refine#7" [stack: 0x00007f4d7480f000,0x00007f4d7490f000] [id=5437]
  0x00007f4d900d2000 ConcurrentGCThread "G1 Refine#8" [stack: 0x00007f4d7470d000,0x00007f4d7480d000] [id=5438]
  0x00007f4d900d3800 ConcurrentGCThread "G1 Refine#9" [stack: 0x00007f4d7460b000,0x00007f4d7470b000] [id=5439]
  0x00007f4d900d5800 ConcurrentGCThread "G1 Young RemSet Sampling" [stack: 0x00007f4d74509000,0x00007f4d74609000] [id=5440]

Threads with active compile tasks:

VM state:at safepoint (normal execution)

VM Mutex/Monitor currently owned by a thread:  ([mutex/lock_event])
[0x00007f4d9000e910] Threads_lock - owner thread: 0x00007f4d9013d000
[0x00007f4d9000eeb0] Heap_lock - owner thread: 0x00007f4d90012000

Heap:
 garbage-first heap   total 8257536K, used 1280552K [0x00007f3448000000, 0x00007f4d48000000)
  region size 16384K, 1 young (16384K), 1 survivors (16384K)
 Metaspace       used 19350K, capacity 19585K, committed 19712K, reserved 20480K
Heap Regions: E=young(eden), S=young(survivor), O=old, HS=humongous(starts), HC=humongous(continues), CS=collection set, F=free, A=archive, TS=gc time stamp, AC=allocation context, TAMS=top-at-mark-start (previous, next)
|   0|0x00007f3448000000, 0x00007f3449000000, 0x00007f3449000000|100%| O|  |TS  0|AC  0|TAMS 0x00007f3449000000, 0x00007f3449000000|
|   1|0x00007f3449000000, 0x00007f344a000000, 0x00007f344a000000|100%| O|  |TS  0|AC  0|TAMS 0x00007f344a000000, 0x00007f344a000000|
|   2|0x00007f344a000000, 0x00007f344b000000, 0x00007f344b000000|100%| O|  |TS  0|AC  0|TAMS 0x00007f344b000000, 0x00007f344b000000|
|   3|0x00007f344b000000, 0x00007f344c000000, 0x00007f344c000000|100%| O|  |TS  0|AC  0|TAMS 0x00007f344c000000, 0x00007f344c000000|
|   4|0x00007f344c000000, 0x00007f344d000000, 0x00007f344d000000|100%| O|  |TS  0|AC  0|TAMS 0x00007f344d000000, 0x00007f344d000000|
|   5|0x00007f344d000000, 0x00007f344e000000, 0x00007f344e000000|100%| O|  |TS  0|AC  0|TAMS 0x00007f344e000000, 0x00007f344e000000|
|   6|0x00007f344e000000, 0x00007f344f000000, 0x00007f344f000000|100%| O|  |TS  0|AC  0|TAMS 0x00007f344f000000, 0x00007f344f000000|
|   7|0x00007f344f000000, 0x00007f3450000000, 0x00007f3450000000|100%| O|  |TS  1|AC  0|TAMS 0x00007f344f000000, 0x00007f3450000000|
|   8|0x00007f3450000000, 0x00007f3451000000, 0x00007f3451000000|100%| O|  |TS  0|AC  0|TAMS 0x00007f3451000000, 0x00007f3451000000|
|   9|0x00007f3451000000, 0x00007f3452000000, 0x00007f3452000000|100%| O|  |TS  0|AC  0|TAMS 0x00007f3452000000, 0x00007f3452000000|
|  10|0x00007f3452000000, 0x00007f3453000000, 0x00007f3453000000|100%| O|  |TS  0|AC  0|TAMS 0x00007f3453000000, 0x00007f3453000000|
|  11|0x00007f3453000000, 0x00007f3454000000, 0x00007f3454000000|100%| O|  |TS  1|AC  0|TAMS 0x00007f3453000000, 0x00007f3454000000|
|  12|0x00007f3454000000, 0x00007f3455000000, 0x00007f3455000000|100%| O|  |TS  0|AC  0|TAMS 0x00007f3455000000, 0x00007f3455000000|
|  13|0x00007f3455000000, 0x00007f3456000000, 0x00007f3456000000|100%| O|  |TS  0|AC  0|TAMS 0x00007f3456000000, 0x00007f3456000000|
|  14|0x00007f3456000000, 0x00007f3457000000, 0x00007f3457000000|100%| O|  |TS  0|AC  0|TAMS 0x00007f3457000000, 0x00007f3457000000|
|  15|0x00007f3457000000, 0x00007f3458000000, 0x00007f3458000000|100%| O|  |TS  0|AC  0|TAMS 0x00007f3458000000, 0x00007f3458000000|
|  16|0x00007f3458000000, 0x00007f3459000000, 0x00007f3459000000|100%|HS|  |TS  0|AC  0|TAMS 0x00007f3459000000, 0x00007f3459000000|
|  17|0x00007f3459000000, 0x00007f345a000000, 0x00007f345a000000|100%|HC|  |TS  0|AC  0|TAMS 0x00007f345a000000, 0x00007f345a000000|
|  18|0x00007f345a000000, 0x00007f345b000000, 0x00007f345b000000|100%| O|  |TS  0|AC  0|TAMS 0x00007f345b000000, 0x00007f345b000000|
|  19|0x00007f345b000000, 0x00007f345c000000, 0x00007f345c000000|100%| O|  |TS  0|AC  0|TAMS 0x00007f345c000000, 0x00007f345c000000|
|  20|0x00007f345c000000, 0x00007f345d000000, 0x00007f345d000000|100%| O|  |TS  0|AC  0|TAMS 0x00007f345d000000, 0x00007f345d000000|
|  21|0x00007f345d000000, 0x00007f345e000000, 0x00007f345e000000|100%| O|  |TS  0|AC  0|TAMS 0x00007f345e000000, 0x00007f345e000000|
|  22|0x00007f345e000000, 0x00007f345f000000, 0x00007f345f000000|100%| O|  |TS  0|AC  0|TAMS 0x00007f345f000000, 0x00007f345f000000|
|  23|0x00007f345f000000, 0x00007f3460000000, 0x00007f3460000000|100%| O|  |TS  0|AC  0|TAMS 0x00007f3460000000, 0x00007f3460000000|
|  24|0x00007f3460000000, 0x00007f3461000000, 0x00007f3461000000|100%| O|  |TS  0|AC  0|TAMS 0x00007f3461000000, 0x00007f3461000000|
|  25|0x00007f3461000000, 0x00007f3462000000, 0x00007f3462000000|100%| O|  |TS  0|AC  0|TAMS 0x00007f3462000000, 0x00007f3462000000|
|  26|0x00007f3462000000, 0x00007f3463000000, 0x00007f3463000000|100%| O|  |TS  0|AC  0|TAMS 0x00007f3462891400, 0x00007f3463000000|
|  27|0x00007f3463000000, 0x00007f3464000000, 0x00007f3464000000|100%|HS|  |TS  0|AC  0|TAMS 0x00007f3463000000, 0x00007f3464000000|
|  28|0x00007f3464000000, 0x00007f3465000000, 0x00007f3465000000|100%|HC|  |TS  0|AC  0|TAMS 0x00007f3464000000, 0x00007f3465000000|
|  29|0x00007f3465000000, 0x00007f3466000000, 0x00007f3466000000|100%| O|  |TS  0|AC  0|TAMS 0x00007f3465000000, 0x00007f3466000000|
|  30|0x00007f3466000000, 0x00007f3467000000, 0x00007f3467000000|100%| O|  |TS  0|AC  0|TAMS 0x00007f3466000000, 0x00007f3467000000|
|  31|0x00007f3467000000, 0x00007f3468000000, 0x00007f3468000000|100%| O|  |TS  0|AC  0|TAMS 0x00007f3467000000, 0x00007f3468000000|
|  32|0x00007f3468000000, 0x00007f3469000000, 0x00007f3469000000|100%| O|  |TS  0|AC  0|TAMS 0x00007f3468000000, 0x00007f3469000000|
|  33|0x00007f3469000000, 0x00007f346a000000, 0x00007f346a000000|100%| O|  |TS  0|AC  0|TAMS 0x00007f3469000000, 0x00007f346a000000|
|  34|0x00007f346a000000, 0x00007f346b000000, 0x00007f346b000000|100%| O|  |TS  0|AC  0|TAMS 0x00007f346a000000, 0x00007f346b000000|
|  35|0x00007f346b000000, 0x00007f346c000000, 0x00007f346c000000|100%| O|  |TS  0|AC  0|TAMS 0x00007f346b000000, 0x00007f346c000000|
|  36|0x00007f346c000000, 0x00007f346d000000, 0x00007f346d000000|100%| O|  |TS  0|AC  0|TAMS 0x00007f346c000000, 0x00007f346d000000|
|  37|0x00007f346d000000, 0x00007f346e000000, 0x00007f346e000000|100%| O|  |TS  0|AC  0|TAMS 0x00007f346d000000, 0x00007f346e000000|
|  38|0x00007f346e000000, 0x00007f346f000000, 0x00007f346f000000|100%| O|  |TS  0|AC  0|TAMS 0x00007f346e000000, 0x00007f346f000000|
|  39|0x00007f346f000000, 0x00007f3470000000, 0x00007f3470000000|100%| O|  |TS  1|AC  0|TAMS 0x00007f346f000000, 0x00007f3470000000|
|  40|0x00007f3470000000, 0x00007f3471000000, 0x00007f3471000000|100%|HS|  |TS  0|AC  0|TAMS 0x00007f3470000000, 0x00007f3471000000|
|  41|0x00007f3471000000, 0x00007f3472000000, 0x00007f3472000000|100%|HC|  |TS  0|AC  0|TAMS 0x00007f3471000000, 0x00007f3472000000|
|  42|0x00007f3472000000, 0x00007f3473000000, 0x00007f3473000000|100%|HC|  |TS  0|AC  0|TAMS 0x00007f3472000000, 0x00007f3473000000|
|  43|0x00007f3473000000, 0x00007f3474000000, 0x00007f3474000000|100%| O|  |TS  1|AC  0|TAMS 0x00007f3473000000, 0x00007f3474000000|
|  44|0x00007f3474000000, 0x00007f3475000000, 0x00007f3475000000|100%| O|  |TS  1|AC  0|TAMS 0x00007f3474000000, 0x00007f3475000000|
|  45|0x00007f3475000000, 0x00007f3476000000, 0x00007f3476000000|100%| O|  |TS  1|AC  0|TAMS 0x00007f3475000000, 0x00007f3476000000|
|  46|0x00007f3476000000, 0x00007f3477000000, 0x00007f3477000000|100%| O|  |TS  1|AC  0|TAMS 0x00007f3476000000, 0x00007f3477000000|
|  47|0x00007f3477000000, 0x00007f3478000000, 0x00007f3478000000|100%| O|  |TS  1|AC  0|TAMS 0x00007f3477000000, 0x00007f3478000000|
|  48|0x00007f3478000000, 0x00007f3479000000, 0x00007f3479000000|100%| O|  |TS  1|AC  0|TAMS 0x00007f3478000000, 0x00007f3479000000|
|  49|0x00007f3479000000, 0x00007f347a000000, 0x00007f347a000000|100%| O|  |TS  2|AC  0|TAMS 0x00007f3479000000, 0x00007f347a000000|
|  50|0x00007f347a000000, 0x00007f347b000000, 0x00007f347b000000|100%|HS|  |TS  0|AC  0|TAMS 0x00007f347a000000, 0x00007f347b000000|
|  51|0x00007f347b000000, 0x00007f347c000000, 0x00007f347c000000|100%|HC|  |TS  1|AC  0|TAMS 0x00007f347b000000, 0x00007f347c000000|
|  52|0x00007f347c000000, 0x00007f347d000000, 0x00007f347d000000|100%|HC|  |TS  0|AC  0|TAMS 0x00007f347c000000, 0x00007f347d000000|
|  53|0x00007f347d000000, 0x00007f347e000000, 0x00007f347e000000|100%|HC|  |TS  0|AC  0|TAMS 0x00007f347d000000, 0x00007f347e000000|
|  54|0x00007f347e000000, 0x00007f347f000000, 0x00007f347f000000|100%|HC|  |TS  0|AC  0|TAMS 0x00007f347e000000, 0x00007f347f000000|
|  55|0x00007f347f000000, 0x00007f3480000000, 0x00007f3480000000|100%| O|  |TS  2|AC  0|TAMS 0x00007f347f000000, 0x00007f3480000000|
|  56|0x00007f3480000000, 0x00007f3481000000, 0x00007f3481000000|100%| O|  |TS  2|AC  0|TAMS 0x00007f3480000000, 0x00007f3481000000|
|  57|0x00007f3481000000, 0x00007f3482000000, 0x00007f3482000000|100%| O|  |TS  2|AC  0|TAMS 0x00007f3481000000, 0x00007f3482000000|
|  58|0x00007f3482000000, 0x00007f3483000000, 0x00007f3483000000|100%| O|  |TS  2|AC  0|TAMS 0x00007f3482000000, 0x00007f3483000000|
|  59|0x00007f3483000000, 0x00007f3484000000, 0x00007f3484000000|100%| O|  |TS  2|AC  0|TAMS 0x00007f3483000000, 0x00007f3484000000|
|  60|0x00007f3484000000, 0x00007f3485000000, 0x00007f3485000000|100%| O|  |TS  2|AC  0|TAMS 0x00007f3484000000, 0x00007f3485000000|
|  61|0x00007f3485000000, 0x00007f3486000000, 0x00007f3486000000|100%| O|  |TS  2|AC  0|TAMS 0x00007f3485000000, 0x00007f3486000000|
|  62|0x00007f3486000000, 0x00007f3487000000, 0x00007f3487000000|100%| O|  |TS  2|AC  0|TAMS 0x00007f3486000000, 0x00007f3487000000|
|  63|0x00007f3487000000, 0x00007f3488000000, 0x00007f3488000000|100%| O|  |TS  2|AC  0|TAMS 0x00007f3487000000, 0x00007f3488000000|
|  64|0x00007f3488000000, 0x00007f3489000000, 0x00007f3489000000|100%| O|  |TS  2|AC  0|TAMS 0x00007f3488000000, 0x00007f3489000000|
|  65|0x00007f3489000000, 0x00007f348a000000, 0x00007f348a000000|100%| O|  |TS  2|AC  0|TAMS 0x00007f3489000000, 0x00007f348a000000|
|  66|0x00007f348a000000, 0x00007f348b000000, 0x00007f348b000000|100%| O|  |TS  2|AC  0|TAMS 0x00007f348a000000, 0x00007f348b000000|
|  67|0x00007f348b000000, 0x00007f348c000000, 0x00007f348c000000|100%| O|  |TS  2|AC  0|TAMS 0x00007f348b000000, 0x00007f348c000000|
|  68|0x00007f348c000000, 0x00007f348d000000, 0x00007f348d000000|100%| O|  |TS  3|AC  0|TAMS 0x00007f348c000000, 0x00007f348d000000|
|  69|0x00007f348d000000, 0x00007f348e000000, 0x00007f348e000000|100%| O|  |TS  3|AC  0|TAMS 0x00007f348d000000, 0x00007f348e000000|
|  70|0x00007f348e000000, 0x00007f348f000000, 0x00007f348f000000|100%| O|  |TS  3|AC  0|TAMS 0x00007f348e000000, 0x00007f348f000000|
|  71|0x00007f348f000000, 0x00007f3490000000, 0x00007f3490000000|100%| O|  |TS  3|AC  0|TAMS 0x00007f348f000000, 0x00007f3490000000|
|  72|0x00007f3490000000, 0x00007f3491000000, 0x00007f3491000000|100%| O|  |TS  3|AC  0|TAMS 0x00007f3490000000, 0x00007f3491000000|
|  73|0x00007f3491000000, 0x00007f3492000000, 0x00007f3492000000|100%| O|  |TS  3|AC  0|TAMS 0x00007f3491000000, 0x00007f3492000000|
|  74|0x00007f3492000000, 0x00007f3493000000, 0x00007f3493000000|100%| O|  |TS  3|AC  0|TAMS 0x00007f3492000000, 0x00007f3493000000|
|  75|0x00007f3493000000, 0x00007f3494000000, 0x00007f3494000000|100%| O|  |TS  4|AC  0|TAMS 0x00007f3493000000, 0x00007f3494000000|
|  76|0x00007f3494000000, 0x00007f3495000000, 0x00007f3495000000|100%| O|  |TS  4|AC  0|TAMS 0x00007f3494000000, 0x00007f3495000000|
|  77|0x00007f3495000000, 0x00007f3496000000, 0x00007f3496000000|100%| O|  |TS  4|AC  0|TAMS 0x00007f3495000000, 0x00007f3496000000|
|  78|0x00007f3496000000, 0x00007f3496000000, 0x00007f3497000000|  0%| F|  |TS  0|AC  0|TAMS 0x00007f3496000000, 0x00007f3496000000|
|  79|0x00007f3497000000, 0x00007f3497000000, 0x00007f3498000000|  0%| F|  |TS  0|AC  0|TAMS 0x00007f3497000000, 0x00007f3497000000|
|  80|0x00007f3498000000, 0x00007f3498000000, 0x00007f3499000000|  0%| F|  |TS  0|AC  0|TAMS 0x00007f3498000000, 0x00007f3498000000|
|  81|0x00007f3499000000, 0x00007f3499000000, 0x00007f349a000000|  0%| F|  |TS  0|AC  0|TAMS 0x00007f3499000000, 0x00007f3499000000|
|  82|0x00007f349a000000, 0x00007f349a000000, 0x00007f349b000000|  0%| F|  |TS  0|AC  0|TAMS 0x00007f349a000000, 0x00007f349a000000|
|  83|0x00007f349b000000, 0x00007f349b000000, 0x00007f349c000000|  0%| F|  |TS  0|AC  0|TAMS 0x00007f349b000000, 0x00007f349b000000|
|  84|0x00007f349c000000, 0x00007f349c000000, 0x00007f349d000000|  0%| F|  |TS  0|AC  0|TAMS 0x00007f349c000000, 0x00007f349c000000|
|  85|0x00007f349d000000, 0x00007f349d000000, 0x00007f349e000000|  0%| F|  |TS  0|AC  0|TAMS 0x00007f349d000000, 0x00007f349d000000|
|  86|0x00007f349e000000, 0x00007f349e000000, 0x00007f349f000000|  0%| F|  |TS  0|AC  0|TAMS 0x00007f349e000000, 0x00007f349e000000|
|  87|0x00007f349f000000, 0x00007f349f000000, 0x00007f34a0000000|  0%| F|  |TS  0|AC  0|TAMS 0x00007f349f000000, 0x00007f349f000000|
|  88|0x00007f34a0000000, 0x00007f34a0000000, 0x00007f34a1000000|  0%| F|  |TS  0|AC  0|TAMS 0x00007f34a0000000, 0x00007f34a0000000|
|  89|0x00007f34a1000000, 0x00007f34a1000000, 0x00007f34a2000000|  0%| F|  |TS  0|AC  0|TAMS 0x00007f34a1000000, 0x00007f34a1000000|
|  90|0x00007f34a2000000, 0x00007f34a2000000, 0x00007f34a3000000|  0%| F|  |TS  0|AC  0|TAMS 0x00007f34a2000000, 0x00007f34a2000000|
|  91|0x00007f34a3000000, 0x00007f34a3000000, 0x00007f34a4000000|  0%| F|  |TS  0|AC  0|TAMS 0x00007f34a3000000, 0x00007f34a3000000|
|  92|0x00007f34a4000000, 0x00007f34a4000000, 0x00007f34a5000000|  0%| F|  |TS  0|AC  0|TAMS 0x00007f34a4000000, 0x00007f34a4000000|
|  93|0x00007f34a5000000, 0x00007f34a5000000, 0x00007f34a6000000|  0%| F|  |TS  0|AC  0|TAMS 0x00007f34a5000000, 0x00007f34a5000000|
|  94|0x00007f34a6000000, 0x00007f34a6000000, 0x00007f34a7000000|  0%| F|  |TS  0|AC  0|TAMS 0x00007f34a6000000, 0x00007f34a6000000|
|  95|0x00007f34a7000000, 0x00007f34a7000000, 0x00007f34a8000000|  0%| F|  |TS  0|AC  0|TAMS 0x00007f34a7000000, 0x00007f34a7000000|
|  96|0x00007f34a8000000, 0x00007f34a8000000, 0x00007f34a9000000|  0%| F|  |TS  0|AC  0|TAMS 0x00007f34a8000000, 0x00007f34a8000000|
|  97|0x00007f34a9000000, 0x00007f34a9000000, 0x00007f34aa000000|  0%| F|  |TS  0|AC  0|TAMS 0x00007f34a9000000, 0x00007f34a9000000|
|  98|0x00007f34aa000000, 0x00007f34aa000000, 0x00007f34ab000000|  0%| F|  |TS  0|AC  0|TAMS 0x00007f34aa000000, 0x00007f34aa000000|
|  99|0x00007f34ab000000, 0x00007f34ab000000, 0x00007f34ac000000|  0%| F|  |TS  0|AC  0|TAMS 0x00007f34ab000000, 0x00007f34ab000000|
| 100|0x00007f34ac000000, 0x00007f34ac000000, 0x00007f34ad000000|  0%| F|  |TS  0|AC  0|TAMS 0x00007f34ac000000, 0x00007f34ac000000|
| 101|0x00007f34ad000000, 0x00007f34ad000000, 0x00007f34ae000000|  0%| F|  |TS  0|AC  0|TAMS 0x00007f34ad000000, 0x00007f34ad000000|
| 102|0x00007f34ae000000, 0x00007f34ae000000, 0x00007f34af000000|  0%| F|  |TS  0|AC  0|TAMS 0x00007f34ae000000, 0x00007f34ae000000|
| 103|0x00007f34af000000, 0x00007f34af000000, 0x00007f34b0000000|  0%| F|  |TS  0|AC  0|TAMS 0x00007f34af000000, 0x00007f34af000000|
| 104|0x00007f34b0000000, 0x00007f34b0000000, 0x00007f34b1000000|  0%| F|  |TS  0|AC  0|TAMS 0x00007f34b0000000, 0x00007f34b0000000|
| 105|0x00007f34b1000000, 0x00007f34b1000000, 0x00007f34b2000000|  0%| F|  |TS  0|AC  0|TAMS 0x00007f34b1000000, 0x00007f34b1000000|
| 106|0x00007f34b2000000, 0x00007f34b2000000, 0x00007f34b3000000|  0%| F|  |TS  0|AC  0|TAMS 0x00007f34b2000000, 0x00007f34b2000000|
| 107|0x00007f34b3000000, 0x00007f34b3000000, 0x00007f34b4000000|  0%| F|  |TS  0|AC  0|TAMS 0x00007f34b3000000, 0x00007f34b3000000|
| 108|0x00007f34b4000000, 0x00007f34b4000000, 0x00007f34b5000000|  0%| F|  |TS  0|AC  0|TAMS 0x00007f34b4000000, 0x00007f34b4000000|
| 109|0x00007f34b5000000, 0x00007f34b5000000, 0x00007f34b6000000|  0%| F|  |TS  0|AC  0|TAMS 0x00007f34b5000000, 0x00007f34b5000000|
| 110|0x00007f34b6000000, 0x00007f34b6000000, 0x00007f34b7000000|  0%| F|  |TS  0|AC  0|TAMS 0x00007f34b6000000, 0x00007f34b6000000|
| 111|0x00007f34b7000000, 0x00007f34b7000000, 0x00007f34b8000000|  0%| F|  |TS  0|AC  0|TAMS 0x00007f34b7000000, 0x00007f34b7000000|
| 112|0x00007f34b8000000, 0x00007f34b8000000, 0x00007f34b9000000|  0%| F|  |TS  0|AC  0|TAMS 0x00007f34b8000000, 0x00007f34b8000000|
| 113|0x00007f34b9000000, 0x00007f34b9000000, 0x00007f34ba000000|  0%| F|  |TS  0|AC  0|TAMS 0x00007f34b9000000, 0x00007f34b9000000|
| 114|0x00007f34ba000000, 0x00007f34ba000000, 0x00007f34bb000000|  0%| F|  |TS  0|AC  0|TAMS 0x00007f34ba000000, 0x00007f34ba000000|
| 115|0x00007f34bb000000, 0x00007f34bb000000, 0x00007f34bc000000|  0%| F|  |TS  0|AC  0|TAMS 0x00007f34bb000000, 0x00007f34bb000000|
| 116|0x00007f34bc000000, 0x00007f34bc000000, 0x00007f34bd000000|  0%| F|  |TS  0|AC  0|TAMS 0x00007f34bc000000, 0x00007f34bc000000|
| 117|0x00007f34bd000000, 0x00007f34bd000000, 0x00007f34be000000|  0%| F|  |TS  0|AC  0|TAMS 0x00007f34bd000000, 0x00007f34bd000000|
| 118|0x00007f34be000000, 0x00007f34be000000, 0x00007f34bf000000|  0%| F|  |TS  0|AC  0|TAMS 0x00007f34be000000, 0x00007f34be000000|
| 119|0x00007f34bf000000, 0x00007f34bf000000, 0x00007f34c0000000|  0%| F|  |TS  0|AC  0|TAMS 0x00007f34bf000000, 0x00007f34bf000000|
| 120|0x00007f34c0000000, 0x00007f34c0000000, 0x00007f34c1000000|  0%| F|  |TS  0|AC  0|TAMS 0x00007f34c0000000, 0x00007f34c0000000|
| 121|0x00007f34c1000000, 0x00007f34c1000000, 0x00007f34c2000000|  0%| F|  |TS  0|AC  0|TAMS 0x00007f34c1000000, 0x00007f34c1000000|
| 122|0x00007f34c2000000, 0x00007f34c2000000, 0x00007f34c3000000|  0%| F|  |TS  0|AC  0|TAMS 0x00007f34c2000000, 0x00007f34c2000000|
| 123|0x00007f34c3000000, 0x00007f34c3000000, 0x00007f34c4000000|  0%| F|  |TS  0|AC  0|TAMS 0x00007f34c3000000, 0x00007f34c3000000|
| 124|0x00007f34c4000000, 0x00007f34c4000000, 0x00007f34c5000000|  0%| F|  |TS  0|AC  0|TAMS 0x00007f34c4000000, 0x00007f34c4000000|
| 125|0x00007f34c5000000, 0x00007f34c5000000, 0x00007f34c6000000|  0%| F|  |TS  0|AC  0|TAMS 0x00007f34c5000000, 0x00007f34c5000000|
| 126|0x00007f34c6000000, 0x00007f34c6000000, 0x00007f34c7000000|  0%| F|  |TS  0|AC  0|TAMS 0x00007f34c6000000, 0x00007f34c6000000|
| 127|0x00007f34c7000000, 0x00007f34c7000000, 0x00007f34c8000000|  0%| F|  |TS  0|AC  0|TAMS 0x00007f34c7000000, 0x00007f34c7000000|
| 128|0x00007f34c8000000, 0x00007f34c8000000, 0x00007f34c9000000|  0%| F|  |TS  0|AC  0|TAMS 0x00007f34c8000000, 0x00007f34c8000000|
| 129|0x00007f34c9000000, 0x00007f34c9000000, 0x00007f34ca000000|  0%| F|  |TS  0|AC  0|TAMS 0x00007f34c9000000, 0x00007f34c9000000|
| 130|0x00007f34ca000000, 0x00007f34ca000000, 0x00007f34cb000000|  0%| F|  |TS  0|AC  0|TAMS 0x00007f34ca000000, 0x00007f34ca000000|
| 131|0x00007f34cb000000, 0x00007f34cb000000, 0x00007f34cc000000|  0%| F|  |TS  0|AC  0|TAMS 0x00007f34cb000000, 0x00007f34cb000000|
| 132|0x00007f34cc000000, 0x00007f34cc000000, 0x00007f34cd000000|  0%| F|  |TS  0|AC  0|TAMS 0x00007f34cc000000, 0x00007f34cc000000|
| 133|0x00007f34cd000000, 0x00007f34cd000000, 0x00007f34ce000000|  0%| F|  |TS  0|AC  0|TAMS 0x00007f34cd000000, 0x00007f34cd000000|
| 134|0x00007f34ce000000, 0x00007f34ce000000, 0x00007f34cf000000|  0%| F|  |TS  0|AC  0|TAMS 0x00007f34ce000000, 0x00007f34ce000000|
| 135|0x00007f34cf000000, 0x00007f34cf000000, 0x00007f34d0000000|  0%| F|  |TS  0|AC  0|TAMS 0x00007f34cf000000, 0x00007f34cf000000|
| 136|0x00007f34d0000000, 0x00007f34d0000000, 0x00007f34d1000000|  0%| F|  |TS  0|AC  0|TAMS 0x00007f34d0000000, 0x00007f34d0000000|
| 137|0x00007f34d1000000, 0x00007f34d1000000, 0x00007f34d2000000|  0%| F|  |TS  0|AC  0|TAMS 0x00007f34d1000000, 0x00007f34d1000000|
| 138|0x00007f34d2000000, 0x00007f34d2000000, 0x00007f34d3000000|  0%| F|  |TS  0|AC  0|TAMS 0x00007f34d2000000, 0x00007f34d2000000|
| 139|0x00007f34d3000000, 0x00007f34d3000000, 0x00007f34d4000000|  0%| F|  |TS  0|AC  0|TAMS 0x00007f34d3000000, 0x00007f34d3000000|
| 140|0x00007f34d4000000, 0x00007f34d4000000, 0x00007f34d5000000|  0%| F|  |TS  0|AC  0|TAMS 0x00007f34d4000000, 0x00007f34d4000000|
| 141|0x00007f34d5000000, 0x00007f34d5000000, 0x00007f34d6000000|  0%| F|  |TS  0|AC  0|TAMS 0x00007f34d5000000, 0x00007f34d5000000|
| 142|0x00007f34d6000000, 0x00007f34d6000000, 0x00007f34d7000000|  0%| F|  |TS  0|AC  0|TAMS 0x00007f34d6000000, 0x00007f34d6000000|
| 143|0x00007f34d7000000, 0x00007f34d7000000, 0x00007f34d8000000|  0%| F|  |TS  0|AC  0|TAMS 0x00007f34d7000000, 0x00007f34d7000000|
| 144|0x00007f34d8000000, 0x00007f34d8000000, 0x00007f34d9000000|  0%| F|  |TS  0|AC  0|TAMS 0x00007f34d8000000, 0x00007f34d8000000|
| 145|0x00007f34d9000000, 0x00007f34d9000000, 0x00007f34da000000|  0%| F|  |TS  0|AC  0|TAMS 0x00007f34d9000000, 0x00007f34d9000000|
| 146|0x00007f34da000000, 0x00007f34da000000, 0x00007f34db000000|  0%| F|  |TS  0|AC  0|TAMS 0x00007f34da000000, 0x00007f34da000000|
| 147|0x00007f34db000000, 0x00007f34db000000, 0x00007f34dc000000|  0%| F|  |TS  0|AC  0|TAMS 0x00007f34db000000, 0x00007f34db000000|
| 148|0x00007f34dc000000, 0x00007f34dc28a2e0, 0x00007f34dd000000| 15%| S|CS|TS  4|AC  0|TAMS 0x00007f34dc000000, 0x00007f34dc000000|
| 149|0x00007f34dd000000, 0x00007f34dd000000, 0x00007f34de000000|  0%| F|  |TS  4|AC  0|TAMS 0x00007f34dd000000, 0x00007f34dd000000|
| 150|0x00007f34de000000, 0x00007f34de000000, 0x00007f34df000000|  0%| F|  |TS  4|AC  0|TAMS 0x00007f34de000000, 0x00007f34de000000|
| 151|0x00007f34df000000, 0x00007f34df000000, 0x00007f34e0000000|  0%| F|  |TS  4|AC  0|TAMS 0x00007f34df000000, 0x00007f34df000000|
| 152|0x00007f34e0000000, 0x00007f34e0000000, 0x00007f34e1000000|  0%| F|  |TS  4|AC  0|TAMS 0x00007f34e0000000, 0x00007f34e0000000|
| 153|0x00007f34e1000000, 0x00007f34e1000000, 0x00007f34e2000000|  0%| F|  |TS  4|AC  0|TAMS 0x00007f34e1000000, 0x00007f34e1000000|
| 154|0x00007f34e2000000, 0x00007f34e2000000, 0x00007f34e3000000|  0%| F|  |TS  4|AC  0|TAMS 0x00007f34e2000000, 0x00007f34e2000000|
| 155|0x00007f34e3000000, 0x00007f34e3000000, 0x00007f34e4000000|  0%| F|  |TS  4|AC  0|TAMS 0x00007f34e3000000, 0x00007f34e3000000|
| 156|0x00007f34e4000000, 0x00007f34e4000000, 0x00007f34e5000000|  0%| F|  |TS  4|AC  0|TAMS 0x00007f34e4000000, 0x00007f34e4000000|
| 157|0x00007f34e5000000, 0x00007f34e5000000, 0x00007f34e6000000|  0%| F|  |TS  4|AC  0|TAMS 0x00007f34e5000000, 0x00007f34e5000000|
| 158|0x00007f34e6000000, 0x00007f34e6000000, 0x00007f34e7000000|  0%| F|  |TS  4|AC  0|TAMS 0x00007f34e6000000, 0x00007f34e6000000|
| 159|0x00007f34e7000000, 0x00007f34e7000000, 0x00007f34e8000000|  0%| F|  |TS  4|AC  0|TAMS 0x00007f34e7000000, 0x00007f34e7000000|
| 160|0x00007f34e8000000, 0x00007f34e8000000, 0x00007f34e9000000|  0%| F|  |TS  4|AC  0|TAMS 0x00007f34e8000000, 0x00007f34e8000000|
| 161|0x00007f34e9000000, 0x00007f34e9000000, 0x00007f34ea000000|  0%| F|  |TS  4|AC  0|TAMS 0x00007f34e9000000, 0x00007f34e9000000|
| 162|0x00007f34ea000000, 0x00007f34ea000000, 0x00007f34eb000000|  0%| F|  |TS  4|AC  0|TAMS 0x00007f34ea000000, 0x00007f34ea000000|
| 163|0x00007f34eb000000, 0x00007f34eb000000, 0x00007f34ec000000|  0%| F|  |TS  4|AC  0|TAMS 0x00007f34eb000000, 0x00007f34eb000000|
| 164|0x00007f34ec000000, 0x00007f34ec000000, 0x00007f34ed000000|  0%| F|  |TS  4|AC  0|TAMS 0x00007f34ec000000, 0x00007f34ec000000|
| 165|0x00007f34ed000000, 0x00007f34ed000000, 0x00007f34ee000000|  0%| F|  |TS  4|AC  0|TAMS 0x00007f34ed000000, 0x00007f34ed000000|
| 166|0x00007f34ee000000, 0x00007f34ee000000, 0x00007f34ef000000|  0%| F|  |TS  4|AC  0|TAMS 0x00007f34ee000000, 0x00007f34ee000000|
| 167|0x00007f34ef000000, 0x00007f34ef000000, 0x00007f34f0000000|  0%| F|  |TS  4|AC  0|TAMS 0x00007f34ef000000, 0x00007f34ef000000|

Card table byte_map: [0x00007f342f000000,0x00007f343b800000] byte_map_base: 0x00007ef494dc0000

Marking Bits (Prev, Next): (CMBitMap*) 0x00007f4d90092a78, (CMBitMap*) 0x00007f4d90092a40
 Prev Bits: [0x00007f335a800000, 0x00007f33be800000)
 Next Bits: [0x00007f33be800000, 0x00007f3422800000)

Polling page: 0x00007f4d99574000

CodeHeap 'non-profiled nmethods': size=120032Kb used=845Kb max_used=845Kb free=119186Kb
 bounds [0x00007f4d7f5ed000, 0x00007f4d7f85d000, 0x00007f4d86b25000]
CodeHeap 'profiled nmethods': size=120028Kb used=3658Kb max_used=3658Kb free=116370Kb
 bounds [0x00007f4d780b6000, 0x00007f4d78456000, 0x00007f4d7f5ed000]
CodeHeap 'non-nmethods': size=5700Kb used=1223Kb max_used=1245Kb free=4477Kb
 bounds [0x00007f4d77b25000, 0x00007f4d77d95000, 0x00007f4d780b6000]
 total_blobs=2797 nmethods=1774 adapters=543
 compilation: enabled

Compilation events (10 events):
Event: 1.995 Thread 0x00007f4d90162800 1771       2       parser.ast.Expression::evaluateDouble (71 bytes)
Event: 1.995 Thread 0x00007f4d90160800 1772       4       parser.ast.ExpressionBinaryOp::evaluate (1023 bytes)
Event: 1.995 Thread 0x00007f4d90162800 nmethod 1771 0x00007f4d7842e090 code [0x00007f4d7842e2a0, 0x00007f4d7842e698]
Event: 1.995 Thread 0x00007f4d90162800 1773 %     3       explicit.ConstructModel::constructModel @ 532 (1822 bytes)
Event: 1.996 Thread 0x00007f4d9015e800 1774       4       parser.ast.Expression::evaluateDouble (71 bytes)
Event: 1.997 Thread 0x00007f4d9015e800 nmethod 1774 0x00007f4d7f6b8490 code [0x00007f4d7f6b8660, 0x00007f4d7f6b8878]
Event: 2.013 Thread 0x00007f4d90162800 nmethod 1773% 0x00007f4d7842e890 code [0x00007f4d78430320, 0x00007f4d784415c8]
Event: 2.031 Thread 0x00007f4d9015c800 1775 %     4       explicit.ConstructModel::constructModel @ 532 (1822 bytes)
Event: 2.038 Thread 0x00007f4d90160800 nmethod 1772 0x00007f4d7f6b8b10 code [0x00007f4d7f6b92a0, 0x00007f4d7f6bc650]
Event: 2.041 Thread 0x00007f4d9015c800 nmethod 1775% 0x00007f4d7f6bee90 code [0x00007f4d7f6bf080, 0x00007f4d7f6bfe08]

GC Heap History (10 events):
Event: 1.259 GC heap after
{Heap after GC invocations=12 (full 0):
 garbage-first heap   total 917504K, used 586950K [0x00007f3448000000, 0x00007f4d48000000)
  region size 16384K, 1 young (16384K), 1 survivors (16384K)
 Metaspace       used 19274K, capacity 19457K, committed 19712K, reserved 20480K
}
Event: 1.306 GC heap before
{Heap before GC invocations=12 (full 0):
 garbage-first heap   total 917504K, used 652486K [0x00007f3448000000, 0x00007f4d48000000)
  region size 16384K, 5 young (81920K), 1 survivors (16384K)
 Metaspace       used 19274K, capacity 19457K, committed 19712K, reserved 20480K
}
Event: 1.329 GC heap after
{Heap after GC invocations=13 (full 0):
 garbage-first heap   total 2752512K, used 662221K [0x00007f3448000000, 0x00007f4d48000000)
  region size 16384K, 1 young (16384K), 1 survivors (16384K)
 Metaspace       used 19274K, capacity 19457K, committed 19712K, reserved 20480K
}
Event: 1.480 GC heap before
{Heap before GC invocations=14 (full 0):
 garbage-first heap   total 2752512K, used 842445K [0x00007f3448000000, 0x00007f4d48000000)
  region size 16384K, 11 young (180224K), 1 survivors (16384K)
 Metaspace       used 19274K, capacity 19457K, committed 19712K, reserved 20480K
}
Event: 1.526 GC heap after
{Heap after GC invocations=15 (full 0):
 garbage-first heap   total 2752512K, used 851109K [0x00007f3448000000, 0x00007f4d48000000)
  region size 16384K, 2 young (32768K), 2 survivors (32768K)
 Metaspace       used 19274K, capacity 19457K, committed 19712K, reserved 20480K
}
Event: 1.667 GC heap before
{Heap before GC invocations=15 (full 0):
 garbage-first heap   total 2752512K, used 1146021K [0x00007f3448000000, 0x00007f4d48000000)
  region size 16384K, 15 young (245760K), 2 survivors (32768K)
 Metaspace       used 19274K, capacity 19457K, committed 19712K, reserved 20480K
}
Event: 1.753 GC heap after
{Heap after GC invocations=16 (full 0):
 garbage-first heap   total 2752512K, used 1162265K [0x00007f3448000000, 0x00007f4d48000000)
  region size 16384K, 2 young (32768K), 2 survivors (32768K)
 Metaspace       used 19274K, capacity 19457K, committed 19712K, reserved 20480K
}
Event: 1.903 GC heap before
{Heap before GC invocations=16 (full 0):
 garbage-first heap   total 2752512K, used 1375257K [0x00007f3448000000, 0x00007f4d48000000)
  region size 16384K, 15 young (245760K), 2 survivors (32768K)
 Metaspace       used 19350K, capacity 19585K, committed 19712K, reserved 20480K
}
Event: 1.938 GC heap after
{Heap after GC invocations=17 (full 0):
 garbage-first heap   total 2752512K, used 1265403K [0x00007f3448000000, 0x00007f4d48000000)
  region size 16384K, 2 young (32768K), 2 survivors (32768K)
 Metaspace       used 19350K, capacity 19585K, committed 19712K, reserved 20480K
}
Event: 2.057 GC heap before
{Heap before GC invocations=17 (full 0):
 garbage-first heap   total 2752512K, used 1543931K [0x00007f3448000000, 0x00007f4d48000000)
  region size 16384K, 19 young (311296K), 2 survivors (32768K)
 Metaspace       used 19350K, capacity 19585K, committed 19712K, reserved 20480K
}

Deoptimization events (10 events):
Event: 0.405 Thread 0x00007f4d90012000 Uncommon trap: reason=unstable_if action=reinterpret pc=0x00007f4d7f5f4668 method=java.lang.String.isLatin1()Z @ 10 c2
Event: 0.407 Thread 0x00007f4d90012000 Uncommon trap: reason=unstable_if action=reinterpret pc=0x00007f4d7f619aa8 method=jdk.internal.org.objectweb.asm.Type.getArgumentsAndReturnSizes(Ljava/lang/String;)I @ 88 c2
Event: 0.805 Thread 0x00007f4d90012000 Uncommon trap: reason=unstable_if action=reinterpret pc=0x00007f4d7f69aeb4 method=parser.VarList.getAllStates()Ljava/util/List; @ 173 c2
Event: 0.910 Thread 0x00007f4d90012000 Uncommon trap: reason=unstable_if action=reinterpret pc=0x00007f4d7f69f228 method=parser.VarList.getAllStates()Ljava/util/List; @ 67 c2
Event: 1.843 Thread 0x00007f4d90012000 Uncommon trap: reason=unstable_if action=reinterpret pc=0x00007f4d7f6a78e0 method=parser.ast.ExpressionBinaryOp.evaluate(Lparser/EvaluateContext;)Ljava/lang/Object; @ 155 c2
Event: 1.991 Thread 0x00007f4d90012000 Uncommon trap: reason=unstable_if action=reinterpret pc=0x00007f4d7f6adb58 method=parser.ast.Expression.evaluateDouble(Lparser/EvaluateContext;)D @ 51 c2
Event: 1.991 Thread 0x00007f4d90012000 Uncommon trap: reason=speculate_class_check action=maybe_recompile pc=0x00007f4d7f6adb88 method=parser.ast.Expression.evaluateBoolean(Lparser/EvaluateContext;)Z @ 2 c2
Event: 1.991 Thread 0x00007f4d90012000 Uncommon trap: reason=unstable_if action=reinterpret pc=0x00007f4d7f6a43e0 method=parser.ast.Expression.evaluateDouble(Lparser/EvaluateContext;)D @ 51 c2
Event: 1.991 Thread 0x00007f4d90012000 Uncommon trap: reason=speculate_class_check action=maybe_recompile pc=0x00007f4d7f6adb88 method=parser.ast.Expression.evaluateBoolean(Lparser/EvaluateContext;)Z @ 2 c2
Event: 1.991 Thread 0x00007f4d90012000 Uncommon trap: reason=unstable_if action=reinterpret pc=0x00007f4d7f6b1aac method=explicit.ConstructModel.constructModel(Lparser/ast/ModulesFile;ZZZZ[Z)Lexplicit/Model; @ 565 c2

Classes redefined (0 events):
No events

Internal exceptions (10 events):
Event: 0.317 Thread 0x00007f4d90012000 Exception <a 'java/lang/NoSuchMethodError'{0x00007f34571765f8}: java.lang.invoke.DirectMethodHandle$Holder.invokeStatic(Ljava/lang/Object;Ljava/lang/Object;Ljava/lang/Object;Ljava/lang/Object;Ljava/lang/Object;Ljava/lang/Object;Ljava/lang/Object;Ljava/lan
Event: 0.318 Thread 0x00007f4d90012000 Exception <a 'java/lang/NoSuchMethodError'{0x00007f34571a4338}: java.lang.invoke.DirectMethodHandle$Holder.invokeStatic(Ljava/lang/Object;Ljava/lang/Object;Ljava/lang/Object;Ljava/lang/Object;Ljava/lang/Object;Ljava/lang/Object;Ljava/lang/Object;Ljava/lan
Event: 0.319 Thread 0x00007f4d90012000 Exception <a 'java/lang/NoSuchMethodError'{0x00007f34571d4440}: method resolution failed> (0x00007f34571d4440) thrown at [/build/openjdk-lts-HXybSI/openjdk-lts-10.0.2+13/src/hotspot/share/prims/methodHandles.cpp, line 1226]
Event: 0.322 Thread 0x00007f4d90012000 Exception <a 'java/lang/NoSuchMethodError'{0x00007f34572c3140}: java.lang.invoke.DirectMethodHandle$Holder.invokeSpecial(Ljava/lang/Object;Ljava/lang/Object;IILjava/lang/Object;Ljava/lang/Object;Ljava/lang/Object;Ljava/lang/Object;)Ljava/lang/Object;> (0x
Event: 0.323 Thread 0x00007f4d90012000 Exception <a 'java/lang/NoSuchMethodError'{0x00007f34572c7ec8}: java.lang.invoke.DelegatingMethodHandle$Holder.reinvoke_L(Ljava/lang/Object;IILjava/lang/Object;Ljava/lang/Object;Ljava/lang/Object;Ljava/lang/Object;)Ljava/lang/Object;> (0x00007f34572c7ec8)
Event: 0.334 Thread 0x00007f4d90012000 Exception <a 'java/lang/NoSuchMethodError'{0x00007f34574f2508}: java.lang.invoke.DirectMethodHandle$Holder.invokeStatic(Ljava/lang/Object;Ljava/lang/Object;Ljava/lang/Object;Ljava/lang/Object;Ljava/lang/Object;Ljava/lang/Object;Ljava/lang/Object;Ljava/lan
Event: 0.335 Thread 0x00007f4d90012000 Exception <a 'java/lang/NoSuchMethodError'{0x00007f34575055b8}: java.lang.invoke.DirectMethodHandle$Holder.invokeStatic(Ljava/lang/Object;Ljava/lang/Object;Ljava/lang/Object;Ljava/lang/Object;Ljava/lang/Object;Ljava/lang/Object;Ljava/lang/Object;Ljava/lan
Event: 0.335 Thread 0x00007f4d90012000 Exception <a 'java/lang/NoSuchMethodError'{0x00007f3457518af8}: java.lang.invoke.DirectMethodHandle$Holder.invokeStatic(Ljava/lang/Object;Ljava/lang/Object;Ljava/lang/Object;Ljava/lang/Object;Ljava/lang/Object;Ljava/lang/Object;Ljava/lang/Object;Ljava/lan
Event: 0.663 Thread 0x00007f4d90012000 Exception <a 'java/lang/NoSuchMethodError'{0x00007f345795a670}: java.lang.Object.lambda$union$2(Ljava/util/regex/Pattern$CharPredicate;I)Z> (0x00007f345795a670) thrown at [/build/openjdk-lts-HXybSI/openjdk-lts-10.0.2+13/src/hotspot/share/interpreter/linkR
Event: 0.663 Thread 0x00007f4d90012000 Exception <a 'java/lang/NoSuchMethodError'{0x00007f345795f608}: java.lang.Object.lambda$negate$3(I)Z> (0x00007f345795f608) thrown at [/build/openjdk-lts-HXybSI/openjdk-lts-10.0.2+13/src/hotspot/share/interpreter/linkResolver.cpp, line 741]

Events (10 events):
Event: 1.991 Thread 0x00007f4d90012000 DEOPT UNPACKING pc=0x00007f4d77b4cfa5 sp=0x00007f4d96aed048 mode 2
Event: 1.991 Thread 0x00007f4d90012000 Uncommon trap: trap_request=0xffffff76 fr.pc=0x00007f4d7f6adb88 relative=0x0000000000002328
Event: 1.991 Thread 0x00007f4d90012000 DEOPT PACKING pc=0x00007f4d7f6adb88 sp=0x00007f4d96aed390
Event: 1.991 Thread 0x00007f4d90012000 DEOPT UNPACKING pc=0x00007f4d77b4cfa5 sp=0x00007f4d96aed2f8 mode 2
Event: 1.991 Thread 0x00007f4d90012000 Uncommon trap: trap_request=0xffffff55 fr.pc=0x00007f4d7f6b1aac relative=0x00000000000008cc
Event: 1.991 Thread 0x00007f4d90012000 DEOPT PACKING pc=0x00007f4d7f6b1aac sp=0x00007f4d96aed4e0
Event: 1.991 Thread 0x00007f4d90012000 DEOPT UNPACKING pc=0x00007f4d77b4cfa5 sp=0x00007f4d96aed478 mode 2
Event: 2.043 Thread 0x00007f4d90012000 DEOPT PACKING pc=0x00007f4d7843f256 sp=0x00007f4d96aecfa0
Event: 2.043 Thread 0x00007f4d90012000 DEOPT UNPACKING pc=0x00007f4d77b4cdba sp=0x00007f4d96aec970 mode 0
Event: 2.056 Executing VM operation: G1IncCollectionPause


Dynamic libraries:
55e9853b6000-55e9853b7000 r-xp 00000000 103:04 529357                    /usr/lib/jvm/java-11-openjdk-amd64/bin/java
55e9855b7000-55e9855b8000 r--p 00001000 103:04 529357                    /usr/lib/jvm/java-11-openjdk-amd64/bin/java
55e9855b8000-55e9855b9000 rw-p 00002000 103:04 529357                    /usr/lib/jvm/java-11-openjdk-amd64/bin/java
55e98755c000-55e98757d000 rw-p 00000000 00:00 0                          [heap]
7f322fffe000-7f32d4000000 rw-p 00000000 00:00 0 
7f32d4000000-7f32d4021000 rw-p 00000000 00:00 0 
7f32d4021000-7f32d8000000 ---p 00000000 00:00 0 
7f32d8000000-7f32d8021000 rw-p 00000000 00:00 0 
7f32d8021000-7f32dc000000 ---p 00000000 00:00 0 
7f32dc000000-7f32dc026000 rw-p 00000000 00:00 0 
7f32dc026000-7f32e0000000 ---p 00000000 00:00 0 
7f32e0efc000-7f32e103c000 rw-p 00000000 00:00 0 
7f32e103c000-7f32e10fc000 ---p 00000000 00:00 0 
7f32e10fc000-7f32e1119000 r-xp 00000000 103:04 665812                    /usr/local/prism-games-2.0.beta3-linux64/lib/libprismhybrid.so
7f32e1119000-7f32e1318000 ---p 0001d000 103:04 665812                    /usr/local/prism-games-2.0.beta3-linux64/lib/libprismhybrid.so
7f32e1318000-7f32e1319000 rw-p 0001c000 103:04 665812                    /usr/local/prism-games-2.0.beta3-linux64/lib/libprismhybrid.so
7f32e1319000-7f32e131a000 rw-p 00000000 00:00 0 
7f32e131a000-7f32e13b6000 r-xp 00000000 103:04 665821                    /usr/local/prism-games-2.0.beta3-linux64/lib/liblpsolve55.so
7f32e13b6000-7f32e15b5000 ---p 0009c000 103:04 665821                    /usr/local/prism-games-2.0.beta3-linux64/lib/liblpsolve55.so
7f32e15b5000-7f32e15b7000 rw-p 0009b000 103:04 665821                    /usr/local/prism-games-2.0.beta3-linux64/lib/liblpsolve55.so
7f32e15b7000-7f32e15b8000 rw-p 00000000 00:00 0 
7f32e15b8000-7f32e15bf000 r-xp 00000000 103:04 665814                    /usr/local/prism-games-2.0.beta3-linux64/lib/libdv.so
7f32e15bf000-7f32e17be000 ---p 00007000 103:04 665814                    /usr/local/prism-games-2.0.beta3-linux64/lib/libdv.so
7f32e17be000-7f32e17bf000 rw-p 00006000 103:04 665814                    /usr/local/prism-games-2.0.beta3-linux64/lib/libdv.so
7f32e17bf000-7f32e17ee000 r-xp 00000000 103:04 665808                    /usr/local/prism-games-2.0.beta3-linux64/lib/libprismsparse.so
7f32e17ee000-7f32e19ed000 ---p 0002f000 103:04 665808                    /usr/local/prism-games-2.0.beta3-linux64/lib/libprismsparse.so
7f32e19ed000-7f32e19ee000 rw-p 0002e000 103:04 665808                    /usr/local/prism-games-2.0.beta3-linux64/lib/libprismsparse.so
7f32e19ee000-7f32e19f1000 r-xp 00000000 103:04 665806                    /usr/local/prism-games-2.0.beta3-linux64/lib/libodd.so
7f32e19f1000-7f32e1bf0000 ---p 00003000 103:04 665806                    /usr/local/prism-games-2.0.beta3-linux64/lib/libodd.so
7f32e1bf0000-7f32e1bf1000 rw-p 00002000 103:04 665806                    /usr/local/prism-games-2.0.beta3-linux64/lib/libodd.so
7f32e1bf1000-7f32e1bfc000 r-xp 00000000 103:04 665816                    /usr/local/prism-games-2.0.beta3-linux64/lib/libprismmtbdd.so
7f32e1bfc000-7f32e1dfc000 ---p 0000b000 103:04 665816                    /usr/local/prism-games-2.0.beta3-linux64/lib/libprismmtbdd.so
7f32e1dfc000-7f32e1dfd000 rw-p 0000b000 103:04 665816                    /usr/local/prism-games-2.0.beta3-linux64/lib/libprismmtbdd.so
7f32e1dfd000-7f32e25fe000 rw-p 00000000 00:00 0 
7f32e25fe000-7f32e2677000 r-xp 00000000 103:04 665817                    /usr/local/prism-games-2.0.beta3-linux64/lib/libdd.so
7f32e2677000-7f32e2876000 ---p 00079000 103:04 665817                    /usr/local/prism-games-2.0.beta3-linux64/lib/libdd.so
7f32e2876000-7f32e2878000 rw-p 00078000 103:04 665817                    /usr/local/prism-games-2.0.beta3-linux64/lib/libdd.so
7f32e2878000-7f32e287f000 r-xp 00000000 103:04 665802                    /usr/local/prism-games-2.0.beta3-linux64/lib/libjdd.so
7f32e287f000-7f32e2a7e000 ---p 00007000 103:04 665802                    /usr/local/prism-games-2.0.beta3-linux64/lib/libjdd.so
7f32e2a7e000-7f32e2a7f000 rw-p 00006000 103:04 665802                    /usr/local/prism-games-2.0.beta3-linux64/lib/libjdd.so
7f32e2a7f000-7f32e2c7f000 rw-p 00000000 00:00 0 
7f32e2c7f000-7f32e2c83000 ---p 00000000 00:00 0 
7f32e2c83000-7f32e3080000 rw-p 00000000 00:00 0 
7f32e3080000-7f32e3084000 ---p 00000000 00:00 0 
7f32e3084000-7f32e3481000 rw-p 00000000 00:00 0 
7f32e3481000-7f32e34b2000 r-xp 00000000 103:04 534498                    /usr/lib/x86_64-linux-gnu/libpng16.so.16.34.0
7f32e34b2000-7f32e36b1000 ---p 00031000 103:04 534498                    /usr/lib/x86_64-linux-gnu/libpng16.so.16.34.0
7f32e36b1000-7f32e36b2000 r--p 00030000 103:04 534498                    /usr/lib/x86_64-linux-gnu/libpng16.so.16.34.0
7f32e36b2000-7f32e36b3000 rw-p 00031000 103:04 534498                    /usr/lib/x86_64-linux-gnu/libpng16.so.16.34.0
7f32e36b3000-7f32e3760000 r-xp 00000000 103:04 534008                    /usr/lib/x86_64-linux-gnu/libfreetype.so.6.15.0
7f32e3760000-7f32e395f000 ---p 000ad000 103:04 534008                    /usr/lib/x86_64-linux-gnu/libfreetype.so.6.15.0
7f32e395f000-7f32e3966000 r--p 000ac000 103:04 534008                    /usr/lib/x86_64-linux-gnu/libfreetype.so.6.15.0
7f32e3966000-7f32e3967000 rw-p 000b3000 103:04 534008                    /usr/lib/x86_64-linux-gnu/libfreetype.so.6.15.0
7f32e3967000-7f32e39fc000 r-xp 00000000 103:04 664524                    /usr/lib/jvm/java-11-openjdk-amd64/lib/libfontmanager.so
7f32e39fc000-7f32e3bfc000 ---p 00095000 103:04 664524                    /usr/lib/jvm/java-11-openjdk-amd64/lib/libfontmanager.so
7f32e3bfc000-7f32e3bfd000 r--p 00095000 103:04 664524                    /usr/lib/jvm/java-11-openjdk-amd64/lib/libfontmanager.so
7f32e3bfd000-7f32e3bfe000 rw-p 00096000 103:04 664524                    /usr/lib/jvm/java-11-openjdk-amd64/lib/libfontmanager.so
7f32e3bfe000-7f32e3bff000 rw-p 00000000 00:00 0 
7f32e3bff000-7f32e3c03000 ---p 00000000 00:00 0 
7f32e3c03000-7f32e4000000 rw-p 00000000 00:00 0 
7f32e4000000-7f32e4021000 rw-p 00000000 00:00 0 
7f32e4021000-7f32e8000000 ---p 00000000 00:00 0 
7f32e8000000-7f32e8021000 rw-p 00000000 00:00 0 
7f32e8021000-7f32ec000000 ---p 00000000 00:00 0 
7f32ec000000-7f32ec021000 rw-p 00000000 00:00 0 
7f32ec021000-7f32f0000000 ---p 00000000 00:00 0 
7f32f0000000-7f32f0021000 rw-p 00000000 00:00 0 
7f32f0021000-7f32f4000000 ---p 00000000 00:00 0 
7f32f4000000-7f32f4021000 rw-p 00000000 00:00 0 
7f32f4021000-7f32f8000000 ---p 00000000 00:00 0 
7f32f8000000-7f32f8021000 rw-p 00000000 00:00 0 
7f32f8021000-7f32fc000000 ---p 00000000 00:00 0 
7f32fc000000-7f32fc7e8000 rw-p 00000000 00:00 0 
7f32fc7e8000-7f3300000000 ---p 00000000 00:00 0 
7f3300000000-7f3300528000 rw-p 00000000 00:00 0 
7f3300528000-7f3304000000 ---p 00000000 00:00 0 
7f3304000000-7f330497f000 rw-p 00000000 00:00 0 
7f330497f000-7f3308000000 ---p 00000000 00:00 0 
7f3308000000-7f330865c000 rw-p 00000000 00:00 0 
7f330865c000-7f330c000000 ---p 00000000 00:00 0 
7f330c000000-7f330c021000 rw-p 00000000 00:00 0 
7f330c021000-7f3310000000 ---p 00000000 00:00 0 
7f3310000000-7f3310021000 rw-p 00000000 00:00 0 
7f3310021000-7f3314000000 ---p 00000000 00:00 0 
7f3314000000-7f3314021000 rw-p 00000000 00:00 0 
7f3314021000-7f3318000000 ---p 00000000 00:00 0 
7f3318066000-7f3318266000 rw-p 00000000 00:00 0 
7f3318266000-7f331826a000 ---p 00000000 00:00 0 
7f331826a000-7f3318667000 rw-p 00000000 00:00 0 
7f3318667000-7f331866b000 ---p 00000000 00:00 0 
7f331866b000-7f3318c68000 rw-p 00000000 00:00 0 
7f3318d20000-7f3318f20000 rw-p 00000000 00:00 0 
7f3318f20000-7f3319120000 rw-p 00000000 00:00 0 
7f3319120000-7f3319128000 r-xp 00000000 103:04 664512                    /usr/lib/jvm/java-11-openjdk-amd64/lib/libawt_headless.so
7f3319128000-7f3319327000 ---p 00008000 103:04 664512                    /usr/lib/jvm/java-11-openjdk-amd64/lib/libawt_headless.so
7f3319327000-7f3319328000 r--p 00007000 103:04 664512                    /usr/lib/jvm/java-11-openjdk-amd64/lib/libawt_headless.so
7f3319328000-7f3319329000 rw-p 00008000 103:04 664512                    /usr/lib/jvm/java-11-openjdk-amd64/lib/libawt_headless.so
7f3319329000-7f33193c9000 r-xp 00000000 103:04 664508                    /usr/lib/jvm/java-11-openjdk-amd64/lib/libawt.so
7f33193c9000-7f33195c9000 ---p 000a0000 103:04 664508                    /usr/lib/jvm/java-11-openjdk-amd64/lib/libawt.so
7f33195c9000-7f33195ca000 r--p 000a0000 103:04 664508                    /usr/lib/jvm/java-11-openjdk-amd64/lib/libawt.so
7f33195ca000-7f33195d5000 rw-p 000a1000 103:04 664508                    /usr/lib/jvm/java-11-openjdk-amd64/lib/libawt.so
7f33195d5000-7f33195fa000 rw-p 00000000 00:00 0 
7f33195fa000-7f33195fe000 r-xp 00000000 103:04 665810                    /usr/local/prism-games-2.0.beta3-linux64/lib/libprism.so
7f33195fe000-7f33197fd000 ---p 00004000 103:04 665810                    /usr/local/prism-games-2.0.beta3-linux64/lib/libprism.so
7f33197fd000-7f33197fe000 rw-p 00003000 103:04 665810                    /usr/local/prism-games-2.0.beta3-linux64/lib/libprism.so
7f33197fe000-7f3319815000 r-xp 00000000 103:04 664825                    /usr/lib/jvm/java-11-openjdk-amd64/lib/libnet.so
7f3319815000-7f3319a14000 ---p 00017000 103:04 664825                    /usr/lib/jvm/java-11-openjdk-amd64/lib/libnet.so
7f3319a14000-7f3319a15000 r--p 00016000 103:04 664825                    /usr/lib/jvm/java-11-openjdk-amd64/lib/libnet.so
7f3319a15000-7f3319a16000 rw-p 00017000 103:04 664825                    /usr/lib/jvm/java-11-openjdk-amd64/lib/libnet.so
7f3319a16000-7f3319a27000 r-xp 00000000 103:04 664832                    /usr/lib/jvm/java-11-openjdk-amd64/lib/libnio.so
7f3319a27000-7f3319c26000 ---p 00011000 103:04 664832                    /usr/lib/jvm/java-11-openjdk-amd64/lib/libnio.so
7f3319c26000-7f3319c27000 r--p 00010000 103:04 664832                    /usr/lib/jvm/java-11-openjdk-amd64/lib/libnio.so
7f3319c27000-7f3319c28000 rw-p 00011000 103:04 664832                    /usr/lib/jvm/java-11-openjdk-amd64/lib/libnio.so
7f3319c28000-7f3319c2c000 ---p 00000000 00:00 0 
7f3319c2c000-7f331a029000 rw-p 00000000 00:00 0 
7f331a029000-7f331a02a000 ---p 00000000 00:00 0 
7f331a02a000-7f331a12b000 rw-p 00000000 00:00 0 
7f331a12b000-7f331a12f000 ---p 00000000 00:00 0 
7f331a12f000-7f331a52c000 rw-p 00000000 00:00 0 
7f331a52c000-7f331a530000 ---p 00000000 00:00 0 
7f331a530000-7f331a92d000 rw-p 00000000 00:00 0 
7f331a92d000-7f331a931000 ---p 00000000 00:00 0 
7f331a931000-7f331aa2e000 rw-p 00000000 00:00 0 
7f331aa2e000-7f331aa32000 ---p 00000000 00:00 0 
7f331aa32000-7f331ae2f000 rw-p 00000000 00:00 0 
7f331ae2f000-7f331b7fe000 r--p 00000000 103:04 531372                    /usr/lib/locale/locale-archive
7f331b7fe000-7f331b802000 ---p 00000000 00:00 0 
7f331b802000-7f331bbff000 rw-p 00000000 00:00 0 
7f331bbff000-7f331bc03000 ---p 00000000 00:00 0 
7f331bc03000-7f331c000000 rw-p 00000000 00:00 0 
7f331c000000-7f331c021000 rw-p 00000000 00:00 0 
7f331c021000-7f3320000000 ---p 00000000 00:00 0 
7f3320000000-7f3320189000 rw-p 00000000 00:00 0 
7f3320189000-7f3324000000 ---p 00000000 00:00 0 
7f3324000000-7f3324021000 rw-p 00000000 00:00 0 
7f3324021000-7f3328000000 ---p 00000000 00:00 0 
7f3328000000-7f3328022000 rw-p 00000000 00:00 0 
7f3328022000-7f332c000000 ---p 00000000 00:00 0 
7f332c000000-7f332c021000 rw-p 00000000 00:00 0 
7f332c021000-7f3330000000 ---p 00000000 00:00 0 
7f3330000000-7f3330021000 rw-p 00000000 00:00 0 
7f3330021000-7f3334000000 ---p 00000000 00:00 0 
7f3334000000-7f3334021000 rw-p 00000000 00:00 0 
7f3334021000-7f3338000000 ---p 00000000 00:00 0 
7f3338000000-7f3338021000 rw-p 00000000 00:00 0 
7f3338021000-7f333c000000 ---p 00000000 00:00 0 
7f333c000000-7f333c021000 rw-p 00000000 00:00 0 
7f333c021000-7f3340000000 ---p 00000000 00:00 0 
7f3340000000-7f3340021000 rw-p 00000000 00:00 0 
7f3340021000-7f3344000000 ---p 00000000 00:00 0 
7f3344000000-7f3344038000 rw-p 00000000 00:00 0 
7f3344038000-7f3348000000 ---p 00000000 00:00 0 
7f3348000000-7f3348021000 rw-p 00000000 00:00 0 
7f3348021000-7f334c000000 ---p 00000000 00:00 0 
7f334c000000-7f334c021000 rw-p 00000000 00:00 0 
7f334c021000-7f3350000000 ---p 00000000 00:00 0 
7f3350000000-7f3350021000 rw-p 00000000 00:00 0 
7f3350021000-7f3354000000 ---p 00000000 00:00 0 
7f3354000000-7f3354021000 rw-p 00000000 00:00 0 
7f3354021000-7f3358000000 ---p 00000000 00:00 0 
7f3358000000-7f335d200000 rw-p 00000000 00:00 0 
7f335d200000-7f33be800000 ---p 00000000 00:00 0 
7f33be800000-7f33c1200000 rw-p 00000000 00:00 0 
7f33c1200000-7f3422800000 ---p 00000000 00:00 0 
7f3422800000-7f3422d40000 rw-p 00000000 00:00 0 
7f3422d40000-7f342f000000 ---p 00000000 00:00 0 
7f342f000000-7f342f540000 rw-p 00000000 00:00 0 
7f342f540000-7f343b800000 ---p 00000000 00:00 0 
7f343b800000-7f343bd40000 rw-p 00000000 00:00 0 
7f343bd40000-7f3448000000 ---p 00000000 00:00 0 
7f3448000000-7f34f0000000 rw-p 00000000 00:00 0 
7f3640000000-7f4d48000000 ---p 00000000 00:00 0 
7f4d48000000-7f4d481cd000 rw-p 00000000 00:00 0 
7f4d481cd000-7f4d4c000000 ---p 00000000 00:00 0 
7f4d4c000000-7f4d4c021000 rw-p 00000000 00:00 0 
7f4d4c021000-7f4d50000000 ---p 00000000 00:00 0 
7f4d50000000-7f4d501d1000 rw-p 00000000 00:00 0 
7f4d501d1000-7f4d54000000 ---p 00000000 00:00 0 
7f4d54000000-7f4d5415f000 rw-p 00000000 00:00 0 
7f4d5415f000-7f4d58000000 ---p 00000000 00:00 0 
7f4d58000000-7f4d58188000 rw-p 00000000 00:00 0 
7f4d58188000-7f4d5c000000 ---p 00000000 00:00 0 
7f4d5c000000-7f4d5c169000 rw-p 00000000 00:00 0 
7f4d5c169000-7f4d60000000 ---p 00000000 00:00 0 
7f4d60000000-7f4d60161000 rw-p 00000000 00:00 0 
7f4d60161000-7f4d64000000 ---p 00000000 00:00 0 
7f4d64000000-7f4d64159000 rw-p 00000000 00:00 0 
7f4d64159000-7f4d68000000 ---p 00000000 00:00 0 
7f4d68000000-7f4d68248000 rw-p 00000000 00:00 0 
7f4d68248000-7f4d6c000000 ---p 00000000 00:00 0 
7f4d6c000000-7f4d6c1a3000 rw-p 00000000 00:00 0 
7f4d6c1a3000-7f4d70000000 ---p 00000000 00:00 0 
7f4d70000000-7f4d7026d000 rw-p 00000000 00:00 0 
7f4d7026d000-7f4d74000000 ---p 00000000 00:00 0 
7f4d74000000-7f4d74031000 rw-p 00000000 00:00 0 
7f4d74031000-7f4d74035000 ---p 00000000 00:00 0 
7f4d74035000-7f4d74132000 rw-p 00000000 00:00 0 
7f4d74132000-7f4d74136000 ---p 00000000 00:00 0 
7f4d74136000-7f4d74233000 rw-p 00000000 00:00 0 
7f4d74233000-7f4d74237000 ---p 00000000 00:00 0 
7f4d74237000-7f4d74334000 rw-p 00000000 00:00 0 
7f4d74334000-7f4d74335000 ---p 00000000 00:00 0 
7f4d74335000-7f4d74507000 rw-p 00000000 00:00 0 
7f4d74507000-7f4d74508000 ---p 00000000 00:00 0 
7f4d74508000-7f4d74609000 rw-p 00000000 00:00 0 
7f4d74609000-7f4d7460a000 ---p 00000000 00:00 0 
7f4d7460a000-7f4d7470b000 rw-p 00000000 00:00 0 
7f4d7470b000-7f4d7470c000 ---p 00000000 00:00 0 
7f4d7470c000-7f4d7480d000 rw-p 00000000 00:00 0 
7f4d7480d000-7f4d7480e000 ---p 00000000 00:00 0 
7f4d7480e000-7f4d7490f000 rw-p 00000000 00:00 0 
7f4d7490f000-7f4d74910000 ---p 00000000 00:00 0 
7f4d74910000-7f4d74a11000 rw-p 00000000 00:00 0 
7f4d74a11000-7f4d74a12000 ---p 00000000 00:00 0 
7f4d74a12000-7f4d74b13000 rw-p 00000000 00:00 0 
7f4d74b13000-7f4d74b14000 ---p 00000000 00:00 0 
7f4d74b14000-7f4d74c15000 rw-p 00000000 00:00 0 
7f4d74c15000-7f4d74c16000 ---p 00000000 00:00 0 
7f4d74c16000-7f4d74d17000 rw-p 00000000 00:00 0 
7f4d74d17000-7f4d74d18000 ---p 00000000 00:00 0 
7f4d74d18000-7f4d74e19000 rw-p 00000000 00:00 0 
7f4d74e19000-7f4d74e1a000 ---p 00000000 00:00 0 
7f4d74e1a000-7f4d74f1b000 rw-p 00000000 00:00 0 
7f4d74f1b000-7f4d74f1c000 ---p 00000000 00:00 0 
7f4d74f1c000-7f4d75a27000 rw-p 00000000 00:00 0 
7f4d75a27000-7f4d75a28000 ---p 00000000 00:00 0 
7f4d75a28000-7f4d75b29000 rw-p 00000000 00:00 0 
7f4d75b29000-7f4d75b2a000 ---p 00000000 00:00 0 
7f4d75b2a000-7f4d75c2b000 rw-p 00000000 00:00 0 
7f4d75c2b000-7f4d75c2c000 ---p 00000000 00:00 0 
7f4d75c2c000-7f4d75d2d000 rw-p 00000000 00:00 0 
7f4d75d2d000-7f4d75d2e000 ---p 00000000 00:00 0 
7f4d75d2e000-7f4d77b25000 rw-p 00000000 00:00 0 
7f4d77b25000-7f4d77d95000 rwxp 00000000 00:00 0 
7f4d77d95000-7f4d780b6000 ---p 00000000 00:00 0 
7f4d780b6000-7f4d78456000 rwxp 00000000 00:00 0 
7f4d78456000-7f4d7f5ed000 ---p 00000000 00:00 0 
7f4d7f5ed000-7f4d7f85d000 rwxp 00000000 00:00 0 
7f4d7f85d000-7f4d86b25000 ---p 00000000 00:00 0 
7f4d86b25000-7f4d90000000 r--s 00000000 103:04 670543                    /usr/lib/jvm/java-11-openjdk-amd64/lib/modules
7f4d90000000-7f4d907a1000 rw-p 00000000 00:00 0 
7f4d907a1000-7f4d94000000 ---p 00000000 00:00 0 
7f4d94013000-7f4d94a45000 rw-p 00000000 00:00 0 
7f4d94a45000-7f4d94a46000 ---p 00000000 00:00 0 
7f4d94a46000-7f4d94b47000 rw-p 00000000 00:00 0 
7f4d94b47000-7f4d94b48000 ---p 00000000 00:00 0 
7f4d94b48000-7f4d94c49000 rw-p 00000000 00:00 0 
7f4d94c49000-7f4d94c4a000 ---p 00000000 00:00 0 
7f4d94c4a000-7f4d94d4b000 rw-p 00000000 00:00 0 
7f4d94d4b000-7f4d94d4c000 ---p 00000000 00:00 0 
7f4d94d4c000-7f4d94e4d000 rw-p 00000000 00:00 0 
7f4d94e4d000-7f4d94e4e000 ---p 00000000 00:00 0 
7f4d94e4e000-7f4d94f4f000 rw-p 00000000 00:00 0 
7f4d94f4f000-7f4d94f50000 ---p 00000000 00:00 0 
7f4d94f50000-7f4d95051000 rw-p 00000000 00:00 0 
7f4d95051000-7f4d95052000 ---p 00000000 00:00 0 
7f4d95052000-7f4d95153000 rw-p 00000000 00:00 0 
7f4d95153000-7f4d95154000 ---p 00000000 00:00 0 
7f4d95154000-7f4d95255000 rw-p 00000000 00:00 0 
7f4d95255000-7f4d95256000 ---p 00000000 00:00 0 
7f4d95256000-7f4d95357000 rw-p 00000000 00:00 0 
7f4d95357000-7f4d95358000 ---p 00000000 00:00 0 
7f4d95358000-7f4d95459000 rw-p 00000000 00:00 0 
7f4d95459000-7f4d9545e000 r-xp 00000000 103:04 664738                    /usr/lib/jvm/java-11-openjdk-amd64/lib/libjimage.so
7f4d9545e000-7f4d9565d000 ---p 00005000 103:04 664738                    /usr/lib/jvm/java-11-openjdk-amd64/lib/libjimage.so
7f4d9565d000-7f4d9565e000 r--p 00004000 103:04 664738                    /usr/lib/jvm/java-11-openjdk-amd64/lib/libjimage.so
7f4d9565e000-7f4d9565f000 rw-p 00005000 103:04 664738                    /usr/lib/jvm/java-11-openjdk-amd64/lib/libjimage.so
7f4d9565f000-7f4d95666000 r-xp 00000000 103:04 670542                    /usr/lib/jvm/java-11-openjdk-amd64/lib/libzip.so
7f4d95666000-7f4d95865000 ---p 00007000 103:04 670542                    /usr/lib/jvm/java-11-openjdk-amd64/lib/libzip.so
7f4d95865000-7f4d95866000 r--p 00006000 103:04 670542                    /usr/lib/jvm/java-11-openjdk-amd64/lib/libzip.so
7f4d95866000-7f4d95867000 rw-p 00007000 103:04 670542                    /usr/lib/jvm/java-11-openjdk-amd64/lib/libzip.so
7f4d95867000-7f4d95872000 r-xp 00000000 103:04 267847                    /lib/x86_64-linux-gnu/libnss_files-2.27.so
7f4d95872000-7f4d95a71000 ---p 0000b000 103:04 267847                    /lib/x86_64-linux-gnu/libnss_files-2.27.so
7f4d95a71000-7f4d95a72000 r--p 0000a000 103:04 267847                    /lib/x86_64-linux-gnu/libnss_files-2.27.so
7f4d95a72000-7f4d95a73000 rw-p 0000b000 103:04 267847                    /lib/x86_64-linux-gnu/libnss_files-2.27.so
7f4d95a73000-7f4d95a79000 rw-p 00000000 00:00 0 
7f4d95a79000-7f4d95a90000 r-xp 00000000 103:04 267841                    /lib/x86_64-linux-gnu/libnsl-2.27.so
7f4d95a90000-7f4d95c8f000 ---p 00017000 103:04 267841                    /lib/x86_64-linux-gnu/libnsl-2.27.so
7f4d95c8f000-7f4d95c90000 r--p 00016000 103:04 267841                    /lib/x86_64-linux-gnu/libnsl-2.27.so
7f4d95c90000-7f4d95c91000 rw-p 00017000 103:04 267841                    /lib/x86_64-linux-gnu/libnsl-2.27.so
7f4d95c91000-7f4d95c93000 rw-p 00000000 00:00 0 
7f4d95c93000-7f4d95c9e000 r-xp 00000000 103:04 267858                    /lib/x86_64-linux-gnu/libnss_nis-2.27.so
7f4d95c9e000-7f4d95e9d000 ---p 0000b000 103:04 267858                    /lib/x86_64-linux-gnu/libnss_nis-2.27.so
7f4d95e9d000-7f4d95e9e000 r--p 0000a000 103:04 267858                    /lib/x86_64-linux-gnu/libnss_nis-2.27.so
7f4d95e9e000-7f4d95e9f000 rw-p 0000b000 103:04 267858                    /lib/x86_64-linux-gnu/libnss_nis-2.27.so
7f4d95e9f000-7f4d95ea7000 r-xp 00000000 103:04 267843                    /lib/x86_64-linux-gnu/libnss_compat-2.27.so
7f4d95ea7000-7f4d960a7000 ---p 00008000 103:04 267843                    /lib/x86_64-linux-gnu/libnss_compat-2.27.so
7f4d960a7000-7f4d960a8000 r--p 00008000 103:04 267843                    /lib/x86_64-linux-gnu/libnss_compat-2.27.so
7f4d960a8000-7f4d960a9000 rw-p 00009000 103:04 267843                    /lib/x86_64-linux-gnu/libnss_compat-2.27.so
7f4d960a9000-7f4d960d5000 r-xp 00000000 103:04 664658                    /usr/lib/jvm/java-11-openjdk-amd64/lib/libjava.so
7f4d960d5000-7f4d962d4000 ---p 0002c000 103:04 664658                    /usr/lib/jvm/java-11-openjdk-amd64/lib/libjava.so
7f4d962d4000-7f4d962d5000 r--p 0002b000 103:04 664658                    /usr/lib/jvm/java-11-openjdk-amd64/lib/libjava.so
7f4d962d5000-7f4d962d7000 rw-p 0002c000 103:04 664658                    /usr/lib/jvm/java-11-openjdk-amd64/lib/libjava.so
7f4d962d7000-7f4d962e4000 r-xp 00000000 103:04 670541                    /usr/lib/jvm/java-11-openjdk-amd64/lib/libverify.so
7f4d962e4000-7f4d964e3000 ---p 0000d000 103:04 670541                    /usr/lib/jvm/java-11-openjdk-amd64/lib/libverify.so
7f4d964e3000-7f4d964e5000 r--p 0000c000 103:04 670541                    /usr/lib/jvm/java-11-openjdk-amd64/lib/libverify.so
7f4d964e5000-7f4d964e6000 rw-p 0000e000 103:04 670541                    /usr/lib/jvm/java-11-openjdk-amd64/lib/libverify.so
7f4d964e6000-7f4d964ed000 r-xp 00000000 103:04 267898                    /lib/x86_64-linux-gnu/librt-2.27.so
7f4d964ed000-7f4d966ec000 ---p 00007000 103:04 267898                    /lib/x86_64-linux-gnu/librt-2.27.so
7f4d966ec000-7f4d966ed000 r--p 00006000 103:04 267898                    /lib/x86_64-linux-gnu/librt-2.27.so
7f4d966ed000-7f4d966ee000 rw-p 00007000 103:04 267898                    /lib/x86_64-linux-gnu/librt-2.27.so
7f4d966ee000-7f4d966f2000 ---p 00000000 00:00 0 
7f4d966f2000-7f4d96aef000 rw-p 00000000 00:00 0 
7f4d96aef000-7f4d96b06000 r-xp 00000000 103:04 261825                    /lib/x86_64-linux-gnu/libgcc_s.so.1
7f4d96b06000-7f4d96d05000 ---p 00017000 103:04 261825                    /lib/x86_64-linux-gnu/libgcc_s.so.1
7f4d96d05000-7f4d96d06000 r--p 00016000 103:04 261825                    /lib/x86_64-linux-gnu/libgcc_s.so.1
7f4d96d06000-7f4d96d07000 rw-p 00017000 103:04 261825                    /lib/x86_64-linux-gnu/libgcc_s.so.1
7f4d96d07000-7f4d96ea4000 r-xp 00000000 103:04 267820                    /lib/x86_64-linux-gnu/libm-2.27.so
7f4d96ea4000-7f4d970a3000 ---p 0019d000 103:04 267820                    /lib/x86_64-linux-gnu/libm-2.27.so
7f4d970a3000-7f4d970a4000 r--p 0019c000 103:04 267820                    /lib/x86_64-linux-gnu/libm-2.27.so
7f4d970a4000-7f4d970a5000 rw-p 0019d000 103:04 267820                    /lib/x86_64-linux-gnu/libm-2.27.so
7f4d970a5000-7f4d9721e000 r-xp 00000000 103:04 523283                    /usr/lib/x86_64-linux-gnu/libstdc++.so.6.0.25
7f4d9721e000-7f4d9741e000 ---p 00179000 103:04 523283                    /usr/lib/x86_64-linux-gnu/libstdc++.so.6.0.25
7f4d9741e000-7f4d97428000 r--p 00179000 103:04 523283                    /usr/lib/x86_64-linux-gnu/libstdc++.so.6.0.25
7f4d97428000-7f4d9742a000 rw-p 00183000 103:04 523283                    /usr/lib/x86_64-linux-gnu/libstdc++.so.6.0.25
7f4d9742a000-7f4d9742e000 rw-p 00000000 00:00 0 
7f4d9742e000-7f4d983cb000 r-xp 00000000 103:04 670546                    /usr/lib/jvm/java-11-openjdk-amd64/lib/server/libjvm.so
7f4d983cb000-7f4d985cb000 ---p 00f9d000 103:04 670546                    /usr/lib/jvm/java-11-openjdk-amd64/lib/server/libjvm.so
7f4d985cb000-7f4d9868f000 r--p 00f9d000 103:04 670546                    /usr/lib/jvm/java-11-openjdk-amd64/lib/server/libjvm.so
7f4d9868f000-7f4d986c7000 rw-p 01061000 103:04 670546                    /usr/lib/jvm/java-11-openjdk-amd64/lib/server/libjvm.so
7f4d986c7000-7f4d98710000 rw-p 00000000 00:00 0 
7f4d98710000-7f4d9872a000 r-xp 00000000 103:04 267890                    /lib/x86_64-linux-gnu/libpthread-2.27.so
7f4d9872a000-7f4d98929000 ---p 0001a000 103:04 267890                    /lib/x86_64-linux-gnu/libpthread-2.27.so
7f4d98929000-7f4d9892a000 r--p 00019000 103:04 267890                    /lib/x86_64-linux-gnu/libpthread-2.27.so
7f4d9892a000-7f4d9892b000 rw-p 0001a000 103:04 267890                    /lib/x86_64-linux-gnu/libpthread-2.27.so
7f4d9892b000-7f4d9892f000 rw-p 00000000 00:00 0 
7f4d9892f000-7f4d98932000 r-xp 00000000 103:04 267780                    /lib/x86_64-linux-gnu/libdl-2.27.so
7f4d98932000-7f4d98b31000 ---p 00003000 103:04 267780                    /lib/x86_64-linux-gnu/libdl-2.27.so
7f4d98b31000-7f4d98b32000 r--p 00002000 103:04 267780                    /lib/x86_64-linux-gnu/libdl-2.27.so
7f4d98b32000-7f4d98b33000 rw-p 00003000 103:04 267780                    /lib/x86_64-linux-gnu/libdl-2.27.so
7f4d98b33000-7f4d98b4f000 r-xp 00000000 103:04 267929                    /lib/x86_64-linux-gnu/libz.so.1.2.11
7f4d98b4f000-7f4d98d4e000 ---p 0001c000 103:04 267929                    /lib/x86_64-linux-gnu/libz.so.1.2.11
7f4d98d4e000-7f4d98d4f000 r--p 0001b000 103:04 267929                    /lib/x86_64-linux-gnu/libz.so.1.2.11
7f4d98d4f000-7f4d98d50000 rw-p 0001c000 103:04 267929                    /lib/x86_64-linux-gnu/libz.so.1.2.11
7f4d98d50000-7f4d98f37000 r-xp 00000000 103:04 267757                    /lib/x86_64-linux-gnu/libc-2.27.so
7f4d98f37000-7f4d99137000 ---p 001e7000 103:04 267757                    /lib/x86_64-linux-gnu/libc-2.27.so
7f4d99137000-7f4d9913b000 r--p 001e7000 103:04 267757                    /lib/x86_64-linux-gnu/libc-2.27.so
7f4d9913b000-7f4d9913d000 rw-p 001eb000 103:04 267757                    /lib/x86_64-linux-gnu/libc-2.27.so
7f4d9913d000-7f4d99141000 rw-p 00000000 00:00 0 
7f4d99141000-7f4d99150000 r-xp 00000000 103:04 664504                    /usr/lib/jvm/java-11-openjdk-amd64/lib/jli/libjli.so
7f4d99150000-7f4d9934f000 ---p 0000f000 103:04 664504                    /usr/lib/jvm/java-11-openjdk-amd64/lib/jli/libjli.so
7f4d9934f000-7f4d99350000 r--p 0000e000 103:04 664504                    /usr/lib/jvm/java-11-openjdk-amd64/lib/jli/libjli.so
7f4d99350000-7f4d99351000 rw-p 0000f000 103:04 664504                    /usr/lib/jvm/java-11-openjdk-amd64/lib/jli/libjli.so
7f4d99351000-7f4d99378000 r-xp 00000000 103:04 267729                    /lib/x86_64-linux-gnu/ld-2.27.so
7f4d99382000-7f4d99387000 rw-p 00000000 00:00 0 
7f4d99387000-7f4d9946d000 ---p 00000000 00:00 0 
7f4d9946d000-7f4d99475000 rw-p 00000000 00:00 0 
7f4d99475000-7f4d99558000 ---p 00000000 00:00 0 
7f4d99558000-7f4d9955a000 rw-p 00000000 00:00 0 
7f4d9955e000-7f4d9955f000 r--p 00000000 103:04 794806                    /usr/share/locale-langpack/en_GB/LC_MESSAGES/libc.mo
7f4d9955f000-7f4d99565000 rw-p 00000000 00:00 0 
7f4d99565000-7f4d9956c000 ---p 00000000 00:00 0 
7f4d9956c000-7f4d99574000 rw-s 00000000 103:04 1056591                   /tmp/hsperfdata_william/5414
7f4d99574000-7f4d99575000 ---p 00000000 00:00 0 
7f4d99575000-7f4d99576000 r--p 00000000 00:00 0 
7f4d99576000-7f4d99578000 rw-p 00000000 00:00 0 
7f4d99578000-7f4d99579000 r--p 00027000 103:04 267729                    /lib/x86_64-linux-gnu/ld-2.27.so
7f4d99579000-7f4d9957a000 rw-p 00028000 103:04 267729                    /lib/x86_64-linux-gnu/ld-2.27.so
7f4d9957a000-7f4d9957b000 rw-p 00000000 00:00 0 
7ffc0b303000-7ffc0b325000 rw-p 00000000 00:00 0                          [stack]
7ffc0b383000-7ffc0b386000 r--p 00000000 00:00 0                          [vvar]
7ffc0b386000-7ffc0b388000 r-xp 00000000 00:00 0                          [vdso]
ffffffffff600000-ffffffffff601000 r-xp 00000000 00:00 0                  [vsyscall]


VM Arguments:
jvm_args: -Xmx100g -Xss4M -Djava.awt.headless=true -Djava.library.path=/usr/local/prism-games-2.0.beta3-linux64/lib:/ppl 
java_command: prism.PrismCL -cuddmaxmem 100g -javamaxmem 100g smgKAKW_mul.prism smg_props.props -prop 1 -s -exportadvmdp tmp.tra -exportstates tmp.sta
java_class_path (initial): /usr/local/prism-games-2.0.beta3-linux64/lib/prism.jar:/usr/local/prism-games-2.0.beta3-linux64/classes:/usr/local/prism-games-2.0.beta3-linux64:/usr/local/prism-games-2.0.beta3-linux64/lib/pepa.zip:/ppl/*:/usr/local/prism-games-2.0.beta3-linux64/lib/ppl_java.jar:/usr/local/prism-games-2.0.beta3-linux64/lib/epsgraphics.jar:/usr/local/prism-games-2.0.beta3-linux64/lib/jhoafparser.jar:/usr/local/prism-games-2.0.beta3-linux64/lib/commons-math3-3.3.jar:/usr/local/prism-games-2.0.beta3-linux64/lib/jcommon.jar:/usr/local/prism-games-2.0.beta3-linux64/lib/colt.jar:/usr/local/prism-games-2.0.beta3-linux64/lib/prism.jar:/usr/local/prism-games-2.0.beta3-linux64/lib/nailgun-server.jar:/usr/local/prism-games-2.0.beta3-linux64/lib/jfreechart.jar:/usr/local/prism-games-2.0.beta3-linux64/lib/jas.jar:/usr/local/prism-games-2.0.beta3-linux64/lib/lpsolve55j.jar:/usr/local/prism-games-2.0.beta3-linux64/lib/log4j.jar
Launcher Type: SUN_STANDARD

Logging:
Log output configuration:
#0: stdout all=warning uptime,level,tags
#1: stderr all=off uptime,level,tags

Environment Variables:
PATH=/home/william/anaconda3/bin:/home/william/prism-4.4-linux64/bin:/bin:/usr/bin:/usr/local/bin:/usr/hosts:/usr/ucb:/snap/bin
USERNAME=william
LD_LIBRARY_PATH=/usr/local/prism-games-2.0.beta3-linux64/lib:/ppl
SHELL=/bin/bash
DISPLAY=:0

Signal Handlers:
SIGSEGV: [libjvm.so+0xd28b70], sa_mask[0]=11111111011111111101111111111110, sa_flags=SA_RESTART|SA_SIGINFO
SIGBUS: [libjvm.so+0xd28b70], sa_mask[0]=11111111011111111101111111111110, sa_flags=SA_RESTART|SA_SIGINFO
SIGFPE: [libjvm.so+0xd28b70], sa_mask[0]=11111111011111111101111111111110, sa_flags=SA_RESTART|SA_SIGINFO
SIGPIPE: [libjvm.so+0xb2a1f0], sa_mask[0]=11111111011111111101111111111110, sa_flags=SA_RESTART|SA_SIGINFO
SIGXFSZ: [libjvm.so+0xb2a1f0], sa_mask[0]=11111111011111111101111111111110, sa_flags=SA_RESTART|SA_SIGINFO
SIGILL: [libjvm.so+0xd28b70], sa_mask[0]=11111111011111111101111111111110, sa_flags=SA_RESTART|SA_SIGINFO
SIGUSR2: [libjvm.so+0xb2a030], sa_mask[0]=00000000000000000000000000000000, sa_flags=SA_RESTART|SA_SIGINFO
SIGHUP: [libjvm.so+0xb2a180], sa_mask[0]=11111111011111111101111111111110, sa_flags=SA_RESTART|SA_SIGINFO
SIGINT: [libjvm.so+0xb2a180], sa_mask[0]=11111111011111111101111111111110, sa_flags=SA_RESTART|SA_SIGINFO
SIGTERM: [libjvm.so+0xb2a180], sa_mask[0]=11111111011111111101111111111110, sa_flags=SA_RESTART|SA_SIGINFO
SIGQUIT: [libjvm.so+0xb2a180], sa_mask[0]=11111111011111111101111111111110, sa_flags=SA_RESTART|SA_SIGINFO


---------------  S Y S T E M  ---------------

OS:DISTRIB_ID=Ubuntu
DISTRIB_RELEASE=18.04
DISTRIB_CODENAME=bionic
DISTRIB_DESCRIPTION="Ubuntu 18.04.1 LTS"
uname:Linux 4.19.0-041900-generic #201810221809 SMP Mon Oct 22 22:11:45 UTC 2018 x86_64
libc:glibc 2.27 NPTL 2.27 
rlimit: STACK 8192k, CORE 0k, NPROC 62301, NOFILE 4096, AS infinity, DATA infinity, FSIZE infinity
load average:1.25 0.87 1.12

/proc/meminfo:
MemTotal:       16058740 kB
MemFree:         1037408 kB
MemAvailable:    4939100 kB
Buffers:          636260 kB
Cached:          4486108 kB
SwapCached:            0 kB
Active:         11942936 kB
Inactive:        2482184 kB
Active(anon):    9305540 kB
Inactive(anon):  1089292 kB
Active(file):    2637396 kB
Inactive(file):  1392892 kB
Unevictable:        2376 kB
Mlocked:            2376 kB
SwapTotal:             0 kB
SwapFree:              0 kB
Dirty:               848 kB
Writeback:             0 kB
AnonPages:       9305428 kB
Mapped:          1118540 kB
Shmem:           1092056 kB
Slab:             320604 kB
SReclaimable:     213084 kB
SUnreclaim:       107520 kB
KernelStack:       20384 kB
PageTables:       106780 kB
NFS_Unstable:          0 kB
Bounce:                0 kB
WritebackTmp:          0 kB
CommitLimit:     8029368 kB
Committed_AS:   33410632 kB
VmallocTotal:   34359738367 kB
VmallocUsed:           0 kB
VmallocChunk:          0 kB
Percpu:             4928 kB
HardwareCorrupted:     0 kB
AnonHugePages:         0 kB
ShmemHugePages:        0 kB
ShmemPmdMapped:        0 kB
CmaTotal:              0 kB
CmaFree:               0 kB
HugePages_Total:       0
HugePages_Free:        0
HugePages_Rsvd:        0
HugePages_Surp:        0
Hugepagesize:       2048 kB
Hugetlb:               0 kB
DirectMap4k:      556880 kB
DirectMap2M:    14807040 kB
DirectMap1G:     1048576 kB

container (cgroup) information:
container_type: cgroupv1
cpu_cpuset_cpus: 0-11
cpu_memory_nodes: 0
active_processor_count: 12
cpu_quota: -1
cpu_period: 100000
cpu_shares: -1
memory_limit_in_bytes: -1
memory_and_swap_limit_in_bytes: -2
memory_soft_limit_in_bytes: -1
memory_usage_in_bytes: 14773182464
memory_max_usage_in_bytes: 2080768


CPU:total 12 (initial active 12) (6 cores per cpu, 2 threads per core) family 6 model 158 stepping 10, cmov, cx8, fxsr, mmx, sse, sse2, sse3, ssse3, sse4.1, sse4.2, popcnt, avx, avx2, aes, clmul, erms, 3dnowpref, lzcnt, ht, tsc, tscinvbit, bmi1, bmi2, adx, fma
CPU Model and flags from /proc/cpuinfo:
model name	: Intel(R) Core(TM) i7-8750H CPU @ 2.20GHz
flags		: fpu vme de pse tsc msr pae mce cx8 apic sep mtrr pge mca cmov pat pse36 clflush dts acpi mmx fxsr sse sse2 ss ht tm pbe syscall nx pdpe1gb rdtscp lm constant_tsc art arch_perfmon pebs bts rep_good nopl xtopology nonstop_tsc cpuid aperfmperf tsc_known_freq pni pclmulqdq dtes64 monitor ds_cpl vmx est tm2 ssse3 sdbg fma cx16 xtpr pdcm pcid sse4_1 sse4_2 x2apic movbe popcnt tsc_deadline_timer aes xsave avx f16c rdrand lahf_lm abm 3dnowprefetch cpuid_fault epb invpcid_single pti ssbd ibrs ibpb stibp tpr_shadow vnmi flexpriority ept vpid ept_ad fsgsbase tsc_adjust bmi1 avx2 smep bmi2 erms invpcid mpx rdseed adx smap clflushopt intel_pt xsaveopt xsavec xgetbv1 xsaves dtherm ida arat pln pts hwp hwp_notify hwp_act_window hwp_epp flush_l1d

Memory: 4k page, physical 16058740k(1037408k free), swap 0k(0k free)

vm_info: OpenJDK 64-Bit Server VM (10.0.2+13-Ubuntu-1ubuntu0.18.04.3) for linux-amd64 JRE (10.0.2+13-Ubuntu-1ubuntu0.18.04.3), built on Oct  7 2018 15:06:09 by "buildd" with gcc 7.3.0

END.
