#
# There is insufficient memory for the Java Runtime Environment to continue.
# Native memory allocation (mmap) failed to map 9965666304 bytes for committing reserved memory.
# Possible reasons:
#   The system is out of physical RAM or swap space
# Possible solutions:
#   Reduce memory load on the system
#   Increase physical memory or swap space
#   Check if swap backing store is full
#   Decrease Java heap size (-Xmx/-Xms)
#   Decrease number of Java threads
#   Decrease Java thread stack sizes (-Xss)
#   Set larger code cache with -XX:ReservedCodeCacheSize=
# This output file may be truncated or incomplete.
#
#  Out of Memory Error (os_linux.cpp:2706), pid=10708, tid=10735
#
# JRE version: OpenJDK Runtime Environment (10.0.2+13) (build 10.0.2+13-Ubuntu-1ubuntu0.18.04.4)
# Java VM: OpenJDK 64-Bit Server VM (10.0.2+13-Ubuntu-1ubuntu0.18.04.4, mixed mode, tiered, g1 gc, linux-amd64)
# Core dump will be written. Default location: Core dumps may be processed with "/usr/share/apport/apport %p %s %c %d %P" (or dumping to /home/william/Documents/phd/check_game/core.10708)
#

---------------  S U M M A R Y ------------

Command Line: -Xmx100g -Xss4M -Djava.awt.headless=true -Djava.library.path=/home/william/prism-4.4-linux64/lib prism.PrismCL -cuddmaxmem 100g -javamaxmem 100g seed_v_adv.prism props.props -prop 2 -s -exportadvmdp tmp.tra -exportstates tmp.sta

Host: Intel(R) Core(TM) i7-8750H CPU @ 2.20GHz, 12 cores, 15G, Ubuntu 18.04.1 LTS
Time: Mon Dec  3 11:08:23 2018 GMT elapsed time: 6 seconds (0d 0h 0m 6s)

---------------  T H R E A D  ---------------

Current thread (0x00007f7ab813c800):  VMThread "VM Thread" [stack: 0x00007f6081bfa000,0x00007f6081cfa000] [id=10735]

Stack: [0x00007f6081bfa000,0x00007f6081cfa000],  sp=0x00007f6081cf80a0,  free space=1016k
Native frames: (J=compiled Java code, A=aot compiled Java code, j=interpreted, Vv=VM code, C=native code)
V  [libjvm.so+0xd27ea4]
V  [libjvm.so+0xd28a4b]
V  [libjvm.so+0x64d415]
V  [libjvm.so+0xb2d7c8]
V  [libjvm.so+0xb2601d]
V  [libjvm.so+0x7662ff]
V  [libjvm.so+0x76653e]
V  [libjvm.so+0x769500]
V  [libjvm.so+0x7efa1c]
V  [libjvm.so+0x7f06df]
V  [libjvm.so+0x7f0b59]
V  [libjvm.so+0x7162cf]
V  [libjvm.so+0x71a3ba]
V  [libjvm.so+0xd3a008]
V  [libjvm.so+0xd38871]
V  [libjvm.so+0xd35b3b]
V  [libjvm.so+0xd3715e]
V  [libjvm.so+0xd37588]
V  [libjvm.so+0xb33d40]

VM_Operation (0x00007f7abc458e60): G1IncCollectionPause, mode: safepoint, requested by thread 0x00007f7ab8012000


---------------  P R O C E S S  ---------------

Threads class SMR info:
_java_thread_list=0x00007f6008005730, length=12, elements={
0x00007f7ab8012000, 0x00007f7ab8146800, 0x00007f7ab8148800, 0x00007f7ab8152000,
0x00007f7ab815c000, 0x00007f7ab815e000, 0x00007f7ab8160000, 0x00007f7ab8162000,
0x00007f7ab8164000, 0x00007f7ab8231000, 0x00007f7ab8249800, 0x00007f7ab86be000
}

Java Threads: ( => current thread )
  0x00007f7ab8012000 JavaThread "main" [_thread_blocked, id=10709, stack(0x00007f7abc05a000,0x00007f7abc45b000)]
  0x00007f7ab8146800 JavaThread "Reference Handler" daemon [_thread_blocked, id=10736, stack(0x00007f60817f7000,0x00007f6081bf8000)]
  0x00007f7ab8148800 JavaThread "Finalizer" daemon [_thread_blocked, id=10737, stack(0x00007f60813f6000,0x00007f60817f7000)]
  0x00007f7ab8152000 JavaThread "Signal Dispatcher" daemon [_thread_blocked, id=10738, stack(0x00007f6080626000,0x00007f6080a27000)]
  0x00007f7ab815c000 JavaThread "C2 CompilerThread0" daemon [_thread_blocked, id=10739, stack(0x00007f6080525000,0x00007f6080626000)]
  0x00007f7ab815e000 JavaThread "C2 CompilerThread1" daemon [_thread_blocked, id=10740, stack(0x00007f6080424000,0x00007f6080525000)]
  0x00007f7ab8160000 JavaThread "C2 CompilerThread2" daemon [_thread_blocked, id=10741, stack(0x00007f6080323000,0x00007f6080424000)]
  0x00007f7ab8162000 JavaThread "C1 CompilerThread3" daemon [_thread_blocked, id=10742, stack(0x00007f6080222000,0x00007f6080323000)]
  0x00007f7ab8164000 JavaThread "Sweeper thread" daemon [_thread_blocked, id=10743, stack(0x00007f6023bff000,0x00007f6024000000)]
  0x00007f7ab8231000 JavaThread "Service Thread" daemon [_thread_blocked, id=10744, stack(0x00007f60237fe000,0x00007f6023bff000)]
  0x00007f7ab8249800 JavaThread "Common-Cleaner" daemon [_thread_blocked, id=10746, stack(0x00007f60233fd000,0x00007f60237fe000)]
  0x00007f7ab86be000 JavaThread "Java2D Disposer" daemon [_thread_blocked, id=10751, stack(0x00007f60208ba000,0x00007f6020cbb000)]

Other Threads:
=>0x00007f7ab813c800 VMThread "VM Thread" [stack: 0x00007f6081bfa000,0x00007f6081cfa000] [id=10735]
  0x00007f7ab8233000 WatcherThread [stack: 0x00007f6080122000,0x00007f6080222000] [id=10745]
  0x00007f7ab8029000 GCTaskThread "GC Thread#0" [stack: 0x00007f7a9e790000,0x00007f7a9e890000] [id=10710]
  0x00007f7ab802a800 GCTaskThread "GC Thread#1" [stack: 0x00007f7a9e68e000,0x00007f7a9e78e000] [id=10711]
  0x00007f7ab802c800 GCTaskThread "GC Thread#2" [stack: 0x00007f7a9e58c000,0x00007f7a9e68c000] [id=10712]
  0x00007f7ab802e000 GCTaskThread "GC Thread#3" [stack: 0x00007f7a9e48a000,0x00007f7a9e58a000] [id=10713]
  0x00007f7ab802f800 GCTaskThread "GC Thread#4" [stack: 0x00007f7a9e388000,0x00007f7a9e488000] [id=10714]
  0x00007f7ab8031800 GCTaskThread "GC Thread#5" [stack: 0x00007f7a9e286000,0x00007f7a9e386000] [id=10715]
  0x00007f7ab8033000 GCTaskThread "GC Thread#6" [stack: 0x00007f7a9e184000,0x00007f7a9e284000] [id=10716]
  0x00007f7ab8035000 GCTaskThread "GC Thread#7" [stack: 0x00007f7a9e082000,0x00007f7a9e182000] [id=10717]
  0x00007f7ab8036800 GCTaskThread "GC Thread#8" [stack: 0x00007f7a9df80000,0x00007f7a9e080000] [id=10718]
  0x00007f7ab8038000 GCTaskThread "GC Thread#9" [stack: 0x00007f7a9de7e000,0x00007f7a9df7e000] [id=10719]
  0x00007f7ab8093800 ConcurrentGCThread "G1 Main Marker" [stack: 0x00007f7a9cf7c000,0x00007f7a9d07c000] [id=10720]
  0x00007f7ab8095000 ConcurrentGCThread "G1 Conc#0" [stack: 0x00007f7a9ce7a000,0x00007f7a9cf7a000] [id=10721]
  0x00007f7ab8097000 ConcurrentGCThread "G1 Conc#1" [stack: 0x00007f7a9cd78000,0x00007f7a9ce78000] [id=10722]
  0x00007f7ab8098800 ConcurrentGCThread "G1 Conc#2" [stack: 0x00007f7a9cc76000,0x00007f7a9cd76000] [id=10723]
  0x00007f7ab80c4000 ConcurrentGCThread "G1 Refine#0" [stack: 0x00007f7a9c16a000,0x00007f7a9c26a000] [id=10724]
  0x00007f7ab80c5800 ConcurrentGCThread "G1 Refine#1" [stack: 0x00007f7a9c068000,0x00007f7a9c168000] [id=10725]
  0x00007f7ab80c7800 ConcurrentGCThread "G1 Refine#2" [stack: 0x00007f7a74600000,0x00007f7a74700000] [id=10726]
  0x00007f7ab80c9000 ConcurrentGCThread "G1 Refine#3" [stack: 0x00007f7a744fe000,0x00007f7a745fe000] [id=10727]
  0x00007f7ab80cb000 ConcurrentGCThread "G1 Refine#4" [stack: 0x00007f7a743fc000,0x00007f7a744fc000] [id=10728]
  0x00007f7ab80cc800 ConcurrentGCThread "G1 Refine#5" [stack: 0x00007f7a742fa000,0x00007f7a743fa000] [id=10729]
  0x00007f7ab80ce800 ConcurrentGCThread "G1 Refine#6" [stack: 0x00007f7a741f8000,0x00007f7a742f8000] [id=10730]
  0x00007f7ab80d0000 ConcurrentGCThread "G1 Refine#7" [stack: 0x00007f7a740f6000,0x00007f7a741f6000] [id=10731]
  0x00007f7ab80d2000 ConcurrentGCThread "G1 Refine#8" [stack: 0x00007f6082700000,0x00007f6082800000] [id=10732]
  0x00007f7ab80d3800 ConcurrentGCThread "G1 Refine#9" [stack: 0x00007f60825fe000,0x00007f60826fe000] [id=10733]
  0x00007f7ab80d5800 ConcurrentGCThread "G1 Young RemSet Sampling" [stack: 0x00007f60824fc000,0x00007f60825fc000] [id=10734]

Threads with active compile tasks:

VM state:at safepoint (normal execution)

VM Mutex/Monitor currently owned by a thread:  ([mutex/lock_event])
[0x00007f7ab800e650] Threads_lock - owner thread: 0x00007f7ab813c800
[0x00007f7ab800ebf0] Heap_lock - owner thread: 0x00007f7ab8012000

Heap:
 garbage-first heap   total 14598144K, used 1263638K [0x00007f6170000000, 0x00007f7a70000000)
  region size 16384K, 1 young (16384K), 1 survivors (16384K)
 Metaspace       used 19203K, capacity 19456K, committed 19712K, reserved 20480K
Heap Regions: E=young(eden), S=young(survivor), O=old, HS=humongous(starts), HC=humongous(continues), CS=collection set, F=free, A=archive, TS=gc time stamp, AC=allocation context, TAMS=top-at-mark-start (previous, next)
|   0|0x00007f6170000000, 0x00007f6171000000, 0x00007f6171000000|100%| O|  |TS  3|AC  0|TAMS 0x00007f6170000000, 0x00007f6170000000|
|   1|0x00007f6171000000, 0x00007f6172000000, 0x00007f6172000000|100%| O|  |TS  3|AC  0|TAMS 0x00007f6171000000, 0x00007f6171000000|
|   2|0x00007f6172000000, 0x00007f6173000000, 0x00007f6173000000|100%| O|  |TS  4|AC  0|TAMS 0x00007f6172000000, 0x00007f6172000000|
|   3|0x00007f6173000000, 0x00007f6174000000, 0x00007f6174000000|100%| O|  |TS  4|AC  0|TAMS 0x00007f6173000000, 0x00007f6173000000|
|   4|0x00007f6174000000, 0x00007f6175000000, 0x00007f6175000000|100%| O|  |TS  5|AC  0|TAMS 0x00007f6174000000, 0x00007f6174000000|
|   5|0x00007f6175000000, 0x00007f6176000000, 0x00007f6176000000|100%| O|  |TS  6|AC  0|TAMS 0x00007f6175000000, 0x00007f6175000000|
|   6|0x00007f6176000000, 0x00007f6177000000, 0x00007f6177000000|100%| O|  |TS  7|AC  0|TAMS 0x00007f6176000000, 0x00007f6176000000|
|   7|0x00007f6177000000, 0x00007f6178000000, 0x00007f6178000000|100%| O|  |TS  7|AC  0|TAMS 0x00007f6177000000, 0x00007f6177000000|
|   8|0x00007f6178000000, 0x00007f6179000000, 0x00007f6179000000|100%| O|  |TS  8|AC  0|TAMS 0x00007f6178000000, 0x00007f6178000000|
|   9|0x00007f6179000000, 0x00007f617a000000, 0x00007f617a000000|100%| O|  |TS  8|AC  0|TAMS 0x00007f6179000000, 0x00007f6179000000|
|  10|0x00007f617a000000, 0x00007f617b000000, 0x00007f617b000000|100%| O|  |TS  8|AC  0|TAMS 0x00007f617a000000, 0x00007f617a000000|
|  11|0x00007f617b000000, 0x00007f617c000000, 0x00007f617c000000|100%| O|  |TS  8|AC  0|TAMS 0x00007f617b000000, 0x00007f617b000000|
|  12|0x00007f617c000000, 0x00007f617d000000, 0x00007f617d000000|100%| O|  |TS  9|AC  0|TAMS 0x00007f617c000000, 0x00007f617c000000|
|  13|0x00007f617d000000, 0x00007f617e000000, 0x00007f617e000000|100%| O|  |TS  9|AC  0|TAMS 0x00007f617d000000, 0x00007f617d000000|
|  14|0x00007f617e000000, 0x00007f617f000000, 0x00007f617f000000|100%| O|  |TS  9|AC  0|TAMS 0x00007f617e000000, 0x00007f617e000000|
|  15|0x00007f617f000000, 0x00007f6180000000, 0x00007f6180000000|100%| O|  |TS  9|AC  0|TAMS 0x00007f617f000000, 0x00007f617f000000|
|  16|0x00007f6180000000, 0x00007f6181000000, 0x00007f6181000000|100%| O|  |TS 10|AC  0|TAMS 0x00007f6180000000, 0x00007f6180000000|
|  17|0x00007f6181000000, 0x00007f6182000000, 0x00007f6182000000|100%| O|  |TS 10|AC  0|TAMS 0x00007f6181000000, 0x00007f6181000000|
|  18|0x00007f6182000000, 0x00007f6183000000, 0x00007f6183000000|100%| O|  |TS 10|AC  0|TAMS 0x00007f6182000000, 0x00007f6182000000|
|  19|0x00007f6183000000, 0x00007f6184000000, 0x00007f6184000000|100%| O|  |TS 10|AC  0|TAMS 0x00007f6183000000, 0x00007f6183000000|
|  20|0x00007f6184000000, 0x00007f6185000000, 0x00007f6185000000|100%| O|  |TS 10|AC  0|TAMS 0x00007f6184000000, 0x00007f6184000000|
|  21|0x00007f6185000000, 0x00007f6186000000, 0x00007f6186000000|100%| O|  |TS 10|AC  0|TAMS 0x00007f6185000000, 0x00007f6185000000|
|  22|0x00007f6186000000, 0x00007f6187000000, 0x00007f6187000000|100%| O|  |TS 10|AC  0|TAMS 0x00007f6186000000, 0x00007f6186000000|
|  23|0x00007f6187000000, 0x00007f6188000000, 0x00007f6188000000|100%| O|  |TS 11|AC  0|TAMS 0x00007f6187000000, 0x00007f6187000000|
|  24|0x00007f6188000000, 0x00007f6189000000, 0x00007f6189000000|100%| O|  |TS 11|AC  0|TAMS 0x00007f6188000000, 0x00007f6188000000|
|  25|0x00007f6189000000, 0x00007f618a000000, 0x00007f618a000000|100%| O|  |TS 11|AC  0|TAMS 0x00007f6189000000, 0x00007f6189000000|
|  26|0x00007f618a000000, 0x00007f618b000000, 0x00007f618b000000|100%| O|  |TS 11|AC  0|TAMS 0x00007f618a000000, 0x00007f618a000000|
|  27|0x00007f618b000000, 0x00007f618c000000, 0x00007f618c000000|100%| O|  |TS 11|AC  0|TAMS 0x00007f618b000000, 0x00007f618b000000|
|  28|0x00007f618c000000, 0x00007f618d000000, 0x00007f618d000000|100%| O|  |TS 11|AC  0|TAMS 0x00007f618c000000, 0x00007f618c000000|
|  29|0x00007f618d000000, 0x00007f618e000000, 0x00007f618e000000|100%| O|  |TS 12|AC  0|TAMS 0x00007f618d000000, 0x00007f618d000000|
|  30|0x00007f618e000000, 0x00007f618f000000, 0x00007f618f000000|100%| O|  |TS 12|AC  0|TAMS 0x00007f618e000000, 0x00007f618e000000|
|  31|0x00007f618f000000, 0x00007f6190000000, 0x00007f6190000000|100%| O|  |TS 12|AC  0|TAMS 0x00007f618f000000, 0x00007f618f000000|
|  32|0x00007f6190000000, 0x00007f6191000000, 0x00007f6191000000|100%| O|  |TS 12|AC  0|TAMS 0x00007f6190000000, 0x00007f6190000000|
|  33|0x00007f6191000000, 0x00007f6192000000, 0x00007f6192000000|100%| O|  |TS 12|AC  0|TAMS 0x00007f6191000000, 0x00007f6191000000|
|  34|0x00007f6192000000, 0x00007f6193000000, 0x00007f6193000000|100%| O|  |TS 12|AC  0|TAMS 0x00007f6192000000, 0x00007f6192000000|
|  35|0x00007f6193000000, 0x00007f6194000000, 0x00007f6194000000|100%| O|  |TS 12|AC  0|TAMS 0x00007f6193000000, 0x00007f6193000000|
|  36|0x00007f6194000000, 0x00007f6195000000, 0x00007f6195000000|100%| O|  |TS 12|AC  0|TAMS 0x00007f6194000000, 0x00007f6194000000|
|  37|0x00007f6195000000, 0x00007f6196000000, 0x00007f6196000000|100%| O|  |TS 13|AC  0|TAMS 0x00007f6195000000, 0x00007f6195000000|
|  38|0x00007f6196000000, 0x00007f6197000000, 0x00007f6197000000|100%| O|  |TS 13|AC  0|TAMS 0x00007f6196000000, 0x00007f6196000000|
|  39|0x00007f6197000000, 0x00007f6198000000, 0x00007f6198000000|100%| O|  |TS 13|AC  0|TAMS 0x00007f6197000000, 0x00007f6197000000|
|  40|0x00007f6198000000, 0x00007f6199000000, 0x00007f6199000000|100%| O|  |TS 13|AC  0|TAMS 0x00007f6198000000, 0x00007f6198000000|
|  41|0x00007f6199000000, 0x00007f619a000000, 0x00007f619a000000|100%| O|  |TS 13|AC  0|TAMS 0x00007f6199000000, 0x00007f6199000000|
|  42|0x00007f619a000000, 0x00007f619b000000, 0x00007f619b000000|100%| O|  |TS 13|AC  0|TAMS 0x00007f619a000000, 0x00007f619a000000|
|  43|0x00007f619b000000, 0x00007f619c000000, 0x00007f619c000000|100%| O|  |TS 14|AC  0|TAMS 0x00007f619b000000, 0x00007f619b000000|
|  44|0x00007f619c000000, 0x00007f619d000000, 0x00007f619d000000|100%| O|  |TS 14|AC  0|TAMS 0x00007f619c000000, 0x00007f619c000000|
|  45|0x00007f619d000000, 0x00007f619e000000, 0x00007f619e000000|100%| O|  |TS 14|AC  0|TAMS 0x00007f619d000000, 0x00007f619d000000|
|  46|0x00007f619e000000, 0x00007f619f000000, 0x00007f619f000000|100%| O|  |TS 14|AC  0|TAMS 0x00007f619e000000, 0x00007f619e000000|
|  47|0x00007f619f000000, 0x00007f61a0000000, 0x00007f61a0000000|100%| O|  |TS 14|AC  0|TAMS 0x00007f619f000000, 0x00007f619f000000|
|  48|0x00007f61a0000000, 0x00007f61a1000000, 0x00007f61a1000000|100%| O|  |TS 14|AC  0|TAMS 0x00007f61a0000000, 0x00007f61a0000000|
|  49|0x00007f61a1000000, 0x00007f61a2000000, 0x00007f61a2000000|100%| O|  |TS 14|AC  0|TAMS 0x00007f61a1000000, 0x00007f61a1000000|
|  50|0x00007f61a2000000, 0x00007f61a3000000, 0x00007f61a3000000|100%| O|  |TS 14|AC  0|TAMS 0x00007f61a2000000, 0x00007f61a2000000|
|  51|0x00007f61a3000000, 0x00007f61a4000000, 0x00007f61a4000000|100%| O|  |TS 14|AC  0|TAMS 0x00007f61a3000000, 0x00007f61a3000000|
|  52|0x00007f61a4000000, 0x00007f61a5000000, 0x00007f61a5000000|100%| O|  |TS 14|AC  0|TAMS 0x00007f61a4000000, 0x00007f61a4000000|
|  53|0x00007f61a5000000, 0x00007f61a6000000, 0x00007f61a6000000|100%| O|  |TS 14|AC  0|TAMS 0x00007f61a5000000, 0x00007f61a5000000|
|  54|0x00007f61a6000000, 0x00007f61a7000000, 0x00007f61a7000000|100%| O|  |TS 14|AC  0|TAMS 0x00007f61a6000000, 0x00007f61a6000000|
|  55|0x00007f61a7000000, 0x00007f61a8000000, 0x00007f61a8000000|100%| O|  |TS 15|AC  0|TAMS 0x00007f61a7000000, 0x00007f61a7000000|
|  56|0x00007f61a8000000, 0x00007f61a9000000, 0x00007f61a9000000|100%| O|  |TS 15|AC  0|TAMS 0x00007f61a8000000, 0x00007f61a8000000|
|  57|0x00007f61a9000000, 0x00007f61aa000000, 0x00007f61aa000000|100%| O|  |TS 15|AC  0|TAMS 0x00007f61a9000000, 0x00007f61a9000000|
|  58|0x00007f61aa000000, 0x00007f61ab000000, 0x00007f61ab000000|100%| O|  |TS 15|AC  0|TAMS 0x00007f61aa000000, 0x00007f61aa000000|
|  59|0x00007f61ab000000, 0x00007f61ac000000, 0x00007f61ac000000|100%| O|  |TS 15|AC  0|TAMS 0x00007f61ab000000, 0x00007f61ab000000|
|  60|0x00007f61ac000000, 0x00007f61ad000000, 0x00007f61ad000000|100%| O|  |TS 15|AC  0|TAMS 0x00007f61ac000000, 0x00007f61ac000000|
|  61|0x00007f61ad000000, 0x00007f61ae000000, 0x00007f61ae000000|100%| O|  |TS 15|AC  0|TAMS 0x00007f61ad000000, 0x00007f61ad000000|
|  62|0x00007f61ae000000, 0x00007f61af000000, 0x00007f61af000000|100%| O|  |TS 15|AC  0|TAMS 0x00007f61ae000000, 0x00007f61ae000000|
|  63|0x00007f61af000000, 0x00007f61b0000000, 0x00007f61b0000000|100%| O|  |TS 15|AC  0|TAMS 0x00007f61af000000, 0x00007f61af000000|
|  64|0x00007f61b0000000, 0x00007f61b1000000, 0x00007f61b1000000|100%| O|  |TS 15|AC  0|TAMS 0x00007f61b0000000, 0x00007f61b0000000|
|  65|0x00007f61b1000000, 0x00007f61b2000000, 0x00007f61b2000000|100%| O|  |TS 15|AC  0|TAMS 0x00007f61b1000000, 0x00007f61b1000000|
|  66|0x00007f61b2000000, 0x00007f61b3000000, 0x00007f61b3000000|100%| O|  |TS 15|AC  0|TAMS 0x00007f61b2000000, 0x00007f61b2000000|
|  67|0x00007f61b3000000, 0x00007f61b4000000, 0x00007f61b4000000|100%| O|  |TS 15|AC  0|TAMS 0x00007f61b3000000, 0x00007f61b3000000|
|  68|0x00007f61b4000000, 0x00007f61b5000000, 0x00007f61b5000000|100%| O|  |TS 16|AC  0|TAMS 0x00007f61b4000000, 0x00007f61b4000000|
|  69|0x00007f61b5000000, 0x00007f61b6000000, 0x00007f61b6000000|100%| O|  |TS 16|AC  0|TAMS 0x00007f61b5000000, 0x00007f61b5000000|
|  70|0x00007f61b6000000, 0x00007f61b7000000, 0x00007f61b7000000|100%| O|  |TS 16|AC  0|TAMS 0x00007f61b6000000, 0x00007f61b6000000|
|  71|0x00007f61b7000000, 0x00007f61b8000000, 0x00007f61b8000000|100%| O|  |TS 16|AC  0|TAMS 0x00007f61b7000000, 0x00007f61b7000000|
|  72|0x00007f61b8000000, 0x00007f61b9000000, 0x00007f61b9000000|100%| O|  |TS 16|AC  0|TAMS 0x00007f61b8000000, 0x00007f61b8000000|
|  73|0x00007f61b9000000, 0x00007f61ba000000, 0x00007f61ba000000|100%| O|  |TS 16|AC  0|TAMS 0x00007f61b9000000, 0x00007f61b9000000|
|  74|0x00007f61ba000000, 0x00007f61bb000000, 0x00007f61bb000000|100%| O|  |TS 17|AC  0|TAMS 0x00007f61ba000000, 0x00007f61ba000000|
|  75|0x00007f61bb000000, 0x00007f61bc000000, 0x00007f61bc000000|100%| O|  |TS 17|AC  0|TAMS 0x00007f61bb000000, 0x00007f61bb000000|
|  76|0x00007f61bc000000, 0x00007f61bcbbd800, 0x00007f61bd000000| 73%| O|  |TS 17|AC  0|TAMS 0x00007f61bc000000, 0x00007f61bc000000|
|  77|0x00007f61bd000000, 0x00007f61bd000000, 0x00007f61be000000|  0%| F|  |TS  9|AC  0|TAMS 0x00007f61bd000000, 0x00007f61bd000000|
|  78|0x00007f61be000000, 0x00007f61be000000, 0x00007f61bf000000|  0%| F|  |TS  9|AC  0|TAMS 0x00007f61be000000, 0x00007f61be000000|
|  79|0x00007f61bf000000, 0x00007f61bf000000, 0x00007f61c0000000|  0%| F|  |TS  9|AC  0|TAMS 0x00007f61bf000000, 0x00007f61bf000000|
|  80|0x00007f61c0000000, 0x00007f61c0000000, 0x00007f61c1000000|  0%| F|  |TS  9|AC  0|TAMS 0x00007f61c0000000, 0x00007f61c0000000|
|  81|0x00007f61c1000000, 0x00007f61c1000000, 0x00007f61c2000000|  0%| F|  |TS  9|AC  0|TAMS 0x00007f61c1000000, 0x00007f61c1000000|
|  82|0x00007f61c2000000, 0x00007f61c2000000, 0x00007f61c3000000|  0%| F|  |TS  9|AC  0|TAMS 0x00007f61c2000000, 0x00007f61c2000000|
|  83|0x00007f61c3000000, 0x00007f61c3000000, 0x00007f61c4000000|  0%| F|  |TS  9|AC  0|TAMS 0x00007f61c3000000, 0x00007f61c3000000|
|  84|0x00007f61c4000000, 0x00007f61c4000000, 0x00007f61c5000000|  0%| F|  |TS  9|AC  0|TAMS 0x00007f61c4000000, 0x00007f61c4000000|
|  85|0x00007f61c5000000, 0x00007f61c5000000, 0x00007f61c6000000|  0%| F|  |TS  9|AC  0|TAMS 0x00007f61c5000000, 0x00007f61c5000000|
|  86|0x00007f61c6000000, 0x00007f61c6000000, 0x00007f61c7000000|  0%| F|  |TS  9|AC  0|TAMS 0x00007f61c6000000, 0x00007f61c6000000|
|  87|0x00007f61c7000000, 0x00007f61c7000000, 0x00007f61c8000000|  0%| F|  |TS  9|AC  0|TAMS 0x00007f61c7000000, 0x00007f61c7000000|
|  88|0x00007f61c8000000, 0x00007f61c8000000, 0x00007f61c9000000|  0%| F|  |TS 13|AC  0|TAMS 0x00007f61c8000000, 0x00007f61c8000000|
|  89|0x00007f61c9000000, 0x00007f61c9000000, 0x00007f61ca000000|  0%| F|  |TS 13|AC  0|TAMS 0x00007f61c9000000, 0x00007f61c9000000|
|  90|0x00007f61ca000000, 0x00007f61ca000000, 0x00007f61cb000000|  0%| F|  |TS 14|AC  0|TAMS 0x00007f61ca000000, 0x00007f61ca000000|
|  91|0x00007f61cb000000, 0x00007f61cb000000, 0x00007f61cc000000|  0%| F|  |TS 14|AC  0|TAMS 0x00007f61cb000000, 0x00007f61cb000000|
|  92|0x00007f61cc000000, 0x00007f61cc000000, 0x00007f61cd000000|  0%| F|  |TS 13|AC  0|TAMS 0x00007f61cc000000, 0x00007f61cc000000|
|  93|0x00007f61cd000000, 0x00007f61cd000000, 0x00007f61ce000000|  0%| F|  |TS 13|AC  0|TAMS 0x00007f61cd000000, 0x00007f61cd000000|
|  94|0x00007f61ce000000, 0x00007f61ce000000, 0x00007f61cf000000|  0%| F|  |TS 13|AC  0|TAMS 0x00007f61ce000000, 0x00007f61ce000000|
|  95|0x00007f61cf000000, 0x00007f61cf000000, 0x00007f61d0000000|  0%| F|  |TS 13|AC  0|TAMS 0x00007f61cf000000, 0x00007f61cf000000|
|  96|0x00007f61d0000000, 0x00007f61d0000000, 0x00007f61d1000000|  0%| F|  |TS 13|AC  0|TAMS 0x00007f61d0000000, 0x00007f61d0000000|
|  97|0x00007f61d1000000, 0x00007f61d1000000, 0x00007f61d2000000|  0%| F|  |TS 13|AC  0|TAMS 0x00007f61d1000000, 0x00007f61d1000000|
|  98|0x00007f61d2000000, 0x00007f61d2000000, 0x00007f61d3000000|  0%| F|  |TS 13|AC  0|TAMS 0x00007f61d2000000, 0x00007f61d2000000|
|  99|0x00007f61d3000000, 0x00007f61d3000000, 0x00007f61d4000000|  0%| F|  |TS 13|AC  0|TAMS 0x00007f61d3000000, 0x00007f61d3000000|
| 100|0x00007f61d4000000, 0x00007f61d4000000, 0x00007f61d5000000|  0%| F|  |TS 13|AC  0|TAMS 0x00007f61d4000000, 0x00007f61d4000000|
| 101|0x00007f61d5000000, 0x00007f61d5000000, 0x00007f61d6000000|  0%| F|  |TS 13|AC  0|TAMS 0x00007f61d5000000, 0x00007f61d5000000|
| 102|0x00007f61d6000000, 0x00007f61d6000000, 0x00007f61d7000000|  0%| F|  |TS 13|AC  0|TAMS 0x00007f61d6000000, 0x00007f61d6000000|
| 103|0x00007f61d7000000, 0x00007f61d7000000, 0x00007f61d8000000|  0%| F|  |TS 13|AC  0|TAMS 0x00007f61d7000000, 0x00007f61d7000000|
| 104|0x00007f61d8000000, 0x00007f61d8000000, 0x00007f61d9000000|  0%| F|  |TS 13|AC  0|TAMS 0x00007f61d8000000, 0x00007f61d8000000|
| 105|0x00007f61d9000000, 0x00007f61d9000000, 0x00007f61da000000|  0%| F|  |TS 13|AC  0|TAMS 0x00007f61d9000000, 0x00007f61d9000000|
| 106|0x00007f61da000000, 0x00007f61da000000, 0x00007f61db000000|  0%| F|  |TS 13|AC  0|TAMS 0x00007f61da000000, 0x00007f61da000000|
| 107|0x00007f61db000000, 0x00007f61db000000, 0x00007f61dc000000|  0%| F|  |TS 13|AC  0|TAMS 0x00007f61db000000, 0x00007f61db000000|
| 108|0x00007f61dc000000, 0x00007f61dc000000, 0x00007f61dd000000|  0%| F|  |TS 13|AC  0|TAMS 0x00007f61dc000000, 0x00007f61dc000000|
| 109|0x00007f61dd000000, 0x00007f61dd000000, 0x00007f61de000000|  0%| F|  |TS 13|AC  0|TAMS 0x00007f61dd000000, 0x00007f61dd000000|
| 110|0x00007f61de000000, 0x00007f61de000000, 0x00007f61df000000|  0%| F|  |TS 13|AC  0|TAMS 0x00007f61de000000, 0x00007f61de000000|
| 111|0x00007f61df000000, 0x00007f61df000000, 0x00007f61e0000000|  0%| F|  |TS 13|AC  0|TAMS 0x00007f61df000000, 0x00007f61df000000|
| 112|0x00007f61e0000000, 0x00007f61e0000000, 0x00007f61e1000000|  0%| F|  |TS 13|AC  0|TAMS 0x00007f61e0000000, 0x00007f61e0000000|
| 113|0x00007f61e1000000, 0x00007f61e1000000, 0x00007f61e2000000|  0%| F|  |TS 13|AC  0|TAMS 0x00007f61e1000000, 0x00007f61e1000000|
| 114|0x00007f61e2000000, 0x00007f61e2000000, 0x00007f61e3000000|  0%| F|  |TS 13|AC  0|TAMS 0x00007f61e2000000, 0x00007f61e2000000|
| 115|0x00007f61e3000000, 0x00007f61e3000000, 0x00007f61e4000000|  0%| F|  |TS 13|AC  0|TAMS 0x00007f61e3000000, 0x00007f61e3000000|
| 116|0x00007f61e4000000, 0x00007f61e4000000, 0x00007f61e5000000|  0%| F|  |TS 13|AC  0|TAMS 0x00007f61e4000000, 0x00007f61e4000000|
| 117|0x00007f61e5000000, 0x00007f61e5000000, 0x00007f61e6000000|  0%| F|  |TS 13|AC  0|TAMS 0x00007f61e5000000, 0x00007f61e5000000|
| 118|0x00007f61e6000000, 0x00007f61e6000000, 0x00007f61e7000000|  0%| F|  |TS 13|AC  0|TAMS 0x00007f61e6000000, 0x00007f61e6000000|
| 119|0x00007f61e7000000, 0x00007f61e7000000, 0x00007f61e8000000|  0%| F|  |TS 13|AC  0|TAMS 0x00007f61e7000000, 0x00007f61e7000000|
| 120|0x00007f61e8000000, 0x00007f61e8000000, 0x00007f61e9000000|  0%| F|  |TS 13|AC  0|TAMS 0x00007f61e8000000, 0x00007f61e8000000|
| 121|0x00007f61e9000000, 0x00007f61e9000000, 0x00007f61ea000000|  0%| F|  |TS 13|AC  0|TAMS 0x00007f61e9000000, 0x00007f61e9000000|
| 122|0x00007f61ea000000, 0x00007f61ea000000, 0x00007f61eb000000|  0%| F|  |TS 13|AC  0|TAMS 0x00007f61ea000000, 0x00007f61ea000000|
| 123|0x00007f61eb000000, 0x00007f61eb000000, 0x00007f61ec000000|  0%| F|  |TS 13|AC  0|TAMS 0x00007f61eb000000, 0x00007f61eb000000|
| 124|0x00007f61ec000000, 0x00007f61ec000000, 0x00007f61ed000000|  0%| F|  |TS 13|AC  0|TAMS 0x00007f61ec000000, 0x00007f61ec000000|
| 125|0x00007f61ed000000, 0x00007f61ed000000, 0x00007f61ee000000|  0%| F|  |TS 13|AC  0|TAMS 0x00007f61ed000000, 0x00007f61ed000000|
| 126|0x00007f61ee000000, 0x00007f61ee000000, 0x00007f61ef000000|  0%| F|  |TS 13|AC  0|TAMS 0x00007f61ee000000, 0x00007f61ee000000|
| 127|0x00007f61ef000000, 0x00007f61ef000000, 0x00007f61f0000000|  0%| F|  |TS 13|AC  0|TAMS 0x00007f61ef000000, 0x00007f61ef000000|
| 128|0x00007f61f0000000, 0x00007f61f0000000, 0x00007f61f1000000|  0%| F|  |TS 13|AC  0|TAMS 0x00007f61f0000000, 0x00007f61f0000000|
| 129|0x00007f61f1000000, 0x00007f61f1000000, 0x00007f61f2000000|  0%| F|  |TS 13|AC  0|TAMS 0x00007f61f1000000, 0x00007f61f1000000|
| 130|0x00007f61f2000000, 0x00007f61f2000000, 0x00007f61f3000000|  0%| F|  |TS 13|AC  0|TAMS 0x00007f61f2000000, 0x00007f61f2000000|
| 131|0x00007f61f3000000, 0x00007f61f3000000, 0x00007f61f4000000|  0%| F|  |TS 13|AC  0|TAMS 0x00007f61f3000000, 0x00007f61f3000000|
| 132|0x00007f61f4000000, 0x00007f61f4000000, 0x00007f61f5000000|  0%| F|  |TS 13|AC  0|TAMS 0x00007f61f4000000, 0x00007f61f4000000|
| 133|0x00007f61f5000000, 0x00007f61f5000000, 0x00007f61f6000000|  0%| F|  |TS 13|AC  0|TAMS 0x00007f61f5000000, 0x00007f61f5000000|
| 134|0x00007f61f6000000, 0x00007f61f6000000, 0x00007f61f7000000|  0%| F|  |TS 13|AC  0|TAMS 0x00007f61f6000000, 0x00007f61f6000000|
| 135|0x00007f61f7000000, 0x00007f61f7000000, 0x00007f61f8000000|  0%| F|  |TS 13|AC  0|TAMS 0x00007f61f7000000, 0x00007f61f7000000|
| 136|0x00007f61f8000000, 0x00007f61f8000000, 0x00007f61f9000000|  0%| F|  |TS 13|AC  0|TAMS 0x00007f61f8000000, 0x00007f61f8000000|
| 137|0x00007f61f9000000, 0x00007f61f9000000, 0x00007f61fa000000|  0%| F|  |TS 13|AC  0|TAMS 0x00007f61f9000000, 0x00007f61f9000000|
| 138|0x00007f61fa000000, 0x00007f61fa000000, 0x00007f61fb000000|  0%| F|  |TS 13|AC  0|TAMS 0x00007f61fa000000, 0x00007f61fa000000|
| 139|0x00007f61fb000000, 0x00007f61fb000000, 0x00007f61fc000000|  0%| F|  |TS 13|AC  0|TAMS 0x00007f61fb000000, 0x00007f61fb000000|
| 140|0x00007f61fc000000, 0x00007f61fc000000, 0x00007f61fd000000|  0%| F|  |TS 13|AC  0|TAMS 0x00007f61fc000000, 0x00007f61fc000000|
| 141|0x00007f61fd000000, 0x00007f61fd000000, 0x00007f61fe000000|  0%| F|  |TS 13|AC  0|TAMS 0x00007f61fd000000, 0x00007f61fd000000|
| 142|0x00007f61fe000000, 0x00007f61fe000000, 0x00007f61ff000000|  0%| F|  |TS 13|AC  0|TAMS 0x00007f61fe000000, 0x00007f61fe000000|
| 143|0x00007f61ff000000, 0x00007f61ff000000, 0x00007f6200000000|  0%| F|  |TS 13|AC  0|TAMS 0x00007f61ff000000, 0x00007f61ff000000|
| 144|0x00007f6200000000, 0x00007f6200000000, 0x00007f6201000000|  0%| F|  |TS 13|AC  0|TAMS 0x00007f6200000000, 0x00007f6200000000|
| 145|0x00007f6201000000, 0x00007f6201000000, 0x00007f6202000000|  0%| F|  |TS 13|AC  0|TAMS 0x00007f6201000000, 0x00007f6201000000|
| 146|0x00007f6202000000, 0x00007f6202000000, 0x00007f6203000000|  0%| F|  |TS 13|AC  0|TAMS 0x00007f6202000000, 0x00007f6202000000|
| 147|0x00007f6203000000, 0x00007f6203000000, 0x00007f6204000000|  0%| F|  |TS 13|AC  0|TAMS 0x00007f6203000000, 0x00007f6203000000|
| 148|0x00007f6204000000, 0x00007f6204000000, 0x00007f6205000000|  0%| F|  |TS 13|AC  0|TAMS 0x00007f6204000000, 0x00007f6204000000|
| 149|0x00007f6205000000, 0x00007f6205000000, 0x00007f6206000000|  0%| F|  |TS 13|AC  0|TAMS 0x00007f6205000000, 0x00007f6205000000|
| 150|0x00007f6206000000, 0x00007f6206000000, 0x00007f6207000000|  0%| F|  |TS 13|AC  0|TAMS 0x00007f6206000000, 0x00007f6206000000|
| 151|0x00007f6207000000, 0x00007f6207000000, 0x00007f6208000000|  0%| F|  |TS 13|AC  0|TAMS 0x00007f6207000000, 0x00007f6207000000|
| 152|0x00007f6208000000, 0x00007f6208000000, 0x00007f6209000000|  0%| F|  |TS 13|AC  0|TAMS 0x00007f6208000000, 0x00007f6208000000|
| 153|0x00007f6209000000, 0x00007f6209000000, 0x00007f620a000000|  0%| F|  |TS 13|AC  0|TAMS 0x00007f6209000000, 0x00007f6209000000|
| 154|0x00007f620a000000, 0x00007f620a000000, 0x00007f620b000000|  0%| F|  |TS 13|AC  0|TAMS 0x00007f620a000000, 0x00007f620a000000|
| 155|0x00007f620b000000, 0x00007f620b000000, 0x00007f620c000000|  0%| F|  |TS 13|AC  0|TAMS 0x00007f620b000000, 0x00007f620b000000|
| 156|0x00007f620c000000, 0x00007f620c000000, 0x00007f620d000000|  0%| F|  |TS 13|AC  0|TAMS 0x00007f620c000000, 0x00007f620c000000|
| 157|0x00007f620d000000, 0x00007f620d000000, 0x00007f620e000000|  0%| F|  |TS 13|AC  0|TAMS 0x00007f620d000000, 0x00007f620d000000|
| 158|0x00007f620e000000, 0x00007f620e000000, 0x00007f620f000000|  0%| F|  |TS 13|AC  0|TAMS 0x00007f620e000000, 0x00007f620e000000|
| 159|0x00007f620f000000, 0x00007f620f000000, 0x00007f6210000000|  0%| F|  |TS 13|AC  0|TAMS 0x00007f620f000000, 0x00007f620f000000|
| 160|0x00007f6210000000, 0x00007f6210000000, 0x00007f6211000000|  0%| F|  |TS 13|AC  0|TAMS 0x00007f6210000000, 0x00007f6210000000|
| 161|0x00007f6211000000, 0x00007f6211000000, 0x00007f6212000000|  0%| F|  |TS 13|AC  0|TAMS 0x00007f6211000000, 0x00007f6211000000|
| 162|0x00007f6212000000, 0x00007f6212000000, 0x00007f6213000000|  0%| F|  |TS 13|AC  0|TAMS 0x00007f6212000000, 0x00007f6212000000|
| 163|0x00007f6213000000, 0x00007f6213000000, 0x00007f6214000000|  0%| F|  |TS 13|AC  0|TAMS 0x00007f6213000000, 0x00007f6213000000|
| 164|0x00007f6214000000, 0x00007f6214000000, 0x00007f6215000000|  0%| F|  |TS 13|AC  0|TAMS 0x00007f6214000000, 0x00007f6214000000|
| 165|0x00007f6215000000, 0x00007f6215000000, 0x00007f6216000000|  0%| F|  |TS 13|AC  0|TAMS 0x00007f6215000000, 0x00007f6215000000|
| 166|0x00007f6216000000, 0x00007f6216000000, 0x00007f6217000000|  0%| F|  |TS 13|AC  0|TAMS 0x00007f6216000000, 0x00007f6216000000|
| 167|0x00007f6217000000, 0x00007f6217000000, 0x00007f6218000000|  0%| F|  |TS 13|AC  0|TAMS 0x00007f6217000000, 0x00007f6217000000|
| 168|0x00007f6218000000, 0x00007f6218000000, 0x00007f6219000000|  0%| F|  |TS 13|AC  0|TAMS 0x00007f6218000000, 0x00007f6218000000|
| 169|0x00007f6219000000, 0x00007f6219000000, 0x00007f621a000000|  0%| F|  |TS 13|AC  0|TAMS 0x00007f6219000000, 0x00007f6219000000|
| 170|0x00007f621a000000, 0x00007f621a000000, 0x00007f621b000000|  0%| F|  |TS 13|AC  0|TAMS 0x00007f621a000000, 0x00007f621a000000|
| 171|0x00007f621b000000, 0x00007f621b000000, 0x00007f621c000000|  0%| F|  |TS 13|AC  0|TAMS 0x00007f621b000000, 0x00007f621b000000|
| 172|0x00007f621c000000, 0x00007f621c000000, 0x00007f621d000000|  0%| F|  |TS 13|AC  0|TAMS 0x00007f621c000000, 0x00007f621c000000|
| 173|0x00007f621d000000, 0x00007f621d000000, 0x00007f621e000000|  0%| F|  |TS 13|AC  0|TAMS 0x00007f621d000000, 0x00007f621d000000|
| 174|0x00007f621e000000, 0x00007f621e000000, 0x00007f621f000000|  0%| F|  |TS 13|AC  0|TAMS 0x00007f621e000000, 0x00007f621e000000|
| 175|0x00007f621f000000, 0x00007f621f000000, 0x00007f6220000000|  0%| F|  |TS 13|AC  0|TAMS 0x00007f621f000000, 0x00007f621f000000|
| 176|0x00007f6220000000, 0x00007f6220000000, 0x00007f6221000000|  0%| F|  |TS 13|AC  0|TAMS 0x00007f6220000000, 0x00007f6220000000|
| 177|0x00007f6221000000, 0x00007f6221000000, 0x00007f6222000000|  0%| F|  |TS 13|AC  0|TAMS 0x00007f6221000000, 0x00007f6221000000|
| 178|0x00007f6222000000, 0x00007f6222000000, 0x00007f6223000000|  0%| F|  |TS 13|AC  0|TAMS 0x00007f6222000000, 0x00007f6222000000|
| 179|0x00007f6223000000, 0x00007f6223000000, 0x00007f6224000000|  0%| F|  |TS 13|AC  0|TAMS 0x00007f6223000000, 0x00007f6223000000|
| 180|0x00007f6224000000, 0x00007f6224000000, 0x00007f6225000000|  0%| F|  |TS 13|AC  0|TAMS 0x00007f6224000000, 0x00007f6224000000|
| 181|0x00007f6225000000, 0x00007f6225000000, 0x00007f6226000000|  0%| F|  |TS 13|AC  0|TAMS 0x00007f6225000000, 0x00007f6225000000|
| 182|0x00007f6226000000, 0x00007f6226000000, 0x00007f6227000000|  0%| F|  |TS 13|AC  0|TAMS 0x00007f6226000000, 0x00007f6226000000|
| 183|0x00007f6227000000, 0x00007f6227000000, 0x00007f6228000000|  0%| F|  |TS 13|AC  0|TAMS 0x00007f6227000000, 0x00007f6227000000|
| 184|0x00007f6228000000, 0x00007f6228000000, 0x00007f6229000000|  0%| F|  |TS 13|AC  0|TAMS 0x00007f6228000000, 0x00007f6228000000|
| 185|0x00007f6229000000, 0x00007f6229000000, 0x00007f622a000000|  0%| F|  |TS 13|AC  0|TAMS 0x00007f6229000000, 0x00007f6229000000|
| 186|0x00007f622a000000, 0x00007f622a000000, 0x00007f622b000000|  0%| F|  |TS 13|AC  0|TAMS 0x00007f622a000000, 0x00007f622a000000|
| 187|0x00007f622b000000, 0x00007f622b000000, 0x00007f622c000000|  0%| F|  |TS 13|AC  0|TAMS 0x00007f622b000000, 0x00007f622b000000|
| 188|0x00007f622c000000, 0x00007f622c000000, 0x00007f622d000000|  0%| F|  |TS 13|AC  0|TAMS 0x00007f622c000000, 0x00007f622c000000|
| 189|0x00007f622d000000, 0x00007f622d000000, 0x00007f622e000000|  0%| F|  |TS 13|AC  0|TAMS 0x00007f622d000000, 0x00007f622d000000|
| 190|0x00007f622e000000, 0x00007f622e000000, 0x00007f622f000000|  0%| F|  |TS 13|AC  0|TAMS 0x00007f622e000000, 0x00007f622e000000|
| 191|0x00007f622f000000, 0x00007f622f000000, 0x00007f6230000000|  0%| F|  |TS 13|AC  0|TAMS 0x00007f622f000000, 0x00007f622f000000|
| 192|0x00007f6230000000, 0x00007f6230000000, 0x00007f6231000000|  0%| F|  |TS 13|AC  0|TAMS 0x00007f6230000000, 0x00007f6230000000|
| 193|0x00007f6231000000, 0x00007f6231000000, 0x00007f6232000000|  0%| F|  |TS 13|AC  0|TAMS 0x00007f6231000000, 0x00007f6231000000|
| 194|0x00007f6232000000, 0x00007f6232000000, 0x00007f6233000000|  0%| F|  |TS 13|AC  0|TAMS 0x00007f6232000000, 0x00007f6232000000|
| 195|0x00007f6233000000, 0x00007f6233000000, 0x00007f6234000000|  0%| F|  |TS 13|AC  0|TAMS 0x00007f6233000000, 0x00007f6233000000|
| 196|0x00007f6234000000, 0x00007f6234000000, 0x00007f6235000000|  0%| F|  |TS 13|AC  0|TAMS 0x00007f6234000000, 0x00007f6234000000|
| 197|0x00007f6235000000, 0x00007f6235000000, 0x00007f6236000000|  0%| F|  |TS 13|AC  0|TAMS 0x00007f6235000000, 0x00007f6235000000|
| 198|0x00007f6236000000, 0x00007f6236000000, 0x00007f6237000000|  0%| F|  |TS 13|AC  0|TAMS 0x00007f6236000000, 0x00007f6236000000|
| 199|0x00007f6237000000, 0x00007f6237000000, 0x00007f6238000000|  0%| F|  |TS 13|AC  0|TAMS 0x00007f6237000000, 0x00007f6237000000|
| 200|0x00007f6238000000, 0x00007f6238000000, 0x00007f6239000000|  0%| F|  |TS 13|AC  0|TAMS 0x00007f6238000000, 0x00007f6238000000|
| 201|0x00007f6239000000, 0x00007f6239000000, 0x00007f623a000000|  0%| F|  |TS 13|AC  0|TAMS 0x00007f6239000000, 0x00007f6239000000|
| 202|0x00007f623a000000, 0x00007f623a000000, 0x00007f623b000000|  0%| F|  |TS 13|AC  0|TAMS 0x00007f623a000000, 0x00007f623a000000|
| 203|0x00007f623b000000, 0x00007f623b000000, 0x00007f623c000000|  0%| F|  |TS 13|AC  0|TAMS 0x00007f623b000000, 0x00007f623b000000|
| 204|0x00007f623c000000, 0x00007f623c000000, 0x00007f623d000000|  0%| F|  |TS 13|AC  0|TAMS 0x00007f623c000000, 0x00007f623c000000|
| 205|0x00007f623d000000, 0x00007f623d000000, 0x00007f623e000000|  0%| F|  |TS 13|AC  0|TAMS 0x00007f623d000000, 0x00007f623d000000|
| 206|0x00007f623e000000, 0x00007f623e000000, 0x00007f623f000000|  0%| F|  |TS 13|AC  0|TAMS 0x00007f623e000000, 0x00007f623e000000|
| 207|0x00007f623f000000, 0x00007f623f000000, 0x00007f6240000000|  0%| F|  |TS 13|AC  0|TAMS 0x00007f623f000000, 0x00007f623f000000|
| 208|0x00007f6240000000, 0x00007f6240000000, 0x00007f6241000000|  0%| F|  |TS 13|AC  0|TAMS 0x00007f6240000000, 0x00007f6240000000|
| 209|0x00007f6241000000, 0x00007f6241000000, 0x00007f6242000000|  0%| F|  |TS 13|AC  0|TAMS 0x00007f6241000000, 0x00007f6241000000|
| 210|0x00007f6242000000, 0x00007f6242000000, 0x00007f6243000000|  0%| F|  |TS 13|AC  0|TAMS 0x00007f6242000000, 0x00007f6242000000|
| 211|0x00007f6243000000, 0x00007f6243000000, 0x00007f6244000000|  0%| F|  |TS 13|AC  0|TAMS 0x00007f6243000000, 0x00007f6243000000|
| 212|0x00007f6244000000, 0x00007f6244000000, 0x00007f6245000000|  0%| F|  |TS 13|AC  0|TAMS 0x00007f6244000000, 0x00007f6244000000|
| 213|0x00007f6245000000, 0x00007f6245000000, 0x00007f6246000000|  0%| F|  |TS 13|AC  0|TAMS 0x00007f6245000000, 0x00007f6245000000|
| 214|0x00007f6246000000, 0x00007f6246000000, 0x00007f6247000000|  0%| F|  |TS 13|AC  0|TAMS 0x00007f6246000000, 0x00007f6246000000|
| 215|0x00007f6247000000, 0x00007f6247000000, 0x00007f6248000000|  0%| F|  |TS 13|AC  0|TAMS 0x00007f6247000000, 0x00007f6247000000|
| 216|0x00007f6248000000, 0x00007f6248000000, 0x00007f6249000000|  0%| F|  |TS 13|AC  0|TAMS 0x00007f6248000000, 0x00007f6248000000|
| 217|0x00007f6249000000, 0x00007f6249000000, 0x00007f624a000000|  0%| F|  |TS 13|AC  0|TAMS 0x00007f6249000000, 0x00007f6249000000|
| 218|0x00007f624a000000, 0x00007f624a000000, 0x00007f624b000000|  0%| F|  |TS 13|AC  0|TAMS 0x00007f624a000000, 0x00007f624a000000|
| 219|0x00007f624b000000, 0x00007f624b000000, 0x00007f624c000000|  0%| F|  |TS 13|AC  0|TAMS 0x00007f624b000000, 0x00007f624b000000|
| 220|0x00007f624c000000, 0x00007f624c000000, 0x00007f624d000000|  0%| F|  |TS 13|AC  0|TAMS 0x00007f624c000000, 0x00007f624c000000|
| 221|0x00007f624d000000, 0x00007f624d000000, 0x00007f624e000000|  0%| F|  |TS 13|AC  0|TAMS 0x00007f624d000000, 0x00007f624d000000|
| 222|0x00007f624e000000, 0x00007f624e000000, 0x00007f624f000000|  0%| F|  |TS 13|AC  0|TAMS 0x00007f624e000000, 0x00007f624e000000|
| 223|0x00007f624f000000, 0x00007f624f000000, 0x00007f6250000000|  0%| F|  |TS 13|AC  0|TAMS 0x00007f624f000000, 0x00007f624f000000|
| 224|0x00007f6250000000, 0x00007f6250000000, 0x00007f6251000000|  0%| F|  |TS 13|AC  0|TAMS 0x00007f6250000000, 0x00007f6250000000|
| 225|0x00007f6251000000, 0x00007f6251000000, 0x00007f6252000000|  0%| F|  |TS 13|AC  0|TAMS 0x00007f6251000000, 0x00007f6251000000|
| 226|0x00007f6252000000, 0x00007f6252000000, 0x00007f6253000000|  0%| F|  |TS 13|AC  0|TAMS 0x00007f6252000000, 0x00007f6252000000|
| 227|0x00007f6253000000, 0x00007f6253000000, 0x00007f6254000000|  0%| F|  |TS 13|AC  0|TAMS 0x00007f6253000000, 0x00007f6253000000|
| 228|0x00007f6254000000, 0x00007f6254000000, 0x00007f6255000000|  0%| F|  |TS 13|AC  0|TAMS 0x00007f6254000000, 0x00007f6254000000|
| 229|0x00007f6255000000, 0x00007f6255000000, 0x00007f6256000000|  0%| F|  |TS 13|AC  0|TAMS 0x00007f6255000000, 0x00007f6255000000|
| 230|0x00007f6256000000, 0x00007f6256000000, 0x00007f6257000000|  0%| F|  |TS 13|AC  0|TAMS 0x00007f6256000000, 0x00007f6256000000|
| 231|0x00007f6257000000, 0x00007f6257000000, 0x00007f6258000000|  0%| F|  |TS 13|AC  0|TAMS 0x00007f6257000000, 0x00007f6257000000|
| 232|0x00007f6258000000, 0x00007f6258000000, 0x00007f6259000000|  0%| F|  |TS 13|AC  0|TAMS 0x00007f6258000000, 0x00007f6258000000|
| 233|0x00007f6259000000, 0x00007f6259000000, 0x00007f625a000000|  0%| F|  |TS 13|AC  0|TAMS 0x00007f6259000000, 0x00007f6259000000|
| 234|0x00007f625a000000, 0x00007f625a000000, 0x00007f625b000000|  0%| F|  |TS 13|AC  0|TAMS 0x00007f625a000000, 0x00007f625a000000|
| 235|0x00007f625b000000, 0x00007f625b000000, 0x00007f625c000000|  0%| F|  |TS 13|AC  0|TAMS 0x00007f625b000000, 0x00007f625b000000|
| 236|0x00007f625c000000, 0x00007f625c000000, 0x00007f625d000000|  0%| F|  |TS 13|AC  0|TAMS 0x00007f625c000000, 0x00007f625c000000|
| 237|0x00007f625d000000, 0x00007f625d000000, 0x00007f625e000000|  0%| F|  |TS 13|AC  0|TAMS 0x00007f625d000000, 0x00007f625d000000|
| 238|0x00007f625e000000, 0x00007f625e000000, 0x00007f625f000000|  0%| F|  |TS 13|AC  0|TAMS 0x00007f625e000000, 0x00007f625e000000|
| 239|0x00007f625f000000, 0x00007f625f000000, 0x00007f6260000000|  0%| F|  |TS 13|AC  0|TAMS 0x00007f625f000000, 0x00007f625f000000|
| 240|0x00007f6260000000, 0x00007f6260000000, 0x00007f6261000000|  0%| F|  |TS 13|AC  0|TAMS 0x00007f6260000000, 0x00007f6260000000|
| 241|0x00007f6261000000, 0x00007f6261000000, 0x00007f6262000000|  0%| F|  |TS 13|AC  0|TAMS 0x00007f6261000000, 0x00007f6261000000|
| 242|0x00007f6262000000, 0x00007f6262000000, 0x00007f6263000000|  0%| F|  |TS 13|AC  0|TAMS 0x00007f6262000000, 0x00007f6262000000|
| 243|0x00007f6263000000, 0x00007f6263000000, 0x00007f6264000000|  0%| F|  |TS 13|AC  0|TAMS 0x00007f6263000000, 0x00007f6263000000|
| 244|0x00007f6264000000, 0x00007f6264000000, 0x00007f6265000000|  0%| F|  |TS 13|AC  0|TAMS 0x00007f6264000000, 0x00007f6264000000|
| 245|0x00007f6265000000, 0x00007f6265000000, 0x00007f6266000000|  0%| F|  |TS 13|AC  0|TAMS 0x00007f6265000000, 0x00007f6265000000|
| 246|0x00007f6266000000, 0x00007f6266000000, 0x00007f6267000000|  0%| F|  |TS 13|AC  0|TAMS 0x00007f6266000000, 0x00007f6266000000|
| 247|0x00007f6267000000, 0x00007f6267000000, 0x00007f6268000000|  0%| F|  |TS 13|AC  0|TAMS 0x00007f6267000000, 0x00007f6267000000|
| 248|0x00007f6268000000, 0x00007f6268000000, 0x00007f6269000000|  0%| F|  |TS 13|AC  0|TAMS 0x00007f6268000000, 0x00007f6268000000|
| 249|0x00007f6269000000, 0x00007f6269000000, 0x00007f626a000000|  0%| F|  |TS 13|AC  0|TAMS 0x00007f6269000000, 0x00007f6269000000|
| 250|0x00007f626a000000, 0x00007f626a000000, 0x00007f626b000000|  0%| F|  |TS 13|AC  0|TAMS 0x00007f626a000000, 0x00007f626a000000|
| 251|0x00007f626b000000, 0x00007f626b000000, 0x00007f626c000000|  0%| F|  |TS 13|AC  0|TAMS 0x00007f626b000000, 0x00007f626b000000|
| 252|0x00007f626c000000, 0x00007f626c000000, 0x00007f626d000000|  0%| F|  |TS 13|AC  0|TAMS 0x00007f626c000000, 0x00007f626c000000|
| 253|0x00007f626d000000, 0x00007f626d000000, 0x00007f626e000000|  0%| F|  |TS 13|AC  0|TAMS 0x00007f626d000000, 0x00007f626d000000|
| 254|0x00007f626e000000, 0x00007f626e000000, 0x00007f626f000000|  0%| F|  |TS 13|AC  0|TAMS 0x00007f626e000000, 0x00007f626e000000|
| 255|0x00007f626f000000, 0x00007f626f000000, 0x00007f6270000000|  0%| F|  |TS 13|AC  0|TAMS 0x00007f626f000000, 0x00007f626f000000|
| 256|0x00007f6270000000, 0x00007f6270000000, 0x00007f6271000000|  0%| F|  |TS 13|AC  0|TAMS 0x00007f6270000000, 0x00007f6270000000|
| 257|0x00007f6271000000, 0x00007f6271000000, 0x00007f6272000000|  0%| F|  |TS 13|AC  0|TAMS 0x00007f6271000000, 0x00007f6271000000|
| 258|0x00007f6272000000, 0x00007f6272000000, 0x00007f6273000000|  0%| F|  |TS 13|AC  0|TAMS 0x00007f6272000000, 0x00007f6272000000|
| 259|0x00007f6273000000, 0x00007f6273000000, 0x00007f6274000000|  0%| F|  |TS 13|AC  0|TAMS 0x00007f6273000000, 0x00007f6273000000|
| 260|0x00007f6274000000, 0x00007f6274000000, 0x00007f6275000000|  0%| F|  |TS 13|AC  0|TAMS 0x00007f6274000000, 0x00007f6274000000|
| 261|0x00007f6275000000, 0x00007f6275000000, 0x00007f6276000000|  0%| F|  |TS 13|AC  0|TAMS 0x00007f6275000000, 0x00007f6275000000|
| 262|0x00007f6276000000, 0x00007f6276000000, 0x00007f6277000000|  0%| F|  |TS 13|AC  0|TAMS 0x00007f6276000000, 0x00007f6276000000|
| 263|0x00007f6277000000, 0x00007f6277000000, 0x00007f6278000000|  0%| F|  |TS 13|AC  0|TAMS 0x00007f6277000000, 0x00007f6277000000|
| 264|0x00007f6278000000, 0x00007f6278000000, 0x00007f6279000000|  0%| F|  |TS 13|AC  0|TAMS 0x00007f6278000000, 0x00007f6278000000|
| 265|0x00007f6279000000, 0x00007f6279000000, 0x00007f627a000000|  0%| F|  |TS 13|AC  0|TAMS 0x00007f6279000000, 0x00007f6279000000|
| 266|0x00007f627a000000, 0x00007f627a000000, 0x00007f627b000000|  0%| F|  |TS 13|AC  0|TAMS 0x00007f627a000000, 0x00007f627a000000|
| 267|0x00007f627b000000, 0x00007f627b000000, 0x00007f627c000000|  0%| F|  |TS 13|AC  0|TAMS 0x00007f627b000000, 0x00007f627b000000|
| 268|0x00007f627c000000, 0x00007f627c000000, 0x00007f627d000000|  0%| F|  |TS 13|AC  0|TAMS 0x00007f627c000000, 0x00007f627c000000|
| 269|0x00007f627d000000, 0x00007f627d000000, 0x00007f627e000000|  0%| F|  |TS 13|AC  0|TAMS 0x00007f627d000000, 0x00007f627d000000|
| 270|0x00007f627e000000, 0x00007f627e000000, 0x00007f627f000000|  0%| F|  |TS 13|AC  0|TAMS 0x00007f627e000000, 0x00007f627e000000|
| 271|0x00007f627f000000, 0x00007f627f000000, 0x00007f6280000000|  0%| F|  |TS 13|AC  0|TAMS 0x00007f627f000000, 0x00007f627f000000|
| 272|0x00007f6280000000, 0x00007f6280000000, 0x00007f6281000000|  0%| F|  |TS 13|AC  0|TAMS 0x00007f6280000000, 0x00007f6280000000|
| 273|0x00007f6281000000, 0x00007f6281000000, 0x00007f6282000000|  0%| F|  |TS 13|AC  0|TAMS 0x00007f6281000000, 0x00007f6281000000|
| 274|0x00007f6282000000, 0x00007f6282000000, 0x00007f6283000000|  0%| F|  |TS 13|AC  0|TAMS 0x00007f6282000000, 0x00007f6282000000|
| 275|0x00007f6283000000, 0x00007f6283000000, 0x00007f6284000000|  0%| F|  |TS 13|AC  0|TAMS 0x00007f6283000000, 0x00007f6283000000|
| 276|0x00007f6284000000, 0x00007f6284000000, 0x00007f6285000000|  0%| F|  |TS 13|AC  0|TAMS 0x00007f6284000000, 0x00007f6284000000|
| 277|0x00007f6285000000, 0x00007f6285648070, 0x00007f6286000000| 39%| S|CS|TS 17|AC  0|TAMS 0x00007f6285000000, 0x00007f6285000000|
| 278|0x00007f6286000000, 0x00007f6286000000, 0x00007f6287000000|  0%| F|  |TS 17|AC  0|TAMS 0x00007f6286000000, 0x00007f6286000000|
| 279|0x00007f6287000000, 0x00007f6287000000, 0x00007f6288000000|  0%| F|  |TS 17|AC  0|TAMS 0x00007f6287000000, 0x00007f6287000000|
| 280|0x00007f6288000000, 0x00007f6288000000, 0x00007f6289000000|  0%| F|  |TS 17|AC  0|TAMS 0x00007f6288000000, 0x00007f6288000000|
| 281|0x00007f6289000000, 0x00007f6289000000, 0x00007f628a000000|  0%| F|  |TS 17|AC  0|TAMS 0x00007f6289000000, 0x00007f6289000000|
| 282|0x00007f628a000000, 0x00007f628a000000, 0x00007f628b000000|  0%| F|  |TS 17|AC  0|TAMS 0x00007f628a000000, 0x00007f628a000000|
| 283|0x00007f628b000000, 0x00007f628b000000, 0x00007f628c000000|  0%| F|  |TS 17|AC  0|TAMS 0x00007f628b000000, 0x00007f628b000000|
| 284|0x00007f628c000000, 0x00007f628c000000, 0x00007f628d000000|  0%| F|  |TS 17|AC  0|TAMS 0x00007f628c000000, 0x00007f628c000000|
| 285|0x00007f628d000000, 0x00007f628d000000, 0x00007f628e000000|  0%| F|  |TS 17|AC  0|TAMS 0x00007f628d000000, 0x00007f628d000000|
| 286|0x00007f628e000000, 0x00007f628e000000, 0x00007f628f000000|  0%| F|  |TS 17|AC  0|TAMS 0x00007f628e000000, 0x00007f628e000000|
| 287|0x00007f628f000000, 0x00007f628f000000, 0x00007f6290000000|  0%| F|  |TS 17|AC  0|TAMS 0x00007f628f000000, 0x00007f628f000000|
| 288|0x00007f6290000000, 0x00007f6290000000, 0x00007f6291000000|  0%| F|  |TS 17|AC  0|TAMS 0x00007f6290000000, 0x00007f6290000000|
| 289|0x00007f6291000000, 0x00007f6291000000, 0x00007f6292000000|  0%| F|  |TS 17|AC  0|TAMS 0x00007f6291000000, 0x00007f6291000000|
| 290|0x00007f6292000000, 0x00007f6292000000, 0x00007f6293000000|  0%| F|  |TS 17|AC  0|TAMS 0x00007f6292000000, 0x00007f6292000000|
| 291|0x00007f6293000000, 0x00007f6293000000, 0x00007f6294000000|  0%| F|  |TS 17|AC  0|TAMS 0x00007f6293000000, 0x00007f6293000000|
| 292|0x00007f6294000000, 0x00007f6294000000, 0x00007f6295000000|  0%| F|  |TS 17|AC  0|TAMS 0x00007f6294000000, 0x00007f6294000000|
| 293|0x00007f6295000000, 0x00007f6295000000, 0x00007f6296000000|  0%| F|  |TS 17|AC  0|TAMS 0x00007f6295000000, 0x00007f6295000000|
| 294|0x00007f6296000000, 0x00007f6296000000, 0x00007f6297000000|  0%| F|  |TS 17|AC  0|TAMS 0x00007f6296000000, 0x00007f6296000000|
| 295|0x00007f6297000000, 0x00007f6297000000, 0x00007f6298000000|  0%| F|  |TS 17|AC  0|TAMS 0x00007f6297000000, 0x00007f6297000000|
| 296|0x00007f6298000000, 0x00007f6298000000, 0x00007f6299000000|  0%| F|  |TS 17|AC  0|TAMS 0x00007f6298000000, 0x00007f6298000000|

Card table byte_map: [0x00007f6157000000,0x00007f6163800000] byte_map_base: 0x00007f21a6480000

Marking Bits (Prev, Next): (CMBitMap*) 0x00007f7ab8092850, (CMBitMap*) 0x00007f7ab8092888
 Prev Bits: [0x00007f60e6800000, 0x00007f614a800000)
 Next Bits: [0x00007f6082800000, 0x00007f60e6800000)

Polling page: 0x00007f7abeee0000

CodeHeap 'non-profiled nmethods': size=120032Kb used=1803Kb max_used=1803Kb free=118228Kb
 bounds [0x00007f7aa6358000, 0x00007f7aa65c8000, 0x00007f7aad890000]
CodeHeap 'profiled nmethods': size=120028Kb used=4831Kb max_used=4831Kb free=115196Kb
 bounds [0x00007f7a9ee21000, 0x00007f7a9f2e1000, 0x00007f7aa6358000]
CodeHeap 'non-nmethods': size=5700Kb used=1222Kb max_used=1259Kb free=4477Kb
 bounds [0x00007f7a9e890000, 0x00007f7a9eb00000, 0x00007f7a9ee21000]
 total_blobs=3942 nmethods=2387 adapters=539
 compilation: enabled

Compilation events (10 events):
Event: 5.792 Thread 0x00007f7ab815c000 nmethod 2386 0x00007f7aa6508010 code [0x00007f7aa65081c0, 0x00007f7aa6508528]
Event: 5.806 Thread 0x00007f7ab8160000 2387       4       jdd.JDDNode::equals (28 bytes)
Event: 5.806 Thread 0x00007f7ab8160000 nmethod 2387 0x00007f7aa6508790 code [0x00007f7aa6508920, 0x00007f7aa65089d8]
Event: 5.840 Thread 0x00007f7ab815e000 nmethod 2376 0x00007f7aa6508a90 code [0x00007f7aa6508f60, 0x00007f7aa650dcb0]
Event: 5.951 Thread 0x00007f7ab8162000 2388       3       prism.Modules2MTBDD::combineCommandsNondet (732 bytes)
Event: 5.955 Thread 0x00007f7ab8162000 nmethod 2388 0x00007f7a9f2cef10 code [0x00007f7a9f2cfac0, 0x00007f7a9f2d6268]
Event: 5.964 Thread 0x00007f7ab815c000 2389 %     4       prism.Modules2MTBDD::combineCommandsNondet @ 31 (732 bytes)
Event: 6.006 Thread 0x00007f7ab815c000 nmethod 2389% 0x00007f7aa6510c90 code [0x00007f7aa6511180, 0x00007f7aa65139b8]
Event: 6.013 Thread 0x00007f7ab8160000 2390       4       prism.Modules2MTBDD::combineCommandsNondet (732 bytes)
Event: 6.055 Thread 0x00007f7ab8160000 nmethod 2390 0x00007f7aa6515890 code [0x00007f7aa6515dc0, 0x00007f7aa6518a90]

GC Heap History (10 events):
Event: 1.842 GC heap after
{Heap after GC invocations=12 (full 0):
 garbage-first heap   total 1622016K, used 643034K [0x00007f6170000000, 0x00007f7a70000000)
  region size 16384K, 2 young (32768K), 2 survivors (32768K)
 Metaspace       used 18044K, capacity 18304K, committed 18432K, reserved 18432K
}
Event: 2.302 GC heap before
{Heap before GC invocations=12 (full 0):
 garbage-first heap   total 1622016K, used 757722K [0x00007f6170000000, 0x00007f7a70000000)
  region size 16384K, 9 young (147456K), 2 survivors (32768K)
 Metaspace       used 18546K, capacity 18816K, committed 18944K, reserved 20480K
}
Event: 2.396 GC heap after
{Heap after GC invocations=13 (full 0):
 garbage-first heap   total 4866048K, used 752243K [0x00007f6170000000, 0x00007f7a70000000)
  region size 16384K, 2 young (32768K), 2 survivors (32768K)
 Metaspace       used 18546K, capacity 18816K, committed 18944K, reserved 20480K
}
Event: 2.656 GC heap before
{Heap before GC invocations=13 (full 0):
 garbage-first heap   total 4866048K, used 948851K [0x00007f6170000000, 0x00007f7a70000000)
  region size 16384K, 14 young (229376K), 2 survivors (32768K)
 Metaspace       used 18779K, capacity 19008K, committed 19200K, reserved 20480K
}
Event: 2.709 GC heap after
{Heap after GC invocations=14 (full 0):
 garbage-first heap   total 4866048K, used 943887K [0x00007f6170000000, 0x00007f7a70000000)
  region size 16384K, 2 young (32768K), 2 survivors (32768K)
 Metaspace       used 18779K, capacity 19008K, committed 19200K, reserved 20480K
}
Event: 2.799 GC heap before
{Heap before GC invocations=14 (full 0):
 garbage-first heap   total 4866048K, used 1140495K [0x00007f6170000000, 0x00007f7a70000000)
  region size 16384K, 14 young (229376K), 2 survivors (32768K)
 Metaspace       used 18783K, capacity 19008K, committed 19200K, reserved 20480K
}
Event: 2.838 GC heap after
{Heap after GC invocations=15 (full 0):
 garbage-first heap   total 4866048K, used 1156513K [0x00007f6170000000, 0x00007f7a70000000)
  region size 16384K, 2 young (32768K), 2 survivors (32768K)
 Metaspace       used 18783K, capacity 19008K, committed 19200K, reserved 20480K
}
Event: 3.937 GC heap before
{Heap before GC invocations=15 (full 0):
 garbage-first heap   total 4866048K, used 1353121K [0x00007f6170000000, 0x00007f7a70000000)
  region size 16384K, 14 young (229376K), 2 survivors (32768K)
 Metaspace       used 19203K, capacity 19456K, committed 19712K, reserved 20480K
}
Event: 3.959 GC heap after
{Heap after GC invocations=16 (full 0):
 garbage-first heap   total 4866048K, used 1245184K [0x00007f6170000000, 0x00007f7a70000000)
  region size 16384K, 2 young (32768K), 2 survivors (32768K)
 Metaspace       used 19203K, capacity 19456K, committed 19712K, reserved 20480K
}
Event: 6.061 GC heap before
{Heap before GC invocations=16 (full 0):
 garbage-first heap   total 4866048K, used 1523712K [0x00007f6170000000, 0x00007f7a70000000)
  region size 16384K, 19 young (311296K), 2 survivors (32768K)
 Metaspace       used 19203K, capacity 19456K, committed 19712K, reserved 20480K
}

Deoptimization events (10 events):
Event: 2.550 Thread 0x00007f7ab8012000 Uncommon trap: reason=bimorphic_or_optimized_type_check action=maybe_recompile pc=0x00007f7aa64adbc0 method=parser.visitor.Simplify.visit(Lparser/ast/ExpressionBinaryOp;)Ljava/lang/Object; @ 6 c2
Event: 2.550 Thread 0x00007f7ab8012000 Uncommon trap: reason=bimorphic_or_optimized_type_check action=maybe_recompile pc=0x00007f7aa64adbc0 method=parser.visitor.Simplify.visit(Lparser/ast/ExpressionBinaryOp;)Ljava/lang/Object; @ 6 c2
Event: 2.552 Thread 0x00007f7ab8012000 Uncommon trap: reason=intrinsic_or_type_checked_inlining action=make_not_entrant pc=0x00007f7aa63d6448 method=java.util.Arrays.copyOf([Ljava/lang/Object;ILjava/lang/Class;)[Ljava/lang/Object; @ 35 c2
Event: 2.574 Thread 0x00007f7ab8012000 Uncommon trap: reason=unstable_if action=reinterpret pc=0x00007f7aa6471ca0 method=java.util.Vector.indexOf(Ljava/lang/Object;I)I @ 1 c2
Event: 2.578 Thread 0x00007f7ab8012000 Uncommon trap: reason=predicate action=maybe_recompile pc=0x00007f7aa646f078 method=java.util.Vector.indexOf(Ljava/lang/Object;I)I @ 44 c2
Event: 2.949 Thread 0x00007f7ab8012000 Uncommon trap: reason=class_check action=maybe_recompile pc=0x00007f7aa64ac00c method=parser.ast.Expression.evaluateInt(Lparser/EvaluateContext;)I @ 2 c2
Event: 2.949 Thread 0x00007f7ab8012000 Uncommon trap: reason=class_check action=maybe_recompile pc=0x00007f7aa64ac00c method=parser.ast.Expression.evaluateInt(Lparser/EvaluateContext;)I @ 2 c2
Event: 2.949 Thread 0x00007f7ab8012000 Uncommon trap: reason=class_check action=maybe_recompile pc=0x00007f7aa64ac00c method=parser.ast.Expression.evaluateInt(Lparser/EvaluateContext;)I @ 2 c2
Event: 2.949 Thread 0x00007f7ab8012000 Uncommon trap: reason=class_check action=maybe_recompile pc=0x00007f7aa64ac00c method=parser.ast.Expression.evaluateInt(Lparser/EvaluateContext;)I @ 2 c2
Event: 5.950 Thread 0x00007f7ab8012000 Uncommon trap: reason=unstable_if action=reinterpret pc=0x00007f7aa64fd288 method=prism.Modules2MTBDD.translateModule(ILparser/ast/Module;Ljava/lang/String;I)Lprism/Modules2MTBDD$ComponentDDs; @ 33 c2

Classes redefined (0 events):
No events

Internal exceptions (10 events):
Event: 1.933 Thread 0x00007f7ab8012000 Implicit null exception at 0x00007f7aa6452fb0 to 0x00007f7aa6453f7a
Event: 1.933 Thread 0x00007f7ab8012000 Implicit null exception at 0x00007f7aa6450c6f to 0x00007f7aa6451ae6
Event: 2.203 Thread 0x00007f7ab8012000 Implicit null exception at 0x00007f7aa648293a to 0x00007f7aa6483436
Event: 2.203 Thread 0x00007f7ab8012000 Implicit null exception at 0x00007f7aa6484559 to 0x00007f7aa6484e36
Event: 2.253 Thread 0x00007f7ab8012000 Implicit null exception at 0x00007f7aa648d198 to 0x00007f7aa648d49e
Event: 2.253 Thread 0x00007f7ab8012000 Implicit null exception at 0x00007f7aa648c3a5 to 0x00007f7aa648c6ca
Event: 2.253 Thread 0x00007f7ab8012000 Implicit null exception at 0x00007f7aa648ad05 to 0x00007f7aa648adb6
Event: 2.488 Thread 0x00007f7ab8012000 Implicit null exception at 0x00007f7aa64a08f0 to 0x00007f7aa64a221a
Event: 2.488 Thread 0x00007f7ab8012000 Implicit null exception at 0x00007f7aa649d685 to 0x00007f7aa649ed9a
Event: 2.573 Thread 0x00007f7ab8012000 Implicit null exception at 0x00007f7aa647181f to 0x00007f7aa6471c86

Events (10 events):
Event: 5.276 Executing VM operation: RevokeBias done
Event: 5.276 Thread 0x00007f7ab86a9000 Thread exited: 0x00007f7ab86a9000
Event: 5.765 Thread 0x00007f7ab8012000 DEOPT PACKING pc=0x00007f7a9f25c4c0 sp=0x00007f7abc458e20
Event: 5.765 Thread 0x00007f7ab8012000 DEOPT UNPACKING pc=0x00007f7a9e8b7dba sp=0x00007f7abc458670 mode 0
Event: 5.950 Thread 0x00007f7ab8012000 Uncommon trap: trap_request=0xffffff55 fr.pc=0x00007f7aa64fd288 relative=0x0000000000002728
Event: 5.950 Thread 0x00007f7ab8012000 DEOPT PACKING pc=0x00007f7aa64fd288 sp=0x00007f7abc459190
Event: 5.950 Thread 0x00007f7ab8012000 DEOPT UNPACKING pc=0x00007f7a9e8b7fa5 sp=0x00007f7abc459170 mode 2
Event: 6.013 Thread 0x00007f7ab8012000 DEOPT PACKING pc=0x00007f7a9f26afc3 sp=0x00007f7abc458e10
Event: 6.013 Thread 0x00007f7ab8012000 DEOPT UNPACKING pc=0x00007f7a9e8b7dba sp=0x00007f7abc458568 mode 0
Event: 6.061 Executing VM operation: G1IncCollectionPause


Dynamic libraries:
562297688000-562297689000 r-xp 00000000 103:04 529239                    /usr/lib/jvm/java-11-openjdk-amd64/bin/java
562297889000-56229788a000 r--p 00001000 103:04 529239                    /usr/lib/jvm/java-11-openjdk-amd64/bin/java
56229788a000-56229788b000 rw-p 00002000 103:04 529239                    /usr/lib/jvm/java-11-openjdk-amd64/bin/java
56229788e000-5622978af000 rw-p 00000000 00:00 0                          [heap]
7f5f0fffe000-7f5f2ffff000 rw-p 00000000 00:00 0 
7f5f40000000-7f5f43fff000 rw-p 00000000 00:00 0 
7f5f43fff000-7f5f44000000 ---p 00000000 00:00 0 
7f5f48000000-7f5f48bff000 rw-p 00000000 00:00 0 
7f5f48bff000-7f5f4c000000 ---p 00000000 00:00 0 
7f5f50000000-7f5f53ffa000 rw-p 00000000 00:00 0 
7f5f53ffa000-7f5f54000000 ---p 00000000 00:00 0 
7f5f56667000-7f5f567a7000 rw-p 00000000 00:00 0 
7f5f567a7000-7f5f56867000 ---p 00000000 00:00 0 
7f5f56867000-7f5fba868000 rw-p 00000000 00:00 0 
7f5fbb069000-7f5ffb06a000 rw-p 00000000 00:00 0 
7f5ffb06a000-7f5ffb071000 r-xp 00000000 103:09 5773602                   /home/william/prism-4.4-linux64/lib/libjdd.so
7f5ffb071000-7f5ffb270000 ---p 00007000 103:09 5773602                   /home/william/prism-4.4-linux64/lib/libjdd.so
7f5ffb270000-7f5ffb271000 r--p 00006000 103:09 5773602                   /home/william/prism-4.4-linux64/lib/libjdd.so
7f5ffb271000-7f5ffb272000 rw-p 00007000 103:09 5773602                   /home/william/prism-4.4-linux64/lib/libjdd.so
7f5ffb272000-7f5ffb285000 r-xp 00000000 103:09 5773619                   /home/william/prism-4.4-linux64/lib/libprismmtbdd.so
7f5ffb285000-7f5ffb485000 ---p 00013000 103:09 5773619                   /home/william/prism-4.4-linux64/lib/libprismmtbdd.so
7f5ffb485000-7f5ffb486000 r--p 00013000 103:09 5773619                   /home/william/prism-4.4-linux64/lib/libprismmtbdd.so
7f5ffb486000-7f5ffb487000 rw-p 00014000 103:09 5773619                   /home/william/prism-4.4-linux64/lib/libprismmtbdd.so
7f5ffb487000-7f5ffb4bb000 r-xp 00000000 103:09 5773608                   /home/william/prism-4.4-linux64/lib/libprismhybrid.so
7f5ffb4bb000-7f5ffb6bb000 ---p 00034000 103:09 5773608                   /home/william/prism-4.4-linux64/lib/libprismhybrid.so
7f5ffb6bb000-7f5ffb6bc000 r--p 00034000 103:09 5773608                   /home/william/prism-4.4-linux64/lib/libprismhybrid.so
7f5ffb6bc000-7f5ffb6bd000 rw-p 00035000 103:09 5773608                   /home/william/prism-4.4-linux64/lib/libprismhybrid.so
7f5ffb6bd000-7f5ffb75b000 r-xp 00000000 103:09 5773612                   /home/william/prism-4.4-linux64/lib/liblpsolve55.so
7f5ffb75b000-7f5ffb95b000 ---p 0009e000 103:09 5773612                   /home/william/prism-4.4-linux64/lib/liblpsolve55.so
7f5ffb95b000-7f5ffb95c000 r--p 0009e000 103:09 5773612                   /home/william/prism-4.4-linux64/lib/liblpsolve55.so
7f5ffb95c000-7f5ffb95d000 rw-p 0009f000 103:09 5773612                   /home/william/prism-4.4-linux64/lib/liblpsolve55.so
7f5ffb95d000-7f5ffb96c000 r-xp 00000000 103:09 5773609                   /home/william/prism-4.4-linux64/lib/libdv.so
7f5ffb96c000-7f5ffbb6b000 ---p 0000f000 103:09 5773609                   /home/william/prism-4.4-linux64/lib/libdv.so
7f5ffbb6b000-7f5ffbb6c000 r--p 0000e000 103:09 5773609                   /home/william/prism-4.4-linux64/lib/libdv.so
7f5ffbb6c000-7f5ffbb6d000 rw-p 0000f000 103:09 5773609                   /home/william/prism-4.4-linux64/lib/libdv.so
7f5ffbb6d000-7f5ffbbf9000 r-xp 00000000 103:09 5773613                   /home/william/prism-4.4-linux64/lib/libdd.so
7f5ffbbf9000-7f5ffbdf8000 ---p 0008c000 103:09 5773613                   /home/william/prism-4.4-linux64/lib/libdd.so
7f5ffbdf8000-7f5ffbdf9000 r--p 0008b000 103:09 5773613                   /home/william/prism-4.4-linux64/lib/libdd.so
7f5ffbdf9000-7f5ffbdfa000 rw-p 0008c000 103:09 5773613                   /home/william/prism-4.4-linux64/lib/libdd.so
7f5ffbdfa000-7f5ffbdfb000 rw-p 00000000 00:00 0 
7f5ffbdfb000-7f5ffbdff000 r-xp 00000000 103:09 5773618                   /home/william/prism-4.4-linux64/lib/libodd.so
7f5ffbdff000-7f5ffbffe000 ---p 00004000 103:09 5773618                   /home/william/prism-4.4-linux64/lib/libodd.so
7f5ffbffe000-7f5ffbfff000 r--p 00003000 103:09 5773618                   /home/william/prism-4.4-linux64/lib/libodd.so
7f5ffbfff000-7f5ffc000000 rw-p 00004000 103:09 5773618                   /home/william/prism-4.4-linux64/lib/libodd.so
7f5ffc000000-7f5ffc021000 rw-p 00000000 00:00 0 
7f5ffc021000-7f6000000000 ---p 00000000 00:00 0 
7f6000000000-7f6000021000 rw-p 00000000 00:00 0 
7f6000021000-7f6004000000 ---p 00000000 00:00 0 
7f6004000000-7f6004021000 rw-p 00000000 00:00 0 
7f6004021000-7f6008000000 ---p 00000000 00:00 0 
7f6008000000-7f6008021000 rw-p 00000000 00:00 0 
7f6008021000-7f600c000000 ---p 00000000 00:00 0 
7f600c000000-7f600c021000 rw-p 00000000 00:00 0 
7f600c021000-7f6010000000 ---p 00000000 00:00 0 
7f6010000000-7f6010021000 rw-p 00000000 00:00 0 
7f6010021000-7f6014000000 ---p 00000000 00:00 0 
7f6014000000-7f6014021000 rw-p 00000000 00:00 0 
7f6014021000-7f6018000000 ---p 00000000 00:00 0 
7f6018000000-7f6018021000 rw-p 00000000 00:00 0 
7f6018021000-7f601c000000 ---p 00000000 00:00 0 
7f601c000000-7f601c021000 rw-p 00000000 00:00 0 
7f601c021000-7f6020000000 ---p 00000000 00:00 0 
7f6020077000-7f60200b8000 r-xp 00000000 103:09 5773615                   /home/william/prism-4.4-linux64/lib/libprismsparse.so
7f60200b8000-7f60202b7000 ---p 00041000 103:09 5773615                   /home/william/prism-4.4-linux64/lib/libprismsparse.so
7f60202b7000-7f60202b8000 r--p 00040000 103:09 5773615                   /home/william/prism-4.4-linux64/lib/libprismsparse.so
7f60202b8000-7f60202b9000 rw-p 00041000 103:09 5773615                   /home/william/prism-4.4-linux64/lib/libprismsparse.so
7f60202b9000-7f60204b9000 rw-p 00000000 00:00 0 
7f60204b9000-7f60204bd000 ---p 00000000 00:00 0 
7f60204bd000-7f60208ba000 rw-p 00000000 00:00 0 
7f60208ba000-7f60208be000 ---p 00000000 00:00 0 
7f60208be000-7f6020cbb000 rw-p 00000000 00:00 0 
7f6020cbb000-7f6020cec000 r-xp 00000000 103:04 534498                    /usr/lib/x86_64-linux-gnu/libpng16.so.16.34.0
7f6020cec000-7f6020eeb000 ---p 00031000 103:04 534498                    /usr/lib/x86_64-linux-gnu/libpng16.so.16.34.0
7f6020eeb000-7f6020eec000 r--p 00030000 103:04 534498                    /usr/lib/x86_64-linux-gnu/libpng16.so.16.34.0
7f6020eec000-7f6020eed000 rw-p 00031000 103:04 534498                    /usr/lib/x86_64-linux-gnu/libpng16.so.16.34.0
7f6020eed000-7f6020f9a000 r-xp 00000000 103:04 534008                    /usr/lib/x86_64-linux-gnu/libfreetype.so.6.15.0
7f6020f9a000-7f6021199000 ---p 000ad000 103:04 534008                    /usr/lib/x86_64-linux-gnu/libfreetype.so.6.15.0
7f6021199000-7f60211a0000 r--p 000ac000 103:04 534008                    /usr/lib/x86_64-linux-gnu/libfreetype.so.6.15.0
7f60211a0000-7f60211a1000 rw-p 000b3000 103:04 534008                    /usr/lib/x86_64-linux-gnu/libfreetype.so.6.15.0
7f60211a1000-7f6021236000 r-xp 00000000 103:04 664490                    /usr/lib/jvm/java-11-openjdk-amd64/lib/libfontmanager.so
7f6021236000-7f6021436000 ---p 00095000 103:04 664490                    /usr/lib/jvm/java-11-openjdk-amd64/lib/libfontmanager.so
7f6021436000-7f6021437000 r--p 00095000 103:04 664490                    /usr/lib/jvm/java-11-openjdk-amd64/lib/libfontmanager.so
7f6021437000-7f6021438000 rw-p 00096000 103:04 664490                    /usr/lib/jvm/java-11-openjdk-amd64/lib/libfontmanager.so
7f6021438000-7f6021639000 rw-p 00000000 00:00 0 
7f6021639000-7f602163d000 ---p 00000000 00:00 0 
7f602163d000-7f6021a3a000 rw-p 00000000 00:00 0 
7f6021a3a000-7f6021a3e000 ---p 00000000 00:00 0 
7f6021a3e000-7f6021e3b000 rw-p 00000000 00:00 0 
7f6021e3b000-7f6021e3f000 ---p 00000000 00:00 0 
7f6021e3f000-7f602243c000 rw-p 00000000 00:00 0 
7f60224f4000-7f60226f4000 rw-p 00000000 00:00 0 
7f60226f4000-7f60228f4000 rw-p 00000000 00:00 0 
7f60228f4000-7f60228fc000 r-xp 00000000 103:04 659845                    /usr/lib/jvm/java-11-openjdk-amd64/lib/libawt_headless.so
7f60228fc000-7f6022afb000 ---p 00008000 103:04 659845                    /usr/lib/jvm/java-11-openjdk-amd64/lib/libawt_headless.so
7f6022afb000-7f6022afc000 r--p 00007000 103:04 659845                    /usr/lib/jvm/java-11-openjdk-amd64/lib/libawt_headless.so
7f6022afc000-7f6022afd000 rw-p 00008000 103:04 659845                    /usr/lib/jvm/java-11-openjdk-amd64/lib/libawt_headless.so
7f6022afd000-7f6022b9d000 r-xp 00000000 103:04 659843                    /usr/lib/jvm/java-11-openjdk-amd64/lib/libawt.so
7f6022b9d000-7f6022d9d000 ---p 000a0000 103:04 659843                    /usr/lib/jvm/java-11-openjdk-amd64/lib/libawt.so
7f6022d9d000-7f6022d9e000 r--p 000a0000 103:04 659843                    /usr/lib/jvm/java-11-openjdk-amd64/lib/libawt.so
7f6022d9e000-7f6022da9000 rw-p 000a1000 103:04 659843                    /usr/lib/jvm/java-11-openjdk-amd64/lib/libawt.so
7f6022da9000-7f6022dce000 rw-p 00000000 00:00 0 
7f6022dce000-7f6022dd2000 r-xp 00000000 103:09 5773622                   /home/william/prism-4.4-linux64/lib/libprism.so
7f6022dd2000-7f6022fd1000 ---p 00004000 103:09 5773622                   /home/william/prism-4.4-linux64/lib/libprism.so
7f6022fd1000-7f6022fd2000 r--p 00003000 103:09 5773622                   /home/william/prism-4.4-linux64/lib/libprism.so
7f6022fd2000-7f6022fd3000 rw-p 00004000 103:09 5773622                   /home/william/prism-4.4-linux64/lib/libprism.so
7f6022fd3000-7f6022fea000 r-xp 00000000 103:04 666295                    /usr/lib/jvm/java-11-openjdk-amd64/lib/libnet.so
7f6022fea000-7f60231e9000 ---p 00017000 103:04 666295                    /usr/lib/jvm/java-11-openjdk-amd64/lib/libnet.so
7f60231e9000-7f60231ea000 r--p 00016000 103:04 666295                    /usr/lib/jvm/java-11-openjdk-amd64/lib/libnet.so
7f60231ea000-7f60231eb000 rw-p 00017000 103:04 666295                    /usr/lib/jvm/java-11-openjdk-amd64/lib/libnet.so
7f60231eb000-7f60231fc000 r-xp 00000000 103:04 666296                    /usr/lib/jvm/java-11-openjdk-amd64/lib/libnio.so
7f60231fc000-7f60233fb000 ---p 00011000 103:04 666296                    /usr/lib/jvm/java-11-openjdk-amd64/lib/libnio.so
7f60233fb000-7f60233fc000 r--p 00010000 103:04 666296                    /usr/lib/jvm/java-11-openjdk-amd64/lib/libnio.so
7f60233fc000-7f60233fd000 rw-p 00011000 103:04 666296                    /usr/lib/jvm/java-11-openjdk-amd64/lib/libnio.so
7f60233fd000-7f6023401000 ---p 00000000 00:00 0 
7f6023401000-7f60237fe000 rw-p 00000000 00:00 0 
7f60237fe000-7f6023802000 ---p 00000000 00:00 0 
7f6023802000-7f6023bff000 rw-p 00000000 00:00 0 
7f6023bff000-7f6023c03000 ---p 00000000 00:00 0 
7f6023c03000-7f6024000000 rw-p 00000000 00:00 0 
7f6024000000-7f6024cb7000 rw-p 00000000 00:00 0 
7f6024cb7000-7f6028000000 ---p 00000000 00:00 0 
7f6028000000-7f6028554000 rw-p 00000000 00:00 0 
7f6028554000-7f602c000000 ---p 00000000 00:00 0 
7f602c000000-7f602c69c000 rw-p 00000000 00:00 0 
7f602c69c000-7f6030000000 ---p 00000000 00:00 0 
7f6030000000-7f60309fd000 rw-p 00000000 00:00 0 
7f60309fd000-7f6034000000 ---p 00000000 00:00 0 
7f6034000000-7f6034021000 rw-p 00000000 00:00 0 
7f6034021000-7f6038000000 ---p 00000000 00:00 0 
7f6038000000-7f6038021000 rw-p 00000000 00:00 0 
7f6038021000-7f603c000000 ---p 00000000 00:00 0 
7f603c000000-7f603c2d5000 rw-p 00000000 00:00 0 
7f603c2d5000-7f6040000000 ---p 00000000 00:00 0 
7f6040000000-7f6040021000 rw-p 00000000 00:00 0 
7f6040021000-7f6044000000 ---p 00000000 00:00 0 
7f6044000000-7f6044056000 rw-p 00000000 00:00 0 
7f6044056000-7f6048000000 ---p 00000000 00:00 0 
7f6048000000-7f6048021000 rw-p 00000000 00:00 0 
7f6048021000-7f604c000000 ---p 00000000 00:00 0 
7f604c000000-7f604c056000 rw-p 00000000 00:00 0 
7f604c056000-7f6050000000 ---p 00000000 00:00 0 
7f6050000000-7f6050051000 rw-p 00000000 00:00 0 
7f6050051000-7f6054000000 ---p 00000000 00:00 0 
7f6054000000-7f6054067000 rw-p 00000000 00:00 0 
7f6054067000-7f6058000000 ---p 00000000 00:00 0 
7f6058000000-7f6058063000 rw-p 00000000 00:00 0 
7f6058063000-7f605c000000 ---p 00000000 00:00 0 
7f605c000000-7f605c056000 rw-p 00000000 00:00 0 
7f605c056000-7f6060000000 ---p 00000000 00:00 0 
7f6060000000-7f6060051000 rw-p 00000000 00:00 0 
7f6060051000-7f6064000000 ---p 00000000 00:00 0 
7f6064000000-7f606405f000 rw-p 00000000 00:00 0 
7f606405f000-7f6068000000 ---p 00000000 00:00 0 
7f6068000000-7f606805f000 rw-p 00000000 00:00 0 
7f606805f000-7f606c000000 ---p 00000000 00:00 0 
7f606c000000-7f606c021000 rw-p 00000000 00:00 0 
7f606c021000-7f6070000000 ---p 00000000 00:00 0 
7f6070000000-7f607008b000 rw-p 00000000 00:00 0 
7f607008b000-7f6074000000 ---p 00000000 00:00 0 
7f6074000000-7f6074021000 rw-p 00000000 00:00 0 
7f6074021000-7f6078000000 ---p 00000000 00:00 0 
7f6078000000-7f6078021000 rw-p 00000000 00:00 0 
7f6078021000-7f607c000000 ---p 00000000 00:00 0 
7f607c000000-7f607c021000 rw-p 00000000 00:00 0 
7f607c021000-7f6080000000 ---p 00000000 00:00 0 
7f6080120000-7f6080121000 ---p 00000000 00:00 0 
7f6080121000-7f6080222000 rw-p 00000000 00:00 0 
7f6080222000-7f6080226000 ---p 00000000 00:00 0 
7f6080226000-7f6080323000 rw-p 00000000 00:00 0 
7f6080323000-7f6080327000 ---p 00000000 00:00 0 
7f6080327000-7f6080424000 rw-p 00000000 00:00 0 
7f6080424000-7f6080428000 ---p 00000000 00:00 0 
7f6080428000-7f6080525000 rw-p 00000000 00:00 0 
7f6080525000-7f6080529000 ---p 00000000 00:00 0 
7f6080529000-7f6080626000 rw-p 00000000 00:00 0 
7f6080626000-7f608062a000 ---p 00000000 00:00 0 
7f608062a000-7f6080a27000 rw-p 00000000 00:00 0 
7f6080a27000-7f60813f6000 r--p 00000000 103:04 531372                    /usr/lib/locale/locale-archive
7f60813f6000-7f60813fa000 ---p 00000000 00:00 0 
7f60813fa000-7f60817f7000 rw-p 00000000 00:00 0 
7f60817f7000-7f60817fb000 ---p 00000000 00:00 0 
7f60817fb000-7f6081bf8000 rw-p 00000000 00:00 0 
7f6081bf8000-7f6081bf9000 ---p 00000000 00:00 0 
7f6081bf9000-7f60824fa000 rw-p 00000000 00:00 0 
7f60824fa000-7f60824fb000 ---p 00000000 00:00 0 
7f60824fb000-7f60825fc000 rw-p 00000000 00:00 0 
7f60825fc000-7f60825fd000 ---p 00000000 00:00 0 
7f60825fd000-7f60826fe000 rw-p 00000000 00:00 0 
7f60826fe000-7f60826ff000 ---p 00000000 00:00 0 
7f60826ff000-7f6087240000 rw-p 00000000 00:00 0 
7f6087240000-7f60e6800000 ---p 00000000 00:00 0 
7f60e6800000-7f60eb240000 rw-p 00000000 00:00 0 
7f60eb240000-7f614a800000 ---p 00000000 00:00 0 
7f614a800000-7f614b148000 rw-p 00000000 00:00 0 
7f614b148000-7f6157000000 ---p 00000000 00:00 0 
7f6157000000-7f6157948000 rw-p 00000000 00:00 0 
7f6157948000-7f6163800000 ---p 00000000 00:00 0 
7f6163800000-7f6164148000 rw-p 00000000 00:00 0 
7f6164148000-7f6170000000 ---p 00000000 00:00 0 
7f6170000000-7f6299000000 rw-p 00000000 00:00 0 
7f64eb000000-7f7a70000000 ---p 00000000 00:00 0 
7f7a70000000-7f7a7006e000 rw-p 00000000 00:00 0 
7f7a7006e000-7f7a74000000 ---p 00000000 00:00 0 
7f7a7407e000-7f7a740f4000 rw-p 00000000 00:00 0 
7f7a740f4000-7f7a740f5000 ---p 00000000 00:00 0 
7f7a740f5000-7f7a741f6000 rw-p 00000000 00:00 0 
7f7a741f6000-7f7a741f7000 ---p 00000000 00:00 0 
7f7a741f7000-7f7a742f8000 rw-p 00000000 00:00 0 
7f7a742f8000-7f7a742f9000 ---p 00000000 00:00 0 
7f7a742f9000-7f7a743fa000 rw-p 00000000 00:00 0 
7f7a743fa000-7f7a743fb000 ---p 00000000 00:00 0 
7f7a743fb000-7f7a744fc000 rw-p 00000000 00:00 0 
7f7a744fc000-7f7a744fd000 ---p 00000000 00:00 0 
7f7a744fd000-7f7a745fe000 rw-p 00000000 00:00 0 
7f7a745fe000-7f7a745ff000 ---p 00000000 00:00 0 
7f7a745ff000-7f7a78000000 rw-p 00000000 00:00 0 
7f7a78000000-7f7a7806f000 rw-p 00000000 00:00 0 
7f7a7806f000-7f7a7c000000 ---p 00000000 00:00 0 
7f7a7c000000-7f7a7c070000 rw-p 00000000 00:00 0 
7f7a7c070000-7f7a80000000 ---p 00000000 00:00 0 
7f7a80000000-7f7a80073000 rw-p 00000000 00:00 0 
7f7a80073000-7f7a84000000 ---p 00000000 00:00 0 
7f7a84000000-7f7a84071000 rw-p 00000000 00:00 0 
7f7a84071000-7f7a88000000 ---p 00000000 00:00 0 
7f7a88000000-7f7a8807a000 rw-p 00000000 00:00 0 
7f7a8807a000-7f7a8c000000 ---p 00000000 00:00 0 
7f7a8c000000-7f7a8c07d000 rw-p 00000000 00:00 0 
7f7a8c07d000-7f7a90000000 ---p 00000000 00:00 0 
7f7a90000000-7f7a90088000 rw-p 00000000 00:00 0 
7f7a90088000-7f7a94000000 ---p 00000000 00:00 0 
7f7a94000000-7f7a94080000 rw-p 00000000 00:00 0 
7f7a94080000-7f7a98000000 ---p 00000000 00:00 0 
7f7a98000000-7f7a9807e000 rw-p 00000000 00:00 0 
7f7a9807e000-7f7a9c000000 ---p 00000000 00:00 0 
7f7a9c00b000-7f7a9c066000 rw-p 00000000 00:00 0 
7f7a9c066000-7f7a9c067000 ---p 00000000 00:00 0 
7f7a9c067000-7f7a9c168000 rw-p 00000000 00:00 0 
7f7a9c168000-7f7a9c169000 ---p 00000000 00:00 0 
7f7a9c169000-7f7a9cc74000 rw-p 00000000 00:00 0 
7f7a9cc74000-7f7a9cc75000 ---p 00000000 00:00 0 
7f7a9cc75000-7f7a9cd76000 rw-p 00000000 00:00 0 
7f7a9cd76000-7f7a9cd77000 ---p 00000000 00:00 0 
7f7a9cd77000-7f7a9ce78000 rw-p 00000000 00:00 0 
7f7a9ce78000-7f7a9ce79000 ---p 00000000 00:00 0 
7f7a9ce79000-7f7a9cf7a000 rw-p 00000000 00:00 0 
7f7a9cf7a000-7f7a9cf7b000 ---p 00000000 00:00 0 
7f7a9cf7b000-7f7a9de7c000 rw-p 00000000 00:00 0 
7f7a9de7c000-7f7a9de7d000 ---p 00000000 00:00 0 
7f7a9de7d000-7f7a9df7e000 rw-p 00000000 00:00 0 
7f7a9df7e000-7f7a9df7f000 ---p 00000000 00:00 0 
7f7a9df7f000-7f7a9e080000 rw-p 00000000 00:00 0 
7f7a9e080000-7f7a9e081000 ---p 00000000 00:00 0 
7f7a9e081000-7f7a9e182000 rw-p 00000000 00:00 0 
7f7a9e182000-7f7a9e183000 ---p 00000000 00:00 0 
7f7a9e183000-7f7a9e284000 rw-p 00000000 00:00 0 
7f7a9e284000-7f7a9e285000 ---p 00000000 00:00 0 
7f7a9e285000-7f7a9e386000 rw-p 00000000 00:00 0 
7f7a9e386000-7f7a9e387000 ---p 00000000 00:00 0 
7f7a9e387000-7f7a9e488000 rw-p 00000000 00:00 0 
7f7a9e488000-7f7a9e489000 ---p 00000000 00:00 0 
7f7a9e489000-7f7a9e58a000 rw-p 00000000 00:00 0 
7f7a9e58a000-7f7a9e58b000 ---p 00000000 00:00 0 
7f7a9e58b000-7f7a9e68c000 rw-p 00000000 00:00 0 
7f7a9e68c000-7f7a9e68d000 ---p 00000000 00:00 0 
7f7a9e68d000-7f7a9e78e000 rw-p 00000000 00:00 0 
7f7a9e78e000-7f7a9e78f000 ---p 00000000 00:00 0 
7f7a9e78f000-7f7a9e890000 rw-p 00000000 00:00 0 
7f7a9e890000-7f7a9eb00000 rwxp 00000000 00:00 0 
7f7a9eb00000-7f7a9ee21000 ---p 00000000 00:00 0 
7f7a9ee21000-7f7a9f2e1000 rwxp 00000000 00:00 0 
7f7a9f2e1000-7f7aa6358000 ---p 00000000 00:00 0 
7f7aa6358000-7f7aa65c8000 rwxp 00000000 00:00 0 
7f7aa65c8000-7f7aad890000 ---p 00000000 00:00 0 
7f7aad890000-7f7ab6d6b000 r--s 00000000 103:04 666305                    /usr/lib/jvm/java-11-openjdk-amd64/lib/modules
7f7ab6d6b000-7f7ab6d70000 r-xp 00000000 103:04 664863                    /usr/lib/jvm/java-11-openjdk-amd64/lib/libjimage.so
7f7ab6d70000-7f7ab6f6f000 ---p 00005000 103:04 664863                    /usr/lib/jvm/java-11-openjdk-amd64/lib/libjimage.so
7f7ab6f6f000-7f7ab6f70000 r--p 00004000 103:04 664863                    /usr/lib/jvm/java-11-openjdk-amd64/lib/libjimage.so
7f7ab6f70000-7f7ab6f71000 rw-p 00005000 103:04 664863                    /usr/lib/jvm/java-11-openjdk-amd64/lib/libjimage.so
7f7ab6f71000-7f7ab6f78000 r-xp 00000000 103:04 666304                    /usr/lib/jvm/java-11-openjdk-amd64/lib/libzip.so
7f7ab6f78000-7f7ab7177000 ---p 00007000 103:04 666304                    /usr/lib/jvm/java-11-openjdk-amd64/lib/libzip.so
7f7ab7177000-7f7ab7178000 r--p 00006000 103:04 666304                    /usr/lib/jvm/java-11-openjdk-amd64/lib/libzip.so
7f7ab7178000-7f7ab7179000 rw-p 00007000 103:04 666304                    /usr/lib/jvm/java-11-openjdk-amd64/lib/libzip.so
7f7ab7179000-7f7ab7184000 r-xp 00000000 103:04 267847                    /lib/x86_64-linux-gnu/libnss_files-2.27.so
7f7ab7184000-7f7ab7383000 ---p 0000b000 103:04 267847                    /lib/x86_64-linux-gnu/libnss_files-2.27.so
7f7ab7383000-7f7ab7384000 r--p 0000a000 103:04 267847                    /lib/x86_64-linux-gnu/libnss_files-2.27.so
7f7ab7384000-7f7ab7385000 rw-p 0000b000 103:04 267847                    /lib/x86_64-linux-gnu/libnss_files-2.27.so
7f7ab7385000-7f7ab738b000 rw-p 00000000 00:00 0 
7f7ab738b000-7f7ab73a2000 r-xp 00000000 103:04 267841                    /lib/x86_64-linux-gnu/libnsl-2.27.so
7f7ab73a2000-7f7ab75a1000 ---p 00017000 103:04 267841                    /lib/x86_64-linux-gnu/libnsl-2.27.so
7f7ab75a1000-7f7ab75a2000 r--p 00016000 103:04 267841                    /lib/x86_64-linux-gnu/libnsl-2.27.so
7f7ab75a2000-7f7ab75a3000 rw-p 00017000 103:04 267841                    /lib/x86_64-linux-gnu/libnsl-2.27.so
7f7ab75a3000-7f7ab75a5000 rw-p 00000000 00:00 0 
7f7ab75a5000-7f7ab75b0000 r-xp 00000000 103:04 267858                    /lib/x86_64-linux-gnu/libnss_nis-2.27.so
7f7ab75b0000-7f7ab77af000 ---p 0000b000 103:04 267858                    /lib/x86_64-linux-gnu/libnss_nis-2.27.so
7f7ab77af000-7f7ab77b0000 r--p 0000a000 103:04 267858                    /lib/x86_64-linux-gnu/libnss_nis-2.27.so
7f7ab77b0000-7f7ab77b1000 rw-p 0000b000 103:04 267858                    /lib/x86_64-linux-gnu/libnss_nis-2.27.so
7f7ab77b1000-7f7ab77b9000 r-xp 00000000 103:04 267843                    /lib/x86_64-linux-gnu/libnss_compat-2.27.so
7f7ab77b9000-7f7ab79b9000 ---p 00008000 103:04 267843                    /lib/x86_64-linux-gnu/libnss_compat-2.27.so
7f7ab79b9000-7f7ab79ba000 r--p 00008000 103:04 267843                    /lib/x86_64-linux-gnu/libnss_compat-2.27.so
7f7ab79ba000-7f7ab79bb000 rw-p 00009000 103:04 267843                    /lib/x86_64-linux-gnu/libnss_compat-2.27.so
7f7ab79bb000-7f7ab79e7000 r-xp 00000000 103:04 664605                    /usr/lib/jvm/java-11-openjdk-amd64/lib/libjava.so
7f7ab79e7000-7f7ab7be6000 ---p 0002c000 103:04 664605                    /usr/lib/jvm/java-11-openjdk-amd64/lib/libjava.so
7f7ab7be6000-7f7ab7be7000 r--p 0002b000 103:04 664605                    /usr/lib/jvm/java-11-openjdk-amd64/lib/libjava.so
7f7ab7be7000-7f7ab7be9000 rw-p 0002c000 103:04 664605                    /usr/lib/jvm/java-11-openjdk-amd64/lib/libjava.so
7f7ab7be9000-7f7ab7bf6000 r-xp 00000000 103:04 666303                    /usr/lib/jvm/java-11-openjdk-amd64/lib/libverify.so
7f7ab7bf6000-7f7ab7df5000 ---p 0000d000 103:04 666303                    /usr/lib/jvm/java-11-openjdk-amd64/lib/libverify.so
7f7ab7df5000-7f7ab7df7000 r--p 0000c000 103:04 666303                    /usr/lib/jvm/java-11-openjdk-amd64/lib/libverify.so
7f7ab7df7000-7f7ab7df8000 rw-p 0000e000 103:04 666303                    /usr/lib/jvm/java-11-openjdk-amd64/lib/libverify.so
7f7ab7df8000-7f7ab7dff000 r-xp 00000000 103:04 267898                    /lib/x86_64-linux-gnu/librt-2.27.so
7f7ab7dff000-7f7ab7ffe000 ---p 00007000 103:04 267898                    /lib/x86_64-linux-gnu/librt-2.27.so
7f7ab7ffe000-7f7ab7fff000 r--p 00006000 103:04 267898                    /lib/x86_64-linux-gnu/librt-2.27.so
7f7ab7fff000-7f7ab8000000 rw-p 00007000 103:04 267898                    /lib/x86_64-linux-gnu/librt-2.27.so
7f7ab8000000-7f7abbf54000 rw-p 00000000 00:00 0 
7f7abbf54000-7f7abc000000 ---p 00000000 00:00 0 
7f7abc001000-7f7abc05a000 rw-p 00000000 00:00 0 
7f7abc05a000-7f7abc05e000 ---p 00000000 00:00 0 
7f7abc05e000-7f7abc45b000 rw-p 00000000 00:00 0 
7f7abc45b000-7f7abc472000 r-xp 00000000 103:04 261825                    /lib/x86_64-linux-gnu/libgcc_s.so.1
7f7abc472000-7f7abc671000 ---p 00017000 103:04 261825                    /lib/x86_64-linux-gnu/libgcc_s.so.1
7f7abc671000-7f7abc672000 r--p 00016000 103:04 261825                    /lib/x86_64-linux-gnu/libgcc_s.so.1
7f7abc672000-7f7abc673000 rw-p 00017000 103:04 261825                    /lib/x86_64-linux-gnu/libgcc_s.so.1
7f7abc673000-7f7abc810000 r-xp 00000000 103:04 267820                    /lib/x86_64-linux-gnu/libm-2.27.so
7f7abc810000-7f7abca0f000 ---p 0019d000 103:04 267820                    /lib/x86_64-linux-gnu/libm-2.27.so
7f7abca0f000-7f7abca10000 r--p 0019c000 103:04 267820                    /lib/x86_64-linux-gnu/libm-2.27.so
7f7abca10000-7f7abca11000 rw-p 0019d000 103:04 267820                    /lib/x86_64-linux-gnu/libm-2.27.so
7f7abca11000-7f7abcb8a000 r-xp 00000000 103:04 523283                    /usr/lib/x86_64-linux-gnu/libstdc++.so.6.0.25
7f7abcb8a000-7f7abcd8a000 ---p 00179000 103:04 523283                    /usr/lib/x86_64-linux-gnu/libstdc++.so.6.0.25
7f7abcd8a000-7f7abcd94000 r--p 00179000 103:04 523283                    /usr/lib/x86_64-linux-gnu/libstdc++.so.6.0.25
7f7abcd94000-7f7abcd96000 rw-p 00183000 103:04 523283                    /usr/lib/x86_64-linux-gnu/libstdc++.so.6.0.25
7f7abcd96000-7f7abcd9a000 rw-p 00000000 00:00 0 
7f7abcd9a000-7f7abdd37000 r-xp 00000000 103:04 666308                    /usr/lib/jvm/java-11-openjdk-amd64/lib/server/libjvm.so
7f7abdd37000-7f7abdf37000 ---p 00f9d000 103:04 666308                    /usr/lib/jvm/java-11-openjdk-amd64/lib/server/libjvm.so
7f7abdf37000-7f7abdffb000 r--p 00f9d000 103:04 666308                    /usr/lib/jvm/java-11-openjdk-amd64/lib/server/libjvm.so
7f7abdffb000-7f7abe033000 rw-p 01061000 103:04 666308                    /usr/lib/jvm/java-11-openjdk-amd64/lib/server/libjvm.so
7f7abe033000-7f7abe07c000 rw-p 00000000 00:00 0 
7f7abe07c000-7f7abe096000 r-xp 00000000 103:04 267890                    /lib/x86_64-linux-gnu/libpthread-2.27.so
7f7abe096000-7f7abe295000 ---p 0001a000 103:04 267890                    /lib/x86_64-linux-gnu/libpthread-2.27.so
7f7abe295000-7f7abe296000 r--p 00019000 103:04 267890                    /lib/x86_64-linux-gnu/libpthread-2.27.so
7f7abe296000-7f7abe297000 rw-p 0001a000 103:04 267890                    /lib/x86_64-linux-gnu/libpthread-2.27.so
7f7abe297000-7f7abe29b000 rw-p 00000000 00:00 0 
7f7abe29b000-7f7abe29e000 r-xp 00000000 103:04 267780                    /lib/x86_64-linux-gnu/libdl-2.27.so
7f7abe29e000-7f7abe49d000 ---p 00003000 103:04 267780                    /lib/x86_64-linux-gnu/libdl-2.27.so
7f7abe49d000-7f7abe49e000 r--p 00002000 103:04 267780                    /lib/x86_64-linux-gnu/libdl-2.27.so
7f7abe49e000-7f7abe49f000 rw-p 00003000 103:04 267780                    /lib/x86_64-linux-gnu/libdl-2.27.so
7f7abe49f000-7f7abe4bb000 r-xp 00000000 103:04 267929                    /lib/x86_64-linux-gnu/libz.so.1.2.11
7f7abe4bb000-7f7abe6ba000 ---p 0001c000 103:04 267929                    /lib/x86_64-linux-gnu/libz.so.1.2.11
7f7abe6ba000-7f7abe6bb000 r--p 0001b000 103:04 267929                    /lib/x86_64-linux-gnu/libz.so.1.2.11
7f7abe6bb000-7f7abe6bc000 rw-p 0001c000 103:04 267929                    /lib/x86_64-linux-gnu/libz.so.1.2.11
7f7abe6bc000-7f7abe8a3000 r-xp 00000000 103:04 267757                    /lib/x86_64-linux-gnu/libc-2.27.so
7f7abe8a3000-7f7abeaa3000 ---p 001e7000 103:04 267757                    /lib/x86_64-linux-gnu/libc-2.27.so
7f7abeaa3000-7f7abeaa7000 r--p 001e7000 103:04 267757                    /lib/x86_64-linux-gnu/libc-2.27.so
7f7abeaa7000-7f7abeaa9000 rw-p 001eb000 103:04 267757                    /lib/x86_64-linux-gnu/libc-2.27.so
7f7abeaa9000-7f7abeaad000 rw-p 00000000 00:00 0 
7f7abeaad000-7f7abeabc000 r-xp 00000000 103:04 659837                    /usr/lib/jvm/java-11-openjdk-amd64/lib/jli/libjli.so
7f7abeabc000-7f7abecbb000 ---p 0000f000 103:04 659837                    /usr/lib/jvm/java-11-openjdk-amd64/lib/jli/libjli.so
7f7abecbb000-7f7abecbc000 r--p 0000e000 103:04 659837                    /usr/lib/jvm/java-11-openjdk-amd64/lib/jli/libjli.so
7f7abecbc000-7f7abecbd000 rw-p 0000f000 103:04 659837                    /usr/lib/jvm/java-11-openjdk-amd64/lib/jli/libjli.so
7f7abecbd000-7f7abece4000 r-xp 00000000 103:04 267729                    /lib/x86_64-linux-gnu/ld-2.27.so
7f7abecee000-7f7abecf3000 rw-p 00000000 00:00 0 
7f7abecf3000-7f7abedd9000 ---p 00000000 00:00 0 
7f7abedd9000-7f7abede3000 rw-p 00000000 00:00 0 
7f7abede3000-7f7abeec4000 ---p 00000000 00:00 0 
7f7abeec4000-7f7abeec6000 rw-p 00000000 00:00 0 
7f7abeeca000-7f7abeecb000 r--p 00000000 103:04 794806                    /usr/share/locale-langpack/en_GB/LC_MESSAGES/libc.mo
7f7abeecb000-7f7abeed1000 rw-p 00000000 00:00 0 
7f7abeed1000-7f7abeed8000 ---p 00000000 00:00 0 
7f7abeed8000-7f7abeee0000 rw-s 00000000 103:04 1058832                   /tmp/hsperfdata_william/10708
7f7abeee0000-7f7abeee1000 ---p 00000000 00:00 0 
7f7abeee1000-7f7abeee2000 r--p 00000000 00:00 0 
7f7abeee2000-7f7abeee4000 rw-p 00000000 00:00 0 
7f7abeee4000-7f7abeee5000 r--p 00027000 103:04 267729                    /lib/x86_64-linux-gnu/ld-2.27.so
7f7abeee5000-7f7abeee6000 rw-p 00028000 103:04 267729                    /lib/x86_64-linux-gnu/ld-2.27.so
7f7abeee6000-7f7abeee7000 rw-p 00000000 00:00 0 
7ffddd848000-7ffddd869000 rw-p 00000000 00:00 0                          [stack]
7ffddd98a000-7ffddd98d000 r--p 00000000 00:00 0                          [vvar]
7ffddd98d000-7ffddd98f000 r-xp 00000000 00:00 0                          [vdso]
ffffffffff600000-ffffffffff601000 r-xp 00000000 00:00 0                  [vsyscall]


VM Arguments:
jvm_args: -Xmx100g -Xss4M -Djava.awt.headless=true -Djava.library.path=/home/william/prism-4.4-linux64/lib 
java_command: prism.PrismCL -cuddmaxmem 100g -javamaxmem 100g seed_v_adv.prism props.props -prop 2 -s -exportadvmdp tmp.tra -exportstates tmp.sta
java_class_path (initial): /home/william/prism-4.4-linux64/lib/prism.jar:/home/william/prism-4.4-linux64/classes:/home/william/prism-4.4-linux64:/home/william/prism-4.4-linux64/lib/pepa.zip:/home/william/prism-4.4-linux64/lib/jfreechart.jar:/home/william/prism-4.4-linux64/lib/prism.jar:/home/william/prism-4.4-linux64/lib/jhoafparser.jar:/home/william/prism-4.4-linux64/lib/jcommon.jar:/home/william/prism-4.4-linux64/lib/lpsolve55j.jar:/home/william/prism-4.4-linux64/lib/nailgun-server.jar:/home/william/prism-4.4-linux64/lib/log4j.jar:/home/william/prism-4.4-linux64/lib/epsgraphics.jar:/home/william/prism-4.4-linux64/lib/jas.jar:/home/william/prism-4.4-linux64/lib/colt.jar
Launcher Type: SUN_STANDARD

Logging:
Log output configuration:
#0: stdout all=warning uptime,level,tags
#1: stderr all=off uptime,level,tags

Environment Variables:
PATH=/home/william/anaconda3/bin:/home/william/prism-4.4-linux64/bin:/bin:/usr/bin:/usr/local/bin:/usr/hosts:/usr/ucb:/snap/bin
USERNAME=william
LD_LIBRARY_PATH=/home/william/prism-4.4-linux64/lib
SHELL=/bin/bash
DISPLAY=:0

Signal Handlers:
SIGSEGV: [libjvm.so+0xd28b70], sa_mask[0]=11111111011111111101111111111110, sa_flags=SA_RESTART|SA_SIGINFO
SIGBUS: [libjvm.so+0xd28b70], sa_mask[0]=11111111011111111101111111111110, sa_flags=SA_RESTART|SA_SIGINFO
SIGFPE: [libjvm.so+0xd28b70], sa_mask[0]=11111111011111111101111111111110, sa_flags=SA_RESTART|SA_SIGINFO
SIGPIPE: [libjvm.so+0xb2a1f0], sa_mask[0]=11111111011111111101111111111110, sa_flags=SA_RESTART|SA_SIGINFO
SIGXFSZ: [libjvm.so+0xb2a1f0], sa_mask[0]=11111111011111111101111111111110, sa_flags=SA_RESTART|SA_SIGINFO
SIGILL: [libjvm.so+0xd28b70], sa_mask[0]=11111111011111111101111111111110, sa_flags=SA_RESTART|SA_SIGINFO
SIGUSR2: [libjvm.so+0xb2a030], sa_mask[0]=00000000000000000000000000000000, sa_flags=SA_RESTART|SA_SIGINFO
SIGHUP: [libjvm.so+0xb2a180], sa_mask[0]=11111111011111111101111111111110, sa_flags=SA_RESTART|SA_SIGINFO
SIGINT: [libjvm.so+0xb2a180], sa_mask[0]=11111111011111111101111111111110, sa_flags=SA_RESTART|SA_SIGINFO
SIGTERM: [libjvm.so+0xb2a180], sa_mask[0]=11111111011111111101111111111110, sa_flags=SA_RESTART|SA_SIGINFO
SIGQUIT: [libjvm.so+0xb2a180], sa_mask[0]=11111111011111111101111111111110, sa_flags=SA_RESTART|SA_SIGINFO


---------------  S Y S T E M  ---------------

OS:DISTRIB_ID=Ubuntu
DISTRIB_RELEASE=18.04
DISTRIB_CODENAME=bionic
DISTRIB_DESCRIPTION="Ubuntu 18.04.1 LTS"
uname:Linux 4.19.0-041900-generic #201810221809 SMP Mon Oct 22 22:11:45 UTC 2018 x86_64
libc:glibc 2.27 NPTL 2.27 
rlimit: STACK 8192k, CORE 0k, NPROC 62301, NOFILE 4096, AS infinity, DATA infinity, FSIZE infinity
load average:0.89 0.44 0.51

/proc/meminfo:
MemTotal:       16058740 kB
MemFree:         6829448 kB
MemAvailable:    8989520 kB
Buffers:          341648 kB
Cached:          2243604 kB
SwapCached:            0 kB
Active:          7340628 kB
Inactive:        1310184 kB
Active(anon):    6079172 kB
Inactive(anon):   346144 kB
Active(file):    1261456 kB
Inactive(file):   964040 kB
Unevictable:        1392 kB
Mlocked:            1392 kB
SwapTotal:             0 kB
SwapFree:              0 kB
Dirty:             16772 kB
Writeback:             0 kB
AnonPages:       6067180 kB
Mapped:           674100 kB
Shmem:            359764 kB
Slab:             357288 kB
SReclaimable:     276052 kB
SUnreclaim:        81236 kB
KernelStack:       15760 kB
PageTables:        75712 kB
NFS_Unstable:          0 kB
Bounce:                0 kB
WritebackTmp:          0 kB
CommitLimit:     8029368 kB
Committed_AS:   22416772 kB
VmallocTotal:   34359738367 kB
VmallocUsed:           0 kB
VmallocChunk:          0 kB
Percpu:             4736 kB
HardwareCorrupted:     0 kB
AnonHugePages:         0 kB
ShmemHugePages:        0 kB
ShmemPmdMapped:        0 kB
CmaTotal:              0 kB
CmaFree:               0 kB
HugePages_Total:       0
HugePages_Free:        0
HugePages_Rsvd:        0
HugePages_Surp:        0
Hugepagesize:       2048 kB
Hugetlb:               0 kB
DirectMap4k:      304976 kB
DirectMap2M:     8767488 kB
DirectMap1G:     7340032 kB

container (cgroup) information:
container_type: cgroupv1
cpu_cpuset_cpus: 0-11
cpu_memory_nodes: 0
active_processor_count: 12
cpu_quota: -1
cpu_period: 100000
cpu_shares: -1
memory_limit_in_bytes: -1
memory_and_swap_limit_in_bytes: -2
memory_soft_limit_in_bytes: -1
memory_usage_in_bytes: 8859668480
memory_max_usage_in_bytes: 0


CPU:total 12 (initial active 12) (6 cores per cpu, 2 threads per core) family 6 model 158 stepping 10, cmov, cx8, fxsr, mmx, sse, sse2, sse3, ssse3, sse4.1, sse4.2, popcnt, avx, avx2, aes, clmul, erms, 3dnowpref, lzcnt, ht, tsc, tscinvbit, bmi1, bmi2, adx, fma
CPU Model and flags from /proc/cpuinfo:
model name	: Intel(R) Core(TM) i7-8750H CPU @ 2.20GHz
flags		: fpu vme de pse tsc msr pae mce cx8 apic sep mtrr pge mca cmov pat pse36 clflush dts acpi mmx fxsr sse sse2 ss ht tm pbe syscall nx pdpe1gb rdtscp lm constant_tsc art arch_perfmon pebs bts rep_good nopl xtopology nonstop_tsc cpuid aperfmperf tsc_known_freq pni pclmulqdq dtes64 monitor ds_cpl vmx est tm2 ssse3 sdbg fma cx16 xtpr pdcm pcid sse4_1 sse4_2 x2apic movbe popcnt tsc_deadline_timer aes xsave avx f16c rdrand lahf_lm abm 3dnowprefetch cpuid_fault epb invpcid_single pti ssbd ibrs ibpb stibp tpr_shadow vnmi flexpriority ept vpid ept_ad fsgsbase tsc_adjust bmi1 avx2 smep bmi2 erms invpcid mpx rdseed adx smap clflushopt intel_pt xsaveopt xsavec xgetbv1 xsaves dtherm ida arat pln pts hwp hwp_notify hwp_act_window hwp_epp flush_l1d

Memory: 4k page, physical 16058740k(6829448k free), swap 0k(0k free)

vm_info: OpenJDK 64-Bit Server VM (10.0.2+13-Ubuntu-1ubuntu0.18.04.4) for linux-amd64 JRE (10.0.2+13-Ubuntu-1ubuntu0.18.04.4), built on Nov 13 2018 12:53:39 by "buildd" with gcc 7.3.0

END.
