#
# There is insufficient memory for the Java Runtime Environment to continue.
# Native memory allocation (mmap) failed to map 5637144576 bytes for committing reserved memory.
# Possible reasons:
#   The system is out of physical RAM or swap space
# Possible solutions:
#   Reduce memory load on the system
#   Increase physical memory or swap space
#   Check if swap backing store is full
#   Decrease Java heap size (-Xmx/-Xms)
#   Decrease number of Java threads
#   Decrease Java thread stack sizes (-Xss)
#   Set larger code cache with -XX:ReservedCodeCacheSize=
# This output file may be truncated or incomplete.
#
#  Out of Memory Error (os_linux.cpp:2706), pid=4756, tid=4783
#
# JRE version: OpenJDK Runtime Environment (10.0.2+13) (build 10.0.2+13-Ubuntu-1ubuntu0.18.04.3)
# Java VM: OpenJDK 64-Bit Server VM (10.0.2+13-Ubuntu-1ubuntu0.18.04.3, mixed mode, tiered, g1 gc, linux-amd64)
# Core dump will be written. Default location: Core dumps may be processed with "/usr/share/apport/apport %p %s %c %d %P" (or dumping to /home/william/Documents/phd/check_game/core.4756)
#

---------------  S U M M A R Y ------------

Command Line: -Xmx100g -Xss4M -Djava.awt.headless=true -Djava.library.path=/usr/local/prism-games-2.0.beta3-linux64/lib:/ppl prism.PrismCL -cuddmaxmem 100g -javamaxmem 100g smgKAKW_mul.prism smg_props.props -prop 1 -s -exportadvmdp tmp.tra -exportstates tmp.sta

Host: Intel(R) Core(TM) i7-8750H CPU @ 2.20GHz, 12 cores, 15G, Ubuntu 18.04.1 LTS
Time: Thu Nov 29 12:47:36 2018 GMT elapsed time: 2 seconds (0d 0h 0m 2s)

---------------  T H R E A D  ---------------

Current thread (0x00007f78cc13d000):  VMThread "VM Thread" [stack: 0x00007f5e5f700000,0x00007f5e5f800000] [id=4783]

Stack: [0x00007f5e5f700000,0x00007f5e5f800000],  sp=0x00007f5e5f7fe0a0,  free space=1016k
Native frames: (J=compiled Java code, A=aot compiled Java code, j=interpreted, Vv=VM code, C=native code)
V  [libjvm.so+0xd27ea4]
V  [libjvm.so+0xd28a4b]
V  [libjvm.so+0x64d415]
V  [libjvm.so+0xb2d7c8]
V  [libjvm.so+0xb2601d]
V  [libjvm.so+0x7662ff]
V  [libjvm.so+0x76653e]
V  [libjvm.so+0x769500]
V  [libjvm.so+0x7efa1c]
V  [libjvm.so+0x7f06df]
V  [libjvm.so+0x7f0b59]
V  [libjvm.so+0x7162cf]
V  [libjvm.so+0x71a3ba]
V  [libjvm.so+0xd3a008]
V  [libjvm.so+0xd38871]
V  [libjvm.so+0xd35b3b]
V  [libjvm.so+0xd3715e]
V  [libjvm.so+0xd37588]
V  [libjvm.so+0xb33d40]

VM_Operation (0x00007f78d1f52ed0): G1IncCollectionPause, mode: safepoint, requested by thread 0x00007f78cc012000


---------------  P R O C E S S  ---------------

Threads class SMR info:
_java_thread_list=0x00007f5e20000e10, length=13, elements={
0x00007f78cc012000, 0x00007f78cc146800, 0x00007f78cc148800, 0x00007f78cc152000,
0x00007f78cc15c800, 0x00007f78cc15e800, 0x00007f78cc160800, 0x00007f78cc162800,
0x00007f78cc164800, 0x00007f78cc218800, 0x00007f78cc231800, 0x00007f78cc621000,
0x00007f78cc63d000
}

Java Threads: ( => current thread )
  0x00007f78cc012000 JavaThread "main" [_thread_blocked, id=4757, stack(0x00007f78d1b54000,0x00007f78d1f55000)]
  0x00007f78cc146800 JavaThread "Reference Handler" daemon [_thread_blocked, id=4785, stack(0x00007f5e5f2fd000,0x00007f5e5f6fe000)]
  0x00007f78cc148800 JavaThread "Finalizer" daemon [_thread_blocked, id=4786, stack(0x00007f5e5eefc000,0x00007f5e5f2fd000)]
  0x00007f78cc152000 JavaThread "Signal Dispatcher" daemon [_thread_blocked, id=4787, stack(0x00007f5e5e12c000,0x00007f5e5e52d000)]
  0x00007f78cc15c800 JavaThread "C2 CompilerThread0" daemon [_thread_blocked, id=4788, stack(0x00007f5e5e02b000,0x00007f5e5e12c000)]
  0x00007f78cc15e800 JavaThread "C2 CompilerThread1" daemon [_thread_blocked, id=4789, stack(0x00007f5e5df2a000,0x00007f5e5e02b000)]
  0x00007f78cc160800 JavaThread "C2 CompilerThread2" daemon [_thread_blocked, id=4790, stack(0x00007f5e5de29000,0x00007f5e5df2a000)]
  0x00007f78cc162800 JavaThread "C1 CompilerThread3" daemon [_thread_blocked, id=4791, stack(0x00007f5e5dd28000,0x00007f5e5de29000)]
  0x00007f78cc164800 JavaThread "Sweeper thread" daemon [_thread_blocked, id=4792, stack(0x00007f5e5d927000,0x00007f5e5dd28000)]
  0x00007f78cc218800 JavaThread "Service Thread" daemon [_thread_blocked, id=4793, stack(0x00007f5e5d526000,0x00007f5e5d927000)]
  0x00007f78cc231800 JavaThread "Common-Cleaner" daemon [_thread_blocked, id=4795, stack(0x00007f5e5d023000,0x00007f5e5d424000)]
  0x00007f78cc621000 JavaThread "Image Fetcher 0" daemon [_thread_blocked, id=4798, stack(0x00007f5e2b1fd000,0x00007f5e2b5fe000)]
  0x00007f78cc63d000 JavaThread "Java2D Disposer" daemon [_thread_blocked, id=4799, stack(0x00007f5e2a47e000,0x00007f5e2a87f000)]

Other Threads:
=>0x00007f78cc13d000 VMThread "VM Thread" [stack: 0x00007f5e5f700000,0x00007f5e5f800000] [id=4783]
  0x00007f78cc21b000 WatcherThread [stack: 0x00007f5e5d426000,0x00007f5e5d526000] [id=4794]
  0x00007f78cc029800 GCTaskThread "GC Thread#0" [stack: 0x00007f78d07bf000,0x00007f78d08bf000] [id=4758]
  0x00007f78cc02a800 GCTaskThread "GC Thread#1" [stack: 0x00007f78d06bd000,0x00007f78d07bd000] [id=4759]
  0x00007f78cc02c800 GCTaskThread "GC Thread#2" [stack: 0x00007f78d05bb000,0x00007f78d06bb000] [id=4760]
  0x00007f78cc02e000 GCTaskThread "GC Thread#3" [stack: 0x00007f78d04b9000,0x00007f78d05b9000] [id=4761]
  0x00007f78cc030000 GCTaskThread "GC Thread#4" [stack: 0x00007f78d03b7000,0x00007f78d04b7000] [id=4762]
  0x00007f78cc031800 GCTaskThread "GC Thread#5" [stack: 0x00007f78d02b5000,0x00007f78d03b5000] [id=4763]
  0x00007f78cc033000 GCTaskThread "GC Thread#6" [stack: 0x00007f78d01b3000,0x00007f78d02b3000] [id=4764]
  0x00007f78cc035000 GCTaskThread "GC Thread#7" [stack: 0x00007f78d00b1000,0x00007f78d01b1000] [id=4765]
  0x00007f78cc036800 GCTaskThread "GC Thread#8" [stack: 0x00007f78b3a25000,0x00007f78b3b25000] [id=4766]
  0x00007f78cc038800 GCTaskThread "GC Thread#9" [stack: 0x00007f78b3923000,0x00007f78b3a23000] [id=4767]
  0x00007f78cc093800 ConcurrentGCThread "G1 Main Marker" [stack: 0x00007f78b1121000,0x00007f78b1221000] [id=4768]
  0x00007f78cc095000 ConcurrentGCThread "G1 Conc#0" [stack: 0x00007f78b101f000,0x00007f78b111f000] [id=4769]
  0x00007f78cc097000 ConcurrentGCThread "G1 Conc#1" [stack: 0x00007f78b0f1d000,0x00007f78b101d000] [id=4770]
  0x00007f78cc098800 ConcurrentGCThread "G1 Conc#2" [stack: 0x00007f78b0e1b000,0x00007f78b0f1b000] [id=4771]
  0x00007f78cc0c4000 ConcurrentGCThread "G1 Refine#0" [stack: 0x00007f78b030f000,0x00007f78b040f000] [id=4772]
  0x00007f78cc0c5800 ConcurrentGCThread "G1 Refine#1" [stack: 0x00007f78b020d000,0x00007f78b030d000] [id=4773]
  0x00007f78cc0c7800 ConcurrentGCThread "G1 Refine#2" [stack: 0x00007f78b010b000,0x00007f78b020b000] [id=4774]
  0x00007f78cc0c9000 ConcurrentGCThread "G1 Refine#3" [stack: 0x00007f78b0009000,0x00007f78b0109000] [id=4775]
  0x00007f78cc0cb000 ConcurrentGCThread "G1 Refine#4" [stack: 0x00007f5e94700000,0x00007f5e94800000] [id=4776]
  0x00007f78cc0cc800 ConcurrentGCThread "G1 Refine#5" [stack: 0x00007f5e945fe000,0x00007f5e946fe000] [id=4777]
  0x00007f78cc0ce800 ConcurrentGCThread "G1 Refine#6" [stack: 0x00007f5e944fc000,0x00007f5e945fc000] [id=4778]
  0x00007f78cc0d0000 ConcurrentGCThread "G1 Refine#7" [stack: 0x00007f5e943fa000,0x00007f5e944fa000] [id=4779]
  0x00007f78cc0d2000 ConcurrentGCThread "G1 Refine#8" [stack: 0x00007f5e942f8000,0x00007f5e943f8000] [id=4780]
  0x00007f78cc0d3800 ConcurrentGCThread "G1 Refine#9" [stack: 0x00007f5e941f6000,0x00007f5e942f6000] [id=4781]
  0x00007f78cc0d5800 ConcurrentGCThread "G1 Young RemSet Sampling" [stack: 0x00007f5e940f4000,0x00007f5e941f4000] [id=4782]

Threads with active compile tasks:

VM state:at safepoint (normal execution)

VM Mutex/Monitor currently owned by a thread:  ([mutex/lock_event])
[0x00007f78cc00e910] Threads_lock - owner thread: 0x00007f78cc13d000
[0x00007f78cc00eeb0] Heap_lock - owner thread: 0x00007f78cc012000

Heap:
 garbage-first heap   total 8257536K, used 1273108K [0x00007f5f84000000, 0x00007f7884000000)
  region size 16384K, 1 young (16384K), 1 survivors (16384K)
 Metaspace       used 19344K, capacity 19585K, committed 19712K, reserved 20480K
Heap Regions: E=young(eden), S=young(survivor), O=old, HS=humongous(starts), HC=humongous(continues), CS=collection set, F=free, A=archive, TS=gc time stamp, AC=allocation context, TAMS=top-at-mark-start (previous, next)
|   0|0x00007f5f84000000, 0x00007f5f85000000, 0x00007f5f85000000|100%| O|  |TS  0|AC  0|TAMS 0x00007f5f85000000, 0x00007f5f85000000|
|   1|0x00007f5f85000000, 0x00007f5f86000000, 0x00007f5f86000000|100%| O|  |TS  0|AC  0|TAMS 0x00007f5f86000000, 0x00007f5f86000000|
|   2|0x00007f5f86000000, 0x00007f5f87000000, 0x00007f5f87000000|100%| O|  |TS  0|AC  0|TAMS 0x00007f5f87000000, 0x00007f5f87000000|
|   3|0x00007f5f87000000, 0x00007f5f88000000, 0x00007f5f88000000|100%| O|  |TS  0|AC  0|TAMS 0x00007f5f88000000, 0x00007f5f88000000|
|   4|0x00007f5f88000000, 0x00007f5f89000000, 0x00007f5f89000000|100%| O|  |TS  0|AC  0|TAMS 0x00007f5f89000000, 0x00007f5f89000000|
|   5|0x00007f5f89000000, 0x00007f5f8a000000, 0x00007f5f8a000000|100%| O|  |TS  0|AC  0|TAMS 0x00007f5f8a000000, 0x00007f5f8a000000|
|   6|0x00007f5f8a000000, 0x00007f5f8b000000, 0x00007f5f8b000000|100%| O|  |TS  0|AC  0|TAMS 0x00007f5f8b000000, 0x00007f5f8b000000|
|   7|0x00007f5f8b000000, 0x00007f5f8c000000, 0x00007f5f8c000000|100%| O|  |TS  1|AC  0|TAMS 0x00007f5f8b000000, 0x00007f5f8b000000|
|   8|0x00007f5f8c000000, 0x00007f5f8d000000, 0x00007f5f8d000000|100%| O|  |TS  0|AC  0|TAMS 0x00007f5f8d000000, 0x00007f5f8d000000|
|   9|0x00007f5f8d000000, 0x00007f5f8e000000, 0x00007f5f8e000000|100%| O|  |TS  0|AC  0|TAMS 0x00007f5f8e000000, 0x00007f5f8e000000|
|  10|0x00007f5f8e000000, 0x00007f5f8f000000, 0x00007f5f8f000000|100%| O|  |TS  0|AC  0|TAMS 0x00007f5f8f000000, 0x00007f5f8f000000|
|  11|0x00007f5f8f000000, 0x00007f5f90000000, 0x00007f5f90000000|100%| O|  |TS  1|AC  0|TAMS 0x00007f5f8f000000, 0x00007f5f8f000000|
|  12|0x00007f5f90000000, 0x00007f5f91000000, 0x00007f5f91000000|100%| O|  |TS  0|AC  0|TAMS 0x00007f5f91000000, 0x00007f5f91000000|
|  13|0x00007f5f91000000, 0x00007f5f92000000, 0x00007f5f92000000|100%| O|  |TS  0|AC  0|TAMS 0x00007f5f92000000, 0x00007f5f92000000|
|  14|0x00007f5f92000000, 0x00007f5f93000000, 0x00007f5f93000000|100%| O|  |TS  0|AC  0|TAMS 0x00007f5f93000000, 0x00007f5f93000000|
|  15|0x00007f5f93000000, 0x00007f5f94000000, 0x00007f5f94000000|100%| O|  |TS  0|AC  0|TAMS 0x00007f5f94000000, 0x00007f5f94000000|
|  16|0x00007f5f94000000, 0x00007f5f95000000, 0x00007f5f95000000|100%|HS|  |TS  0|AC  0|TAMS 0x00007f5f95000000, 0x00007f5f95000000|
|  17|0x00007f5f95000000, 0x00007f5f96000000, 0x00007f5f96000000|100%|HC|  |TS  0|AC  0|TAMS 0x00007f5f96000000, 0x00007f5f96000000|
|  18|0x00007f5f96000000, 0x00007f5f97000000, 0x00007f5f97000000|100%| O|  |TS  0|AC  0|TAMS 0x00007f5f97000000, 0x00007f5f97000000|
|  19|0x00007f5f97000000, 0x00007f5f98000000, 0x00007f5f98000000|100%| O|  |TS  0|AC  0|TAMS 0x00007f5f98000000, 0x00007f5f98000000|
|  20|0x00007f5f98000000, 0x00007f5f99000000, 0x00007f5f99000000|100%| O|  |TS  0|AC  0|TAMS 0x00007f5f99000000, 0x00007f5f99000000|
|  21|0x00007f5f99000000, 0x00007f5f9a000000, 0x00007f5f9a000000|100%| O|  |TS  0|AC  0|TAMS 0x00007f5f9a000000, 0x00007f5f9a000000|
|  22|0x00007f5f9a000000, 0x00007f5f9b000000, 0x00007f5f9b000000|100%| O|  |TS  0|AC  0|TAMS 0x00007f5f9b000000, 0x00007f5f9b000000|
|  23|0x00007f5f9b000000, 0x00007f5f9c000000, 0x00007f5f9c000000|100%| O|  |TS  0|AC  0|TAMS 0x00007f5f9c000000, 0x00007f5f9c000000|
|  24|0x00007f5f9c000000, 0x00007f5f9d000000, 0x00007f5f9d000000|100%| O|  |TS  0|AC  0|TAMS 0x00007f5f9d000000, 0x00007f5f9d000000|
|  25|0x00007f5f9d000000, 0x00007f5f9e000000, 0x00007f5f9e000000|100%| O|  |TS  0|AC  0|TAMS 0x00007f5f9e000000, 0x00007f5f9e000000|
|  26|0x00007f5f9e000000, 0x00007f5f9f000000, 0x00007f5f9f000000|100%| O|  |TS  0|AC  0|TAMS 0x00007f5f9e36d800, 0x00007f5f9e36d800|
|  27|0x00007f5f9f000000, 0x00007f5fa0000000, 0x00007f5fa0000000|100%|HS|  |TS  0|AC  0|TAMS 0x00007f5f9f000000, 0x00007f5f9f000000|
|  28|0x00007f5fa0000000, 0x00007f5fa1000000, 0x00007f5fa1000000|100%|HC|  |TS  0|AC  0|TAMS 0x00007f5fa0000000, 0x00007f5fa0000000|
|  29|0x00007f5fa1000000, 0x00007f5fa2000000, 0x00007f5fa2000000|100%| O|  |TS  0|AC  0|TAMS 0x00007f5fa1000000, 0x00007f5fa1000000|
|  30|0x00007f5fa2000000, 0x00007f5fa3000000, 0x00007f5fa3000000|100%| O|  |TS  0|AC  0|TAMS 0x00007f5fa2000000, 0x00007f5fa2000000|
|  31|0x00007f5fa3000000, 0x00007f5fa4000000, 0x00007f5fa4000000|100%| O|  |TS  0|AC  0|TAMS 0x00007f5fa3000000, 0x00007f5fa3000000|
|  32|0x00007f5fa4000000, 0x00007f5fa5000000, 0x00007f5fa5000000|100%| O|  |TS  0|AC  0|TAMS 0x00007f5fa4000000, 0x00007f5fa4000000|
|  33|0x00007f5fa5000000, 0x00007f5fa6000000, 0x00007f5fa6000000|100%| O|  |TS  0|AC  0|TAMS 0x00007f5fa5000000, 0x00007f5fa5000000|
|  34|0x00007f5fa6000000, 0x00007f5fa7000000, 0x00007f5fa7000000|100%| O|  |TS  0|AC  0|TAMS 0x00007f5fa6000000, 0x00007f5fa6000000|
|  35|0x00007f5fa7000000, 0x00007f5fa8000000, 0x00007f5fa8000000|100%| O|  |TS  0|AC  0|TAMS 0x00007f5fa7000000, 0x00007f5fa7000000|
|  36|0x00007f5fa8000000, 0x00007f5fa9000000, 0x00007f5fa9000000|100%| O|  |TS  0|AC  0|TAMS 0x00007f5fa8000000, 0x00007f5fa8000000|
|  37|0x00007f5fa9000000, 0x00007f5faa000000, 0x00007f5faa000000|100%| O|  |TS  0|AC  0|TAMS 0x00007f5fa9000000, 0x00007f5fa9000000|
|  38|0x00007f5faa000000, 0x00007f5fab000000, 0x00007f5fab000000|100%| O|  |TS  0|AC  0|TAMS 0x00007f5faa000000, 0x00007f5faa000000|
|  39|0x00007f5fab000000, 0x00007f5fac000000, 0x00007f5fac000000|100%| O|  |TS  1|AC  0|TAMS 0x00007f5fab000000, 0x00007f5fab000000|
|  40|0x00007f5fac000000, 0x00007f5fad000000, 0x00007f5fad000000|100%|HS|  |TS  0|AC  0|TAMS 0x00007f5fac000000, 0x00007f5fac000000|
|  41|0x00007f5fad000000, 0x00007f5fae000000, 0x00007f5fae000000|100%|HC|  |TS  0|AC  0|TAMS 0x00007f5fad000000, 0x00007f5fad000000|
|  42|0x00007f5fae000000, 0x00007f5faf000000, 0x00007f5faf000000|100%|HC|  |TS  0|AC  0|TAMS 0x00007f5fae000000, 0x00007f5fae000000|
|  43|0x00007f5faf000000, 0x00007f5fb0000000, 0x00007f5fb0000000|100%| O|  |TS  1|AC  0|TAMS 0x00007f5faf000000, 0x00007f5faf000000|
|  44|0x00007f5fb0000000, 0x00007f5fb1000000, 0x00007f5fb1000000|100%| O|  |TS  1|AC  0|TAMS 0x00007f5fb0000000, 0x00007f5fb0000000|
|  45|0x00007f5fb1000000, 0x00007f5fb2000000, 0x00007f5fb2000000|100%| O|  |TS  1|AC  0|TAMS 0x00007f5fb1000000, 0x00007f5fb1000000|
|  46|0x00007f5fb2000000, 0x00007f5fb3000000, 0x00007f5fb3000000|100%| O|  |TS  1|AC  0|TAMS 0x00007f5fb2000000, 0x00007f5fb2000000|
|  47|0x00007f5fb3000000, 0x00007f5fb4000000, 0x00007f5fb4000000|100%| O|  |TS  1|AC  0|TAMS 0x00007f5fb3000000, 0x00007f5fb3000000|
|  48|0x00007f5fb4000000, 0x00007f5fb5000000, 0x00007f5fb5000000|100%| O|  |TS  1|AC  0|TAMS 0x00007f5fb4000000, 0x00007f5fb4000000|
|  49|0x00007f5fb5000000, 0x00007f5fb6000000, 0x00007f5fb6000000|100%| O|  |TS  2|AC  0|TAMS 0x00007f5fb5000000, 0x00007f5fb5000000|
|  50|0x00007f5fb6000000, 0x00007f5fb7000000, 0x00007f5fb7000000|100%|HS|  |TS  0|AC  0|TAMS 0x00007f5fb6000000, 0x00007f5fb6000000|
|  51|0x00007f5fb7000000, 0x00007f5fb8000000, 0x00007f5fb8000000|100%|HC|  |TS  1|AC  0|TAMS 0x00007f5fb7000000, 0x00007f5fb7000000|
|  52|0x00007f5fb8000000, 0x00007f5fb9000000, 0x00007f5fb9000000|100%|HC|  |TS  0|AC  0|TAMS 0x00007f5fb8000000, 0x00007f5fb8000000|
|  53|0x00007f5fb9000000, 0x00007f5fba000000, 0x00007f5fba000000|100%|HC|  |TS  0|AC  0|TAMS 0x00007f5fb9000000, 0x00007f5fb9000000|
|  54|0x00007f5fba000000, 0x00007f5fbb000000, 0x00007f5fbb000000|100%|HC|  |TS  0|AC  0|TAMS 0x00007f5fba000000, 0x00007f5fba000000|
|  55|0x00007f5fbb000000, 0x00007f5fbc000000, 0x00007f5fbc000000|100%| O|  |TS  2|AC  0|TAMS 0x00007f5fbb000000, 0x00007f5fbb000000|
|  56|0x00007f5fbc000000, 0x00007f5fbd000000, 0x00007f5fbd000000|100%| O|  |TS  2|AC  0|TAMS 0x00007f5fbc000000, 0x00007f5fbc000000|
|  57|0x00007f5fbd000000, 0x00007f5fbe000000, 0x00007f5fbe000000|100%| O|  |TS  2|AC  0|TAMS 0x00007f5fbd000000, 0x00007f5fbd000000|
|  58|0x00007f5fbe000000, 0x00007f5fbf000000, 0x00007f5fbf000000|100%| O|  |TS  2|AC  0|TAMS 0x00007f5fbe000000, 0x00007f5fbe000000|
|  59|0x00007f5fbf000000, 0x00007f5fc0000000, 0x00007f5fc0000000|100%| O|  |TS  2|AC  0|TAMS 0x00007f5fbf000000, 0x00007f5fbf000000|
|  60|0x00007f5fc0000000, 0x00007f5fc1000000, 0x00007f5fc1000000|100%| O|  |TS  2|AC  0|TAMS 0x00007f5fc0000000, 0x00007f5fc0000000|
|  61|0x00007f5fc1000000, 0x00007f5fc2000000, 0x00007f5fc2000000|100%| O|  |TS  2|AC  0|TAMS 0x00007f5fc1000000, 0x00007f5fc1000000|
|  62|0x00007f5fc2000000, 0x00007f5fc3000000, 0x00007f5fc3000000|100%| O|  |TS  2|AC  0|TAMS 0x00007f5fc2000000, 0x00007f5fc2000000|
|  63|0x00007f5fc3000000, 0x00007f5fc4000000, 0x00007f5fc4000000|100%| O|  |TS  2|AC  0|TAMS 0x00007f5fc3000000, 0x00007f5fc3000000|
|  64|0x00007f5fc4000000, 0x00007f5fc5000000, 0x00007f5fc5000000|100%| O|  |TS  2|AC  0|TAMS 0x00007f5fc4000000, 0x00007f5fc4000000|
|  65|0x00007f5fc5000000, 0x00007f5fc6000000, 0x00007f5fc6000000|100%| O|  |TS  2|AC  0|TAMS 0x00007f5fc5000000, 0x00007f5fc5000000|
|  66|0x00007f5fc6000000, 0x00007f5fc7000000, 0x00007f5fc7000000|100%| O|  |TS  2|AC  0|TAMS 0x00007f5fc6000000, 0x00007f5fc6000000|
|  67|0x00007f5fc7000000, 0x00007f5fc8000000, 0x00007f5fc8000000|100%| O|  |TS  2|AC  0|TAMS 0x00007f5fc7000000, 0x00007f5fc7000000|
|  68|0x00007f5fc8000000, 0x00007f5fc9000000, 0x00007f5fc9000000|100%| O|  |TS  3|AC  0|TAMS 0x00007f5fc8000000, 0x00007f5fc8000000|
|  69|0x00007f5fc9000000, 0x00007f5fca000000, 0x00007f5fca000000|100%| O|  |TS  3|AC  0|TAMS 0x00007f5fc9000000, 0x00007f5fc9000000|
|  70|0x00007f5fca000000, 0x00007f5fcb000000, 0x00007f5fcb000000|100%| O|  |TS  3|AC  0|TAMS 0x00007f5fca000000, 0x00007f5fca000000|
|  71|0x00007f5fcb000000, 0x00007f5fcc000000, 0x00007f5fcc000000|100%| O|  |TS  3|AC  0|TAMS 0x00007f5fcb000000, 0x00007f5fcb000000|
|  72|0x00007f5fcc000000, 0x00007f5fcd000000, 0x00007f5fcd000000|100%| O|  |TS  3|AC  0|TAMS 0x00007f5fcc000000, 0x00007f5fcc000000|
|  73|0x00007f5fcd000000, 0x00007f5fce000000, 0x00007f5fce000000|100%| O|  |TS  3|AC  0|TAMS 0x00007f5fcd000000, 0x00007f5fcd000000|
|  74|0x00007f5fce000000, 0x00007f5fcf000000, 0x00007f5fcf000000|100%| O|  |TS  4|AC  0|TAMS 0x00007f5fce000000, 0x00007f5fce000000|
|  75|0x00007f5fcf000000, 0x00007f5fd0000000, 0x00007f5fd0000000|100%| O|  |TS  4|AC  0|TAMS 0x00007f5fcf000000, 0x00007f5fcf000000|
|  76|0x00007f5fd0000000, 0x00007f5fd1000000, 0x00007f5fd1000000|100%| O|  |TS  4|AC  0|TAMS 0x00007f5fd0000000, 0x00007f5fd0000000|
|  77|0x00007f5fd1000000, 0x00007f5fd18bb000, 0x00007f5fd2000000| 54%| O|  |TS  4|AC  0|TAMS 0x00007f5fd1000000, 0x00007f5fd1000000|
|  78|0x00007f5fd2000000, 0x00007f5fd2000000, 0x00007f5fd3000000|  0%| F|  |TS  0|AC  0|TAMS 0x00007f5fd2000000, 0x00007f5fd2000000|
|  79|0x00007f5fd3000000, 0x00007f5fd3000000, 0x00007f5fd4000000|  0%| F|  |TS  0|AC  0|TAMS 0x00007f5fd3000000, 0x00007f5fd3000000|
|  80|0x00007f5fd4000000, 0x00007f5fd4000000, 0x00007f5fd5000000|  0%| F|  |TS  0|AC  0|TAMS 0x00007f5fd4000000, 0x00007f5fd4000000|
|  81|0x00007f5fd5000000, 0x00007f5fd5000000, 0x00007f5fd6000000|  0%| F|  |TS  0|AC  0|TAMS 0x00007f5fd5000000, 0x00007f5fd5000000|
|  82|0x00007f5fd6000000, 0x00007f5fd6000000, 0x00007f5fd7000000|  0%| F|  |TS  0|AC  0|TAMS 0x00007f5fd6000000, 0x00007f5fd6000000|
|  83|0x00007f5fd7000000, 0x00007f5fd7000000, 0x00007f5fd8000000|  0%| F|  |TS  0|AC  0|TAMS 0x00007f5fd7000000, 0x00007f5fd7000000|
|  84|0x00007f5fd8000000, 0x00007f5fd8000000, 0x00007f5fd9000000|  0%| F|  |TS  0|AC  0|TAMS 0x00007f5fd8000000, 0x00007f5fd8000000|
|  85|0x00007f5fd9000000, 0x00007f5fd9000000, 0x00007f5fda000000|  0%| F|  |TS  0|AC  0|TAMS 0x00007f5fd9000000, 0x00007f5fd9000000|
|  86|0x00007f5fda000000, 0x00007f5fda000000, 0x00007f5fdb000000|  0%| F|  |TS  0|AC  0|TAMS 0x00007f5fda000000, 0x00007f5fda000000|
|  87|0x00007f5fdb000000, 0x00007f5fdb000000, 0x00007f5fdc000000|  0%| F|  |TS  0|AC  0|TAMS 0x00007f5fdb000000, 0x00007f5fdb000000|
|  88|0x00007f5fdc000000, 0x00007f5fdc000000, 0x00007f5fdd000000|  0%| F|  |TS  0|AC  0|TAMS 0x00007f5fdc000000, 0x00007f5fdc000000|
|  89|0x00007f5fdd000000, 0x00007f5fdd000000, 0x00007f5fde000000|  0%| F|  |TS  0|AC  0|TAMS 0x00007f5fdd000000, 0x00007f5fdd000000|
|  90|0x00007f5fde000000, 0x00007f5fde000000, 0x00007f5fdf000000|  0%| F|  |TS  0|AC  0|TAMS 0x00007f5fde000000, 0x00007f5fde000000|
|  91|0x00007f5fdf000000, 0x00007f5fdf000000, 0x00007f5fe0000000|  0%| F|  |TS  0|AC  0|TAMS 0x00007f5fdf000000, 0x00007f5fdf000000|
|  92|0x00007f5fe0000000, 0x00007f5fe0000000, 0x00007f5fe1000000|  0%| F|  |TS  0|AC  0|TAMS 0x00007f5fe0000000, 0x00007f5fe0000000|
|  93|0x00007f5fe1000000, 0x00007f5fe1000000, 0x00007f5fe2000000|  0%| F|  |TS  0|AC  0|TAMS 0x00007f5fe1000000, 0x00007f5fe1000000|
|  94|0x00007f5fe2000000, 0x00007f5fe2000000, 0x00007f5fe3000000|  0%| F|  |TS  0|AC  0|TAMS 0x00007f5fe2000000, 0x00007f5fe2000000|
|  95|0x00007f5fe3000000, 0x00007f5fe3000000, 0x00007f5fe4000000|  0%| F|  |TS  0|AC  0|TAMS 0x00007f5fe3000000, 0x00007f5fe3000000|
|  96|0x00007f5fe4000000, 0x00007f5fe4000000, 0x00007f5fe5000000|  0%| F|  |TS  0|AC  0|TAMS 0x00007f5fe4000000, 0x00007f5fe4000000|
|  97|0x00007f5fe5000000, 0x00007f5fe5000000, 0x00007f5fe6000000|  0%| F|  |TS  0|AC  0|TAMS 0x00007f5fe5000000, 0x00007f5fe5000000|
|  98|0x00007f5fe6000000, 0x00007f5fe6000000, 0x00007f5fe7000000|  0%| F|  |TS  0|AC  0|TAMS 0x00007f5fe6000000, 0x00007f5fe6000000|
|  99|0x00007f5fe7000000, 0x00007f5fe7000000, 0x00007f5fe8000000|  0%| F|  |TS  0|AC  0|TAMS 0x00007f5fe7000000, 0x00007f5fe7000000|
| 100|0x00007f5fe8000000, 0x00007f5fe8000000, 0x00007f5fe9000000|  0%| F|  |TS  0|AC  0|TAMS 0x00007f5fe8000000, 0x00007f5fe8000000|
| 101|0x00007f5fe9000000, 0x00007f5fe9000000, 0x00007f5fea000000|  0%| F|  |TS  0|AC  0|TAMS 0x00007f5fe9000000, 0x00007f5fe9000000|
| 102|0x00007f5fea000000, 0x00007f5fea000000, 0x00007f5feb000000|  0%| F|  |TS  0|AC  0|TAMS 0x00007f5fea000000, 0x00007f5fea000000|
| 103|0x00007f5feb000000, 0x00007f5feb000000, 0x00007f5fec000000|  0%| F|  |TS  0|AC  0|TAMS 0x00007f5feb000000, 0x00007f5feb000000|
| 104|0x00007f5fec000000, 0x00007f5fec000000, 0x00007f5fed000000|  0%| F|  |TS  0|AC  0|TAMS 0x00007f5fec000000, 0x00007f5fec000000|
| 105|0x00007f5fed000000, 0x00007f5fed000000, 0x00007f5fee000000|  0%| F|  |TS  0|AC  0|TAMS 0x00007f5fed000000, 0x00007f5fed000000|
| 106|0x00007f5fee000000, 0x00007f5fee000000, 0x00007f5fef000000|  0%| F|  |TS  0|AC  0|TAMS 0x00007f5fee000000, 0x00007f5fee000000|
| 107|0x00007f5fef000000, 0x00007f5fef000000, 0x00007f5ff0000000|  0%| F|  |TS  0|AC  0|TAMS 0x00007f5fef000000, 0x00007f5fef000000|
| 108|0x00007f5ff0000000, 0x00007f5ff0000000, 0x00007f5ff1000000|  0%| F|  |TS  0|AC  0|TAMS 0x00007f5ff0000000, 0x00007f5ff0000000|
| 109|0x00007f5ff1000000, 0x00007f5ff1000000, 0x00007f5ff2000000|  0%| F|  |TS  0|AC  0|TAMS 0x00007f5ff1000000, 0x00007f5ff1000000|
| 110|0x00007f5ff2000000, 0x00007f5ff2000000, 0x00007f5ff3000000|  0%| F|  |TS  0|AC  0|TAMS 0x00007f5ff2000000, 0x00007f5ff2000000|
| 111|0x00007f5ff3000000, 0x00007f5ff3000000, 0x00007f5ff4000000|  0%| F|  |TS  0|AC  0|TAMS 0x00007f5ff3000000, 0x00007f5ff3000000|
| 112|0x00007f5ff4000000, 0x00007f5ff4000000, 0x00007f5ff5000000|  0%| F|  |TS  0|AC  0|TAMS 0x00007f5ff4000000, 0x00007f5ff4000000|
| 113|0x00007f5ff5000000, 0x00007f5ff5000000, 0x00007f5ff6000000|  0%| F|  |TS  0|AC  0|TAMS 0x00007f5ff5000000, 0x00007f5ff5000000|
| 114|0x00007f5ff6000000, 0x00007f5ff6000000, 0x00007f5ff7000000|  0%| F|  |TS  0|AC  0|TAMS 0x00007f5ff6000000, 0x00007f5ff6000000|
| 115|0x00007f5ff7000000, 0x00007f5ff7000000, 0x00007f5ff8000000|  0%| F|  |TS  0|AC  0|TAMS 0x00007f5ff7000000, 0x00007f5ff7000000|
| 116|0x00007f5ff8000000, 0x00007f5ff8000000, 0x00007f5ff9000000|  0%| F|  |TS  0|AC  0|TAMS 0x00007f5ff8000000, 0x00007f5ff8000000|
| 117|0x00007f5ff9000000, 0x00007f5ff9000000, 0x00007f5ffa000000|  0%| F|  |TS  0|AC  0|TAMS 0x00007f5ff9000000, 0x00007f5ff9000000|
| 118|0x00007f5ffa000000, 0x00007f5ffa000000, 0x00007f5ffb000000|  0%| F|  |TS  0|AC  0|TAMS 0x00007f5ffa000000, 0x00007f5ffa000000|
| 119|0x00007f5ffb000000, 0x00007f5ffb000000, 0x00007f5ffc000000|  0%| F|  |TS  0|AC  0|TAMS 0x00007f5ffb000000, 0x00007f5ffb000000|
| 120|0x00007f5ffc000000, 0x00007f5ffc000000, 0x00007f5ffd000000|  0%| F|  |TS  0|AC  0|TAMS 0x00007f5ffc000000, 0x00007f5ffc000000|
| 121|0x00007f5ffd000000, 0x00007f5ffd000000, 0x00007f5ffe000000|  0%| F|  |TS  0|AC  0|TAMS 0x00007f5ffd000000, 0x00007f5ffd000000|
| 122|0x00007f5ffe000000, 0x00007f5ffe000000, 0x00007f5fff000000|  0%| F|  |TS  0|AC  0|TAMS 0x00007f5ffe000000, 0x00007f5ffe000000|
| 123|0x00007f5fff000000, 0x00007f5fff000000, 0x00007f6000000000|  0%| F|  |TS  0|AC  0|TAMS 0x00007f5fff000000, 0x00007f5fff000000|
| 124|0x00007f6000000000, 0x00007f6000000000, 0x00007f6001000000|  0%| F|  |TS  0|AC  0|TAMS 0x00007f6000000000, 0x00007f6000000000|
| 125|0x00007f6001000000, 0x00007f6001000000, 0x00007f6002000000|  0%| F|  |TS  0|AC  0|TAMS 0x00007f6001000000, 0x00007f6001000000|
| 126|0x00007f6002000000, 0x00007f6002000000, 0x00007f6003000000|  0%| F|  |TS  0|AC  0|TAMS 0x00007f6002000000, 0x00007f6002000000|
| 127|0x00007f6003000000, 0x00007f6003000000, 0x00007f6004000000|  0%| F|  |TS  0|AC  0|TAMS 0x00007f6003000000, 0x00007f6003000000|
| 128|0x00007f6004000000, 0x00007f6004000000, 0x00007f6005000000|  0%| F|  |TS  0|AC  0|TAMS 0x00007f6004000000, 0x00007f6004000000|
| 129|0x00007f6005000000, 0x00007f6005000000, 0x00007f6006000000|  0%| F|  |TS  0|AC  0|TAMS 0x00007f6005000000, 0x00007f6005000000|
| 130|0x00007f6006000000, 0x00007f6006000000, 0x00007f6007000000|  0%| F|  |TS  0|AC  0|TAMS 0x00007f6006000000, 0x00007f6006000000|
| 131|0x00007f6007000000, 0x00007f6007000000, 0x00007f6008000000|  0%| F|  |TS  0|AC  0|TAMS 0x00007f6007000000, 0x00007f6007000000|
| 132|0x00007f6008000000, 0x00007f6008000000, 0x00007f6009000000|  0%| F|  |TS  0|AC  0|TAMS 0x00007f6008000000, 0x00007f6008000000|
| 133|0x00007f6009000000, 0x00007f6009000000, 0x00007f600a000000|  0%| F|  |TS  0|AC  0|TAMS 0x00007f6009000000, 0x00007f6009000000|
| 134|0x00007f600a000000, 0x00007f600a000000, 0x00007f600b000000|  0%| F|  |TS  0|AC  0|TAMS 0x00007f600a000000, 0x00007f600a000000|
| 135|0x00007f600b000000, 0x00007f600b000000, 0x00007f600c000000|  0%| F|  |TS  0|AC  0|TAMS 0x00007f600b000000, 0x00007f600b000000|
| 136|0x00007f600c000000, 0x00007f600c000000, 0x00007f600d000000|  0%| F|  |TS  0|AC  0|TAMS 0x00007f600c000000, 0x00007f600c000000|
| 137|0x00007f600d000000, 0x00007f600d000000, 0x00007f600e000000|  0%| F|  |TS  0|AC  0|TAMS 0x00007f600d000000, 0x00007f600d000000|
| 138|0x00007f600e000000, 0x00007f600e000000, 0x00007f600f000000|  0%| F|  |TS  0|AC  0|TAMS 0x00007f600e000000, 0x00007f600e000000|
| 139|0x00007f600f000000, 0x00007f600f000000, 0x00007f6010000000|  0%| F|  |TS  0|AC  0|TAMS 0x00007f600f000000, 0x00007f600f000000|
| 140|0x00007f6010000000, 0x00007f6010000000, 0x00007f6011000000|  0%| F|  |TS  0|AC  0|TAMS 0x00007f6010000000, 0x00007f6010000000|
| 141|0x00007f6011000000, 0x00007f6011000000, 0x00007f6012000000|  0%| F|  |TS  0|AC  0|TAMS 0x00007f6011000000, 0x00007f6011000000|
| 142|0x00007f6012000000, 0x00007f6012000000, 0x00007f6013000000|  0%| F|  |TS  0|AC  0|TAMS 0x00007f6012000000, 0x00007f6012000000|
| 143|0x00007f6013000000, 0x00007f6013000000, 0x00007f6014000000|  0%| F|  |TS  0|AC  0|TAMS 0x00007f6013000000, 0x00007f6013000000|
| 144|0x00007f6014000000, 0x00007f6014000000, 0x00007f6015000000|  0%| F|  |TS  0|AC  0|TAMS 0x00007f6014000000, 0x00007f6014000000|
| 145|0x00007f6015000000, 0x00007f6015000000, 0x00007f6016000000|  0%| F|  |TS  0|AC  0|TAMS 0x00007f6015000000, 0x00007f6015000000|
| 146|0x00007f6016000000, 0x00007f6016000000, 0x00007f6017000000|  0%| F|  |TS  0|AC  0|TAMS 0x00007f6016000000, 0x00007f6016000000|
| 147|0x00007f6017000000, 0x00007f6017000000, 0x00007f6018000000|  0%| F|  |TS  0|AC  0|TAMS 0x00007f6017000000, 0x00007f6017000000|
| 148|0x00007f6018000000, 0x00007f6018000000, 0x00007f6019000000|  0%| F|  |TS  0|AC  0|TAMS 0x00007f6018000000, 0x00007f6018000000|
| 149|0x00007f6019000000, 0x00007f601928a280, 0x00007f601a000000| 15%| S|CS|TS  4|AC  0|TAMS 0x00007f6019000000, 0x00007f6019000000|
| 150|0x00007f601a000000, 0x00007f601a000000, 0x00007f601b000000|  0%| F|  |TS  4|AC  0|TAMS 0x00007f601a000000, 0x00007f601a000000|
| 151|0x00007f601b000000, 0x00007f601b000000, 0x00007f601c000000|  0%| F|  |TS  4|AC  0|TAMS 0x00007f601b000000, 0x00007f601b000000|
| 152|0x00007f601c000000, 0x00007f601c000000, 0x00007f601d000000|  0%| F|  |TS  4|AC  0|TAMS 0x00007f601c000000, 0x00007f601c000000|
| 153|0x00007f601d000000, 0x00007f601d000000, 0x00007f601e000000|  0%| F|  |TS  4|AC  0|TAMS 0x00007f601d000000, 0x00007f601d000000|
| 154|0x00007f601e000000, 0x00007f601e000000, 0x00007f601f000000|  0%| F|  |TS  4|AC  0|TAMS 0x00007f601e000000, 0x00007f601e000000|
| 155|0x00007f601f000000, 0x00007f601f000000, 0x00007f6020000000|  0%| F|  |TS  4|AC  0|TAMS 0x00007f601f000000, 0x00007f601f000000|
| 156|0x00007f6020000000, 0x00007f6020000000, 0x00007f6021000000|  0%| F|  |TS  4|AC  0|TAMS 0x00007f6020000000, 0x00007f6020000000|
| 157|0x00007f6021000000, 0x00007f6021000000, 0x00007f6022000000|  0%| F|  |TS  4|AC  0|TAMS 0x00007f6021000000, 0x00007f6021000000|
| 158|0x00007f6022000000, 0x00007f6022000000, 0x00007f6023000000|  0%| F|  |TS  4|AC  0|TAMS 0x00007f6022000000, 0x00007f6022000000|
| 159|0x00007f6023000000, 0x00007f6023000000, 0x00007f6024000000|  0%| F|  |TS  4|AC  0|TAMS 0x00007f6023000000, 0x00007f6023000000|
| 160|0x00007f6024000000, 0x00007f6024000000, 0x00007f6025000000|  0%| F|  |TS  4|AC  0|TAMS 0x00007f6024000000, 0x00007f6024000000|
| 161|0x00007f6025000000, 0x00007f6025000000, 0x00007f6026000000|  0%| F|  |TS  4|AC  0|TAMS 0x00007f6025000000, 0x00007f6025000000|
| 162|0x00007f6026000000, 0x00007f6026000000, 0x00007f6027000000|  0%| F|  |TS  4|AC  0|TAMS 0x00007f6026000000, 0x00007f6026000000|
| 163|0x00007f6027000000, 0x00007f6027000000, 0x00007f6028000000|  0%| F|  |TS  4|AC  0|TAMS 0x00007f6027000000, 0x00007f6027000000|
| 164|0x00007f6028000000, 0x00007f6028000000, 0x00007f6029000000|  0%| F|  |TS  4|AC  0|TAMS 0x00007f6028000000, 0x00007f6028000000|
| 165|0x00007f6029000000, 0x00007f6029000000, 0x00007f602a000000|  0%| F|  |TS  4|AC  0|TAMS 0x00007f6029000000, 0x00007f6029000000|
| 166|0x00007f602a000000, 0x00007f602a000000, 0x00007f602b000000|  0%| F|  |TS  4|AC  0|TAMS 0x00007f602a000000, 0x00007f602a000000|
| 167|0x00007f602b000000, 0x00007f602b000000, 0x00007f602c000000|  0%| F|  |TS  4|AC  0|TAMS 0x00007f602b000000, 0x00007f602b000000|

Card table byte_map: [0x00007f5f6b000000,0x00007f5f77800000] byte_map_base: 0x00007f1fbb3e0000

Marking Bits (Prev, Next): (CMBitMap*) 0x00007f78cc092a78, (CMBitMap*) 0x00007f78cc092a40
 Prev Bits: [0x00007f5e96800000, 0x00007f5efa800000)
 Next Bits: [0x00007f5efa800000, 0x00007f5f5e800000)

Polling page: 0x00007f78d49da000

CodeHeap 'non-profiled nmethods': size=120032Kb used=829Kb max_used=829Kb free=119202Kb
 bounds [0x00007f78bb5ed000, 0x00007f78bb85d000, 0x00007f78c2b25000]
CodeHeap 'profiled nmethods': size=120028Kb used=3789Kb max_used=3789Kb free=116238Kb
 bounds [0x00007f78b40b6000, 0x00007f78b4476000, 0x00007f78bb5ed000]
CodeHeap 'non-nmethods': size=5700Kb used=1224Kb max_used=1243Kb free=4475Kb
 bounds [0x00007f78b3b25000, 0x00007f78b3d95000, 0x00007f78b40b6000]
 total_blobs=2822 nmethods=1806 adapters=543
 compilation: enabled

Compilation events (10 events):
Event: 2.115 Thread 0x00007f78cc162800 1803       2       parser.ast.Expression::evaluateDouble (71 bytes)
Event: 2.115 Thread 0x00007f78cc160800 1804       4       parser.ast.ExpressionBinaryOp::evaluate (1023 bytes)
Event: 2.115 Thread 0x00007f78cc162800 nmethod 1803 0x00007f78b444ef90 code [0x00007f78b444f1a0, 0x00007f78b444f598]
Event: 2.115 Thread 0x00007f78cc162800 1805 %     3       explicit.ConstructModel::constructModel @ 532 (1822 bytes)
Event: 2.115 Thread 0x00007f78cc15c800 1806       4       parser.ast.Expression::evaluateDouble (71 bytes)
Event: 2.117 Thread 0x00007f78cc15c800 nmethod 1806 0x00007f78bb6b4610 code [0x00007f78bb6b47e0, 0x00007f78bb6b4a18]
Event: 2.127 Thread 0x00007f78cc162800 nmethod 1805% 0x00007f78b444f790 code [0x00007f78b4451220, 0x00007f78b44624c8]
Event: 2.152 Thread 0x00007f78cc15e800 1807 %     4       explicit.ConstructModel::constructModel @ 532 (1822 bytes)
Event: 2.153 Thread 0x00007f78cc160800 nmethod 1804 0x00007f78bb6b4c90 code [0x00007f78bb6b5420, 0x00007f78bb6b87d0]
Event: 2.163 Thread 0x00007f78cc15e800 nmethod 1807% 0x00007f78bb6bb010 code [0x00007f78bb6bb200, 0x00007f78bb6bbf88]

GC Heap History (10 events):
Event: 1.320 GC heap after
{Heap after GC invocations=12 (full 0):
 garbage-first heap   total 917504K, used 581160K [0x00007f5f84000000, 0x00007f7884000000)
  region size 16384K, 1 young (16384K), 1 survivors (16384K)
 Metaspace       used 19267K, capacity 19457K, committed 19712K, reserved 20480K
}
Event: 1.369 GC heap before
{Heap before GC invocations=12 (full 0):
 garbage-first heap   total 917504K, used 646696K [0x00007f5f84000000, 0x00007f7884000000)
  region size 16384K, 5 young (81920K), 1 survivors (16384K)
 Metaspace       used 19267K, capacity 19457K, committed 19712K, reserved 20480K
}
Event: 1.392 GC heap after
{Heap after GC invocations=13 (full 0):
 garbage-first heap   total 2752512K, used 658791K [0x00007f5f84000000, 0x00007f7884000000)
  region size 16384K, 1 young (16384K), 1 survivors (16384K)
 Metaspace       used 19267K, capacity 19457K, committed 19712K, reserved 20480K
}
Event: 1.566 GC heap before
{Heap before GC invocations=14 (full 0):
 garbage-first heap   total 2752512K, used 839015K [0x00007f5f84000000, 0x00007f7884000000)
  region size 16384K, 11 young (180224K), 1 survivors (16384K)
 Metaspace       used 19267K, capacity 19457K, committed 19712K, reserved 20480K
}
Event: 1.622 GC heap after
{Heap after GC invocations=15 (full 0):
 garbage-first heap   total 2752512K, used 846874K [0x00007f5f84000000, 0x00007f7884000000)
  region size 16384K, 2 young (32768K), 2 survivors (32768K)
 Metaspace       used 19267K, capacity 19457K, committed 19712K, reserved 20480K
}
Event: 1.770 GC heap before
{Heap before GC invocations=15 (full 0):
 garbage-first heap   total 2752512K, used 1141786K [0x00007f5f84000000, 0x00007f7884000000)
  region size 16384K, 15 young (245760K), 2 survivors (32768K)
 Metaspace       used 19267K, capacity 19457K, committed 19712K, reserved 20480K
}
Event: 1.857 GC heap after
{Heap after GC invocations=16 (full 0):
 garbage-first heap   total 2752512K, used 1152008K [0x00007f5f84000000, 0x00007f7884000000)
  region size 16384K, 2 young (32768K), 2 survivors (32768K)
 Metaspace       used 19267K, capacity 19457K, committed 19712K, reserved 20480K
}
Event: 2.013 GC heap before
{Heap before GC invocations=16 (full 0):
 garbage-first heap   total 2752512K, used 1365000K [0x00007f5f84000000, 0x00007f7884000000)
  region size 16384K, 15 young (245760K), 2 survivors (32768K)
 Metaspace       used 19344K, capacity 19585K, committed 19712K, reserved 20480K
}
Event: 2.051 GC heap after
{Heap after GC invocations=17 (full 0):
 garbage-first heap   total 2752512K, used 1256690K [0x00007f5f84000000, 0x00007f7884000000)
  region size 16384K, 2 young (32768K), 2 survivors (32768K)
 Metaspace       used 19344K, capacity 19585K, committed 19712K, reserved 20480K
}
Event: 2.167 GC heap before
{Heap before GC invocations=17 (full 0):
 garbage-first heap   total 2752512K, used 1518834K [0x00007f5f84000000, 0x00007f7884000000)
  region size 16384K, 18 young (294912K), 2 survivors (32768K)
 Metaspace       used 19344K, capacity 19585K, committed 19712K, reserved 20480K
}

Deoptimization events (10 events):
Event: 0.439 Thread 0x00007f78cc012000 Uncommon trap: reason=unstable_if action=reinterpret pc=0x00007f78bb5f43e8 method=java.lang.String.isLatin1()Z @ 10 c2
Event: 0.440 Thread 0x00007f78cc012000 Uncommon trap: reason=unstable_if action=reinterpret pc=0x00007f78bb619628 method=jdk.internal.org.objectweb.asm.Type.getArgumentsAndReturnSizes(Ljava/lang/String;)I @ 88 c2
Event: 0.851 Thread 0x00007f78cc012000 Uncommon trap: reason=unstable_if action=reinterpret pc=0x00007f78bb69cb10 method=parser.VarList.getAllStates()Ljava/util/List; @ 173 c2
Event: 0.963 Thread 0x00007f78cc012000 Uncommon trap: reason=unstable_if action=reinterpret pc=0x00007f78bb6a1628 method=parser.VarList.getAllStates()Ljava/util/List; @ 67 c2
Event: 1.952 Thread 0x00007f78cc012000 Uncommon trap: reason=unstable_if action=reinterpret pc=0x00007f78bb6a9a60 method=parser.ast.ExpressionBinaryOp.evaluate(Lparser/EvaluateContext;)Ljava/lang/Object; @ 155 c2
Event: 2.110 Thread 0x00007f78cc012000 Uncommon trap: reason=unstable_if action=reinterpret pc=0x00007f78bb6afcd8 method=parser.ast.Expression.evaluateDouble(Lparser/EvaluateContext;)D @ 51 c2
Event: 2.110 Thread 0x00007f78cc012000 Uncommon trap: reason=speculate_class_check action=maybe_recompile pc=0x00007f78bb6afd08 method=parser.ast.Expression.evaluateBoolean(Lparser/EvaluateContext;)Z @ 2 c2
Event: 2.110 Thread 0x00007f78cc012000 Uncommon trap: reason=unstable_if action=reinterpret pc=0x00007f78bb6a6560 method=parser.ast.Expression.evaluateDouble(Lparser/EvaluateContext;)D @ 51 c2
Event: 2.110 Thread 0x00007f78cc012000 Uncommon trap: reason=speculate_class_check action=maybe_recompile pc=0x00007f78bb6afd08 method=parser.ast.Expression.evaluateBoolean(Lparser/EvaluateContext;)Z @ 2 c2
Event: 2.110 Thread 0x00007f78cc012000 Uncommon trap: reason=unstable_if action=reinterpret pc=0x00007f78bb6b3c2c method=explicit.ConstructModel.constructModel(Lparser/ast/ModulesFile;ZZZZ[Z)Lexplicit/Model; @ 565 c2

Classes redefined (0 events):
No events

Internal exceptions (10 events):
Event: 0.345 Thread 0x00007f78cc012000 Exception <a 'java/lang/NoSuchMethodError'{0x00007f5f931a0418}: java.lang.invoke.DirectMethodHandle$Holder.invokeStatic(Ljava/lang/Object;Ljava/lang/Object;Ljava/lang/Object;Ljava/lang/Object;Ljava/lang/Object;Ljava/lang/Object;Ljava/lang/Object;Ljava/lan
Event: 0.346 Thread 0x00007f78cc012000 Exception <a 'java/lang/NoSuchMethodError'{0x00007f5f931ce160}: java.lang.invoke.DirectMethodHandle$Holder.invokeStatic(Ljava/lang/Object;Ljava/lang/Object;Ljava/lang/Object;Ljava/lang/Object;Ljava/lang/Object;Ljava/lang/Object;Ljava/lang/Object;Ljava/lan
Event: 0.347 Thread 0x00007f78cc012000 Exception <a 'java/lang/NoSuchMethodError'{0x00007f5f931fe6a8}: method resolution failed> (0x00007f5f931fe6a8) thrown at [/build/openjdk-lts-HXybSI/openjdk-lts-10.0.2+13/src/hotspot/share/prims/methodHandles.cpp, line 1226]
Event: 0.350 Thread 0x00007f78cc012000 Exception <a 'java/lang/NoSuchMethodError'{0x00007f5f932c44b0}: java.lang.invoke.DirectMethodHandle$Holder.invokeSpecial(Ljava/lang/Object;Ljava/lang/Object;IILjava/lang/Object;Ljava/lang/Object;Ljava/lang/Object;Ljava/lang/Object;)Ljava/lang/Object;> (0x
Event: 0.350 Thread 0x00007f78cc012000 Exception <a 'java/lang/NoSuchMethodError'{0x00007f5f932c9238}: java.lang.invoke.DelegatingMethodHandle$Holder.reinvoke_L(Ljava/lang/Object;IILjava/lang/Object;Ljava/lang/Object;Ljava/lang/Object;Ljava/lang/Object;)Ljava/lang/Object;> (0x00007f5f932c9238)
Event: 0.364 Thread 0x00007f78cc012000 Exception <a 'java/lang/NoSuchMethodError'{0x00007f5f934f3610}: java.lang.invoke.DirectMethodHandle$Holder.invokeStatic(Ljava/lang/Object;Ljava/lang/Object;Ljava/lang/Object;Ljava/lang/Object;Ljava/lang/Object;Ljava/lang/Object;Ljava/lang/Object;Ljava/lan
Event: 0.365 Thread 0x00007f78cc012000 Exception <a 'java/lang/NoSuchMethodError'{0x00007f5f935066a0}: java.lang.invoke.DirectMethodHandle$Holder.invokeStatic(Ljava/lang/Object;Ljava/lang/Object;Ljava/lang/Object;Ljava/lang/Object;Ljava/lang/Object;Ljava/lang/Object;Ljava/lang/Object;Ljava/lan
Event: 0.365 Thread 0x00007f78cc012000 Exception <a 'java/lang/NoSuchMethodError'{0x00007f5f93519be0}: java.lang.invoke.DirectMethodHandle$Holder.invokeStatic(Ljava/lang/Object;Ljava/lang/Object;Ljava/lang/Object;Ljava/lang/Object;Ljava/lang/Object;Ljava/lang/Object;Ljava/lang/Object;Ljava/lan
Event: 0.701 Thread 0x00007f78cc012000 Exception <a 'java/lang/NoSuchMethodError'{0x00007f5f9395b798}: java.lang.Object.lambda$union$2(Ljava/util/regex/Pattern$CharPredicate;I)Z> (0x00007f5f9395b798) thrown at [/build/openjdk-lts-HXybSI/openjdk-lts-10.0.2+13/src/hotspot/share/interpreter/linkR
Event: 0.702 Thread 0x00007f78cc012000 Exception <a 'java/lang/NoSuchMethodError'{0x00007f5f93960730}: java.lang.Object.lambda$negate$3(I)Z> (0x00007f5f93960730) thrown at [/build/openjdk-lts-HXybSI/openjdk-lts-10.0.2+13/src/hotspot/share/interpreter/linkResolver.cpp, line 741]

Events (10 events):
Event: 2.110 Thread 0x00007f78cc012000 DEOPT UNPACKING pc=0x00007f78b3b4cfa5 sp=0x00007f78d1f53048 mode 2
Event: 2.110 Thread 0x00007f78cc012000 Uncommon trap: trap_request=0xffffff76 fr.pc=0x00007f78bb6afd08 relative=0x0000000000002328
Event: 2.110 Thread 0x00007f78cc012000 DEOPT PACKING pc=0x00007f78bb6afd08 sp=0x00007f78d1f53390
Event: 2.110 Thread 0x00007f78cc012000 DEOPT UNPACKING pc=0x00007f78b3b4cfa5 sp=0x00007f78d1f532f8 mode 2
Event: 2.110 Thread 0x00007f78cc012000 Uncommon trap: trap_request=0xffffff55 fr.pc=0x00007f78bb6b3c2c relative=0x00000000000008cc
Event: 2.110 Thread 0x00007f78cc012000 DEOPT PACKING pc=0x00007f78bb6b3c2c sp=0x00007f78d1f534e0
Event: 2.110 Thread 0x00007f78cc012000 DEOPT UNPACKING pc=0x00007f78b3b4cfa5 sp=0x00007f78d1f53478 mode 2
Event: 2.164 Thread 0x00007f78cc012000 DEOPT PACKING pc=0x00007f78b4460156 sp=0x00007f78d1f52fa0
Event: 2.164 Thread 0x00007f78cc012000 DEOPT UNPACKING pc=0x00007f78b3b4cdba sp=0x00007f78d1f52970 mode 0
Event: 2.167 Executing VM operation: G1IncCollectionPause


Dynamic libraries:
563b8e63c000-563b8e63d000 r-xp 00000000 103:04 529357                    /usr/lib/jvm/java-11-openjdk-amd64/bin/java
563b8e83d000-563b8e83e000 r--p 00001000 103:04 529357                    /usr/lib/jvm/java-11-openjdk-amd64/bin/java
563b8e83e000-563b8e83f000 rw-p 00002000 103:04 529357                    /usr/lib/jvm/java-11-openjdk-amd64/bin/java
563b8fa40000-563b8fa61000 rw-p 00000000 00:00 0                          [heap]
7f5d6bffe000-7f5e10000000 rw-p 00000000 00:00 0 
7f5e10000000-7f5e10021000 rw-p 00000000 00:00 0 
7f5e10021000-7f5e14000000 ---p 00000000 00:00 0 
7f5e14000000-7f5e14021000 rw-p 00000000 00:00 0 
7f5e14021000-7f5e18000000 ---p 00000000 00:00 0 
7f5e18000000-7f5e18021000 rw-p 00000000 00:00 0 
7f5e18021000-7f5e1c000000 ---p 00000000 00:00 0 
7f5e1c000000-7f5e1c026000 rw-p 00000000 00:00 0 
7f5e1c026000-7f5e20000000 ---p 00000000 00:00 0 
7f5e20000000-7f5e20021000 rw-p 00000000 00:00 0 
7f5e20021000-7f5e24000000 ---p 00000000 00:00 0 
7f5e24000000-7f5e24021000 rw-p 00000000 00:00 0 
7f5e24021000-7f5e28000000 ---p 00000000 00:00 0 
7f5e282fa000-7f5e2843a000 rw-p 00000000 00:00 0 
7f5e2843a000-7f5e284fa000 ---p 00000000 00:00 0 
7f5e284fa000-7f5e28517000 r-xp 00000000 103:04 665812                    /usr/local/prism-games-2.0.beta3-linux64/lib/libprismhybrid.so
7f5e28517000-7f5e28716000 ---p 0001d000 103:04 665812                    /usr/local/prism-games-2.0.beta3-linux64/lib/libprismhybrid.so
7f5e28716000-7f5e28717000 rw-p 0001c000 103:04 665812                    /usr/local/prism-games-2.0.beta3-linux64/lib/libprismhybrid.so
7f5e28717000-7f5e28718000 rw-p 00000000 00:00 0 
7f5e28718000-7f5e287b4000 r-xp 00000000 103:04 665821                    /usr/local/prism-games-2.0.beta3-linux64/lib/liblpsolve55.so
7f5e287b4000-7f5e289b3000 ---p 0009c000 103:04 665821                    /usr/local/prism-games-2.0.beta3-linux64/lib/liblpsolve55.so
7f5e289b3000-7f5e289b5000 rw-p 0009b000 103:04 665821                    /usr/local/prism-games-2.0.beta3-linux64/lib/liblpsolve55.so
7f5e289b5000-7f5e289b6000 rw-p 00000000 00:00 0 
7f5e289b6000-7f5e289bd000 r-xp 00000000 103:04 665814                    /usr/local/prism-games-2.0.beta3-linux64/lib/libdv.so
7f5e289bd000-7f5e28bbc000 ---p 00007000 103:04 665814                    /usr/local/prism-games-2.0.beta3-linux64/lib/libdv.so
7f5e28bbc000-7f5e28bbd000 rw-p 00006000 103:04 665814                    /usr/local/prism-games-2.0.beta3-linux64/lib/libdv.so
7f5e28bbd000-7f5e28bec000 r-xp 00000000 103:04 665808                    /usr/local/prism-games-2.0.beta3-linux64/lib/libprismsparse.so
7f5e28bec000-7f5e28deb000 ---p 0002f000 103:04 665808                    /usr/local/prism-games-2.0.beta3-linux64/lib/libprismsparse.so
7f5e28deb000-7f5e28dec000 rw-p 0002e000 103:04 665808                    /usr/local/prism-games-2.0.beta3-linux64/lib/libprismsparse.so
7f5e28dec000-7f5e28def000 r-xp 00000000 103:04 665806                    /usr/local/prism-games-2.0.beta3-linux64/lib/libodd.so
7f5e28def000-7f5e28fee000 ---p 00003000 103:04 665806                    /usr/local/prism-games-2.0.beta3-linux64/lib/libodd.so
7f5e28fee000-7f5e28fef000 rw-p 00002000 103:04 665806                    /usr/local/prism-games-2.0.beta3-linux64/lib/libodd.so
7f5e28fef000-7f5e28ffa000 r-xp 00000000 103:04 665816                    /usr/local/prism-games-2.0.beta3-linux64/lib/libprismmtbdd.so
7f5e28ffa000-7f5e291fa000 ---p 0000b000 103:04 665816                    /usr/local/prism-games-2.0.beta3-linux64/lib/libprismmtbdd.so
7f5e291fa000-7f5e291fb000 rw-p 0000b000 103:04 665816                    /usr/local/prism-games-2.0.beta3-linux64/lib/libprismmtbdd.so
7f5e291fb000-7f5e299fc000 rw-p 00000000 00:00 0 
7f5e299fc000-7f5e29a75000 r-xp 00000000 103:04 665817                    /usr/local/prism-games-2.0.beta3-linux64/lib/libdd.so
7f5e29a75000-7f5e29c74000 ---p 00079000 103:04 665817                    /usr/local/prism-games-2.0.beta3-linux64/lib/libdd.so
7f5e29c74000-7f5e29c76000 rw-p 00078000 103:04 665817                    /usr/local/prism-games-2.0.beta3-linux64/lib/libdd.so
7f5e29c76000-7f5e29c7d000 r-xp 00000000 103:04 665802                    /usr/local/prism-games-2.0.beta3-linux64/lib/libjdd.so
7f5e29c7d000-7f5e29e7c000 ---p 00007000 103:04 665802                    /usr/local/prism-games-2.0.beta3-linux64/lib/libjdd.so
7f5e29e7c000-7f5e29e7d000 rw-p 00006000 103:04 665802                    /usr/local/prism-games-2.0.beta3-linux64/lib/libjdd.so
7f5e29e7d000-7f5e2a07d000 rw-p 00000000 00:00 0 
7f5e2a07d000-7f5e2a081000 ---p 00000000 00:00 0 
7f5e2a081000-7f5e2a47e000 rw-p 00000000 00:00 0 
7f5e2a47e000-7f5e2a482000 ---p 00000000 00:00 0 
7f5e2a482000-7f5e2a87f000 rw-p 00000000 00:00 0 
7f5e2a87f000-7f5e2a8b0000 r-xp 00000000 103:04 534498                    /usr/lib/x86_64-linux-gnu/libpng16.so.16.34.0
7f5e2a8b0000-7f5e2aaaf000 ---p 00031000 103:04 534498                    /usr/lib/x86_64-linux-gnu/libpng16.so.16.34.0
7f5e2aaaf000-7f5e2aab0000 r--p 00030000 103:04 534498                    /usr/lib/x86_64-linux-gnu/libpng16.so.16.34.0
7f5e2aab0000-7f5e2aab1000 rw-p 00031000 103:04 534498                    /usr/lib/x86_64-linux-gnu/libpng16.so.16.34.0
7f5e2aab1000-7f5e2ab5e000 r-xp 00000000 103:04 534008                    /usr/lib/x86_64-linux-gnu/libfreetype.so.6.15.0
7f5e2ab5e000-7f5e2ad5d000 ---p 000ad000 103:04 534008                    /usr/lib/x86_64-linux-gnu/libfreetype.so.6.15.0
7f5e2ad5d000-7f5e2ad64000 r--p 000ac000 103:04 534008                    /usr/lib/x86_64-linux-gnu/libfreetype.so.6.15.0
7f5e2ad64000-7f5e2ad65000 rw-p 000b3000 103:04 534008                    /usr/lib/x86_64-linux-gnu/libfreetype.so.6.15.0
7f5e2ad65000-7f5e2adfa000 r-xp 00000000 103:04 664524                    /usr/lib/jvm/java-11-openjdk-amd64/lib/libfontmanager.so
7f5e2adfa000-7f5e2affa000 ---p 00095000 103:04 664524                    /usr/lib/jvm/java-11-openjdk-amd64/lib/libfontmanager.so
7f5e2affa000-7f5e2affb000 r--p 00095000 103:04 664524                    /usr/lib/jvm/java-11-openjdk-amd64/lib/libfontmanager.so
7f5e2affb000-7f5e2affc000 rw-p 00096000 103:04 664524                    /usr/lib/jvm/java-11-openjdk-amd64/lib/libfontmanager.so
7f5e2affc000-7f5e2b1fd000 rw-p 00000000 00:00 0 
7f5e2b1fd000-7f5e2b201000 ---p 00000000 00:00 0 
7f5e2b201000-7f5e2b5fe000 rw-p 00000000 00:00 0 
7f5e2b5fe000-7f5e2b602000 ---p 00000000 00:00 0 
7f5e2b602000-7f5e2b9ff000 rw-p 00000000 00:00 0 
7f5e2b9ff000-7f5e2ba03000 ---p 00000000 00:00 0 
7f5e2ba03000-7f5e2c000000 rw-p 00000000 00:00 0 
7f5e2c000000-7f5e2c021000 rw-p 00000000 00:00 0 
7f5e2c021000-7f5e30000000 ---p 00000000 00:00 0 
7f5e30000000-7f5e30021000 rw-p 00000000 00:00 0 
7f5e30021000-7f5e34000000 ---p 00000000 00:00 0 
7f5e34000000-7f5e34519000 rw-p 00000000 00:00 0 
7f5e34519000-7f5e38000000 ---p 00000000 00:00 0 
7f5e38000000-7f5e38021000 rw-p 00000000 00:00 0 
7f5e38021000-7f5e3c000000 ---p 00000000 00:00 0 
7f5e3c000000-7f5e3c736000 rw-p 00000000 00:00 0 
7f5e3c736000-7f5e40000000 ---p 00000000 00:00 0 
7f5e40000000-7f5e4074a000 rw-p 00000000 00:00 0 
7f5e4074a000-7f5e44000000 ---p 00000000 00:00 0 
7f5e44000000-7f5e44021000 rw-p 00000000 00:00 0 
7f5e44021000-7f5e48000000 ---p 00000000 00:00 0 
7f5e48000000-7f5e48780000 rw-p 00000000 00:00 0 
7f5e48780000-7f5e4c000000 ---p 00000000 00:00 0 
7f5e4c000000-7f5e4c021000 rw-p 00000000 00:00 0 
7f5e4c021000-7f5e50000000 ---p 00000000 00:00 0 
7f5e50000000-7f5e50021000 rw-p 00000000 00:00 0 
7f5e50021000-7f5e54000000 ---p 00000000 00:00 0 
7f5e54000000-7f5e54189000 rw-p 00000000 00:00 0 
7f5e54189000-7f5e58000000 ---p 00000000 00:00 0 
7f5e58000000-7f5e58021000 rw-p 00000000 00:00 0 
7f5e58021000-7f5e5c000000 ---p 00000000 00:00 0 
7f5e5c11b000-7f5e5c31b000 rw-p 00000000 00:00 0 
7f5e5c31b000-7f5e5c51b000 rw-p 00000000 00:00 0 
7f5e5c51b000-7f5e5c523000 r-xp 00000000 103:04 664512                    /usr/lib/jvm/java-11-openjdk-amd64/lib/libawt_headless.so
7f5e5c523000-7f5e5c722000 ---p 00008000 103:04 664512                    /usr/lib/jvm/java-11-openjdk-amd64/lib/libawt_headless.so
7f5e5c722000-7f5e5c723000 r--p 00007000 103:04 664512                    /usr/lib/jvm/java-11-openjdk-amd64/lib/libawt_headless.so
7f5e5c723000-7f5e5c724000 rw-p 00008000 103:04 664512                    /usr/lib/jvm/java-11-openjdk-amd64/lib/libawt_headless.so
7f5e5c724000-7f5e5c7c4000 r-xp 00000000 103:04 664508                    /usr/lib/jvm/java-11-openjdk-amd64/lib/libawt.so
7f5e5c7c4000-7f5e5c9c4000 ---p 000a0000 103:04 664508                    /usr/lib/jvm/java-11-openjdk-amd64/lib/libawt.so
7f5e5c9c4000-7f5e5c9c5000 r--p 000a0000 103:04 664508                    /usr/lib/jvm/java-11-openjdk-amd64/lib/libawt.so
7f5e5c9c5000-7f5e5c9d0000 rw-p 000a1000 103:04 664508                    /usr/lib/jvm/java-11-openjdk-amd64/lib/libawt.so
7f5e5c9d0000-7f5e5c9f5000 rw-p 00000000 00:00 0 
7f5e5c9f5000-7f5e5c9f9000 r-xp 00000000 103:04 665810                    /usr/local/prism-games-2.0.beta3-linux64/lib/libprism.so
7f5e5c9f9000-7f5e5cbf8000 ---p 00004000 103:04 665810                    /usr/local/prism-games-2.0.beta3-linux64/lib/libprism.so
7f5e5cbf8000-7f5e5cbf9000 rw-p 00003000 103:04 665810                    /usr/local/prism-games-2.0.beta3-linux64/lib/libprism.so
7f5e5cbf9000-7f5e5cc10000 r-xp 00000000 103:04 664825                    /usr/lib/jvm/java-11-openjdk-amd64/lib/libnet.so
7f5e5cc10000-7f5e5ce0f000 ---p 00017000 103:04 664825                    /usr/lib/jvm/java-11-openjdk-amd64/lib/libnet.so
7f5e5ce0f000-7f5e5ce10000 r--p 00016000 103:04 664825                    /usr/lib/jvm/java-11-openjdk-amd64/lib/libnet.so
7f5e5ce10000-7f5e5ce11000 rw-p 00017000 103:04 664825                    /usr/lib/jvm/java-11-openjdk-amd64/lib/libnet.so
7f5e5ce11000-7f5e5ce22000 r-xp 00000000 103:04 664832                    /usr/lib/jvm/java-11-openjdk-amd64/lib/libnio.so
7f5e5ce22000-7f5e5d021000 ---p 00011000 103:04 664832                    /usr/lib/jvm/java-11-openjdk-amd64/lib/libnio.so
7f5e5d021000-7f5e5d022000 r--p 00010000 103:04 664832                    /usr/lib/jvm/java-11-openjdk-amd64/lib/libnio.so
7f5e5d022000-7f5e5d023000 rw-p 00011000 103:04 664832                    /usr/lib/jvm/java-11-openjdk-amd64/lib/libnio.so
7f5e5d023000-7f5e5d027000 ---p 00000000 00:00 0 
7f5e5d027000-7f5e5d424000 rw-p 00000000 00:00 0 
7f5e5d424000-7f5e5d425000 ---p 00000000 00:00 0 
7f5e5d425000-7f5e5d526000 rw-p 00000000 00:00 0 
7f5e5d526000-7f5e5d52a000 ---p 00000000 00:00 0 
7f5e5d52a000-7f5e5d927000 rw-p 00000000 00:00 0 
7f5e5d927000-7f5e5d92b000 ---p 00000000 00:00 0 
7f5e5d92b000-7f5e5dd28000 rw-p 00000000 00:00 0 
7f5e5dd28000-7f5e5dd2c000 ---p 00000000 00:00 0 
7f5e5dd2c000-7f5e5de29000 rw-p 00000000 00:00 0 
7f5e5de29000-7f5e5de2d000 ---p 00000000 00:00 0 
7f5e5de2d000-7f5e5df2a000 rw-p 00000000 00:00 0 
7f5e5df2a000-7f5e5df2e000 ---p 00000000 00:00 0 
7f5e5df2e000-7f5e5e02b000 rw-p 00000000 00:00 0 
7f5e5e02b000-7f5e5e02f000 ---p 00000000 00:00 0 
7f5e5e02f000-7f5e5e12c000 rw-p 00000000 00:00 0 
7f5e5e12c000-7f5e5e130000 ---p 00000000 00:00 0 
7f5e5e130000-7f5e5e52d000 rw-p 00000000 00:00 0 
7f5e5e52d000-7f5e5eefc000 r--p 00000000 103:04 531372                    /usr/lib/locale/locale-archive
7f5e5eefc000-7f5e5ef00000 ---p 00000000 00:00 0 
7f5e5ef00000-7f5e5f2fd000 rw-p 00000000 00:00 0 
7f5e5f2fd000-7f5e5f301000 ---p 00000000 00:00 0 
7f5e5f301000-7f5e5f6fe000 rw-p 00000000 00:00 0 
7f5e5f6fe000-7f5e5f6ff000 ---p 00000000 00:00 0 
7f5e5f6ff000-7f5e60000000 rw-p 00000000 00:00 0 
7f5e60000000-7f5e60021000 rw-p 00000000 00:00 0 
7f5e60021000-7f5e64000000 ---p 00000000 00:00 0 
7f5e64000000-7f5e64021000 rw-p 00000000 00:00 0 
7f5e64021000-7f5e68000000 ---p 00000000 00:00 0 
7f5e68000000-7f5e68021000 rw-p 00000000 00:00 0 
7f5e68021000-7f5e6c000000 ---p 00000000 00:00 0 
7f5e6c000000-7f5e6c021000 rw-p 00000000 00:00 0 
7f5e6c021000-7f5e70000000 ---p 00000000 00:00 0 
7f5e70000000-7f5e70021000 rw-p 00000000 00:00 0 
7f5e70021000-7f5e74000000 ---p 00000000 00:00 0 
7f5e74000000-7f5e7402f000 rw-p 00000000 00:00 0 
7f5e7402f000-7f5e78000000 ---p 00000000 00:00 0 
7f5e78000000-7f5e78021000 rw-p 00000000 00:00 0 
7f5e78021000-7f5e7c000000 ---p 00000000 00:00 0 
7f5e7c000000-7f5e7c021000 rw-p 00000000 00:00 0 
7f5e7c021000-7f5e80000000 ---p 00000000 00:00 0 
7f5e80000000-7f5e80035000 rw-p 00000000 00:00 0 
7f5e80035000-7f5e84000000 ---p 00000000 00:00 0 
7f5e84000000-7f5e84021000 rw-p 00000000 00:00 0 
7f5e84021000-7f5e88000000 ---p 00000000 00:00 0 
7f5e88000000-7f5e88021000 rw-p 00000000 00:00 0 
7f5e88021000-7f5e8c000000 ---p 00000000 00:00 0 
7f5e8c000000-7f5e8c021000 rw-p 00000000 00:00 0 
7f5e8c021000-7f5e90000000 ---p 00000000 00:00 0 
7f5e90000000-7f5e90021000 rw-p 00000000 00:00 0 
7f5e90021000-7f5e94000000 ---p 00000000 00:00 0 
7f5e9404b000-7f5e940f2000 rw-p 00000000 00:00 0 
7f5e940f2000-7f5e940f3000 ---p 00000000 00:00 0 
7f5e940f3000-7f5e941f4000 rw-p 00000000 00:00 0 
7f5e941f4000-7f5e941f5000 ---p 00000000 00:00 0 
7f5e941f5000-7f5e942f6000 rw-p 00000000 00:00 0 
7f5e942f6000-7f5e942f7000 ---p 00000000 00:00 0 
7f5e942f7000-7f5e943f8000 rw-p 00000000 00:00 0 
7f5e943f8000-7f5e943f9000 ---p 00000000 00:00 0 
7f5e943f9000-7f5e944fa000 rw-p 00000000 00:00 0 
7f5e944fa000-7f5e944fb000 ---p 00000000 00:00 0 
7f5e944fb000-7f5e945fc000 rw-p 00000000 00:00 0 
7f5e945fc000-7f5e945fd000 ---p 00000000 00:00 0 
7f5e945fd000-7f5e946fe000 rw-p 00000000 00:00 0 
7f5e946fe000-7f5e946ff000 ---p 00000000 00:00 0 
7f5e946ff000-7f5e99200000 rw-p 00000000 00:00 0 
7f5e99200000-7f5efa800000 ---p 00000000 00:00 0 
7f5efa800000-7f5efd200000 rw-p 00000000 00:00 0 
7f5efd200000-7f5f5e800000 ---p 00000000 00:00 0 
7f5f5e800000-7f5f5ed40000 rw-p 00000000 00:00 0 
7f5f5ed40000-7f5f6b000000 ---p 00000000 00:00 0 
7f5f6b000000-7f5f6b540000 rw-p 00000000 00:00 0 
7f5f6b540000-7f5f77800000 ---p 00000000 00:00 0 
7f5f77800000-7f5f77d40000 rw-p 00000000 00:00 0 
7f5f77d40000-7f5f84000000 ---p 00000000 00:00 0 
7f5f84000000-7f602c000000 rw-p 00000000 00:00 0 
7f617c000000-7f7884000000 ---p 00000000 00:00 0 
7f7884000000-7f788418f000 rw-p 00000000 00:00 0 
7f788418f000-7f7888000000 ---p 00000000 00:00 0 
7f7888000000-7f7888021000 rw-p 00000000 00:00 0 
7f7888021000-7f788c000000 ---p 00000000 00:00 0 
7f788c000000-7f788c181000 rw-p 00000000 00:00 0 
7f788c181000-7f7890000000 ---p 00000000 00:00 0 
7f7890000000-7f7890193000 rw-p 00000000 00:00 0 
7f7890193000-7f7894000000 ---p 00000000 00:00 0 
7f7894000000-7f7894181000 rw-p 00000000 00:00 0 
7f7894181000-7f7898000000 ---p 00000000 00:00 0 
7f7898000000-7f78981c5000 rw-p 00000000 00:00 0 
7f78981c5000-7f789c000000 ---p 00000000 00:00 0 
7f789c000000-7f789c1dc000 rw-p 00000000 00:00 0 
7f789c1dc000-7f78a0000000 ---p 00000000 00:00 0 
7f78a0000000-7f78a01fe000 rw-p 00000000 00:00 0 
7f78a01fe000-7f78a4000000 ---p 00000000 00:00 0 
7f78a4000000-7f78a41ef000 rw-p 00000000 00:00 0 
7f78a41ef000-7f78a8000000 ---p 00000000 00:00 0 
7f78a8000000-7f78a8192000 rw-p 00000000 00:00 0 
7f78a8192000-7f78ac000000 ---p 00000000 00:00 0 
7f78ac000000-7f78ac18a000 rw-p 00000000 00:00 0 
7f78ac18a000-7f78b0000000 ---p 00000000 00:00 0 
7f78b0007000-7f78b0008000 ---p 00000000 00:00 0 
7f78b0008000-7f78b0109000 rw-p 00000000 00:00 0 
7f78b0109000-7f78b010a000 ---p 00000000 00:00 0 
7f78b010a000-7f78b020b000 rw-p 00000000 00:00 0 
7f78b020b000-7f78b020c000 ---p 00000000 00:00 0 
7f78b020c000-7f78b030d000 rw-p 00000000 00:00 0 
7f78b030d000-7f78b030e000 ---p 00000000 00:00 0 
7f78b030e000-7f78b0e19000 rw-p 00000000 00:00 0 
7f78b0e19000-7f78b0e1a000 ---p 00000000 00:00 0 
7f78b0e1a000-7f78b0f1b000 rw-p 00000000 00:00 0 
7f78b0f1b000-7f78b0f1c000 ---p 00000000 00:00 0 
7f78b0f1c000-7f78b101d000 rw-p 00000000 00:00 0 
7f78b101d000-7f78b101e000 ---p 00000000 00:00 0 
7f78b101e000-7f78b111f000 rw-p 00000000 00:00 0 
7f78b111f000-7f78b1120000 ---p 00000000 00:00 0 
7f78b1120000-7f78b3921000 rw-p 00000000 00:00 0 
7f78b3921000-7f78b3922000 ---p 00000000 00:00 0 
7f78b3922000-7f78b3a23000 rw-p 00000000 00:00 0 
7f78b3a23000-7f78b3a24000 ---p 00000000 00:00 0 
7f78b3a24000-7f78b3b25000 rw-p 00000000 00:00 0 
7f78b3b25000-7f78b3d95000 rwxp 00000000 00:00 0 
7f78b3d95000-7f78b40b6000 ---p 00000000 00:00 0 
7f78b40b6000-7f78b4476000 rwxp 00000000 00:00 0 
7f78b4476000-7f78bb5ed000 ---p 00000000 00:00 0 
7f78bb5ed000-7f78bb85d000 rwxp 00000000 00:00 0 
7f78bb85d000-7f78c2b25000 ---p 00000000 00:00 0 
7f78c2b25000-7f78cc000000 r--s 00000000 103:04 670543                    /usr/lib/jvm/java-11-openjdk-amd64/lib/modules
7f78cc000000-7f78cc7b7000 rw-p 00000000 00:00 0 
7f78cc7b7000-7f78d0000000 ---p 00000000 00:00 0 
7f78d002c000-7f78d00af000 rw-p 00000000 00:00 0 
7f78d00af000-7f78d00b0000 ---p 00000000 00:00 0 
7f78d00b0000-7f78d01b1000 rw-p 00000000 00:00 0 
7f78d01b1000-7f78d01b2000 ---p 00000000 00:00 0 
7f78d01b2000-7f78d02b3000 rw-p 00000000 00:00 0 
7f78d02b3000-7f78d02b4000 ---p 00000000 00:00 0 
7f78d02b4000-7f78d03b5000 rw-p 00000000 00:00 0 
7f78d03b5000-7f78d03b6000 ---p 00000000 00:00 0 
7f78d03b6000-7f78d04b7000 rw-p 00000000 00:00 0 
7f78d04b7000-7f78d04b8000 ---p 00000000 00:00 0 
7f78d04b8000-7f78d05b9000 rw-p 00000000 00:00 0 
7f78d05b9000-7f78d05ba000 ---p 00000000 00:00 0 
7f78d05ba000-7f78d06bb000 rw-p 00000000 00:00 0 
7f78d06bb000-7f78d06bc000 ---p 00000000 00:00 0 
7f78d06bc000-7f78d07bd000 rw-p 00000000 00:00 0 
7f78d07bd000-7f78d07be000 ---p 00000000 00:00 0 
7f78d07be000-7f78d08bf000 rw-p 00000000 00:00 0 
7f78d08bf000-7f78d08c4000 r-xp 00000000 103:04 664738                    /usr/lib/jvm/java-11-openjdk-amd64/lib/libjimage.so
7f78d08c4000-7f78d0ac3000 ---p 00005000 103:04 664738                    /usr/lib/jvm/java-11-openjdk-amd64/lib/libjimage.so
7f78d0ac3000-7f78d0ac4000 r--p 00004000 103:04 664738                    /usr/lib/jvm/java-11-openjdk-amd64/lib/libjimage.so
7f78d0ac4000-7f78d0ac5000 rw-p 00005000 103:04 664738                    /usr/lib/jvm/java-11-openjdk-amd64/lib/libjimage.so
7f78d0ac5000-7f78d0acc000 r-xp 00000000 103:04 670542                    /usr/lib/jvm/java-11-openjdk-amd64/lib/libzip.so
7f78d0acc000-7f78d0ccb000 ---p 00007000 103:04 670542                    /usr/lib/jvm/java-11-openjdk-amd64/lib/libzip.so
7f78d0ccb000-7f78d0ccc000 r--p 00006000 103:04 670542                    /usr/lib/jvm/java-11-openjdk-amd64/lib/libzip.so
7f78d0ccc000-7f78d0ccd000 rw-p 00007000 103:04 670542                    /usr/lib/jvm/java-11-openjdk-amd64/lib/libzip.so
7f78d0ccd000-7f78d0cd8000 r-xp 00000000 103:04 267847                    /lib/x86_64-linux-gnu/libnss_files-2.27.so
7f78d0cd8000-7f78d0ed7000 ---p 0000b000 103:04 267847                    /lib/x86_64-linux-gnu/libnss_files-2.27.so
7f78d0ed7000-7f78d0ed8000 r--p 0000a000 103:04 267847                    /lib/x86_64-linux-gnu/libnss_files-2.27.so
7f78d0ed8000-7f78d0ed9000 rw-p 0000b000 103:04 267847                    /lib/x86_64-linux-gnu/libnss_files-2.27.so
7f78d0ed9000-7f78d0edf000 rw-p 00000000 00:00 0 
7f78d0edf000-7f78d0ef6000 r-xp 00000000 103:04 267841                    /lib/x86_64-linux-gnu/libnsl-2.27.so
7f78d0ef6000-7f78d10f5000 ---p 00017000 103:04 267841                    /lib/x86_64-linux-gnu/libnsl-2.27.so
7f78d10f5000-7f78d10f6000 r--p 00016000 103:04 267841                    /lib/x86_64-linux-gnu/libnsl-2.27.so
7f78d10f6000-7f78d10f7000 rw-p 00017000 103:04 267841                    /lib/x86_64-linux-gnu/libnsl-2.27.so
7f78d10f7000-7f78d10f9000 rw-p 00000000 00:00 0 
7f78d10f9000-7f78d1104000 r-xp 00000000 103:04 267858                    /lib/x86_64-linux-gnu/libnss_nis-2.27.so
7f78d1104000-7f78d1303000 ---p 0000b000 103:04 267858                    /lib/x86_64-linux-gnu/libnss_nis-2.27.so
7f78d1303000-7f78d1304000 r--p 0000a000 103:04 267858                    /lib/x86_64-linux-gnu/libnss_nis-2.27.so
7f78d1304000-7f78d1305000 rw-p 0000b000 103:04 267858                    /lib/x86_64-linux-gnu/libnss_nis-2.27.so
7f78d1305000-7f78d130d000 r-xp 00000000 103:04 267843                    /lib/x86_64-linux-gnu/libnss_compat-2.27.so
7f78d130d000-7f78d150d000 ---p 00008000 103:04 267843                    /lib/x86_64-linux-gnu/libnss_compat-2.27.so
7f78d150d000-7f78d150e000 r--p 00008000 103:04 267843                    /lib/x86_64-linux-gnu/libnss_compat-2.27.so
7f78d150e000-7f78d150f000 rw-p 00009000 103:04 267843                    /lib/x86_64-linux-gnu/libnss_compat-2.27.so
7f78d150f000-7f78d153b000 r-xp 00000000 103:04 664658                    /usr/lib/jvm/java-11-openjdk-amd64/lib/libjava.so
7f78d153b000-7f78d173a000 ---p 0002c000 103:04 664658                    /usr/lib/jvm/java-11-openjdk-amd64/lib/libjava.so
7f78d173a000-7f78d173b000 r--p 0002b000 103:04 664658                    /usr/lib/jvm/java-11-openjdk-amd64/lib/libjava.so
7f78d173b000-7f78d173d000 rw-p 0002c000 103:04 664658                    /usr/lib/jvm/java-11-openjdk-amd64/lib/libjava.so
7f78d173d000-7f78d174a000 r-xp 00000000 103:04 670541                    /usr/lib/jvm/java-11-openjdk-amd64/lib/libverify.so
7f78d174a000-7f78d1949000 ---p 0000d000 103:04 670541                    /usr/lib/jvm/java-11-openjdk-amd64/lib/libverify.so
7f78d1949000-7f78d194b000 r--p 0000c000 103:04 670541                    /usr/lib/jvm/java-11-openjdk-amd64/lib/libverify.so
7f78d194b000-7f78d194c000 rw-p 0000e000 103:04 670541                    /usr/lib/jvm/java-11-openjdk-amd64/lib/libverify.so
7f78d194c000-7f78d1953000 r-xp 00000000 103:04 267898                    /lib/x86_64-linux-gnu/librt-2.27.so
7f78d1953000-7f78d1b52000 ---p 00007000 103:04 267898                    /lib/x86_64-linux-gnu/librt-2.27.so
7f78d1b52000-7f78d1b53000 r--p 00006000 103:04 267898                    /lib/x86_64-linux-gnu/librt-2.27.so
7f78d1b53000-7f78d1b54000 rw-p 00007000 103:04 267898                    /lib/x86_64-linux-gnu/librt-2.27.so
7f78d1b54000-7f78d1b58000 ---p 00000000 00:00 0 
7f78d1b58000-7f78d1f55000 rw-p 00000000 00:00 0 
7f78d1f55000-7f78d1f6c000 r-xp 00000000 103:04 261825                    /lib/x86_64-linux-gnu/libgcc_s.so.1
7f78d1f6c000-7f78d216b000 ---p 00017000 103:04 261825                    /lib/x86_64-linux-gnu/libgcc_s.so.1
7f78d216b000-7f78d216c000 r--p 00016000 103:04 261825                    /lib/x86_64-linux-gnu/libgcc_s.so.1
7f78d216c000-7f78d216d000 rw-p 00017000 103:04 261825                    /lib/x86_64-linux-gnu/libgcc_s.so.1
7f78d216d000-7f78d230a000 r-xp 00000000 103:04 267820                    /lib/x86_64-linux-gnu/libm-2.27.so
7f78d230a000-7f78d2509000 ---p 0019d000 103:04 267820                    /lib/x86_64-linux-gnu/libm-2.27.so
7f78d2509000-7f78d250a000 r--p 0019c000 103:04 267820                    /lib/x86_64-linux-gnu/libm-2.27.so
7f78d250a000-7f78d250b000 rw-p 0019d000 103:04 267820                    /lib/x86_64-linux-gnu/libm-2.27.so
7f78d250b000-7f78d2684000 r-xp 00000000 103:04 523283                    /usr/lib/x86_64-linux-gnu/libstdc++.so.6.0.25
7f78d2684000-7f78d2884000 ---p 00179000 103:04 523283                    /usr/lib/x86_64-linux-gnu/libstdc++.so.6.0.25
7f78d2884000-7f78d288e000 r--p 00179000 103:04 523283                    /usr/lib/x86_64-linux-gnu/libstdc++.so.6.0.25
7f78d288e000-7f78d2890000 rw-p 00183000 103:04 523283                    /usr/lib/x86_64-linux-gnu/libstdc++.so.6.0.25
7f78d2890000-7f78d2894000 rw-p 00000000 00:00 0 
7f78d2894000-7f78d3831000 r-xp 00000000 103:04 670546                    /usr/lib/jvm/java-11-openjdk-amd64/lib/server/libjvm.so
7f78d3831000-7f78d3a31000 ---p 00f9d000 103:04 670546                    /usr/lib/jvm/java-11-openjdk-amd64/lib/server/libjvm.so
7f78d3a31000-7f78d3af5000 r--p 00f9d000 103:04 670546                    /usr/lib/jvm/java-11-openjdk-amd64/lib/server/libjvm.so
7f78d3af5000-7f78d3b2d000 rw-p 01061000 103:04 670546                    /usr/lib/jvm/java-11-openjdk-amd64/lib/server/libjvm.so
7f78d3b2d000-7f78d3b76000 rw-p 00000000 00:00 0 
7f78d3b76000-7f78d3b90000 r-xp 00000000 103:04 267890                    /lib/x86_64-linux-gnu/libpthread-2.27.so
7f78d3b90000-7f78d3d8f000 ---p 0001a000 103:04 267890                    /lib/x86_64-linux-gnu/libpthread-2.27.so
7f78d3d8f000-7f78d3d90000 r--p 00019000 103:04 267890                    /lib/x86_64-linux-gnu/libpthread-2.27.so
7f78d3d90000-7f78d3d91000 rw-p 0001a000 103:04 267890                    /lib/x86_64-linux-gnu/libpthread-2.27.so
7f78d3d91000-7f78d3d95000 rw-p 00000000 00:00 0 
7f78d3d95000-7f78d3d98000 r-xp 00000000 103:04 267780                    /lib/x86_64-linux-gnu/libdl-2.27.so
7f78d3d98000-7f78d3f97000 ---p 00003000 103:04 267780                    /lib/x86_64-linux-gnu/libdl-2.27.so
7f78d3f97000-7f78d3f98000 r--p 00002000 103:04 267780                    /lib/x86_64-linux-gnu/libdl-2.27.so
7f78d3f98000-7f78d3f99000 rw-p 00003000 103:04 267780                    /lib/x86_64-linux-gnu/libdl-2.27.so
7f78d3f99000-7f78d3fb5000 r-xp 00000000 103:04 267929                    /lib/x86_64-linux-gnu/libz.so.1.2.11
7f78d3fb5000-7f78d41b4000 ---p 0001c000 103:04 267929                    /lib/x86_64-linux-gnu/libz.so.1.2.11
7f78d41b4000-7f78d41b5000 r--p 0001b000 103:04 267929                    /lib/x86_64-linux-gnu/libz.so.1.2.11
7f78d41b5000-7f78d41b6000 rw-p 0001c000 103:04 267929                    /lib/x86_64-linux-gnu/libz.so.1.2.11
7f78d41b6000-7f78d439d000 r-xp 00000000 103:04 267757                    /lib/x86_64-linux-gnu/libc-2.27.so
7f78d439d000-7f78d459d000 ---p 001e7000 103:04 267757                    /lib/x86_64-linux-gnu/libc-2.27.so
7f78d459d000-7f78d45a1000 r--p 001e7000 103:04 267757                    /lib/x86_64-linux-gnu/libc-2.27.so
7f78d45a1000-7f78d45a3000 rw-p 001eb000 103:04 267757                    /lib/x86_64-linux-gnu/libc-2.27.so
7f78d45a3000-7f78d45a7000 rw-p 00000000 00:00 0 
7f78d45a7000-7f78d45b6000 r-xp 00000000 103:04 664504                    /usr/lib/jvm/java-11-openjdk-amd64/lib/jli/libjli.so
7f78d45b6000-7f78d47b5000 ---p 0000f000 103:04 664504                    /usr/lib/jvm/java-11-openjdk-amd64/lib/jli/libjli.so
7f78d47b5000-7f78d47b6000 r--p 0000e000 103:04 664504                    /usr/lib/jvm/java-11-openjdk-amd64/lib/jli/libjli.so
7f78d47b6000-7f78d47b7000 rw-p 0000f000 103:04 664504                    /usr/lib/jvm/java-11-openjdk-amd64/lib/jli/libjli.so
7f78d47b7000-7f78d47de000 r-xp 00000000 103:04 267729                    /lib/x86_64-linux-gnu/ld-2.27.so
7f78d47e8000-7f78d47ed000 rw-p 00000000 00:00 0 
7f78d47ed000-7f78d48d3000 ---p 00000000 00:00 0 
7f78d48d3000-7f78d48db000 rw-p 00000000 00:00 0 
7f78d48db000-7f78d49be000 ---p 00000000 00:00 0 
7f78d49be000-7f78d49c0000 rw-p 00000000 00:00 0 
7f78d49c4000-7f78d49c5000 r--p 00000000 103:04 794806                    /usr/share/locale-langpack/en_GB/LC_MESSAGES/libc.mo
7f78d49c5000-7f78d49cb000 rw-p 00000000 00:00 0 
7f78d49cb000-7f78d49d2000 ---p 00000000 00:00 0 
7f78d49d2000-7f78d49da000 rw-s 00000000 103:04 1056591                   /tmp/hsperfdata_william/4756
7f78d49da000-7f78d49db000 ---p 00000000 00:00 0 
7f78d49db000-7f78d49dc000 r--p 00000000 00:00 0 
7f78d49dc000-7f78d49de000 rw-p 00000000 00:00 0 
7f78d49de000-7f78d49df000 r--p 00027000 103:04 267729                    /lib/x86_64-linux-gnu/ld-2.27.so
7f78d49df000-7f78d49e0000 rw-p 00028000 103:04 267729                    /lib/x86_64-linux-gnu/ld-2.27.so
7f78d49e0000-7f78d49e1000 rw-p 00000000 00:00 0 
7ffcdc437000-7ffcdc459000 rw-p 00000000 00:00 0                          [stack]
7ffcdc4a4000-7ffcdc4a7000 r--p 00000000 00:00 0                          [vvar]
7ffcdc4a7000-7ffcdc4a9000 r-xp 00000000 00:00 0                          [vdso]
ffffffffff600000-ffffffffff601000 r-xp 00000000 00:00 0                  [vsyscall]


VM Arguments:
jvm_args: -Xmx100g -Xss4M -Djava.awt.headless=true -Djava.library.path=/usr/local/prism-games-2.0.beta3-linux64/lib:/ppl 
java_command: prism.PrismCL -cuddmaxmem 100g -javamaxmem 100g smgKAKW_mul.prism smg_props.props -prop 1 -s -exportadvmdp tmp.tra -exportstates tmp.sta
java_class_path (initial): /usr/local/prism-games-2.0.beta3-linux64/lib/prism.jar:/usr/local/prism-games-2.0.beta3-linux64/classes:/usr/local/prism-games-2.0.beta3-linux64:/usr/local/prism-games-2.0.beta3-linux64/lib/pepa.zip:/ppl/*:/usr/local/prism-games-2.0.beta3-linux64/lib/ppl_java.jar:/usr/local/prism-games-2.0.beta3-linux64/lib/epsgraphics.jar:/usr/local/prism-games-2.0.beta3-linux64/lib/jhoafparser.jar:/usr/local/prism-games-2.0.beta3-linux64/lib/commons-math3-3.3.jar:/usr/local/prism-games-2.0.beta3-linux64/lib/jcommon.jar:/usr/local/prism-games-2.0.beta3-linux64/lib/colt.jar:/usr/local/prism-games-2.0.beta3-linux64/lib/prism.jar:/usr/local/prism-games-2.0.beta3-linux64/lib/nailgun-server.jar:/usr/local/prism-games-2.0.beta3-linux64/lib/jfreechart.jar:/usr/local/prism-games-2.0.beta3-linux64/lib/jas.jar:/usr/local/prism-games-2.0.beta3-linux64/lib/lpsolve55j.jar:/usr/local/prism-games-2.0.beta3-linux64/lib/log4j.jar
Launcher Type: SUN_STANDARD

Logging:
Log output configuration:
#0: stdout all=warning uptime,level,tags
#1: stderr all=off uptime,level,tags

Environment Variables:
PATH=/home/william/anaconda3/bin:/home/william/prism-4.4-linux64/bin:/bin:/usr/bin:/usr/local/bin:/usr/hosts:/usr/ucb:/snap/bin
USERNAME=william
LD_LIBRARY_PATH=/usr/local/prism-games-2.0.beta3-linux64/lib:/ppl
SHELL=/bin/bash
DISPLAY=:0

Signal Handlers:
SIGSEGV: [libjvm.so+0xd28b70], sa_mask[0]=11111111011111111101111111111110, sa_flags=SA_RESTART|SA_SIGINFO
SIGBUS: [libjvm.so+0xd28b70], sa_mask[0]=11111111011111111101111111111110, sa_flags=SA_RESTART|SA_SIGINFO
SIGFPE: [libjvm.so+0xd28b70], sa_mask[0]=11111111011111111101111111111110, sa_flags=SA_RESTART|SA_SIGINFO
SIGPIPE: [libjvm.so+0xb2a1f0], sa_mask[0]=11111111011111111101111111111110, sa_flags=SA_RESTART|SA_SIGINFO
SIGXFSZ: [libjvm.so+0xb2a1f0], sa_mask[0]=11111111011111111101111111111110, sa_flags=SA_RESTART|SA_SIGINFO
SIGILL: [libjvm.so+0xd28b70], sa_mask[0]=11111111011111111101111111111110, sa_flags=SA_RESTART|SA_SIGINFO
SIGUSR2: [libjvm.so+0xb2a030], sa_mask[0]=00000000000000000000000000000000, sa_flags=SA_RESTART|SA_SIGINFO
SIGHUP: [libjvm.so+0xb2a180], sa_mask[0]=11111111011111111101111111111110, sa_flags=SA_RESTART|SA_SIGINFO
SIGINT: [libjvm.so+0xb2a180], sa_mask[0]=11111111011111111101111111111110, sa_flags=SA_RESTART|SA_SIGINFO
SIGTERM: [libjvm.so+0xb2a180], sa_mask[0]=11111111011111111101111111111110, sa_flags=SA_RESTART|SA_SIGINFO
SIGQUIT: [libjvm.so+0xb2a180], sa_mask[0]=11111111011111111101111111111110, sa_flags=SA_RESTART|SA_SIGINFO


---------------  S Y S T E M  ---------------

OS:DISTRIB_ID=Ubuntu
DISTRIB_RELEASE=18.04
DISTRIB_CODENAME=bionic
DISTRIB_DESCRIPTION="Ubuntu 18.04.1 LTS"
uname:Linux 4.19.0-041900-generic #201810221809 SMP Mon Oct 22 22:11:45 UTC 2018 x86_64
libc:glibc 2.27 NPTL 2.27 
rlimit: STACK 8192k, CORE 0k, NPROC 62301, NOFILE 4096, AS infinity, DATA infinity, FSIZE infinity
load average:1.62 1.17 1.38

/proc/meminfo:
MemTotal:       16058740 kB
MemFree:         1154508 kB
MemAvailable:    5050400 kB
Buffers:          635200 kB
Cached:          4446856 kB
SwapCached:            0 kB
Active:         11866596 kB
Inactive:        2447712 kB
Active(anon):    9235092 kB
Inactive(anon):  1054720 kB
Active(file):    2631504 kB
Inactive(file):  1392992 kB
Unevictable:        2376 kB
Mlocked:            2376 kB
SwapTotal:             0 kB
SwapFree:              0 kB
Dirty:              1160 kB
Writeback:             0 kB
AnonPages:       9234972 kB
Mapped:          1109772 kB
Shmem:           1057568 kB
Slab:             320612 kB
SReclaimable:     213076 kB
SUnreclaim:       107536 kB
KernelStack:       20480 kB
PageTables:       106192 kB
NFS_Unstable:          0 kB
Bounce:                0 kB
WritebackTmp:          0 kB
CommitLimit:     8029368 kB
Committed_AS:   32899028 kB
VmallocTotal:   34359738367 kB
VmallocUsed:           0 kB
VmallocChunk:          0 kB
Percpu:             4928 kB
HardwareCorrupted:     0 kB
AnonHugePages:         0 kB
ShmemHugePages:        0 kB
ShmemPmdMapped:        0 kB
CmaTotal:              0 kB
CmaFree:               0 kB
HugePages_Total:       0
HugePages_Free:        0
HugePages_Rsvd:        0
HugePages_Surp:        0
Hugepagesize:       2048 kB
Hugetlb:               0 kB
DirectMap4k:      556880 kB
DirectMap2M:    14807040 kB
DirectMap1G:     1048576 kB

container (cgroup) information:
container_type: cgroupv1
cpu_cpuset_cpus: 0-11
cpu_memory_nodes: 0
active_processor_count: 12
cpu_quota: -1
cpu_period: 100000
cpu_shares: -1
memory_limit_in_bytes: -1
memory_and_swap_limit_in_bytes: -2
memory_soft_limit_in_bytes: -1
memory_usage_in_bytes: 14659952640
memory_max_usage_in_bytes: 2080768


CPU:total 12 (initial active 12) (6 cores per cpu, 2 threads per core) family 6 model 158 stepping 10, cmov, cx8, fxsr, mmx, sse, sse2, sse3, ssse3, sse4.1, sse4.2, popcnt, avx, avx2, aes, clmul, erms, 3dnowpref, lzcnt, ht, tsc, tscinvbit, bmi1, bmi2, adx, fma
CPU Model and flags from /proc/cpuinfo:
model name	: Intel(R) Core(TM) i7-8750H CPU @ 2.20GHz
flags		: fpu vme de pse tsc msr pae mce cx8 apic sep mtrr pge mca cmov pat pse36 clflush dts acpi mmx fxsr sse sse2 ss ht tm pbe syscall nx pdpe1gb rdtscp lm constant_tsc art arch_perfmon pebs bts rep_good nopl xtopology nonstop_tsc cpuid aperfmperf tsc_known_freq pni pclmulqdq dtes64 monitor ds_cpl vmx est tm2 ssse3 sdbg fma cx16 xtpr pdcm pcid sse4_1 sse4_2 x2apic movbe popcnt tsc_deadline_timer aes xsave avx f16c rdrand lahf_lm abm 3dnowprefetch cpuid_fault epb invpcid_single pti ssbd ibrs ibpb stibp tpr_shadow vnmi flexpriority ept vpid ept_ad fsgsbase tsc_adjust bmi1 avx2 smep bmi2 erms invpcid mpx rdseed adx smap clflushopt intel_pt xsaveopt xsavec xgetbv1 xsaves dtherm ida arat pln pts hwp hwp_notify hwp_act_window hwp_epp flush_l1d

Memory: 4k page, physical 16058740k(1154508k free), swap 0k(0k free)

vm_info: OpenJDK 64-Bit Server VM (10.0.2+13-Ubuntu-1ubuntu0.18.04.3) for linux-amd64 JRE (10.0.2+13-Ubuntu-1ubuntu0.18.04.3), built on Oct  7 2018 15:06:09 by "buildd" with gcc 7.3.0

END.
