#
# There is insufficient memory for the Java Runtime Environment to continue.
# Native memory allocation (mmap) failed to map 5637144576 bytes for committing reserved memory.
# Possible reasons:
#   The system is out of physical RAM or swap space
# Possible solutions:
#   Reduce memory load on the system
#   Increase physical memory or swap space
#   Check if swap backing store is full
#   Decrease Java heap size (-Xmx/-Xms)
#   Decrease number of Java threads
#   Decrease Java thread stack sizes (-Xss)
#   Set larger code cache with -XX:ReservedCodeCacheSize=
# This output file may be truncated or incomplete.
#
#  Out of Memory Error (os_linux.cpp:2706), pid=5616, tid=5643
#
# JRE version: OpenJDK Runtime Environment (10.0.2+13) (build 10.0.2+13-Ubuntu-1ubuntu0.18.04.3)
# Java VM: OpenJDK 64-Bit Server VM (10.0.2+13-Ubuntu-1ubuntu0.18.04.3, mixed mode, tiered, g1 gc, linux-amd64)
# Core dump will be written. Default location: Core dumps may be processed with "/usr/share/apport/apport %p %s %c %d %P" (or dumping to /home/william/Documents/phd/check_game/core.5616)
#

---------------  S U M M A R Y ------------

Command Line: -Xmx100g -Xss4M -Djava.awt.headless=true -Djava.library.path=/usr/local/prism-games-2.0.beta3-linux64/lib:/ppl prism.PrismCL -cuddmaxmem 100g -javamaxmem 100g smgKAKW_mul.prism smg_props.props -prop 1 -s -exportadvmdp tmp.tra -exportstates tmp.sta

Host: Intel(R) Core(TM) i7-8750H CPU @ 2.20GHz, 12 cores, 15G, Ubuntu 18.04.1 LTS
Time: Thu Nov 29 12:54:52 2018 GMT elapsed time: 2 seconds (0d 0h 0m 2s)

---------------  T H R E A D  ---------------

Current thread (0x00007f83c013d000):  VMThread "VM Thread" [stack: 0x00007f6989721000,0x00007f6989821000] [id=5643]

Stack: [0x00007f6989721000,0x00007f6989821000],  sp=0x00007f698981f0a0,  free space=1016k
Native frames: (J=compiled Java code, A=aot compiled Java code, j=interpreted, Vv=VM code, C=native code)
V  [libjvm.so+0xd27ea4]
V  [libjvm.so+0xd28a4b]
V  [libjvm.so+0x64d415]
V  [libjvm.so+0xb2d7c8]
V  [libjvm.so+0xb2601d]
V  [libjvm.so+0x7662ff]
V  [libjvm.so+0x76653e]
V  [libjvm.so+0x769500]
V  [libjvm.so+0x7efa1c]
V  [libjvm.so+0x7f06df]
V  [libjvm.so+0x7f0b59]
V  [libjvm.so+0x7162cf]
V  [libjvm.so+0x71a3ba]
V  [libjvm.so+0xd3a008]
V  [libjvm.so+0xd38871]
V  [libjvm.so+0xd35b3b]
V  [libjvm.so+0xd3715e]
V  [libjvm.so+0xd37588]
V  [libjvm.so+0xb33d40]

VM_Operation (0x00007f83c7eed2b0): G1IncCollectionPause, mode: safepoint, requested by thread 0x00007f83c0012000


---------------  P R O C E S S  ---------------

Threads class SMR info:
_java_thread_list=0x00007f6914000e10, length=13, elements={
0x00007f83c0012000, 0x00007f83c0146800, 0x00007f83c0148800, 0x00007f83c0152000,
0x00007f83c015c800, 0x00007f83c015e800, 0x00007f83c0160800, 0x00007f83c0162800,
0x00007f83c0164800, 0x00007f83c0210800, 0x00007f83c0229800, 0x00007f83c0649000,
0x00007f83c0662800
}

Java Threads: ( => current thread )
  0x00007f83c0012000 JavaThread "main" [_thread_blocked, id=5617, stack(0x00007f83c7aef000,0x00007f83c7ef0000)]
  0x00007f83c0146800 JavaThread "Reference Handler" daemon [_thread_blocked, id=5644, stack(0x00007f698931e000,0x00007f698971f000)]
  0x00007f83c0148800 JavaThread "Finalizer" daemon [_thread_blocked, id=5645, stack(0x00007f6988f1d000,0x00007f698931e000)]
  0x00007f83c0152000 JavaThread "Signal Dispatcher" daemon [_thread_blocked, id=5646, stack(0x00007f698814d000,0x00007f698854e000)]
  0x00007f83c015c800 JavaThread "C2 CompilerThread0" daemon [_thread_blocked, id=5647, stack(0x00007f698804c000,0x00007f698814d000)]
  0x00007f83c015e800 JavaThread "C2 CompilerThread1" daemon [_thread_blocked, id=5648, stack(0x00007f693beff000,0x00007f693c000000)]
  0x00007f83c0160800 JavaThread "C2 CompilerThread2" daemon [_thread_blocked, id=5649, stack(0x00007f693bdfe000,0x00007f693beff000)]
  0x00007f83c0162800 JavaThread "C1 CompilerThread3" daemon [_thread_blocked, id=5650, stack(0x00007f693bcfd000,0x00007f693bdfe000)]
  0x00007f83c0164800 JavaThread "Sweeper thread" daemon [_thread_blocked, id=5651, stack(0x00007f693b8fc000,0x00007f693bcfd000)]
  0x00007f83c0210800 JavaThread "Service Thread" daemon [_thread_blocked, id=5652, stack(0x00007f693b4fb000,0x00007f693b8fc000)]
  0x00007f83c0229800 JavaThread "Common-Cleaner" daemon [_thread_blocked, id=5654, stack(0x00007f693aff8000,0x00007f693b3f9000)]
  0x00007f83c0649000 JavaThread "Image Fetcher 0" daemon [_thread_blocked, id=5658, stack(0x00007f6939235000,0x00007f6939636000)]
  0x00007f83c0662800 JavaThread "Java2D Disposer" daemon [_thread_blocked, id=5659, stack(0x00007f69384b6000,0x00007f69388b7000)]

Other Threads:
=>0x00007f83c013d000 VMThread "VM Thread" [stack: 0x00007f6989721000,0x00007f6989821000] [id=5643]
  0x00007f83c0213000 WatcherThread [stack: 0x00007f693b3fb000,0x00007f693b4fb000] [id=5653]
  0x00007f83c0029800 GCTaskThread "GC Thread#0" [stack: 0x00007f83c675a000,0x00007f83c685a000] [id=5618]
  0x00007f83c002a800 GCTaskThread "GC Thread#1" [stack: 0x00007f83c6658000,0x00007f83c6758000] [id=5619]
  0x00007f83c002c800 GCTaskThread "GC Thread#2" [stack: 0x00007f83c6556000,0x00007f83c6656000] [id=5620]
  0x00007f83c002e000 GCTaskThread "GC Thread#3" [stack: 0x00007f83c6454000,0x00007f83c6554000] [id=5621]
  0x00007f83c0030000 GCTaskThread "GC Thread#4" [stack: 0x00007f83c6352000,0x00007f83c6452000] [id=5622]
  0x00007f83c0031800 GCTaskThread "GC Thread#5" [stack: 0x00007f83c6250000,0x00007f83c6350000] [id=5623]
  0x00007f83c0033000 GCTaskThread "GC Thread#6" [stack: 0x00007f83c614e000,0x00007f83c624e000] [id=5624]
  0x00007f83c0035000 GCTaskThread "GC Thread#7" [stack: 0x00007f83c604c000,0x00007f83c614c000] [id=5625]
  0x00007f83c0036800 GCTaskThread "GC Thread#8" [stack: 0x00007f83c5f4a000,0x00007f83c604a000] [id=5626]
  0x00007f83c0038800 GCTaskThread "GC Thread#9" [stack: 0x00007f83c5e48000,0x00007f83c5f48000] [id=5627]
  0x00007f83c0093800 ConcurrentGCThread "G1 Main Marker" [stack: 0x00007f83c4f46000,0x00007f83c5046000] [id=5628]
  0x00007f83c0095000 ConcurrentGCThread "G1 Conc#0" [stack: 0x00007f83c4e44000,0x00007f83c4f44000] [id=5629]
  0x00007f83c0097000 ConcurrentGCThread "G1 Conc#1" [stack: 0x00007f83c4d42000,0x00007f83c4e42000] [id=5630]
  0x00007f83c0098800 ConcurrentGCThread "G1 Conc#2" [stack: 0x00007f83c4c40000,0x00007f83c4d40000] [id=5631]
  0x00007f83c00c4000 ConcurrentGCThread "G1 Refine#0" [stack: 0x00007f83c4134000,0x00007f83c4234000] [id=5632]
  0x00007f83c00c5800 ConcurrentGCThread "G1 Refine#1" [stack: 0x00007f83c4032000,0x00007f83c4132000] [id=5633]
  0x00007f83c00c7800 ConcurrentGCThread "G1 Refine#2" [stack: 0x00007f83a4125000,0x00007f83a4225000] [id=5634]
  0x00007f83c00c9000 ConcurrentGCThread "G1 Refine#3" [stack: 0x00007f83a4023000,0x00007f83a4123000] [id=5635]
  0x00007f83c00cb000 ConcurrentGCThread "G1 Refine#4" [stack: 0x00007f698a700000,0x00007f698a800000] [id=5636]
  0x00007f83c00cc800 ConcurrentGCThread "G1 Refine#5" [stack: 0x00007f698a5fe000,0x00007f698a6fe000] [id=5637]
  0x00007f83c00ce800 ConcurrentGCThread "G1 Refine#6" [stack: 0x00007f698a4fc000,0x00007f698a5fc000] [id=5638]
  0x00007f83c00d0000 ConcurrentGCThread "G1 Refine#7" [stack: 0x00007f698a3fa000,0x00007f698a4fa000] [id=5639]
  0x00007f83c00d2000 ConcurrentGCThread "G1 Refine#8" [stack: 0x00007f698a2f8000,0x00007f698a3f8000] [id=5640]
  0x00007f83c00d3800 ConcurrentGCThread "G1 Refine#9" [stack: 0x00007f698a1f6000,0x00007f698a2f6000] [id=5641]
  0x00007f83c00d5800 ConcurrentGCThread "G1 Young RemSet Sampling" [stack: 0x00007f698a0f4000,0x00007f698a1f4000] [id=5642]

Threads with active compile tasks:
C2 CompilerThread11769 %     4       explicit.ConstructModel::constructModel @ 532 (1822 bytes)
C2 CompilerThread21766       4       parser.ast.ExpressionBinaryOp::evaluate (1023 bytes)

VM state:at safepoint (normal execution)

VM Mutex/Monitor currently owned by a thread:  ([mutex/lock_event])
[0x00007f83c000e910] Threads_lock - owner thread: 0x00007f83c013d000
[0x00007f83c000eeb0] Heap_lock - owner thread: 0x00007f83c0012000

Heap:
 garbage-first heap   total 8257536K, used 1274697K [0x00007f6a78000000, 0x00007f8378000000)
  region size 16384K, 1 young (16384K), 1 survivors (16384K)
 Metaspace       used 19347K, capacity 19585K, committed 19712K, reserved 20480K
Heap Regions: E=young(eden), S=young(survivor), O=old, HS=humongous(starts), HC=humongous(continues), CS=collection set, F=free, A=archive, TS=gc time stamp, AC=allocation context, TAMS=top-at-mark-start (previous, next)
|   0|0x00007f6a78000000, 0x00007f6a79000000, 0x00007f6a79000000|100%| O|  |TS  0|AC  0|TAMS 0x00007f6a79000000, 0x00007f6a79000000|
|   1|0x00007f6a79000000, 0x00007f6a7a000000, 0x00007f6a7a000000|100%| O|  |TS  0|AC  0|TAMS 0x00007f6a7a000000, 0x00007f6a7a000000|
|   2|0x00007f6a7a000000, 0x00007f6a7b000000, 0x00007f6a7b000000|100%| O|  |TS  0|AC  0|TAMS 0x00007f6a7b000000, 0x00007f6a7b000000|
|   3|0x00007f6a7b000000, 0x00007f6a7c000000, 0x00007f6a7c000000|100%| O|  |TS  0|AC  0|TAMS 0x00007f6a7c000000, 0x00007f6a7c000000|
|   4|0x00007f6a7c000000, 0x00007f6a7d000000, 0x00007f6a7d000000|100%| O|  |TS  0|AC  0|TAMS 0x00007f6a7d000000, 0x00007f6a7d000000|
|   5|0x00007f6a7d000000, 0x00007f6a7e000000, 0x00007f6a7e000000|100%| O|  |TS  0|AC  0|TAMS 0x00007f6a7e000000, 0x00007f6a7e000000|
|   6|0x00007f6a7e000000, 0x00007f6a7f000000, 0x00007f6a7f000000|100%| O|  |TS  0|AC  0|TAMS 0x00007f6a7f000000, 0x00007f6a7f000000|
|   7|0x00007f6a7f000000, 0x00007f6a80000000, 0x00007f6a80000000|100%| O|  |TS  1|AC  0|TAMS 0x00007f6a7f000000, 0x00007f6a7f000000|
|   8|0x00007f6a80000000, 0x00007f6a81000000, 0x00007f6a81000000|100%| O|  |TS  0|AC  0|TAMS 0x00007f6a81000000, 0x00007f6a81000000|
|   9|0x00007f6a81000000, 0x00007f6a82000000, 0x00007f6a82000000|100%| O|  |TS  0|AC  0|TAMS 0x00007f6a82000000, 0x00007f6a82000000|
|  10|0x00007f6a82000000, 0x00007f6a83000000, 0x00007f6a83000000|100%| O|  |TS  0|AC  0|TAMS 0x00007f6a83000000, 0x00007f6a83000000|
|  11|0x00007f6a83000000, 0x00007f6a84000000, 0x00007f6a84000000|100%| O|  |TS  1|AC  0|TAMS 0x00007f6a83000000, 0x00007f6a83000000|
|  12|0x00007f6a84000000, 0x00007f6a85000000, 0x00007f6a85000000|100%| O|  |TS  0|AC  0|TAMS 0x00007f6a85000000, 0x00007f6a85000000|
|  13|0x00007f6a85000000, 0x00007f6a86000000, 0x00007f6a86000000|100%| O|  |TS  0|AC  0|TAMS 0x00007f6a86000000, 0x00007f6a86000000|
|  14|0x00007f6a86000000, 0x00007f6a87000000, 0x00007f6a87000000|100%| O|  |TS  0|AC  0|TAMS 0x00007f6a87000000, 0x00007f6a87000000|
|  15|0x00007f6a87000000, 0x00007f6a88000000, 0x00007f6a88000000|100%| O|  |TS  0|AC  0|TAMS 0x00007f6a88000000, 0x00007f6a88000000|
|  16|0x00007f6a88000000, 0x00007f6a89000000, 0x00007f6a89000000|100%|HS|  |TS  0|AC  0|TAMS 0x00007f6a89000000, 0x00007f6a89000000|
|  17|0x00007f6a89000000, 0x00007f6a8a000000, 0x00007f6a8a000000|100%|HC|  |TS  0|AC  0|TAMS 0x00007f6a8a000000, 0x00007f6a8a000000|
|  18|0x00007f6a8a000000, 0x00007f6a8b000000, 0x00007f6a8b000000|100%| O|  |TS  0|AC  0|TAMS 0x00007f6a8b000000, 0x00007f6a8b000000|
|  19|0x00007f6a8b000000, 0x00007f6a8c000000, 0x00007f6a8c000000|100%| O|  |TS  0|AC  0|TAMS 0x00007f6a8c000000, 0x00007f6a8c000000|
|  20|0x00007f6a8c000000, 0x00007f6a8d000000, 0x00007f6a8d000000|100%| O|  |TS  0|AC  0|TAMS 0x00007f6a8d000000, 0x00007f6a8d000000|
|  21|0x00007f6a8d000000, 0x00007f6a8e000000, 0x00007f6a8e000000|100%| O|  |TS  0|AC  0|TAMS 0x00007f6a8e000000, 0x00007f6a8e000000|
|  22|0x00007f6a8e000000, 0x00007f6a8f000000, 0x00007f6a8f000000|100%| O|  |TS  0|AC  0|TAMS 0x00007f6a8f000000, 0x00007f6a8f000000|
|  23|0x00007f6a8f000000, 0x00007f6a90000000, 0x00007f6a90000000|100%| O|  |TS  0|AC  0|TAMS 0x00007f6a90000000, 0x00007f6a90000000|
|  24|0x00007f6a90000000, 0x00007f6a91000000, 0x00007f6a91000000|100%| O|  |TS  0|AC  0|TAMS 0x00007f6a91000000, 0x00007f6a91000000|
|  25|0x00007f6a91000000, 0x00007f6a92000000, 0x00007f6a92000000|100%| O|  |TS  0|AC  0|TAMS 0x00007f6a92000000, 0x00007f6a92000000|
|  26|0x00007f6a92000000, 0x00007f6a93000000, 0x00007f6a93000000|100%| O|  |TS  0|AC  0|TAMS 0x00007f6a926daa00, 0x00007f6a926daa00|
|  27|0x00007f6a93000000, 0x00007f6a94000000, 0x00007f6a94000000|100%|HS|  |TS  0|AC  0|TAMS 0x00007f6a93000000, 0x00007f6a93000000|
|  28|0x00007f6a94000000, 0x00007f6a95000000, 0x00007f6a95000000|100%|HC|  |TS  0|AC  0|TAMS 0x00007f6a94000000, 0x00007f6a94000000|
|  29|0x00007f6a95000000, 0x00007f6a96000000, 0x00007f6a96000000|100%| O|  |TS  0|AC  0|TAMS 0x00007f6a95000000, 0x00007f6a95000000|
|  30|0x00007f6a96000000, 0x00007f6a97000000, 0x00007f6a97000000|100%| O|  |TS  0|AC  0|TAMS 0x00007f6a96000000, 0x00007f6a96000000|
|  31|0x00007f6a97000000, 0x00007f6a98000000, 0x00007f6a98000000|100%| O|  |TS  0|AC  0|TAMS 0x00007f6a97000000, 0x00007f6a97000000|
|  32|0x00007f6a98000000, 0x00007f6a99000000, 0x00007f6a99000000|100%| O|  |TS  0|AC  0|TAMS 0x00007f6a98000000, 0x00007f6a98000000|
|  33|0x00007f6a99000000, 0x00007f6a9a000000, 0x00007f6a9a000000|100%| O|  |TS  0|AC  0|TAMS 0x00007f6a99000000, 0x00007f6a99000000|
|  34|0x00007f6a9a000000, 0x00007f6a9b000000, 0x00007f6a9b000000|100%| O|  |TS  0|AC  0|TAMS 0x00007f6a9a000000, 0x00007f6a9a000000|
|  35|0x00007f6a9b000000, 0x00007f6a9c000000, 0x00007f6a9c000000|100%| O|  |TS  0|AC  0|TAMS 0x00007f6a9b000000, 0x00007f6a9b000000|
|  36|0x00007f6a9c000000, 0x00007f6a9d000000, 0x00007f6a9d000000|100%| O|  |TS  0|AC  0|TAMS 0x00007f6a9c000000, 0x00007f6a9c000000|
|  37|0x00007f6a9d000000, 0x00007f6a9e000000, 0x00007f6a9e000000|100%| O|  |TS  0|AC  0|TAMS 0x00007f6a9d000000, 0x00007f6a9d000000|
|  38|0x00007f6a9e000000, 0x00007f6a9f000000, 0x00007f6a9f000000|100%| O|  |TS  0|AC  0|TAMS 0x00007f6a9e000000, 0x00007f6a9e000000|
|  39|0x00007f6a9f000000, 0x00007f6aa0000000, 0x00007f6aa0000000|100%| O|  |TS  1|AC  0|TAMS 0x00007f6a9f000000, 0x00007f6a9f000000|
|  40|0x00007f6aa0000000, 0x00007f6aa1000000, 0x00007f6aa1000000|100%|HS|  |TS  0|AC  0|TAMS 0x00007f6aa0000000, 0x00007f6aa0000000|
|  41|0x00007f6aa1000000, 0x00007f6aa2000000, 0x00007f6aa2000000|100%|HC|  |TS  0|AC  0|TAMS 0x00007f6aa1000000, 0x00007f6aa1000000|
|  42|0x00007f6aa2000000, 0x00007f6aa3000000, 0x00007f6aa3000000|100%|HC|  |TS  0|AC  0|TAMS 0x00007f6aa2000000, 0x00007f6aa2000000|
|  43|0x00007f6aa3000000, 0x00007f6aa4000000, 0x00007f6aa4000000|100%| O|  |TS  1|AC  0|TAMS 0x00007f6aa3000000, 0x00007f6aa3000000|
|  44|0x00007f6aa4000000, 0x00007f6aa5000000, 0x00007f6aa5000000|100%| O|  |TS  1|AC  0|TAMS 0x00007f6aa4000000, 0x00007f6aa4000000|
|  45|0x00007f6aa5000000, 0x00007f6aa6000000, 0x00007f6aa6000000|100%| O|  |TS  1|AC  0|TAMS 0x00007f6aa5000000, 0x00007f6aa5000000|
|  46|0x00007f6aa6000000, 0x00007f6aa7000000, 0x00007f6aa7000000|100%| O|  |TS  1|AC  0|TAMS 0x00007f6aa6000000, 0x00007f6aa6000000|
|  47|0x00007f6aa7000000, 0x00007f6aa8000000, 0x00007f6aa8000000|100%| O|  |TS  1|AC  0|TAMS 0x00007f6aa7000000, 0x00007f6aa7000000|
|  48|0x00007f6aa8000000, 0x00007f6aa9000000, 0x00007f6aa9000000|100%| O|  |TS  1|AC  0|TAMS 0x00007f6aa8000000, 0x00007f6aa8000000|
|  49|0x00007f6aa9000000, 0x00007f6aaa000000, 0x00007f6aaa000000|100%| O|  |TS  2|AC  0|TAMS 0x00007f6aa9000000, 0x00007f6aa9000000|
|  50|0x00007f6aaa000000, 0x00007f6aab000000, 0x00007f6aab000000|100%|HS|  |TS  0|AC  0|TAMS 0x00007f6aaa000000, 0x00007f6aaa000000|
|  51|0x00007f6aab000000, 0x00007f6aac000000, 0x00007f6aac000000|100%|HC|  |TS  1|AC  0|TAMS 0x00007f6aab000000, 0x00007f6aab000000|
|  52|0x00007f6aac000000, 0x00007f6aad000000, 0x00007f6aad000000|100%|HC|  |TS  0|AC  0|TAMS 0x00007f6aac000000, 0x00007f6aac000000|
|  53|0x00007f6aad000000, 0x00007f6aae000000, 0x00007f6aae000000|100%|HC|  |TS  0|AC  0|TAMS 0x00007f6aad000000, 0x00007f6aad000000|
|  54|0x00007f6aae000000, 0x00007f6aaf000000, 0x00007f6aaf000000|100%|HC|  |TS  0|AC  0|TAMS 0x00007f6aae000000, 0x00007f6aae000000|
|  55|0x00007f6aaf000000, 0x00007f6ab0000000, 0x00007f6ab0000000|100%| O|  |TS  2|AC  0|TAMS 0x00007f6aaf000000, 0x00007f6aaf000000|
|  56|0x00007f6ab0000000, 0x00007f6ab1000000, 0x00007f6ab1000000|100%| O|  |TS  2|AC  0|TAMS 0x00007f6ab0000000, 0x00007f6ab0000000|
|  57|0x00007f6ab1000000, 0x00007f6ab2000000, 0x00007f6ab2000000|100%| O|  |TS  2|AC  0|TAMS 0x00007f6ab1000000, 0x00007f6ab1000000|
|  58|0x00007f6ab2000000, 0x00007f6ab3000000, 0x00007f6ab3000000|100%| O|  |TS  2|AC  0|TAMS 0x00007f6ab2000000, 0x00007f6ab2000000|
|  59|0x00007f6ab3000000, 0x00007f6ab4000000, 0x00007f6ab4000000|100%| O|  |TS  2|AC  0|TAMS 0x00007f6ab3000000, 0x00007f6ab3000000|
|  60|0x00007f6ab4000000, 0x00007f6ab5000000, 0x00007f6ab5000000|100%| O|  |TS  2|AC  0|TAMS 0x00007f6ab4000000, 0x00007f6ab4000000|
|  61|0x00007f6ab5000000, 0x00007f6ab6000000, 0x00007f6ab6000000|100%| O|  |TS  2|AC  0|TAMS 0x00007f6ab5000000, 0x00007f6ab5000000|
|  62|0x00007f6ab6000000, 0x00007f6ab7000000, 0x00007f6ab7000000|100%| O|  |TS  2|AC  0|TAMS 0x00007f6ab6000000, 0x00007f6ab6000000|
|  63|0x00007f6ab7000000, 0x00007f6ab8000000, 0x00007f6ab8000000|100%| O|  |TS  2|AC  0|TAMS 0x00007f6ab7000000, 0x00007f6ab7000000|
|  64|0x00007f6ab8000000, 0x00007f6ab9000000, 0x00007f6ab9000000|100%| O|  |TS  2|AC  0|TAMS 0x00007f6ab8000000, 0x00007f6ab8000000|
|  65|0x00007f6ab9000000, 0x00007f6aba000000, 0x00007f6aba000000|100%| O|  |TS  2|AC  0|TAMS 0x00007f6ab9000000, 0x00007f6ab9000000|
|  66|0x00007f6aba000000, 0x00007f6abb000000, 0x00007f6abb000000|100%| O|  |TS  2|AC  0|TAMS 0x00007f6aba000000, 0x00007f6aba000000|
|  67|0x00007f6abb000000, 0x00007f6abc000000, 0x00007f6abc000000|100%| O|  |TS  3|AC  0|TAMS 0x00007f6abb000000, 0x00007f6abb000000|
|  68|0x00007f6abc000000, 0x00007f6abd000000, 0x00007f6abd000000|100%| O|  |TS  3|AC  0|TAMS 0x00007f6abc000000, 0x00007f6abc000000|
|  69|0x00007f6abd000000, 0x00007f6abe000000, 0x00007f6abe000000|100%| O|  |TS  3|AC  0|TAMS 0x00007f6abd000000, 0x00007f6abd000000|
|  70|0x00007f6abe000000, 0x00007f6abf000000, 0x00007f6abf000000|100%| O|  |TS  3|AC  0|TAMS 0x00007f6abe000000, 0x00007f6abe000000|
|  71|0x00007f6abf000000, 0x00007f6ac0000000, 0x00007f6ac0000000|100%| O|  |TS  3|AC  0|TAMS 0x00007f6abf000000, 0x00007f6abf000000|
|  72|0x00007f6ac0000000, 0x00007f6ac1000000, 0x00007f6ac1000000|100%| O|  |TS  3|AC  0|TAMS 0x00007f6ac0000000, 0x00007f6ac0000000|
|  73|0x00007f6ac1000000, 0x00007f6ac2000000, 0x00007f6ac2000000|100%| O|  |TS  3|AC  0|TAMS 0x00007f6ac1000000, 0x00007f6ac1000000|
|  74|0x00007f6ac2000000, 0x00007f6ac3000000, 0x00007f6ac3000000|100%| O|  |TS  4|AC  0|TAMS 0x00007f6ac2000000, 0x00007f6ac2000000|
|  75|0x00007f6ac3000000, 0x00007f6ac4000000, 0x00007f6ac4000000|100%| O|  |TS  4|AC  0|TAMS 0x00007f6ac3000000, 0x00007f6ac3000000|
|  76|0x00007f6ac4000000, 0x00007f6ac5000000, 0x00007f6ac5000000|100%| O|  |TS  4|AC  0|TAMS 0x00007f6ac4000000, 0x00007f6ac4000000|
|  77|0x00007f6ac5000000, 0x00007f6ac571b600, 0x00007f6ac6000000| 44%| O|  |TS  4|AC  0|TAMS 0x00007f6ac5000000, 0x00007f6ac5000000|
|  78|0x00007f6ac6000000, 0x00007f6ac6000000, 0x00007f6ac7000000|  0%| F|  |TS  0|AC  0|TAMS 0x00007f6ac6000000, 0x00007f6ac6000000|
|  79|0x00007f6ac7000000, 0x00007f6ac7000000, 0x00007f6ac8000000|  0%| F|  |TS  0|AC  0|TAMS 0x00007f6ac7000000, 0x00007f6ac7000000|
|  80|0x00007f6ac8000000, 0x00007f6ac8000000, 0x00007f6ac9000000|  0%| F|  |TS  0|AC  0|TAMS 0x00007f6ac8000000, 0x00007f6ac8000000|
|  81|0x00007f6ac9000000, 0x00007f6ac9000000, 0x00007f6aca000000|  0%| F|  |TS  0|AC  0|TAMS 0x00007f6ac9000000, 0x00007f6ac9000000|
|  82|0x00007f6aca000000, 0x00007f6aca000000, 0x00007f6acb000000|  0%| F|  |TS  0|AC  0|TAMS 0x00007f6aca000000, 0x00007f6aca000000|
|  83|0x00007f6acb000000, 0x00007f6acb000000, 0x00007f6acc000000|  0%| F|  |TS  0|AC  0|TAMS 0x00007f6acb000000, 0x00007f6acb000000|
|  84|0x00007f6acc000000, 0x00007f6acc000000, 0x00007f6acd000000|  0%| F|  |TS  0|AC  0|TAMS 0x00007f6acc000000, 0x00007f6acc000000|
|  85|0x00007f6acd000000, 0x00007f6acd000000, 0x00007f6ace000000|  0%| F|  |TS  0|AC  0|TAMS 0x00007f6acd000000, 0x00007f6acd000000|
|  86|0x00007f6ace000000, 0x00007f6ace000000, 0x00007f6acf000000|  0%| F|  |TS  0|AC  0|TAMS 0x00007f6ace000000, 0x00007f6ace000000|
|  87|0x00007f6acf000000, 0x00007f6acf000000, 0x00007f6ad0000000|  0%| F|  |TS  0|AC  0|TAMS 0x00007f6acf000000, 0x00007f6acf000000|
|  88|0x00007f6ad0000000, 0x00007f6ad0000000, 0x00007f6ad1000000|  0%| F|  |TS  0|AC  0|TAMS 0x00007f6ad0000000, 0x00007f6ad0000000|
|  89|0x00007f6ad1000000, 0x00007f6ad1000000, 0x00007f6ad2000000|  0%| F|  |TS  0|AC  0|TAMS 0x00007f6ad1000000, 0x00007f6ad1000000|
|  90|0x00007f6ad2000000, 0x00007f6ad2000000, 0x00007f6ad3000000|  0%| F|  |TS  0|AC  0|TAMS 0x00007f6ad2000000, 0x00007f6ad2000000|
|  91|0x00007f6ad3000000, 0x00007f6ad3000000, 0x00007f6ad4000000|  0%| F|  |TS  0|AC  0|TAMS 0x00007f6ad3000000, 0x00007f6ad3000000|
|  92|0x00007f6ad4000000, 0x00007f6ad4000000, 0x00007f6ad5000000|  0%| F|  |TS  0|AC  0|TAMS 0x00007f6ad4000000, 0x00007f6ad4000000|
|  93|0x00007f6ad5000000, 0x00007f6ad5000000, 0x00007f6ad6000000|  0%| F|  |TS  0|AC  0|TAMS 0x00007f6ad5000000, 0x00007f6ad5000000|
|  94|0x00007f6ad6000000, 0x00007f6ad6000000, 0x00007f6ad7000000|  0%| F|  |TS  0|AC  0|TAMS 0x00007f6ad6000000, 0x00007f6ad6000000|
|  95|0x00007f6ad7000000, 0x00007f6ad7000000, 0x00007f6ad8000000|  0%| F|  |TS  0|AC  0|TAMS 0x00007f6ad7000000, 0x00007f6ad7000000|
|  96|0x00007f6ad8000000, 0x00007f6ad8000000, 0x00007f6ad9000000|  0%| F|  |TS  0|AC  0|TAMS 0x00007f6ad8000000, 0x00007f6ad8000000|
|  97|0x00007f6ad9000000, 0x00007f6ad9000000, 0x00007f6ada000000|  0%| F|  |TS  0|AC  0|TAMS 0x00007f6ad9000000, 0x00007f6ad9000000|
|  98|0x00007f6ada000000, 0x00007f6ada000000, 0x00007f6adb000000|  0%| F|  |TS  0|AC  0|TAMS 0x00007f6ada000000, 0x00007f6ada000000|
|  99|0x00007f6adb000000, 0x00007f6adb000000, 0x00007f6adc000000|  0%| F|  |TS  0|AC  0|TAMS 0x00007f6adb000000, 0x00007f6adb000000|
| 100|0x00007f6adc000000, 0x00007f6adc000000, 0x00007f6add000000|  0%| F|  |TS  0|AC  0|TAMS 0x00007f6adc000000, 0x00007f6adc000000|
| 101|0x00007f6add000000, 0x00007f6add000000, 0x00007f6ade000000|  0%| F|  |TS  0|AC  0|TAMS 0x00007f6add000000, 0x00007f6add000000|
| 102|0x00007f6ade000000, 0x00007f6ade000000, 0x00007f6adf000000|  0%| F|  |TS  0|AC  0|TAMS 0x00007f6ade000000, 0x00007f6ade000000|
| 103|0x00007f6adf000000, 0x00007f6adf000000, 0x00007f6ae0000000|  0%| F|  |TS  0|AC  0|TAMS 0x00007f6adf000000, 0x00007f6adf000000|
| 104|0x00007f6ae0000000, 0x00007f6ae0000000, 0x00007f6ae1000000|  0%| F|  |TS  0|AC  0|TAMS 0x00007f6ae0000000, 0x00007f6ae0000000|
| 105|0x00007f6ae1000000, 0x00007f6ae1000000, 0x00007f6ae2000000|  0%| F|  |TS  0|AC  0|TAMS 0x00007f6ae1000000, 0x00007f6ae1000000|
| 106|0x00007f6ae2000000, 0x00007f6ae2000000, 0x00007f6ae3000000|  0%| F|  |TS  0|AC  0|TAMS 0x00007f6ae2000000, 0x00007f6ae2000000|
| 107|0x00007f6ae3000000, 0x00007f6ae3000000, 0x00007f6ae4000000|  0%| F|  |TS  0|AC  0|TAMS 0x00007f6ae3000000, 0x00007f6ae3000000|
| 108|0x00007f6ae4000000, 0x00007f6ae4000000, 0x00007f6ae5000000|  0%| F|  |TS  0|AC  0|TAMS 0x00007f6ae4000000, 0x00007f6ae4000000|
| 109|0x00007f6ae5000000, 0x00007f6ae5000000, 0x00007f6ae6000000|  0%| F|  |TS  0|AC  0|TAMS 0x00007f6ae5000000, 0x00007f6ae5000000|
| 110|0x00007f6ae6000000, 0x00007f6ae6000000, 0x00007f6ae7000000|  0%| F|  |TS  0|AC  0|TAMS 0x00007f6ae6000000, 0x00007f6ae6000000|
| 111|0x00007f6ae7000000, 0x00007f6ae7000000, 0x00007f6ae8000000|  0%| F|  |TS  0|AC  0|TAMS 0x00007f6ae7000000, 0x00007f6ae7000000|
| 112|0x00007f6ae8000000, 0x00007f6ae8000000, 0x00007f6ae9000000|  0%| F|  |TS  0|AC  0|TAMS 0x00007f6ae8000000, 0x00007f6ae8000000|
| 113|0x00007f6ae9000000, 0x00007f6ae9000000, 0x00007f6aea000000|  0%| F|  |TS  0|AC  0|TAMS 0x00007f6ae9000000, 0x00007f6ae9000000|
| 114|0x00007f6aea000000, 0x00007f6aea000000, 0x00007f6aeb000000|  0%| F|  |TS  0|AC  0|TAMS 0x00007f6aea000000, 0x00007f6aea000000|
| 115|0x00007f6aeb000000, 0x00007f6aeb000000, 0x00007f6aec000000|  0%| F|  |TS  0|AC  0|TAMS 0x00007f6aeb000000, 0x00007f6aeb000000|
| 116|0x00007f6aec000000, 0x00007f6aec000000, 0x00007f6aed000000|  0%| F|  |TS  0|AC  0|TAMS 0x00007f6aec000000, 0x00007f6aec000000|
| 117|0x00007f6aed000000, 0x00007f6aed000000, 0x00007f6aee000000|  0%| F|  |TS  0|AC  0|TAMS 0x00007f6aed000000, 0x00007f6aed000000|
| 118|0x00007f6aee000000, 0x00007f6aee000000, 0x00007f6aef000000|  0%| F|  |TS  0|AC  0|TAMS 0x00007f6aee000000, 0x00007f6aee000000|
| 119|0x00007f6aef000000, 0x00007f6aef000000, 0x00007f6af0000000|  0%| F|  |TS  0|AC  0|TAMS 0x00007f6aef000000, 0x00007f6aef000000|
| 120|0x00007f6af0000000, 0x00007f6af0000000, 0x00007f6af1000000|  0%| F|  |TS  0|AC  0|TAMS 0x00007f6af0000000, 0x00007f6af0000000|
| 121|0x00007f6af1000000, 0x00007f6af1000000, 0x00007f6af2000000|  0%| F|  |TS  0|AC  0|TAMS 0x00007f6af1000000, 0x00007f6af1000000|
| 122|0x00007f6af2000000, 0x00007f6af2000000, 0x00007f6af3000000|  0%| F|  |TS  0|AC  0|TAMS 0x00007f6af2000000, 0x00007f6af2000000|
| 123|0x00007f6af3000000, 0x00007f6af3000000, 0x00007f6af4000000|  0%| F|  |TS  0|AC  0|TAMS 0x00007f6af3000000, 0x00007f6af3000000|
| 124|0x00007f6af4000000, 0x00007f6af4000000, 0x00007f6af5000000|  0%| F|  |TS  0|AC  0|TAMS 0x00007f6af4000000, 0x00007f6af4000000|
| 125|0x00007f6af5000000, 0x00007f6af5000000, 0x00007f6af6000000|  0%| F|  |TS  0|AC  0|TAMS 0x00007f6af5000000, 0x00007f6af5000000|
| 126|0x00007f6af6000000, 0x00007f6af6000000, 0x00007f6af7000000|  0%| F|  |TS  0|AC  0|TAMS 0x00007f6af6000000, 0x00007f6af6000000|
| 127|0x00007f6af7000000, 0x00007f6af7000000, 0x00007f6af8000000|  0%| F|  |TS  0|AC  0|TAMS 0x00007f6af7000000, 0x00007f6af7000000|
| 128|0x00007f6af8000000, 0x00007f6af8000000, 0x00007f6af9000000|  0%| F|  |TS  0|AC  0|TAMS 0x00007f6af8000000, 0x00007f6af8000000|
| 129|0x00007f6af9000000, 0x00007f6af9000000, 0x00007f6afa000000|  0%| F|  |TS  0|AC  0|TAMS 0x00007f6af9000000, 0x00007f6af9000000|
| 130|0x00007f6afa000000, 0x00007f6afa000000, 0x00007f6afb000000|  0%| F|  |TS  0|AC  0|TAMS 0x00007f6afa000000, 0x00007f6afa000000|
| 131|0x00007f6afb000000, 0x00007f6afb000000, 0x00007f6afc000000|  0%| F|  |TS  0|AC  0|TAMS 0x00007f6afb000000, 0x00007f6afb000000|
| 132|0x00007f6afc000000, 0x00007f6afc000000, 0x00007f6afd000000|  0%| F|  |TS  0|AC  0|TAMS 0x00007f6afc000000, 0x00007f6afc000000|
| 133|0x00007f6afd000000, 0x00007f6afd000000, 0x00007f6afe000000|  0%| F|  |TS  0|AC  0|TAMS 0x00007f6afd000000, 0x00007f6afd000000|
| 134|0x00007f6afe000000, 0x00007f6afe000000, 0x00007f6aff000000|  0%| F|  |TS  0|AC  0|TAMS 0x00007f6afe000000, 0x00007f6afe000000|
| 135|0x00007f6aff000000, 0x00007f6aff000000, 0x00007f6b00000000|  0%| F|  |TS  0|AC  0|TAMS 0x00007f6aff000000, 0x00007f6aff000000|
| 136|0x00007f6b00000000, 0x00007f6b00000000, 0x00007f6b01000000|  0%| F|  |TS  0|AC  0|TAMS 0x00007f6b00000000, 0x00007f6b00000000|
| 137|0x00007f6b01000000, 0x00007f6b01000000, 0x00007f6b02000000|  0%| F|  |TS  0|AC  0|TAMS 0x00007f6b01000000, 0x00007f6b01000000|
| 138|0x00007f6b02000000, 0x00007f6b02000000, 0x00007f6b03000000|  0%| F|  |TS  0|AC  0|TAMS 0x00007f6b02000000, 0x00007f6b02000000|
| 139|0x00007f6b03000000, 0x00007f6b03000000, 0x00007f6b04000000|  0%| F|  |TS  0|AC  0|TAMS 0x00007f6b03000000, 0x00007f6b03000000|
| 140|0x00007f6b04000000, 0x00007f6b04000000, 0x00007f6b05000000|  0%| F|  |TS  0|AC  0|TAMS 0x00007f6b04000000, 0x00007f6b04000000|
| 141|0x00007f6b05000000, 0x00007f6b05000000, 0x00007f6b06000000|  0%| F|  |TS  0|AC  0|TAMS 0x00007f6b05000000, 0x00007f6b05000000|
| 142|0x00007f6b06000000, 0x00007f6b06000000, 0x00007f6b07000000|  0%| F|  |TS  0|AC  0|TAMS 0x00007f6b06000000, 0x00007f6b06000000|
| 143|0x00007f6b07000000, 0x00007f6b07000000, 0x00007f6b08000000|  0%| F|  |TS  0|AC  0|TAMS 0x00007f6b07000000, 0x00007f6b07000000|
| 144|0x00007f6b08000000, 0x00007f6b08000000, 0x00007f6b09000000|  0%| F|  |TS  0|AC  0|TAMS 0x00007f6b08000000, 0x00007f6b08000000|
| 145|0x00007f6b09000000, 0x00007f6b09000000, 0x00007f6b0a000000|  0%| F|  |TS  0|AC  0|TAMS 0x00007f6b09000000, 0x00007f6b09000000|
| 146|0x00007f6b0a000000, 0x00007f6b0a000000, 0x00007f6b0b000000|  0%| F|  |TS  0|AC  0|TAMS 0x00007f6b0a000000, 0x00007f6b0a000000|
| 147|0x00007f6b0b000000, 0x00007f6b0b000000, 0x00007f6b0c000000|  0%| F|  |TS  0|AC  0|TAMS 0x00007f6b0b000000, 0x00007f6b0b000000|
| 148|0x00007f6b0c000000, 0x00007f6b0c000000, 0x00007f6b0d000000|  0%| F|  |TS  0|AC  0|TAMS 0x00007f6b0c000000, 0x00007f6b0c000000|
| 149|0x00007f6b0d000000, 0x00007f6b0d000000, 0x00007f6b0e000000|  0%| F|  |TS  0|AC  0|TAMS 0x00007f6b0d000000, 0x00007f6b0d000000|
| 150|0x00007f6b0e000000, 0x00007f6b0e5b6e78, 0x00007f6b0f000000| 35%| S|CS|TS  4|AC  0|TAMS 0x00007f6b0e000000, 0x00007f6b0e000000|
| 151|0x00007f6b0f000000, 0x00007f6b0f000000, 0x00007f6b10000000|  0%| F|  |TS  4|AC  0|TAMS 0x00007f6b0f000000, 0x00007f6b0f000000|
| 152|0x00007f6b10000000, 0x00007f6b10000000, 0x00007f6b11000000|  0%| F|  |TS  4|AC  0|TAMS 0x00007f6b10000000, 0x00007f6b10000000|
| 153|0x00007f6b11000000, 0x00007f6b11000000, 0x00007f6b12000000|  0%| F|  |TS  4|AC  0|TAMS 0x00007f6b11000000, 0x00007f6b11000000|
| 154|0x00007f6b12000000, 0x00007f6b12000000, 0x00007f6b13000000|  0%| F|  |TS  4|AC  0|TAMS 0x00007f6b12000000, 0x00007f6b12000000|
| 155|0x00007f6b13000000, 0x00007f6b13000000, 0x00007f6b14000000|  0%| F|  |TS  4|AC  0|TAMS 0x00007f6b13000000, 0x00007f6b13000000|
| 156|0x00007f6b14000000, 0x00007f6b14000000, 0x00007f6b15000000|  0%| F|  |TS  4|AC  0|TAMS 0x00007f6b14000000, 0x00007f6b14000000|
| 157|0x00007f6b15000000, 0x00007f6b15000000, 0x00007f6b16000000|  0%| F|  |TS  4|AC  0|TAMS 0x00007f6b15000000, 0x00007f6b15000000|
| 158|0x00007f6b16000000, 0x00007f6b16000000, 0x00007f6b17000000|  0%| F|  |TS  4|AC  0|TAMS 0x00007f6b16000000, 0x00007f6b16000000|
| 159|0x00007f6b17000000, 0x00007f6b17000000, 0x00007f6b18000000|  0%| F|  |TS  4|AC  0|TAMS 0x00007f6b17000000, 0x00007f6b17000000|
| 160|0x00007f6b18000000, 0x00007f6b18000000, 0x00007f6b19000000|  0%| F|  |TS  4|AC  0|TAMS 0x00007f6b18000000, 0x00007f6b18000000|
| 161|0x00007f6b19000000, 0x00007f6b19000000, 0x00007f6b1a000000|  0%| F|  |TS  4|AC  0|TAMS 0x00007f6b19000000, 0x00007f6b19000000|
| 162|0x00007f6b1a000000, 0x00007f6b1a000000, 0x00007f6b1b000000|  0%| F|  |TS  4|AC  0|TAMS 0x00007f6b1a000000, 0x00007f6b1a000000|
| 163|0x00007f6b1b000000, 0x00007f6b1b000000, 0x00007f6b1c000000|  0%| F|  |TS  4|AC  0|TAMS 0x00007f6b1b000000, 0x00007f6b1b000000|
| 164|0x00007f6b1c000000, 0x00007f6b1c000000, 0x00007f6b1d000000|  0%| F|  |TS  4|AC  0|TAMS 0x00007f6b1c000000, 0x00007f6b1c000000|
| 165|0x00007f6b1d000000, 0x00007f6b1d000000, 0x00007f6b1e000000|  0%| F|  |TS  4|AC  0|TAMS 0x00007f6b1d000000, 0x00007f6b1d000000|
| 166|0x00007f6b1e000000, 0x00007f6b1e000000, 0x00007f6b1f000000|  0%| F|  |TS  4|AC  0|TAMS 0x00007f6b1e000000, 0x00007f6b1e000000|
| 167|0x00007f6b1f000000, 0x00007f6b1f000000, 0x00007f6b20000000|  0%| F|  |TS  4|AC  0|TAMS 0x00007f6b1f000000, 0x00007f6b1f000000|

Card table byte_map: [0x00007f6a5f000000,0x00007f6a6b800000] byte_map_base: 0x00007f2aa9c40000

Marking Bits (Prev, Next): (CMBitMap*) 0x00007f83c0092a78, (CMBitMap*) 0x00007f83c0092a40
 Prev Bits: [0x00007f698a800000, 0x00007f69ee800000)
 Next Bits: [0x00007f69ee800000, 0x00007f6a52800000)

Polling page: 0x00007f83ca975000

CodeHeap 'non-profiled nmethods': size=120032Kb used=792Kb max_used=792Kb free=119239Kb
 bounds [0x00007f83af5ed000, 0x00007f83af85d000, 0x00007f83b6b25000]
CodeHeap 'profiled nmethods': size=120028Kb used=3647Kb max_used=3647Kb free=116380Kb
 bounds [0x00007f83a80b6000, 0x00007f83a8446000, 0x00007f83af5ed000]
CodeHeap 'non-nmethods': size=5700Kb used=1225Kb max_used=1248Kb free=4474Kb
 bounds [0x00007f83a7b25000, 0x00007f83a7d95000, 0x00007f83a80b6000]
 total_blobs=2790 nmethods=1766 adapters=543
 compilation: enabled

Compilation events (10 events):
Event: 2.178 Thread 0x00007f83c0162800 1764       3       parser.ast.ExpressionBinaryOp::evaluate (1023 bytes)
Event: 2.182 Thread 0x00007f83c0162800 nmethod 1764 0x00007f83a841ad90 code [0x00007f83a841bca0, 0x00007f83a84283e8]
Event: 2.182 Thread 0x00007f83c0162800 1765       2       parser.ast.Expression::evaluateDouble (71 bytes)
Event: 2.182 Thread 0x00007f83c0160800 1766       4       parser.ast.ExpressionBinaryOp::evaluate (1023 bytes)
Event: 2.182 Thread 0x00007f83c0162800 nmethod 1765 0x00007f83a842b810 code [0x00007f83a842ba20, 0x00007f83a842be18]
Event: 2.182 Thread 0x00007f83c0162800 1767 %     3       explicit.ConstructModel::constructModel @ 532 (1822 bytes)
Event: 2.182 Thread 0x00007f83c015c800 1768       4       parser.ast.Expression::evaluateDouble (71 bytes)
Event: 2.185 Thread 0x00007f83c015c800 nmethod 1768 0x00007f83af6b2c10 code [0x00007f83af6b2de0, 0x00007f83af6b2ff8]
Event: 2.202 Thread 0x00007f83c0162800 nmethod 1767% 0x00007f83a842c010 code [0x00007f83a842daa0, 0x00007f83a843ed48]
Event: 2.223 Thread 0x00007f83c015e800 1769 %     4       explicit.ConstructModel::constructModel @ 532 (1822 bytes)

GC Heap History (10 events):
Event: 1.342 GC heap after
{Heap after GC invocations=12 (full 0):
 garbage-first heap   total 917504K, used 585985K [0x00007f6a78000000, 0x00007f8378000000)
  region size 16384K, 1 young (16384K), 1 survivors (16384K)
 Metaspace       used 19267K, capacity 19457K, committed 19712K, reserved 20480K
}
Event: 1.391 GC heap before
{Heap before GC invocations=12 (full 0):
 garbage-first heap   total 917504K, used 651521K [0x00007f6a78000000, 0x00007f8378000000)
  region size 16384K, 5 young (81920K), 1 survivors (16384K)
 Metaspace       used 19267K, capacity 19457K, committed 19712K, reserved 20480K
}
Event: 1.414 GC heap after
{Heap after GC invocations=13 (full 0):
 garbage-first heap   total 2752512K, used 660506K [0x00007f6a78000000, 0x00007f8378000000)
  region size 16384K, 1 young (16384K), 1 survivors (16384K)
 Metaspace       used 19267K, capacity 19457K, committed 19712K, reserved 20480K
}
Event: 1.583 GC heap before
{Heap before GC invocations=14 (full 0):
 garbage-first heap   total 2752512K, used 840730K [0x00007f6a78000000, 0x00007f8378000000)
  region size 16384K, 11 young (180224K), 1 survivors (16384K)
 Metaspace       used 19267K, capacity 19457K, committed 19712K, reserved 20480K
}
Event: 1.640 GC heap after
{Heap after GC invocations=15 (full 0):
 garbage-first heap   total 2752512K, used 846875K [0x00007f6a78000000, 0x00007f8378000000)
  region size 16384K, 2 young (32768K), 2 survivors (32768K)
 Metaspace       used 19267K, capacity 19457K, committed 19712K, reserved 20480K
}
Event: 1.783 GC heap before
{Heap before GC invocations=15 (full 0):
 garbage-first heap   total 2752512K, used 1125403K [0x00007f6a78000000, 0x00007f8378000000)
  region size 16384K, 14 young (229376K), 2 survivors (32768K)
 Metaspace       used 19267K, capacity 19457K, committed 19712K, reserved 20480K
}
Event: 1.874 GC heap after
{Heap after GC invocations=16 (full 0):
 garbage-first heap   total 2752512K, used 1140753K [0x00007f6a78000000, 0x00007f8378000000)
  region size 16384K, 2 young (32768K), 2 survivors (32768K)
 Metaspace       used 19267K, capacity 19457K, committed 19712K, reserved 20480K
}
Event: 2.055 GC heap before
{Heap before GC invocations=16 (full 0):
 garbage-first heap   total 2752512K, used 1353745K [0x00007f6a78000000, 0x00007f8378000000)
  region size 16384K, 15 young (245760K), 2 survivors (32768K)
 Metaspace       used 19347K, capacity 19585K, committed 19712K, reserved 20480K
}
Event: 2.109 GC heap after
{Heap after GC invocations=17 (full 0):
 garbage-first heap   total 2752512K, used 1255926K [0x00007f6a78000000, 0x00007f8378000000)
  region size 16384K, 2 young (32768K), 2 survivors (32768K)
 Metaspace       used 19347K, capacity 19585K, committed 19712K, reserved 20480K
}
Event: 2.225 GC heap before
{Heap before GC invocations=17 (full 0):
 garbage-first heap   total 2752512K, used 1501686K [0x00007f6a78000000, 0x00007f8378000000)
  region size 16384K, 17 young (278528K), 2 survivors (32768K)
 Metaspace       used 19347K, capacity 19585K, committed 19712K, reserved 20480K
}

Deoptimization events (10 events):
Event: 0.428 Thread 0x00007f83c0012000 Uncommon trap: reason=unstable_if action=reinterpret pc=0x00007f83af5ef768 method=java.lang.String.isLatin1()Z @ 10 c2
Event: 0.429 Thread 0x00007f83c0012000 Uncommon trap: reason=unstable_if action=reinterpret pc=0x00007f83af617fa4 method=jdk.internal.org.objectweb.asm.Type.getArgumentsAndReturnSizes(Ljava/lang/String;)I @ 88 c2
Event: 0.853 Thread 0x00007f83c0012000 Uncommon trap: reason=unstable_if action=reinterpret pc=0x00007f83af69d640 method=parser.VarList.getAllStates()Ljava/util/List; @ 173 c2
Event: 0.959 Thread 0x00007f83c0012000 Uncommon trap: reason=unstable_if action=reinterpret pc=0x00007f83af69fc28 method=parser.VarList.getAllStates()Ljava/util/List; @ 67 c2
Event: 1.979 Thread 0x00007f83c0012000 Uncommon trap: reason=unstable_if action=reinterpret pc=0x00007f83af6a7fec method=parser.ast.ExpressionBinaryOp.evaluate(Lparser/EvaluateContext;)Ljava/lang/Object; @ 223 c2
Event: 2.177 Thread 0x00007f83c0012000 Uncommon trap: reason=unstable_if action=reinterpret pc=0x00007f83af6ae2f4 method=parser.ast.Expression.evaluateDouble(Lparser/EvaluateContext;)D @ 51 c2
Event: 2.177 Thread 0x00007f83c0012000 Uncommon trap: reason=speculate_class_check action=maybe_recompile pc=0x00007f83af6ae298 method=parser.ast.Expression.evaluateBoolean(Lparser/EvaluateContext;)Z @ 2 c2
Event: 2.177 Thread 0x00007f83c0012000 Uncommon trap: reason=unstable_if action=reinterpret pc=0x00007f83af6a4b60 method=parser.ast.Expression.evaluateDouble(Lparser/EvaluateContext;)D @ 51 c2
Event: 2.177 Thread 0x00007f83c0012000 Uncommon trap: reason=speculate_class_check action=maybe_recompile pc=0x00007f83af6ae298 method=parser.ast.Expression.evaluateBoolean(Lparser/EvaluateContext;)Z @ 2 c2
Event: 2.177 Thread 0x00007f83c0012000 Uncommon trap: reason=unstable_if action=reinterpret pc=0x00007f83af6b222c method=explicit.ConstructModel.constructModel(Lparser/ast/ModulesFile;ZZZZ[Z)Lexplicit/Model; @ 565 c2

Classes redefined (0 events):
No events

Internal exceptions (10 events):
Event: 0.331 Thread 0x00007f83c0012000 Exception <a 'java/lang/NoSuchMethodError'{0x00007f6a87176628}: java.lang.invoke.DirectMethodHandle$Holder.invokeStatic(Ljava/lang/Object;Ljava/lang/Object;Ljava/lang/Object;Ljava/lang/Object;Ljava/lang/Object;Ljava/lang/Object;Ljava/lang/Object;Ljava/lan
Event: 0.332 Thread 0x00007f83c0012000 Exception <a 'java/lang/NoSuchMethodError'{0x00007f6a871a4378}: java.lang.invoke.DirectMethodHandle$Holder.invokeStatic(Ljava/lang/Object;Ljava/lang/Object;Ljava/lang/Object;Ljava/lang/Object;Ljava/lang/Object;Ljava/lang/Object;Ljava/lang/Object;Ljava/lan
Event: 0.333 Thread 0x00007f83c0012000 Exception <a 'java/lang/NoSuchMethodError'{0x00007f6a871d43d8}: method resolution failed> (0x00007f6a871d43d8) thrown at [/build/openjdk-lts-HXybSI/openjdk-lts-10.0.2+13/src/hotspot/share/prims/methodHandles.cpp, line 1226]
Event: 0.336 Thread 0x00007f83c0012000 Exception <a 'java/lang/NoSuchMethodError'{0x00007f6a872c3068}: java.lang.invoke.DirectMethodHandle$Holder.invokeSpecial(Ljava/lang/Object;Ljava/lang/Object;IILjava/lang/Object;Ljava/lang/Object;Ljava/lang/Object;Ljava/lang/Object;)Ljava/lang/Object;> (0x
Event: 0.336 Thread 0x00007f83c0012000 Exception <a 'java/lang/NoSuchMethodError'{0x00007f6a872c7df0}: java.lang.invoke.DelegatingMethodHandle$Holder.reinvoke_L(Ljava/lang/Object;IILjava/lang/Object;Ljava/lang/Object;Ljava/lang/Object;Ljava/lang/Object;)Ljava/lang/Object;> (0x00007f6a872c7df0)
Event: 0.349 Thread 0x00007f83c0012000 Exception <a 'java/lang/NoSuchMethodError'{0x00007f6a874f20e8}: java.lang.invoke.DirectMethodHandle$Holder.invokeStatic(Ljava/lang/Object;Ljava/lang/Object;Ljava/lang/Object;Ljava/lang/Object;Ljava/lang/Object;Ljava/lang/Object;Ljava/lang/Object;Ljava/lan
Event: 0.350 Thread 0x00007f83c0012000 Exception <a 'java/lang/NoSuchMethodError'{0x00007f6a875051a8}: java.lang.invoke.DirectMethodHandle$Holder.invokeStatic(Ljava/lang/Object;Ljava/lang/Object;Ljava/lang/Object;Ljava/lang/Object;Ljava/lang/Object;Ljava/lang/Object;Ljava/lang/Object;Ljava/lan
Event: 0.350 Thread 0x00007f83c0012000 Exception <a 'java/lang/NoSuchMethodError'{0x00007f6a875186e8}: java.lang.invoke.DirectMethodHandle$Holder.invokeStatic(Ljava/lang/Object;Ljava/lang/Object;Ljava/lang/Object;Ljava/lang/Object;Ljava/lang/Object;Ljava/lang/Object;Ljava/lang/Object;Ljava/lan
Event: 0.695 Thread 0x00007f83c0012000 Exception <a 'java/lang/NoSuchMethodError'{0x00007f6a8795a588}: java.lang.Object.lambda$union$2(Ljava/util/regex/Pattern$CharPredicate;I)Z> (0x00007f6a8795a588) thrown at [/build/openjdk-lts-HXybSI/openjdk-lts-10.0.2+13/src/hotspot/share/interpreter/linkR
Event: 0.696 Thread 0x00007f83c0012000 Exception <a 'java/lang/NoSuchMethodError'{0x00007f6a8795f520}: java.lang.Object.lambda$negate$3(I)Z> (0x00007f6a8795f520) thrown at [/build/openjdk-lts-HXybSI/openjdk-lts-10.0.2+13/src/hotspot/share/interpreter/linkResolver.cpp, line 741]

Events (10 events):
Event: 2.177 Thread 0x00007f83c0012000 Uncommon trap: trap_request=0xffffff55 fr.pc=0x00007f83af6a4b60 relative=0x00000000000001a0
Event: 2.177 Thread 0x00007f83c0012000 DEOPT PACKING pc=0x00007f83af6a4b60 sp=0x00007f83c7eee080
Event: 2.177 Thread 0x00007f83c0012000 DEOPT UNPACKING pc=0x00007f83a7b4cfa5 sp=0x00007f83c7eee048 mode 2
Event: 2.177 Thread 0x00007f83c0012000 Uncommon trap: trap_request=0xffffff76 fr.pc=0x00007f83af6ae298 relative=0x00000000000022b8
Event: 2.177 Thread 0x00007f83c0012000 DEOPT PACKING pc=0x00007f83af6ae298 sp=0x00007f83c7eee390
Event: 2.177 Thread 0x00007f83c0012000 DEOPT UNPACKING pc=0x00007f83a7b4cfa5 sp=0x00007f83c7eee2f8 mode 2
Event: 2.177 Thread 0x00007f83c0012000 Uncommon trap: trap_request=0xffffff55 fr.pc=0x00007f83af6b222c relative=0x00000000000008cc
Event: 2.177 Thread 0x00007f83c0012000 DEOPT PACKING pc=0x00007f83af6b222c sp=0x00007f83c7eee4e0
Event: 2.177 Thread 0x00007f83c0012000 DEOPT UNPACKING pc=0x00007f83a7b4cfa5 sp=0x00007f83c7eee478 mode 2
Event: 2.225 Executing VM operation: G1IncCollectionPause


Dynamic libraries:
564e8bf7e000-564e8bf7f000 r-xp 00000000 103:04 529357                    /usr/lib/jvm/java-11-openjdk-amd64/bin/java
564e8c17f000-564e8c180000 r--p 00001000 103:04 529357                    /usr/lib/jvm/java-11-openjdk-amd64/bin/java
564e8c180000-564e8c181000 rw-p 00002000 103:04 529357                    /usr/lib/jvm/java-11-openjdk-amd64/bin/java
564e8c78a000-564e8c7ab000 rw-p 00000000 00:00 0                          [heap]
7f685fffe000-7f6904000000 rw-p 00000000 00:00 0 
7f6904000000-7f6904021000 rw-p 00000000 00:00 0 
7f6904021000-7f6908000000 ---p 00000000 00:00 0 
7f690a27d000-7f690a3bd000 rw-p 00000000 00:00 0 
7f690a3bd000-7f690a47d000 ---p 00000000 00:00 0 
7f690a47d000-7f690a49a000 r-xp 00000000 103:04 665812                    /usr/local/prism-games-2.0.beta3-linux64/lib/libprismhybrid.so
7f690a49a000-7f690a699000 ---p 0001d000 103:04 665812                    /usr/local/prism-games-2.0.beta3-linux64/lib/libprismhybrid.so
7f690a699000-7f690a69a000 rw-p 0001c000 103:04 665812                    /usr/local/prism-games-2.0.beta3-linux64/lib/libprismhybrid.so
7f690a69a000-7f690a69b000 rw-p 00000000 00:00 0 
7f690a69b000-7f690a737000 r-xp 00000000 103:04 665821                    /usr/local/prism-games-2.0.beta3-linux64/lib/liblpsolve55.so
7f690a737000-7f690a936000 ---p 0009c000 103:04 665821                    /usr/local/prism-games-2.0.beta3-linux64/lib/liblpsolve55.so
7f690a936000-7f690a938000 rw-p 0009b000 103:04 665821                    /usr/local/prism-games-2.0.beta3-linux64/lib/liblpsolve55.so
7f690a938000-7f690a939000 rw-p 00000000 00:00 0 
7f690a939000-7f690a940000 r-xp 00000000 103:04 665814                    /usr/local/prism-games-2.0.beta3-linux64/lib/libdv.so
7f690a940000-7f690ab3f000 ---p 00007000 103:04 665814                    /usr/local/prism-games-2.0.beta3-linux64/lib/libdv.so
7f690ab3f000-7f690ab40000 rw-p 00006000 103:04 665814                    /usr/local/prism-games-2.0.beta3-linux64/lib/libdv.so
7f690ab40000-7f690ab6f000 r-xp 00000000 103:04 665808                    /usr/local/prism-games-2.0.beta3-linux64/lib/libprismsparse.so
7f690ab6f000-7f690ad6e000 ---p 0002f000 103:04 665808                    /usr/local/prism-games-2.0.beta3-linux64/lib/libprismsparse.so
7f690ad6e000-7f690ad6f000 rw-p 0002e000 103:04 665808                    /usr/local/prism-games-2.0.beta3-linux64/lib/libprismsparse.so
7f690ad6f000-7f690ad72000 r-xp 00000000 103:04 665806                    /usr/local/prism-games-2.0.beta3-linux64/lib/libodd.so
7f690ad72000-7f690af71000 ---p 00003000 103:04 665806                    /usr/local/prism-games-2.0.beta3-linux64/lib/libodd.so
7f690af71000-7f690af72000 rw-p 00002000 103:04 665806                    /usr/local/prism-games-2.0.beta3-linux64/lib/libodd.so
7f690af72000-7f690af7d000 r-xp 00000000 103:04 665816                    /usr/local/prism-games-2.0.beta3-linux64/lib/libprismmtbdd.so
7f690af7d000-7f690b17d000 ---p 0000b000 103:04 665816                    /usr/local/prism-games-2.0.beta3-linux64/lib/libprismmtbdd.so
7f690b17d000-7f690b17e000 rw-p 0000b000 103:04 665816                    /usr/local/prism-games-2.0.beta3-linux64/lib/libprismmtbdd.so
7f690b17e000-7f690b97f000 rw-p 00000000 00:00 0 
7f690b97f000-7f690b9f8000 r-xp 00000000 103:04 665817                    /usr/local/prism-games-2.0.beta3-linux64/lib/libdd.so
7f690b9f8000-7f690bbf7000 ---p 00079000 103:04 665817                    /usr/local/prism-games-2.0.beta3-linux64/lib/libdd.so
7f690bbf7000-7f690bbf9000 rw-p 00078000 103:04 665817                    /usr/local/prism-games-2.0.beta3-linux64/lib/libdd.so
7f690bbf9000-7f690bc00000 r-xp 00000000 103:04 665802                    /usr/local/prism-games-2.0.beta3-linux64/lib/libjdd.so
7f690bc00000-7f690bdff000 ---p 00007000 103:04 665802                    /usr/local/prism-games-2.0.beta3-linux64/lib/libjdd.so
7f690bdff000-7f690be00000 rw-p 00006000 103:04 665802                    /usr/local/prism-games-2.0.beta3-linux64/lib/libjdd.so
7f690be00000-7f690c000000 rw-p 00000000 00:00 0 
7f690c000000-7f690c026000 rw-p 00000000 00:00 0 
7f690c026000-7f6910000000 ---p 00000000 00:00 0 
7f6910000000-7f6910021000 rw-p 00000000 00:00 0 
7f6910021000-7f6914000000 ---p 00000000 00:00 0 
7f6914000000-7f6914021000 rw-p 00000000 00:00 0 
7f6914021000-7f6918000000 ---p 00000000 00:00 0 
7f6918000000-7f6918021000 rw-p 00000000 00:00 0 
7f6918021000-7f691c000000 ---p 00000000 00:00 0 
7f691c000000-7f691c021000 rw-p 00000000 00:00 0 
7f691c021000-7f6920000000 ---p 00000000 00:00 0 
7f6920000000-7f6920021000 rw-p 00000000 00:00 0 
7f6920021000-7f6924000000 ---p 00000000 00:00 0 
7f6924000000-7f6924021000 rw-p 00000000 00:00 0 
7f6924021000-7f6928000000 ---p 00000000 00:00 0 
7f6928000000-7f6928021000 rw-p 00000000 00:00 0 
7f6928021000-7f692c000000 ---p 00000000 00:00 0 
7f692c000000-7f692c8e3000 rw-p 00000000 00:00 0 
7f692c8e3000-7f6930000000 ---p 00000000 00:00 0 
7f6930000000-7f69304c7000 rw-p 00000000 00:00 0 
7f69304c7000-7f6934000000 ---p 00000000 00:00 0 
7f6934000000-7f69348f5000 rw-p 00000000 00:00 0 
7f69348f5000-7f6938000000 ---p 00000000 00:00 0 
7f69380b5000-7f69380b9000 ---p 00000000 00:00 0 
7f69380b9000-7f69384b6000 rw-p 00000000 00:00 0 
7f69384b6000-7f69384ba000 ---p 00000000 00:00 0 
7f69384ba000-7f69388b7000 rw-p 00000000 00:00 0 
7f69388b7000-7f69388e8000 r-xp 00000000 103:04 534498                    /usr/lib/x86_64-linux-gnu/libpng16.so.16.34.0
7f69388e8000-7f6938ae7000 ---p 00031000 103:04 534498                    /usr/lib/x86_64-linux-gnu/libpng16.so.16.34.0
7f6938ae7000-7f6938ae8000 r--p 00030000 103:04 534498                    /usr/lib/x86_64-linux-gnu/libpng16.so.16.34.0
7f6938ae8000-7f6938ae9000 rw-p 00031000 103:04 534498                    /usr/lib/x86_64-linux-gnu/libpng16.so.16.34.0
7f6938ae9000-7f6938b96000 r-xp 00000000 103:04 534008                    /usr/lib/x86_64-linux-gnu/libfreetype.so.6.15.0
7f6938b96000-7f6938d95000 ---p 000ad000 103:04 534008                    /usr/lib/x86_64-linux-gnu/libfreetype.so.6.15.0
7f6938d95000-7f6938d9c000 r--p 000ac000 103:04 534008                    /usr/lib/x86_64-linux-gnu/libfreetype.so.6.15.0
7f6938d9c000-7f6938d9d000 rw-p 000b3000 103:04 534008                    /usr/lib/x86_64-linux-gnu/libfreetype.so.6.15.0
7f6938d9d000-7f6938e32000 r-xp 00000000 103:04 664524                    /usr/lib/jvm/java-11-openjdk-amd64/lib/libfontmanager.so
7f6938e32000-7f6939032000 ---p 00095000 103:04 664524                    /usr/lib/jvm/java-11-openjdk-amd64/lib/libfontmanager.so
7f6939032000-7f6939033000 r--p 00095000 103:04 664524                    /usr/lib/jvm/java-11-openjdk-amd64/lib/libfontmanager.so
7f6939033000-7f6939034000 rw-p 00096000 103:04 664524                    /usr/lib/jvm/java-11-openjdk-amd64/lib/libfontmanager.so
7f6939034000-7f6939235000 rw-p 00000000 00:00 0 
7f6939235000-7f6939239000 ---p 00000000 00:00 0 
7f6939239000-7f6939636000 rw-p 00000000 00:00 0 
7f6939636000-7f693963a000 ---p 00000000 00:00 0 
7f693963a000-7f6939a37000 rw-p 00000000 00:00 0 
7f6939a37000-7f6939a3b000 ---p 00000000 00:00 0 
7f6939a3b000-7f693a038000 rw-p 00000000 00:00 0 
7f693a0f0000-7f693a2f0000 rw-p 00000000 00:00 0 
7f693a2f0000-7f693a4f0000 rw-p 00000000 00:00 0 
7f693a4f0000-7f693a4f8000 r-xp 00000000 103:04 664512                    /usr/lib/jvm/java-11-openjdk-amd64/lib/libawt_headless.so
7f693a4f8000-7f693a6f7000 ---p 00008000 103:04 664512                    /usr/lib/jvm/java-11-openjdk-amd64/lib/libawt_headless.so
7f693a6f7000-7f693a6f8000 r--p 00007000 103:04 664512                    /usr/lib/jvm/java-11-openjdk-amd64/lib/libawt_headless.so
7f693a6f8000-7f693a6f9000 rw-p 00008000 103:04 664512                    /usr/lib/jvm/java-11-openjdk-amd64/lib/libawt_headless.so
7f693a6f9000-7f693a799000 r-xp 00000000 103:04 664508                    /usr/lib/jvm/java-11-openjdk-amd64/lib/libawt.so
7f693a799000-7f693a999000 ---p 000a0000 103:04 664508                    /usr/lib/jvm/java-11-openjdk-amd64/lib/libawt.so
7f693a999000-7f693a99a000 r--p 000a0000 103:04 664508                    /usr/lib/jvm/java-11-openjdk-amd64/lib/libawt.so
7f693a99a000-7f693a9a5000 rw-p 000a1000 103:04 664508                    /usr/lib/jvm/java-11-openjdk-amd64/lib/libawt.so
7f693a9a5000-7f693a9ca000 rw-p 00000000 00:00 0 
7f693a9ca000-7f693a9ce000 r-xp 00000000 103:04 665810                    /usr/local/prism-games-2.0.beta3-linux64/lib/libprism.so
7f693a9ce000-7f693abcd000 ---p 00004000 103:04 665810                    /usr/local/prism-games-2.0.beta3-linux64/lib/libprism.so
7f693abcd000-7f693abce000 rw-p 00003000 103:04 665810                    /usr/local/prism-games-2.0.beta3-linux64/lib/libprism.so
7f693abce000-7f693abe5000 r-xp 00000000 103:04 664825                    /usr/lib/jvm/java-11-openjdk-amd64/lib/libnet.so
7f693abe5000-7f693ade4000 ---p 00017000 103:04 664825                    /usr/lib/jvm/java-11-openjdk-amd64/lib/libnet.so
7f693ade4000-7f693ade5000 r--p 00016000 103:04 664825                    /usr/lib/jvm/java-11-openjdk-amd64/lib/libnet.so
7f693ade5000-7f693ade6000 rw-p 00017000 103:04 664825                    /usr/lib/jvm/java-11-openjdk-amd64/lib/libnet.so
7f693ade6000-7f693adf7000 r-xp 00000000 103:04 664832                    /usr/lib/jvm/java-11-openjdk-amd64/lib/libnio.so
7f693adf7000-7f693aff6000 ---p 00011000 103:04 664832                    /usr/lib/jvm/java-11-openjdk-amd64/lib/libnio.so
7f693aff6000-7f693aff7000 r--p 00010000 103:04 664832                    /usr/lib/jvm/java-11-openjdk-amd64/lib/libnio.so
7f693aff7000-7f693aff8000 rw-p 00011000 103:04 664832                    /usr/lib/jvm/java-11-openjdk-amd64/lib/libnio.so
7f693aff8000-7f693affc000 ---p 00000000 00:00 0 
7f693affc000-7f693b3f9000 rw-p 00000000 00:00 0 
7f693b3f9000-7f693b3fa000 ---p 00000000 00:00 0 
7f693b3fa000-7f693b4fb000 rw-p 00000000 00:00 0 
7f693b4fb000-7f693b4ff000 ---p 00000000 00:00 0 
7f693b4ff000-7f693b8fc000 rw-p 00000000 00:00 0 
7f693b8fc000-7f693b900000 ---p 00000000 00:00 0 
7f693b900000-7f693bcfd000 rw-p 00000000 00:00 0 
7f693bcfd000-7f693bd01000 ---p 00000000 00:00 0 
7f693bd01000-7f693bdfe000 rw-p 00000000 00:00 0 
7f693bdfe000-7f693be02000 ---p 00000000 00:00 0 
7f693be02000-7f693beff000 rw-p 00000000 00:00 0 
7f693beff000-7f693bf03000 ---p 00000000 00:00 0 
7f693bf03000-7f693c000000 rw-p 00000000 00:00 0 
7f693c000000-7f693c021000 rw-p 00000000 00:00 0 
7f693c021000-7f6940000000 ---p 00000000 00:00 0 
7f6940000000-7f69406b1000 rw-p 00000000 00:00 0 
7f69406b1000-7f6944000000 ---p 00000000 00:00 0 
7f6944000000-7f6944021000 rw-p 00000000 00:00 0 
7f6944021000-7f6948000000 ---p 00000000 00:00 0 
7f6948000000-7f6948021000 rw-p 00000000 00:00 0 
7f6948021000-7f694c000000 ---p 00000000 00:00 0 
7f694c000000-7f694c021000 rw-p 00000000 00:00 0 
7f694c021000-7f6950000000 ---p 00000000 00:00 0 
7f6950000000-7f6950189000 rw-p 00000000 00:00 0 
7f6950189000-7f6954000000 ---p 00000000 00:00 0 
7f6954000000-7f6954021000 rw-p 00000000 00:00 0 
7f6954021000-7f6958000000 ---p 00000000 00:00 0 
7f6958000000-7f6958021000 rw-p 00000000 00:00 0 
7f6958021000-7f695c000000 ---p 00000000 00:00 0 
7f695c000000-7f695c021000 rw-p 00000000 00:00 0 
7f695c021000-7f6960000000 ---p 00000000 00:00 0 
7f6960000000-7f6960021000 rw-p 00000000 00:00 0 
7f6960021000-7f6964000000 ---p 00000000 00:00 0 
7f6964000000-7f6964021000 rw-p 00000000 00:00 0 
7f6964021000-7f6968000000 ---p 00000000 00:00 0 
7f6968000000-7f6968021000 rw-p 00000000 00:00 0 
7f6968021000-7f696c000000 ---p 00000000 00:00 0 
7f696c000000-7f696c021000 rw-p 00000000 00:00 0 
7f696c021000-7f6970000000 ---p 00000000 00:00 0 
7f6970000000-7f6970021000 rw-p 00000000 00:00 0 
7f6970021000-7f6974000000 ---p 00000000 00:00 0 
7f6974000000-7f6974047000 rw-p 00000000 00:00 0 
7f6974047000-7f6978000000 ---p 00000000 00:00 0 
7f6978000000-7f6978021000 rw-p 00000000 00:00 0 
7f6978021000-7f697c000000 ---p 00000000 00:00 0 
7f697c000000-7f697c021000 rw-p 00000000 00:00 0 
7f697c021000-7f6980000000 ---p 00000000 00:00 0 
7f6980000000-7f6980021000 rw-p 00000000 00:00 0 
7f6980021000-7f6984000000 ---p 00000000 00:00 0 
7f6984000000-7f6984021000 rw-p 00000000 00:00 0 
7f6984021000-7f6988000000 ---p 00000000 00:00 0 
7f698801b000-7f698804c000 rw-p 00000000 00:00 0 
7f698804c000-7f6988050000 ---p 00000000 00:00 0 
7f6988050000-7f698814d000 rw-p 00000000 00:00 0 
7f698814d000-7f6988151000 ---p 00000000 00:00 0 
7f6988151000-7f698854e000 rw-p 00000000 00:00 0 
7f698854e000-7f6988f1d000 r--p 00000000 103:04 531372                    /usr/lib/locale/locale-archive
7f6988f1d000-7f6988f21000 ---p 00000000 00:00 0 
7f6988f21000-7f698931e000 rw-p 00000000 00:00 0 
7f698931e000-7f6989322000 ---p 00000000 00:00 0 
7f6989322000-7f698971f000 rw-p 00000000 00:00 0 
7f698971f000-7f6989720000 ---p 00000000 00:00 0 
7f6989720000-7f698a0f2000 rw-p 00000000 00:00 0 
7f698a0f2000-7f698a0f3000 ---p 00000000 00:00 0 
7f698a0f3000-7f698a1f4000 rw-p 00000000 00:00 0 
7f698a1f4000-7f698a1f5000 ---p 00000000 00:00 0 
7f698a1f5000-7f698a2f6000 rw-p 00000000 00:00 0 
7f698a2f6000-7f698a2f7000 ---p 00000000 00:00 0 
7f698a2f7000-7f698a3f8000 rw-p 00000000 00:00 0 
7f698a3f8000-7f698a3f9000 ---p 00000000 00:00 0 
7f698a3f9000-7f698a4fa000 rw-p 00000000 00:00 0 
7f698a4fa000-7f698a4fb000 ---p 00000000 00:00 0 
7f698a4fb000-7f698a5fc000 rw-p 00000000 00:00 0 
7f698a5fc000-7f698a5fd000 ---p 00000000 00:00 0 
7f698a5fd000-7f698a6fe000 rw-p 00000000 00:00 0 
7f698a6fe000-7f698a6ff000 ---p 00000000 00:00 0 
7f698a6ff000-7f698d200000 rw-p 00000000 00:00 0 
7f698d200000-7f69ee800000 ---p 00000000 00:00 0 
7f69ee800000-7f69f1200000 rw-p 00000000 00:00 0 
7f69f1200000-7f6a52800000 ---p 00000000 00:00 0 
7f6a52800000-7f6a52d40000 rw-p 00000000 00:00 0 
7f6a52d40000-7f6a5f000000 ---p 00000000 00:00 0 
7f6a5f000000-7f6a5f540000 rw-p 00000000 00:00 0 
7f6a5f540000-7f6a6b800000 ---p 00000000 00:00 0 
7f6a6b800000-7f6a6bd40000 rw-p 00000000 00:00 0 
7f6a6bd40000-7f6a78000000 ---p 00000000 00:00 0 
7f6a78000000-7f6b20000000 rw-p 00000000 00:00 0 
7f6c70000000-7f8378000000 ---p 00000000 00:00 0 
7f8378000000-7f83781db000 rw-p 00000000 00:00 0 
7f83781db000-7f837c000000 ---p 00000000 00:00 0 
7f837c000000-7f837c021000 rw-p 00000000 00:00 0 
7f837c021000-7f8380000000 ---p 00000000 00:00 0 
7f8380000000-7f8380188000 rw-p 00000000 00:00 0 
7f8380188000-7f8384000000 ---p 00000000 00:00 0 
7f8384000000-7f838418b000 rw-p 00000000 00:00 0 
7f838418b000-7f8388000000 ---p 00000000 00:00 0 
7f8388000000-7f8388163000 rw-p 00000000 00:00 0 
7f8388163000-7f838c000000 ---p 00000000 00:00 0 
7f838c000000-7f838c170000 rw-p 00000000 00:00 0 
7f838c170000-7f8390000000 ---p 00000000 00:00 0 
7f8390000000-7f83901b8000 rw-p 00000000 00:00 0 
7f83901b8000-7f8394000000 ---p 00000000 00:00 0 
7f8394000000-7f839419b000 rw-p 00000000 00:00 0 
7f839419b000-7f8398000000 ---p 00000000 00:00 0 
7f8398000000-7f8398184000 rw-p 00000000 00:00 0 
7f8398184000-7f839c000000 ---p 00000000 00:00 0 
7f839c000000-7f839c185000 rw-p 00000000 00:00 0 
7f839c185000-7f83a0000000 ---p 00000000 00:00 0 
7f83a0000000-7f83a022b000 rw-p 00000000 00:00 0 
7f83a022b000-7f83a4000000 ---p 00000000 00:00 0 
7f83a4021000-7f83a4022000 ---p 00000000 00:00 0 
7f83a4022000-7f83a4123000 rw-p 00000000 00:00 0 
7f83a4123000-7f83a4124000 ---p 00000000 00:00 0 
7f83a4124000-7f83a7b25000 rw-p 00000000 00:00 0 
7f83a7b25000-7f83a7d95000 rwxp 00000000 00:00 0 
7f83a7d95000-7f83a80b6000 ---p 00000000 00:00 0 
7f83a80b6000-7f83a8446000 rwxp 00000000 00:00 0 
7f83a8446000-7f83af5ed000 ---p 00000000 00:00 0 
7f83af5ed000-7f83af85d000 rwxp 00000000 00:00 0 
7f83af85d000-7f83b6b25000 ---p 00000000 00:00 0 
7f83b6b25000-7f83c0000000 r--s 00000000 103:04 670543                    /usr/lib/jvm/java-11-openjdk-amd64/lib/modules
7f83c0000000-7f83c07dd000 rw-p 00000000 00:00 0 
7f83c07dd000-7f83c4000000 ---p 00000000 00:00 0 
7f83c4008000-7f83c4030000 rw-p 00000000 00:00 0 
7f83c4030000-7f83c4031000 ---p 00000000 00:00 0 
7f83c4031000-7f83c4132000 rw-p 00000000 00:00 0 
7f83c4132000-7f83c4133000 ---p 00000000 00:00 0 
7f83c4133000-7f83c4c3e000 rw-p 00000000 00:00 0 
7f83c4c3e000-7f83c4c3f000 ---p 00000000 00:00 0 
7f83c4c3f000-7f83c4d40000 rw-p 00000000 00:00 0 
7f83c4d40000-7f83c4d41000 ---p 00000000 00:00 0 
7f83c4d41000-7f83c4e42000 rw-p 00000000 00:00 0 
7f83c4e42000-7f83c4e43000 ---p 00000000 00:00 0 
7f83c4e43000-7f83c4f44000 rw-p 00000000 00:00 0 
7f83c4f44000-7f83c4f45000 ---p 00000000 00:00 0 
7f83c4f45000-7f83c5e46000 rw-p 00000000 00:00 0 
7f83c5e46000-7f83c5e47000 ---p 00000000 00:00 0 
7f83c5e47000-7f83c5f48000 rw-p 00000000 00:00 0 
7f83c5f48000-7f83c5f49000 ---p 00000000 00:00 0 
7f83c5f49000-7f83c604a000 rw-p 00000000 00:00 0 
7f83c604a000-7f83c604b000 ---p 00000000 00:00 0 
7f83c604b000-7f83c614c000 rw-p 00000000 00:00 0 
7f83c614c000-7f83c614d000 ---p 00000000 00:00 0 
7f83c614d000-7f83c624e000 rw-p 00000000 00:00 0 
7f83c624e000-7f83c624f000 ---p 00000000 00:00 0 
7f83c624f000-7f83c6350000 rw-p 00000000 00:00 0 
7f83c6350000-7f83c6351000 ---p 00000000 00:00 0 
7f83c6351000-7f83c6452000 rw-p 00000000 00:00 0 
7f83c6452000-7f83c6453000 ---p 00000000 00:00 0 
7f83c6453000-7f83c6554000 rw-p 00000000 00:00 0 
7f83c6554000-7f83c6555000 ---p 00000000 00:00 0 
7f83c6555000-7f83c6656000 rw-p 00000000 00:00 0 
7f83c6656000-7f83c6657000 ---p 00000000 00:00 0 
7f83c6657000-7f83c6758000 rw-p 00000000 00:00 0 
7f83c6758000-7f83c6759000 ---p 00000000 00:00 0 
7f83c6759000-7f83c685a000 rw-p 00000000 00:00 0 
7f83c685a000-7f83c685f000 r-xp 00000000 103:04 664738                    /usr/lib/jvm/java-11-openjdk-amd64/lib/libjimage.so
7f83c685f000-7f83c6a5e000 ---p 00005000 103:04 664738                    /usr/lib/jvm/java-11-openjdk-amd64/lib/libjimage.so
7f83c6a5e000-7f83c6a5f000 r--p 00004000 103:04 664738                    /usr/lib/jvm/java-11-openjdk-amd64/lib/libjimage.so
7f83c6a5f000-7f83c6a60000 rw-p 00005000 103:04 664738                    /usr/lib/jvm/java-11-openjdk-amd64/lib/libjimage.so
7f83c6a60000-7f83c6a67000 r-xp 00000000 103:04 670542                    /usr/lib/jvm/java-11-openjdk-amd64/lib/libzip.so
7f83c6a67000-7f83c6c66000 ---p 00007000 103:04 670542                    /usr/lib/jvm/java-11-openjdk-amd64/lib/libzip.so
7f83c6c66000-7f83c6c67000 r--p 00006000 103:04 670542                    /usr/lib/jvm/java-11-openjdk-amd64/lib/libzip.so
7f83c6c67000-7f83c6c68000 rw-p 00007000 103:04 670542                    /usr/lib/jvm/java-11-openjdk-amd64/lib/libzip.so
7f83c6c68000-7f83c6c73000 r-xp 00000000 103:04 267847                    /lib/x86_64-linux-gnu/libnss_files-2.27.so
7f83c6c73000-7f83c6e72000 ---p 0000b000 103:04 267847                    /lib/x86_64-linux-gnu/libnss_files-2.27.so
7f83c6e72000-7f83c6e73000 r--p 0000a000 103:04 267847                    /lib/x86_64-linux-gnu/libnss_files-2.27.so
7f83c6e73000-7f83c6e74000 rw-p 0000b000 103:04 267847                    /lib/x86_64-linux-gnu/libnss_files-2.27.so
7f83c6e74000-7f83c6e7a000 rw-p 00000000 00:00 0 
7f83c6e7a000-7f83c6e91000 r-xp 00000000 103:04 267841                    /lib/x86_64-linux-gnu/libnsl-2.27.so
7f83c6e91000-7f83c7090000 ---p 00017000 103:04 267841                    /lib/x86_64-linux-gnu/libnsl-2.27.so
7f83c7090000-7f83c7091000 r--p 00016000 103:04 267841                    /lib/x86_64-linux-gnu/libnsl-2.27.so
7f83c7091000-7f83c7092000 rw-p 00017000 103:04 267841                    /lib/x86_64-linux-gnu/libnsl-2.27.so
7f83c7092000-7f83c7094000 rw-p 00000000 00:00 0 
7f83c7094000-7f83c709f000 r-xp 00000000 103:04 267858                    /lib/x86_64-linux-gnu/libnss_nis-2.27.so
7f83c709f000-7f83c729e000 ---p 0000b000 103:04 267858                    /lib/x86_64-linux-gnu/libnss_nis-2.27.so
7f83c729e000-7f83c729f000 r--p 0000a000 103:04 267858                    /lib/x86_64-linux-gnu/libnss_nis-2.27.so
7f83c729f000-7f83c72a0000 rw-p 0000b000 103:04 267858                    /lib/x86_64-linux-gnu/libnss_nis-2.27.so
7f83c72a0000-7f83c72a8000 r-xp 00000000 103:04 267843                    /lib/x86_64-linux-gnu/libnss_compat-2.27.so
7f83c72a8000-7f83c74a8000 ---p 00008000 103:04 267843                    /lib/x86_64-linux-gnu/libnss_compat-2.27.so
7f83c74a8000-7f83c74a9000 r--p 00008000 103:04 267843                    /lib/x86_64-linux-gnu/libnss_compat-2.27.so
7f83c74a9000-7f83c74aa000 rw-p 00009000 103:04 267843                    /lib/x86_64-linux-gnu/libnss_compat-2.27.so
7f83c74aa000-7f83c74d6000 r-xp 00000000 103:04 664658                    /usr/lib/jvm/java-11-openjdk-amd64/lib/libjava.so
7f83c74d6000-7f83c76d5000 ---p 0002c000 103:04 664658                    /usr/lib/jvm/java-11-openjdk-amd64/lib/libjava.so
7f83c76d5000-7f83c76d6000 r--p 0002b000 103:04 664658                    /usr/lib/jvm/java-11-openjdk-amd64/lib/libjava.so
7f83c76d6000-7f83c76d8000 rw-p 0002c000 103:04 664658                    /usr/lib/jvm/java-11-openjdk-amd64/lib/libjava.so
7f83c76d8000-7f83c76e5000 r-xp 00000000 103:04 670541                    /usr/lib/jvm/java-11-openjdk-amd64/lib/libverify.so
7f83c76e5000-7f83c78e4000 ---p 0000d000 103:04 670541                    /usr/lib/jvm/java-11-openjdk-amd64/lib/libverify.so
7f83c78e4000-7f83c78e6000 r--p 0000c000 103:04 670541                    /usr/lib/jvm/java-11-openjdk-amd64/lib/libverify.so
7f83c78e6000-7f83c78e7000 rw-p 0000e000 103:04 670541                    /usr/lib/jvm/java-11-openjdk-amd64/lib/libverify.so
7f83c78e7000-7f83c78ee000 r-xp 00000000 103:04 267898                    /lib/x86_64-linux-gnu/librt-2.27.so
7f83c78ee000-7f83c7aed000 ---p 00007000 103:04 267898                    /lib/x86_64-linux-gnu/librt-2.27.so
7f83c7aed000-7f83c7aee000 r--p 00006000 103:04 267898                    /lib/x86_64-linux-gnu/librt-2.27.so
7f83c7aee000-7f83c7aef000 rw-p 00007000 103:04 267898                    /lib/x86_64-linux-gnu/librt-2.27.so
7f83c7aef000-7f83c7af3000 ---p 00000000 00:00 0 
7f83c7af3000-7f83c7ef0000 rw-p 00000000 00:00 0 
7f83c7ef0000-7f83c7f07000 r-xp 00000000 103:04 261825                    /lib/x86_64-linux-gnu/libgcc_s.so.1
7f83c7f07000-7f83c8106000 ---p 00017000 103:04 261825                    /lib/x86_64-linux-gnu/libgcc_s.so.1
7f83c8106000-7f83c8107000 r--p 00016000 103:04 261825                    /lib/x86_64-linux-gnu/libgcc_s.so.1
7f83c8107000-7f83c8108000 rw-p 00017000 103:04 261825                    /lib/x86_64-linux-gnu/libgcc_s.so.1
7f83c8108000-7f83c82a5000 r-xp 00000000 103:04 267820                    /lib/x86_64-linux-gnu/libm-2.27.so
7f83c82a5000-7f83c84a4000 ---p 0019d000 103:04 267820                    /lib/x86_64-linux-gnu/libm-2.27.so
7f83c84a4000-7f83c84a5000 r--p 0019c000 103:04 267820                    /lib/x86_64-linux-gnu/libm-2.27.so
7f83c84a5000-7f83c84a6000 rw-p 0019d000 103:04 267820                    /lib/x86_64-linux-gnu/libm-2.27.so
7f83c84a6000-7f83c861f000 r-xp 00000000 103:04 523283                    /usr/lib/x86_64-linux-gnu/libstdc++.so.6.0.25
7f83c861f000-7f83c881f000 ---p 00179000 103:04 523283                    /usr/lib/x86_64-linux-gnu/libstdc++.so.6.0.25
7f83c881f000-7f83c8829000 r--p 00179000 103:04 523283                    /usr/lib/x86_64-linux-gnu/libstdc++.so.6.0.25
7f83c8829000-7f83c882b000 rw-p 00183000 103:04 523283                    /usr/lib/x86_64-linux-gnu/libstdc++.so.6.0.25
7f83c882b000-7f83c882f000 rw-p 00000000 00:00 0 
7f83c882f000-7f83c97cc000 r-xp 00000000 103:04 670546                    /usr/lib/jvm/java-11-openjdk-amd64/lib/server/libjvm.so
7f83c97cc000-7f83c99cc000 ---p 00f9d000 103:04 670546                    /usr/lib/jvm/java-11-openjdk-amd64/lib/server/libjvm.so
7f83c99cc000-7f83c9a90000 r--p 00f9d000 103:04 670546                    /usr/lib/jvm/java-11-openjdk-amd64/lib/server/libjvm.so
7f83c9a90000-7f83c9ac8000 rw-p 01061000 103:04 670546                    /usr/lib/jvm/java-11-openjdk-amd64/lib/server/libjvm.so
7f83c9ac8000-7f83c9b11000 rw-p 00000000 00:00 0 
7f83c9b11000-7f83c9b2b000 r-xp 00000000 103:04 267890                    /lib/x86_64-linux-gnu/libpthread-2.27.so
7f83c9b2b000-7f83c9d2a000 ---p 0001a000 103:04 267890                    /lib/x86_64-linux-gnu/libpthread-2.27.so
7f83c9d2a000-7f83c9d2b000 r--p 00019000 103:04 267890                    /lib/x86_64-linux-gnu/libpthread-2.27.so
7f83c9d2b000-7f83c9d2c000 rw-p 0001a000 103:04 267890                    /lib/x86_64-linux-gnu/libpthread-2.27.so
7f83c9d2c000-7f83c9d30000 rw-p 00000000 00:00 0 
7f83c9d30000-7f83c9d33000 r-xp 00000000 103:04 267780                    /lib/x86_64-linux-gnu/libdl-2.27.so
7f83c9d33000-7f83c9f32000 ---p 00003000 103:04 267780                    /lib/x86_64-linux-gnu/libdl-2.27.so
7f83c9f32000-7f83c9f33000 r--p 00002000 103:04 267780                    /lib/x86_64-linux-gnu/libdl-2.27.so
7f83c9f33000-7f83c9f34000 rw-p 00003000 103:04 267780                    /lib/x86_64-linux-gnu/libdl-2.27.so
7f83c9f34000-7f83c9f50000 r-xp 00000000 103:04 267929                    /lib/x86_64-linux-gnu/libz.so.1.2.11
7f83c9f50000-7f83ca14f000 ---p 0001c000 103:04 267929                    /lib/x86_64-linux-gnu/libz.so.1.2.11
7f83ca14f000-7f83ca150000 r--p 0001b000 103:04 267929                    /lib/x86_64-linux-gnu/libz.so.1.2.11
7f83ca150000-7f83ca151000 rw-p 0001c000 103:04 267929                    /lib/x86_64-linux-gnu/libz.so.1.2.11
7f83ca151000-7f83ca338000 r-xp 00000000 103:04 267757                    /lib/x86_64-linux-gnu/libc-2.27.so
7f83ca338000-7f83ca538000 ---p 001e7000 103:04 267757                    /lib/x86_64-linux-gnu/libc-2.27.so
7f83ca538000-7f83ca53c000 r--p 001e7000 103:04 267757                    /lib/x86_64-linux-gnu/libc-2.27.so
7f83ca53c000-7f83ca53e000 rw-p 001eb000 103:04 267757                    /lib/x86_64-linux-gnu/libc-2.27.so
7f83ca53e000-7f83ca542000 rw-p 00000000 00:00 0 
7f83ca542000-7f83ca551000 r-xp 00000000 103:04 664504                    /usr/lib/jvm/java-11-openjdk-amd64/lib/jli/libjli.so
7f83ca551000-7f83ca750000 ---p 0000f000 103:04 664504                    /usr/lib/jvm/java-11-openjdk-amd64/lib/jli/libjli.so
7f83ca750000-7f83ca751000 r--p 0000e000 103:04 664504                    /usr/lib/jvm/java-11-openjdk-amd64/lib/jli/libjli.so
7f83ca751000-7f83ca752000 rw-p 0000f000 103:04 664504                    /usr/lib/jvm/java-11-openjdk-amd64/lib/jli/libjli.so
7f83ca752000-7f83ca779000 r-xp 00000000 103:04 267729                    /lib/x86_64-linux-gnu/ld-2.27.so
7f83ca783000-7f83ca788000 rw-p 00000000 00:00 0 
7f83ca788000-7f83ca86e000 ---p 00000000 00:00 0 
7f83ca86e000-7f83ca876000 rw-p 00000000 00:00 0 
7f83ca876000-7f83ca959000 ---p 00000000 00:00 0 
7f83ca959000-7f83ca95b000 rw-p 00000000 00:00 0 
7f83ca95f000-7f83ca960000 r--p 00000000 103:04 794806                    /usr/share/locale-langpack/en_GB/LC_MESSAGES/libc.mo
7f83ca960000-7f83ca966000 rw-p 00000000 00:00 0 
7f83ca966000-7f83ca96d000 ---p 00000000 00:00 0 
7f83ca96d000-7f83ca975000 rw-s 00000000 103:04 1056591                   /tmp/hsperfdata_william/5616
7f83ca975000-7f83ca976000 ---p 00000000 00:00 0 
7f83ca976000-7f83ca977000 r--p 00000000 00:00 0 
7f83ca977000-7f83ca979000 rw-p 00000000 00:00 0 
7f83ca979000-7f83ca97a000 r--p 00027000 103:04 267729                    /lib/x86_64-linux-gnu/ld-2.27.so
7f83ca97a000-7f83ca97b000 rw-p 00028000 103:04 267729                    /lib/x86_64-linux-gnu/ld-2.27.so
7f83ca97b000-7f83ca97c000 rw-p 00000000 00:00 0 
7ffffe6e8000-7ffffe70a000 rw-p 00000000 00:00 0                          [stack]
7ffffe715000-7ffffe718000 r--p 00000000 00:00 0                          [vvar]
7ffffe718000-7ffffe71a000 r-xp 00000000 00:00 0                          [vdso]
ffffffffff600000-ffffffffff601000 r-xp 00000000 00:00 0                  [vsyscall]


VM Arguments:
jvm_args: -Xmx100g -Xss4M -Djava.awt.headless=true -Djava.library.path=/usr/local/prism-games-2.0.beta3-linux64/lib:/ppl 
java_command: prism.PrismCL -cuddmaxmem 100g -javamaxmem 100g smgKAKW_mul.prism smg_props.props -prop 1 -s -exportadvmdp tmp.tra -exportstates tmp.sta
java_class_path (initial): /usr/local/prism-games-2.0.beta3-linux64/lib/prism.jar:/usr/local/prism-games-2.0.beta3-linux64/classes:/usr/local/prism-games-2.0.beta3-linux64:/usr/local/prism-games-2.0.beta3-linux64/lib/pepa.zip:/ppl/*:/usr/local/prism-games-2.0.beta3-linux64/lib/ppl_java.jar:/usr/local/prism-games-2.0.beta3-linux64/lib/epsgraphics.jar:/usr/local/prism-games-2.0.beta3-linux64/lib/jhoafparser.jar:/usr/local/prism-games-2.0.beta3-linux64/lib/commons-math3-3.3.jar:/usr/local/prism-games-2.0.beta3-linux64/lib/jcommon.jar:/usr/local/prism-games-2.0.beta3-linux64/lib/colt.jar:/usr/local/prism-games-2.0.beta3-linux64/lib/prism.jar:/usr/local/prism-games-2.0.beta3-linux64/lib/nailgun-server.jar:/usr/local/prism-games-2.0.beta3-linux64/lib/jfreechart.jar:/usr/local/prism-games-2.0.beta3-linux64/lib/jas.jar:/usr/local/prism-games-2.0.beta3-linux64/lib/lpsolve55j.jar:/usr/local/prism-games-2.0.beta3-linux64/lib/log4j.jar
Launcher Type: SUN_STANDARD

Logging:
Log output configuration:
#0: stdout all=warning uptime,level,tags
#1: stderr all=off uptime,level,tags

Environment Variables:
PATH=/home/william/anaconda3/bin:/home/william/prism-4.4-linux64/bin:/bin:/usr/bin:/usr/local/bin:/usr/hosts:/usr/ucb:/snap/bin
USERNAME=william
LD_LIBRARY_PATH=/usr/local/prism-games-2.0.beta3-linux64/lib:/ppl
SHELL=/bin/bash
DISPLAY=:0

Signal Handlers:
SIGSEGV: [libjvm.so+0xd28b70], sa_mask[0]=11111111011111111101111111111110, sa_flags=SA_RESTART|SA_SIGINFO
SIGBUS: [libjvm.so+0xd28b70], sa_mask[0]=11111111011111111101111111111110, sa_flags=SA_RESTART|SA_SIGINFO
SIGFPE: [libjvm.so+0xd28b70], sa_mask[0]=11111111011111111101111111111110, sa_flags=SA_RESTART|SA_SIGINFO
SIGPIPE: [libjvm.so+0xb2a1f0], sa_mask[0]=11111111011111111101111111111110, sa_flags=SA_RESTART|SA_SIGINFO
SIGXFSZ: [libjvm.so+0xb2a1f0], sa_mask[0]=11111111011111111101111111111110, sa_flags=SA_RESTART|SA_SIGINFO
SIGILL: [libjvm.so+0xd28b70], sa_mask[0]=11111111011111111101111111111110, sa_flags=SA_RESTART|SA_SIGINFO
SIGUSR2: [libjvm.so+0xb2a030], sa_mask[0]=00000000000000000000000000000000, sa_flags=SA_RESTART|SA_SIGINFO
SIGHUP: [libjvm.so+0xb2a180], sa_mask[0]=11111111011111111101111111111110, sa_flags=SA_RESTART|SA_SIGINFO
SIGINT: [libjvm.so+0xb2a180], sa_mask[0]=11111111011111111101111111111110, sa_flags=SA_RESTART|SA_SIGINFO
SIGTERM: [libjvm.so+0xb2a180], sa_mask[0]=11111111011111111101111111111110, sa_flags=SA_RESTART|SA_SIGINFO
SIGQUIT: [libjvm.so+0xb2a180], sa_mask[0]=11111111011111111101111111111110, sa_flags=SA_RESTART|SA_SIGINFO


---------------  S Y S T E M  ---------------

OS:DISTRIB_ID=Ubuntu
DISTRIB_RELEASE=18.04
DISTRIB_CODENAME=bionic
DISTRIB_DESCRIPTION="Ubuntu 18.04.1 LTS"
uname:Linux 4.19.0-041900-generic #201810221809 SMP Mon Oct 22 22:11:45 UTC 2018 x86_64
libc:glibc 2.27 NPTL 2.27 
rlimit: STACK 8192k, CORE 0k, NPROC 62301, NOFILE 4096, AS infinity, DATA infinity, FSIZE infinity
load average:1.19 0.89 1.11

/proc/meminfo:
MemTotal:       16058740 kB
MemFree:         1100284 kB
MemAvailable:    5002576 kB
Buffers:          636404 kB
Cached:          4499732 kB
SwapCached:            0 kB
Active:         11867048 kB
Inactive:        2495632 kB
Active(anon):    9229496 kB
Inactive(anon):  1102288 kB
Active(file):    2637552 kB
Inactive(file):  1393344 kB
Unevictable:        2376 kB
Mlocked:            2376 kB
SwapTotal:             0 kB
SwapFree:              0 kB
Dirty:              1604 kB
Writeback:             0 kB
AnonPages:       9229536 kB
Mapped:          1124020 kB
Shmem:           1104988 kB
Slab:             320492 kB
SReclaimable:     213076 kB
SUnreclaim:       107416 kB
KernelStack:       20352 kB
PageTables:       106744 kB
NFS_Unstable:          0 kB
Bounce:                0 kB
WritebackTmp:          0 kB
CommitLimit:     8029368 kB
Committed_AS:   33618512 kB
VmallocTotal:   34359738367 kB
VmallocUsed:           0 kB
VmallocChunk:          0 kB
Percpu:             4928 kB
HardwareCorrupted:     0 kB
AnonHugePages:         0 kB
ShmemHugePages:        0 kB
ShmemPmdMapped:        0 kB
CmaTotal:              0 kB
CmaFree:               0 kB
HugePages_Total:       0
HugePages_Free:        0
HugePages_Rsvd:        0
HugePages_Surp:        0
Hugepagesize:       2048 kB
Hugetlb:               0 kB
DirectMap4k:      556880 kB
DirectMap2M:    14807040 kB
DirectMap1G:     1048576 kB

container (cgroup) information:
container_type: cgroupv1
cpu_cpuset_cpus: 0-11
cpu_memory_nodes: 0
active_processor_count: 12
cpu_quota: -1
cpu_period: 100000
cpu_shares: -1
memory_limit_in_bytes: -1
memory_and_swap_limit_in_bytes: -2
memory_soft_limit_in_bytes: -1
memory_usage_in_bytes: 14709563392
memory_max_usage_in_bytes: 2080768


CPU:total 12 (initial active 12) (6 cores per cpu, 2 threads per core) family 6 model 158 stepping 10, cmov, cx8, fxsr, mmx, sse, sse2, sse3, ssse3, sse4.1, sse4.2, popcnt, avx, avx2, aes, clmul, erms, 3dnowpref, lzcnt, ht, tsc, tscinvbit, bmi1, bmi2, adx, fma
CPU Model and flags from /proc/cpuinfo:
model name	: Intel(R) Core(TM) i7-8750H CPU @ 2.20GHz
flags		: fpu vme de pse tsc msr pae mce cx8 apic sep mtrr pge mca cmov pat pse36 clflush dts acpi mmx fxsr sse sse2 ss ht tm pbe syscall nx pdpe1gb rdtscp lm constant_tsc art arch_perfmon pebs bts rep_good nopl xtopology nonstop_tsc cpuid aperfmperf tsc_known_freq pni pclmulqdq dtes64 monitor ds_cpl vmx est tm2 ssse3 sdbg fma cx16 xtpr pdcm pcid sse4_1 sse4_2 x2apic movbe popcnt tsc_deadline_timer aes xsave avx f16c rdrand lahf_lm abm 3dnowprefetch cpuid_fault epb invpcid_single pti ssbd ibrs ibpb stibp tpr_shadow vnmi flexpriority ept vpid ept_ad fsgsbase tsc_adjust bmi1 avx2 smep bmi2 erms invpcid mpx rdseed adx smap clflushopt intel_pt xsaveopt xsavec xgetbv1 xsaves dtherm ida arat pln pts hwp hwp_notify hwp_act_window hwp_epp flush_l1d

Memory: 4k page, physical 16058740k(1100284k free), swap 0k(0k free)

vm_info: OpenJDK 64-Bit Server VM (10.0.2+13-Ubuntu-1ubuntu0.18.04.3) for linux-amd64 JRE (10.0.2+13-Ubuntu-1ubuntu0.18.04.3), built on Oct  7 2018 15:06:09 by "buildd" with gcc 7.3.0

END.
