#
# There is insufficient memory for the Java Runtime Environment to continue.
# Native memory allocation (mmap) failed to map 6039797760 bytes for committing reserved memory.
# Possible reasons:
#   The system is out of physical RAM or swap space
# Possible solutions:
#   Reduce memory load on the system
#   Increase physical memory or swap space
#   Check if swap backing store is full
#   Decrease Java heap size (-Xmx/-Xms)
#   Decrease number of Java threads
#   Decrease Java thread stack sizes (-Xss)
#   Set larger code cache with -XX:ReservedCodeCacheSize=
# This output file may be truncated or incomplete.
#
#  Out of Memory Error (os_linux.cpp:2706), pid=5678, tid=5705
#
# JRE version: OpenJDK Runtime Environment (10.0.2+13) (build 10.0.2+13-Ubuntu-1ubuntu0.18.04.3)
# Java VM: OpenJDK 64-Bit Server VM (10.0.2+13-Ubuntu-1ubuntu0.18.04.3, mixed mode, tiered, g1 gc, linux-amd64)
# Core dump will be written. Default location: Core dumps may be processed with "/usr/share/apport/apport %p %s %c %d %P" (or dumping to /home/william/Documents/phd/check_game/core.5678)
#

---------------  S U M M A R Y ------------

Command Line: -Xmx100g -Xss4M -Djava.awt.headless=true -Djava.library.path=/usr/local/prism-games-2.0.beta3-linux64/lib:/ppl prism.PrismCL -cuddmaxmem 100g -javamaxmem 100g smgKAAW_mul.prism smg_props.props -prop 1 -s -exportadvmdp tmp.tra -exportstates tmp.sta

Host: Intel(R) Core(TM) i7-8750H CPU @ 2.20GHz, 12 cores, 15G, Ubuntu 18.04.1 LTS
Time: Thu Nov 29 12:54:55 2018 GMT elapsed time: 2 seconds (0d 0h 0m 2s)

---------------  T H R E A D  ---------------

Current thread (0x00007fe25c13d000):  VMThread "VM Thread" [stack: 0x00007fc824282000,0x00007fc824382000] [id=5705]

Stack: [0x00007fc824282000,0x00007fc824382000],  sp=0x00007fc8243800a0,  free space=1016k
Native frames: (J=compiled Java code, A=aot compiled Java code, j=interpreted, Vv=VM code, C=native code)
V  [libjvm.so+0xd27ea4]
V  [libjvm.so+0xd28a4b]
V  [libjvm.so+0x64d415]
V  [libjvm.so+0xb2d7c8]
V  [libjvm.so+0xb2601d]
V  [libjvm.so+0x7662ff]
V  [libjvm.so+0x76653e]
V  [libjvm.so+0x769500]
V  [libjvm.so+0x7efa1c]
V  [libjvm.so+0x7f06df]
V  [libjvm.so+0x7f0b59]
V  [libjvm.so+0x7162cf]
V  [libjvm.so+0x71a3ba]
V  [libjvm.so+0xd3a008]
V  [libjvm.so+0xd38871]
V  [libjvm.so+0xd35b3b]
V  [libjvm.so+0xd3715e]
V  [libjvm.so+0xd37588]
V  [libjvm.so+0xb33d40]

VM_Operation (0x00007fe262248090): G1IncCollectionPause, mode: safepoint, requested by thread 0x00007fe25c012000


---------------  P R O C E S S  ---------------

Threads class SMR info:
_java_thread_list=0x00007fc7a8000e50, length=13, elements={
0x00007fe25c012000, 0x00007fe25c146800, 0x00007fe25c148800, 0x00007fe25c152000,
0x00007fe25c15c800, 0x00007fe25c15e800, 0x00007fe25c160800, 0x00007fe25c162800,
0x00007fe25c164800, 0x00007fe25c1f1000, 0x00007fe25c209800, 0x00007fe25c60b000,
0x00007fe25c627000
}

Java Threads: ( => current thread )
  0x00007fe25c012000 JavaThread "main" [_thread_blocked, id=5679, stack(0x00007fe261e49000,0x00007fe26224a000)]
  0x00007fe25c146800 JavaThread "Reference Handler" daemon [_thread_blocked, id=5706, stack(0x00007fc7ef3ff000,0x00007fc7ef800000)]
  0x00007fe25c148800 JavaThread "Finalizer" daemon [_thread_blocked, id=5707, stack(0x00007fc7eeffe000,0x00007fc7ef3ff000)]
  0x00007fe25c152000 JavaThread "Signal Dispatcher" daemon [_thread_blocked, id=5708, stack(0x00007fc7ee22e000,0x00007fc7ee62f000)]
  0x00007fe25c15c800 JavaThread "C2 CompilerThread0" daemon [_thread_blocked, id=5709, stack(0x00007fc82417f000,0x00007fc824280000)]
  0x00007fe25c15e800 JavaThread "C2 CompilerThread1" daemon [_thread_blocked, id=5710, stack(0x00007fc82407e000,0x00007fc82417f000)]
  0x00007fe25c160800 JavaThread "C2 CompilerThread2" daemon [_thread_blocked, id=5711, stack(0x00007fc7ee12d000,0x00007fc7ee22e000)]
  0x00007fe25c162800 JavaThread "C1 CompilerThread3" daemon [_thread_blocked, id=5712, stack(0x00007fc7ee02c000,0x00007fc7ee12d000)]
  0x00007fe25c164800 JavaThread "Sweeper thread" daemon [_thread_blocked, id=5713, stack(0x00007fc7edc2b000,0x00007fc7ee02c000)]
  0x00007fe25c1f1000 JavaThread "Service Thread" daemon [_thread_blocked, id=5714, stack(0x00007fc7ed82a000,0x00007fc7edc2b000)]
  0x00007fe25c209800 JavaThread "Common-Cleaner" daemon [_thread_blocked, id=5716, stack(0x00007fc7ed327000,0x00007fc7ed728000)]
  0x00007fe25c60b000 JavaThread "Image Fetcher 0" daemon [_thread_blocked, id=5726, stack(0x00007fc7bb3fd000,0x00007fc7bb7fe000)]
  0x00007fe25c627000 JavaThread "Java2D Disposer" daemon [_thread_blocked, id=5727, stack(0x00007fc7ba67e000,0x00007fc7baa7f000)]

Other Threads:
=>0x00007fe25c13d000 VMThread "VM Thread" [stack: 0x00007fc824282000,0x00007fc824382000] [id=5705]
  0x00007fe25c1f3000 WatcherThread [stack: 0x00007fc7ed72a000,0x00007fc7ed82a000] [id=5715]
  0x00007fe25c029800 GCTaskThread "GC Thread#0" [stack: 0x00007fe260ab4000,0x00007fe260bb4000] [id=5680]
  0x00007fe25c02a800 GCTaskThread "GC Thread#1" [stack: 0x00007fe2609b2000,0x00007fe260ab2000] [id=5681]
  0x00007fe25c02c800 GCTaskThread "GC Thread#2" [stack: 0x00007fe2608b0000,0x00007fe2609b0000] [id=5682]
  0x00007fe25c02e000 GCTaskThread "GC Thread#3" [stack: 0x00007fe2607ae000,0x00007fe2608ae000] [id=5683]
  0x00007fe25c030000 GCTaskThread "GC Thread#4" [stack: 0x00007fe2606ac000,0x00007fe2607ac000] [id=5684]
  0x00007fe25c031800 GCTaskThread "GC Thread#5" [stack: 0x00007fe2605aa000,0x00007fe2606aa000] [id=5685]
  0x00007fe25c033000 GCTaskThread "GC Thread#6" [stack: 0x00007fe2604a8000,0x00007fe2605a8000] [id=5686]
  0x00007fe25c035000 GCTaskThread "GC Thread#7" [stack: 0x00007fe2603a6000,0x00007fe2604a6000] [id=5687]
  0x00007fe25c036800 GCTaskThread "GC Thread#8" [stack: 0x00007fe2602a4000,0x00007fe2603a4000] [id=5688]
  0x00007fe25c038800 GCTaskThread "GC Thread#9" [stack: 0x00007fe2601a2000,0x00007fe2602a2000] [id=5689]
  0x00007fe25c093800 ConcurrentGCThread "G1 Main Marker" [stack: 0x00007fe241426000,0x00007fe241526000] [id=5690]
  0x00007fe25c095000 ConcurrentGCThread "G1 Conc#0" [stack: 0x00007fe241324000,0x00007fe241424000] [id=5691]
  0x00007fe25c097000 ConcurrentGCThread "G1 Conc#1" [stack: 0x00007fe241222000,0x00007fe241322000] [id=5692]
  0x00007fe25c098800 ConcurrentGCThread "G1 Conc#2" [stack: 0x00007fe241120000,0x00007fe241220000] [id=5693]
  0x00007fe25c0c4000 ConcurrentGCThread "G1 Refine#0" [stack: 0x00007fe240614000,0x00007fe240714000] [id=5694]
  0x00007fe25c0c5800 ConcurrentGCThread "G1 Refine#1" [stack: 0x00007fe240512000,0x00007fe240612000] [id=5695]
  0x00007fe25c0c7800 ConcurrentGCThread "G1 Refine#2" [stack: 0x00007fe240410000,0x00007fe240510000] [id=5696]
  0x00007fe25c0c9000 ConcurrentGCThread "G1 Refine#3" [stack: 0x00007fe24030e000,0x00007fe24040e000] [id=5697]
  0x00007fe25c0cb000 ConcurrentGCThread "G1 Refine#4" [stack: 0x00007fe24020c000,0x00007fe24030c000] [id=5698]
  0x00007fe25c0cc800 ConcurrentGCThread "G1 Refine#5" [stack: 0x00007fe24010a000,0x00007fe24020a000] [id=5699]
  0x00007fe25c0ce800 ConcurrentGCThread "G1 Refine#6" [stack: 0x00007fe240008000,0x00007fe240108000] [id=5700]
  0x00007fe25c0d0000 ConcurrentGCThread "G1 Refine#7" [stack: 0x00007fc824700000,0x00007fc824800000] [id=5701]
  0x00007fe25c0d2000 ConcurrentGCThread "G1 Refine#8" [stack: 0x00007fc8245fe000,0x00007fc8246fe000] [id=5702]
  0x00007fe25c0d3800 ConcurrentGCThread "G1 Refine#9" [stack: 0x00007fc8244fc000,0x00007fc8245fc000] [id=5703]
  0x00007fe25c0d5800 ConcurrentGCThread "G1 Young RemSet Sampling" [stack: 0x00007fc8243fa000,0x00007fc8244fa000] [id=5704]

Threads with active compile tasks:

VM state:at safepoint (normal execution)

VM Mutex/Monitor currently owned by a thread:  ([mutex/lock_event])
[0x00007fe25c00e910] Threads_lock - owner thread: 0x00007fe25c13d000
[0x00007fe25c00eeb0] Heap_lock - owner thread: 0x00007fe25c012000

Heap:
 garbage-first heap   total 8847360K, used 1224515K [0x00007fc914000000, 0x00007fe214000000)
  region size 16384K, 1 young (16384K), 1 survivors (16384K)
 Metaspace       used 19381K, capacity 19649K, committed 19968K, reserved 20480K
Heap Regions: E=young(eden), S=young(survivor), O=old, HS=humongous(starts), HC=humongous(continues), CS=collection set, F=free, A=archive, TS=gc time stamp, AC=allocation context, TAMS=top-at-mark-start (previous, next)
|   0|0x00007fc914000000, 0x00007fc915000000, 0x00007fc915000000|100%| O|  |TS  0|AC  0|TAMS 0x00007fc915000000, 0x00007fc915000000|
|   1|0x00007fc915000000, 0x00007fc916000000, 0x00007fc916000000|100%| O|  |TS  0|AC  0|TAMS 0x00007fc916000000, 0x00007fc916000000|
|   2|0x00007fc916000000, 0x00007fc917000000, 0x00007fc917000000|100%| O|  |TS  0|AC  0|TAMS 0x00007fc917000000, 0x00007fc917000000|
|   3|0x00007fc917000000, 0x00007fc918000000, 0x00007fc918000000|100%| O|  |TS  0|AC  0|TAMS 0x00007fc918000000, 0x00007fc918000000|
|   4|0x00007fc918000000, 0x00007fc919000000, 0x00007fc919000000|100%| O|  |TS  0|AC  0|TAMS 0x00007fc919000000, 0x00007fc919000000|
|   5|0x00007fc919000000, 0x00007fc91a000000, 0x00007fc91a000000|100%| O|  |TS  0|AC  0|TAMS 0x00007fc91a000000, 0x00007fc91a000000|
|   6|0x00007fc91a000000, 0x00007fc91b000000, 0x00007fc91b000000|100%| O|  |TS  0|AC  0|TAMS 0x00007fc91b000000, 0x00007fc91b000000|
|   7|0x00007fc91b000000, 0x00007fc91c000000, 0x00007fc91c000000|100%| O|  |TS  0|AC  0|TAMS 0x00007fc91c000000, 0x00007fc91c000000|
|   8|0x00007fc91c000000, 0x00007fc91d000000, 0x00007fc91d000000|100%| O|  |TS  0|AC  0|TAMS 0x00007fc91d000000, 0x00007fc91d000000|
|   9|0x00007fc91d000000, 0x00007fc91e000000, 0x00007fc91e000000|100%| O|  |TS  0|AC  0|TAMS 0x00007fc91e000000, 0x00007fc91e000000|
|  10|0x00007fc91e000000, 0x00007fc91f000000, 0x00007fc91f000000|100%| O|  |TS  0|AC  0|TAMS 0x00007fc91f000000, 0x00007fc91f000000|
|  11|0x00007fc91f000000, 0x00007fc920000000, 0x00007fc920000000|100%| O|  |TS  1|AC  0|TAMS 0x00007fc91f000000, 0x00007fc91f000000|
|  12|0x00007fc920000000, 0x00007fc921000000, 0x00007fc921000000|100%| O|  |TS  0|AC  0|TAMS 0x00007fc921000000, 0x00007fc921000000|
|  13|0x00007fc921000000, 0x00007fc922000000, 0x00007fc922000000|100%| O|  |TS  0|AC  0|TAMS 0x00007fc922000000, 0x00007fc922000000|
|  14|0x00007fc922000000, 0x00007fc923000000, 0x00007fc923000000|100%| O|  |TS  0|AC  0|TAMS 0x00007fc923000000, 0x00007fc923000000|
|  15|0x00007fc923000000, 0x00007fc924000000, 0x00007fc924000000|100%| O|  |TS  0|AC  0|TAMS 0x00007fc924000000, 0x00007fc924000000|
|  16|0x00007fc924000000, 0x00007fc925000000, 0x00007fc925000000|100%| O|  |TS  0|AC  0|TAMS 0x00007fc925000000, 0x00007fc925000000|
|  17|0x00007fc925000000, 0x00007fc926000000, 0x00007fc926000000|100%| O|  |TS  1|AC  0|TAMS 0x00007fc925000000, 0x00007fc925000000|
|  18|0x00007fc926000000, 0x00007fc927000000, 0x00007fc927000000|100%| O|  |TS  1|AC  0|TAMS 0x00007fc926000000, 0x00007fc926000000|
|  19|0x00007fc927000000, 0x00007fc928000000, 0x00007fc928000000|100%|HS|  |TS  0|AC  0|TAMS 0x00007fc928000000, 0x00007fc928000000|
|  20|0x00007fc928000000, 0x00007fc929000000, 0x00007fc929000000|100%|HC|  |TS  0|AC  0|TAMS 0x00007fc929000000, 0x00007fc929000000|
|  21|0x00007fc929000000, 0x00007fc92a000000, 0x00007fc92a000000|100%| O|  |TS  0|AC  0|TAMS 0x00007fc92a000000, 0x00007fc92a000000|
|  22|0x00007fc92a000000, 0x00007fc92b000000, 0x00007fc92b000000|100%| O|  |TS  0|AC  0|TAMS 0x00007fc92b000000, 0x00007fc92b000000|
|  23|0x00007fc92b000000, 0x00007fc92c000000, 0x00007fc92c000000|100%| O|  |TS  0|AC  0|TAMS 0x00007fc92c000000, 0x00007fc92c000000|
|  24|0x00007fc92c000000, 0x00007fc92d000000, 0x00007fc92d000000|100%| O|  |TS  0|AC  0|TAMS 0x00007fc92d000000, 0x00007fc92d000000|
|  25|0x00007fc92d000000, 0x00007fc92e000000, 0x00007fc92e000000|100%| O|  |TS  0|AC  0|TAMS 0x00007fc92e000000, 0x00007fc92e000000|
|  26|0x00007fc92e000000, 0x00007fc92f000000, 0x00007fc92f000000|100%| O|  |TS  0|AC  0|TAMS 0x00007fc92f000000, 0x00007fc92f000000|
|  27|0x00007fc92f000000, 0x00007fc930000000, 0x00007fc930000000|100%| O|  |TS  0|AC  0|TAMS 0x00007fc930000000, 0x00007fc930000000|
|  28|0x00007fc930000000, 0x00007fc931000000, 0x00007fc931000000|100%| O|  |TS  0|AC  0|TAMS 0x00007fc931000000, 0x00007fc931000000|
|  29|0x00007fc931000000, 0x00007fc932000000, 0x00007fc932000000|100%| O|  |TS  0|AC  0|TAMS 0x00007fc932000000, 0x00007fc932000000|
|  30|0x00007fc932000000, 0x00007fc933000000, 0x00007fc933000000|100%| O|  |TS  0|AC  0|TAMS 0x00007fc933000000, 0x00007fc933000000|
|  31|0x00007fc933000000, 0x00007fc934000000, 0x00007fc934000000|100%| O|  |TS  0|AC  0|TAMS 0x00007fc934000000, 0x00007fc934000000|
|  32|0x00007fc934000000, 0x00007fc935000000, 0x00007fc935000000|100%| O|  |TS  0|AC  0|TAMS 0x00007fc935000000, 0x00007fc935000000|
|  33|0x00007fc935000000, 0x00007fc936000000, 0x00007fc936000000|100%| O|  |TS  0|AC  0|TAMS 0x00007fc936000000, 0x00007fc936000000|
|  34|0x00007fc936000000, 0x00007fc937000000, 0x00007fc937000000|100%| O|  |TS  0|AC  0|TAMS 0x00007fc936746a00, 0x00007fc936746a00|
|  35|0x00007fc937000000, 0x00007fc938000000, 0x00007fc938000000|100%|HS|  |TS  0|AC  0|TAMS 0x00007fc937000000, 0x00007fc937000000|
|  36|0x00007fc938000000, 0x00007fc939000000, 0x00007fc939000000|100%|HC|  |TS  0|AC  0|TAMS 0x00007fc938000000, 0x00007fc938000000|
|  37|0x00007fc939000000, 0x00007fc93a000000, 0x00007fc93a000000|100%|HC|  |TS  0|AC  0|TAMS 0x00007fc939000000, 0x00007fc939000000|
|  38|0x00007fc93a000000, 0x00007fc93b000000, 0x00007fc93b000000|100%| O|  |TS  0|AC  0|TAMS 0x00007fc93a000000, 0x00007fc93a000000|
|  39|0x00007fc93b000000, 0x00007fc93c000000, 0x00007fc93c000000|100%| O|  |TS  0|AC  0|TAMS 0x00007fc93b000000, 0x00007fc93b000000|
|  40|0x00007fc93c000000, 0x00007fc93d000000, 0x00007fc93d000000|100%| O|  |TS  0|AC  0|TAMS 0x00007fc93c000000, 0x00007fc93c000000|
|  41|0x00007fc93d000000, 0x00007fc93e000000, 0x00007fc93e000000|100%| O|  |TS  0|AC  0|TAMS 0x00007fc93d000000, 0x00007fc93d000000|
|  42|0x00007fc93e000000, 0x00007fc93f000000, 0x00007fc93f000000|100%| O|  |TS  0|AC  0|TAMS 0x00007fc93e000000, 0x00007fc93e000000|
|  43|0x00007fc93f000000, 0x00007fc940000000, 0x00007fc940000000|100%| O|  |TS  0|AC  0|TAMS 0x00007fc93f000000, 0x00007fc93f000000|
|  44|0x00007fc940000000, 0x00007fc941000000, 0x00007fc941000000|100%| O|  |TS  0|AC  0|TAMS 0x00007fc940000000, 0x00007fc940000000|
|  45|0x00007fc941000000, 0x00007fc942000000, 0x00007fc942000000|100%| O|  |TS  0|AC  0|TAMS 0x00007fc941000000, 0x00007fc941000000|
|  46|0x00007fc942000000, 0x00007fc943000000, 0x00007fc943000000|100%| O|  |TS  1|AC  0|TAMS 0x00007fc942000000, 0x00007fc942000000|
|  47|0x00007fc943000000, 0x00007fc944000000, 0x00007fc944000000|100%| O|  |TS  1|AC  0|TAMS 0x00007fc943000000, 0x00007fc943000000|
|  48|0x00007fc944000000, 0x00007fc945000000, 0x00007fc945000000|100%| O|  |TS  1|AC  0|TAMS 0x00007fc944000000, 0x00007fc944000000|
|  49|0x00007fc945000000, 0x00007fc946000000, 0x00007fc946000000|100%| O|  |TS  1|AC  0|TAMS 0x00007fc945000000, 0x00007fc945000000|
|  50|0x00007fc946000000, 0x00007fc947000000, 0x00007fc947000000|100%| O|  |TS  1|AC  0|TAMS 0x00007fc946000000, 0x00007fc946000000|
|  51|0x00007fc947000000, 0x00007fc948000000, 0x00007fc948000000|100%| O|  |TS  1|AC  0|TAMS 0x00007fc947000000, 0x00007fc947000000|
|  52|0x00007fc948000000, 0x00007fc949000000, 0x00007fc949000000|100%| O|  |TS  2|AC  0|TAMS 0x00007fc948000000, 0x00007fc948000000|
|  53|0x00007fc949000000, 0x00007fc94a000000, 0x00007fc94a000000|100%|HS|  |TS  0|AC  0|TAMS 0x00007fc949000000, 0x00007fc949000000|
|  54|0x00007fc94a000000, 0x00007fc94b000000, 0x00007fc94b000000|100%|HC|  |TS  0|AC  0|TAMS 0x00007fc94a000000, 0x00007fc94a000000|
|  55|0x00007fc94b000000, 0x00007fc94c000000, 0x00007fc94c000000|100%|HC|  |TS  0|AC  0|TAMS 0x00007fc94b000000, 0x00007fc94b000000|
|  56|0x00007fc94c000000, 0x00007fc94d000000, 0x00007fc94d000000|100%|HC|  |TS  0|AC  0|TAMS 0x00007fc94c000000, 0x00007fc94c000000|
|  57|0x00007fc94d000000, 0x00007fc94e000000, 0x00007fc94e000000|100%|HC|  |TS  1|AC  0|TAMS 0x00007fc94d000000, 0x00007fc94d000000|
|  58|0x00007fc94e000000, 0x00007fc94f000000, 0x00007fc94f000000|100%| O|  |TS  2|AC  0|TAMS 0x00007fc94e000000, 0x00007fc94e000000|
|  59|0x00007fc94f000000, 0x00007fc950000000, 0x00007fc950000000|100%| O|  |TS  2|AC  0|TAMS 0x00007fc94f000000, 0x00007fc94f000000|
|  60|0x00007fc950000000, 0x00007fc951000000, 0x00007fc951000000|100%| O|  |TS  2|AC  0|TAMS 0x00007fc950000000, 0x00007fc950000000|
|  61|0x00007fc951000000, 0x00007fc952000000, 0x00007fc952000000|100%| O|  |TS  2|AC  0|TAMS 0x00007fc951000000, 0x00007fc951000000|
|  62|0x00007fc952000000, 0x00007fc953000000, 0x00007fc953000000|100%| O|  |TS  2|AC  0|TAMS 0x00007fc952000000, 0x00007fc952000000|
|  63|0x00007fc953000000, 0x00007fc954000000, 0x00007fc954000000|100%| O|  |TS  2|AC  0|TAMS 0x00007fc953000000, 0x00007fc953000000|
|  64|0x00007fc954000000, 0x00007fc955000000, 0x00007fc955000000|100%| O|  |TS  2|AC  0|TAMS 0x00007fc954000000, 0x00007fc954000000|
|  65|0x00007fc955000000, 0x00007fc956000000, 0x00007fc956000000|100%| O|  |TS  2|AC  0|TAMS 0x00007fc955000000, 0x00007fc955000000|
|  66|0x00007fc956000000, 0x00007fc957000000, 0x00007fc957000000|100%| O|  |TS  2|AC  0|TAMS 0x00007fc956000000, 0x00007fc956000000|
|  67|0x00007fc957000000, 0x00007fc958000000, 0x00007fc958000000|100%| O|  |TS  2|AC  0|TAMS 0x00007fc957000000, 0x00007fc957000000|
|  68|0x00007fc958000000, 0x00007fc959000000, 0x00007fc959000000|100%| O|  |TS  2|AC  0|TAMS 0x00007fc958000000, 0x00007fc958000000|
|  69|0x00007fc959000000, 0x00007fc95a000000, 0x00007fc95a000000|100%| O|  |TS  2|AC  0|TAMS 0x00007fc959000000, 0x00007fc959000000|
|  70|0x00007fc95a000000, 0x00007fc95b000000, 0x00007fc95b000000|100%| O|  |TS  2|AC  0|TAMS 0x00007fc95a000000, 0x00007fc95a000000|
|  71|0x00007fc95b000000, 0x00007fc95c000000, 0x00007fc95c000000|100%| O|  |TS  3|AC  0|TAMS 0x00007fc95b000000, 0x00007fc95b000000|
|  72|0x00007fc95c000000, 0x00007fc95d000000, 0x00007fc95d000000|100%| O|  |TS  3|AC  0|TAMS 0x00007fc95c000000, 0x00007fc95c000000|
|  73|0x00007fc95d000000, 0x00007fc95e000000, 0x00007fc95e000000|100%| O|  |TS  3|AC  0|TAMS 0x00007fc95d000000, 0x00007fc95d000000|
|  74|0x00007fc95e000000, 0x00007fc95e3b4c00, 0x00007fc95f000000| 23%| O|  |TS  4|AC  0|TAMS 0x00007fc95e000000, 0x00007fc95e000000|
|  75|0x00007fc95f000000, 0x00007fc95f000000, 0x00007fc960000000|  0%| F|  |TS  0|AC  0|TAMS 0x00007fc95f000000, 0x00007fc95f000000|
|  76|0x00007fc960000000, 0x00007fc960000000, 0x00007fc961000000|  0%| F|  |TS  0|AC  0|TAMS 0x00007fc960000000, 0x00007fc960000000|
|  77|0x00007fc961000000, 0x00007fc961000000, 0x00007fc962000000|  0%| F|  |TS  0|AC  0|TAMS 0x00007fc961000000, 0x00007fc961000000|
|  78|0x00007fc962000000, 0x00007fc962000000, 0x00007fc963000000|  0%| F|  |TS  0|AC  0|TAMS 0x00007fc962000000, 0x00007fc962000000|
|  79|0x00007fc963000000, 0x00007fc963000000, 0x00007fc964000000|  0%| F|  |TS  0|AC  0|TAMS 0x00007fc963000000, 0x00007fc963000000|
|  80|0x00007fc964000000, 0x00007fc964000000, 0x00007fc965000000|  0%| F|  |TS  0|AC  0|TAMS 0x00007fc964000000, 0x00007fc964000000|
|  81|0x00007fc965000000, 0x00007fc965000000, 0x00007fc966000000|  0%| F|  |TS  0|AC  0|TAMS 0x00007fc965000000, 0x00007fc965000000|
|  82|0x00007fc966000000, 0x00007fc966000000, 0x00007fc967000000|  0%| F|  |TS  0|AC  0|TAMS 0x00007fc966000000, 0x00007fc966000000|
|  83|0x00007fc967000000, 0x00007fc967000000, 0x00007fc968000000|  0%| F|  |TS  0|AC  0|TAMS 0x00007fc967000000, 0x00007fc967000000|
|  84|0x00007fc968000000, 0x00007fc968000000, 0x00007fc969000000|  0%| F|  |TS  0|AC  0|TAMS 0x00007fc968000000, 0x00007fc968000000|
|  85|0x00007fc969000000, 0x00007fc969000000, 0x00007fc96a000000|  0%| F|  |TS  0|AC  0|TAMS 0x00007fc969000000, 0x00007fc969000000|
|  86|0x00007fc96a000000, 0x00007fc96a000000, 0x00007fc96b000000|  0%| F|  |TS  0|AC  0|TAMS 0x00007fc96a000000, 0x00007fc96a000000|
|  87|0x00007fc96b000000, 0x00007fc96b000000, 0x00007fc96c000000|  0%| F|  |TS  0|AC  0|TAMS 0x00007fc96b000000, 0x00007fc96b000000|
|  88|0x00007fc96c000000, 0x00007fc96c000000, 0x00007fc96d000000|  0%| F|  |TS  0|AC  0|TAMS 0x00007fc96c000000, 0x00007fc96c000000|
|  89|0x00007fc96d000000, 0x00007fc96d000000, 0x00007fc96e000000|  0%| F|  |TS  0|AC  0|TAMS 0x00007fc96d000000, 0x00007fc96d000000|
|  90|0x00007fc96e000000, 0x00007fc96e000000, 0x00007fc96f000000|  0%| F|  |TS  0|AC  0|TAMS 0x00007fc96e000000, 0x00007fc96e000000|
|  91|0x00007fc96f000000, 0x00007fc96f000000, 0x00007fc970000000|  0%| F|  |TS  0|AC  0|TAMS 0x00007fc96f000000, 0x00007fc96f000000|
|  92|0x00007fc970000000, 0x00007fc970000000, 0x00007fc971000000|  0%| F|  |TS  0|AC  0|TAMS 0x00007fc970000000, 0x00007fc970000000|
|  93|0x00007fc971000000, 0x00007fc971000000, 0x00007fc972000000|  0%| F|  |TS  0|AC  0|TAMS 0x00007fc971000000, 0x00007fc971000000|
|  94|0x00007fc972000000, 0x00007fc972000000, 0x00007fc973000000|  0%| F|  |TS  0|AC  0|TAMS 0x00007fc972000000, 0x00007fc972000000|
|  95|0x00007fc973000000, 0x00007fc973000000, 0x00007fc974000000|  0%| F|  |TS  0|AC  0|TAMS 0x00007fc973000000, 0x00007fc973000000|
|  96|0x00007fc974000000, 0x00007fc974000000, 0x00007fc975000000|  0%| F|  |TS  0|AC  0|TAMS 0x00007fc974000000, 0x00007fc974000000|
|  97|0x00007fc975000000, 0x00007fc975000000, 0x00007fc976000000|  0%| F|  |TS  0|AC  0|TAMS 0x00007fc975000000, 0x00007fc975000000|
|  98|0x00007fc976000000, 0x00007fc976000000, 0x00007fc977000000|  0%| F|  |TS  0|AC  0|TAMS 0x00007fc976000000, 0x00007fc976000000|
|  99|0x00007fc977000000, 0x00007fc977000000, 0x00007fc978000000|  0%| F|  |TS  0|AC  0|TAMS 0x00007fc977000000, 0x00007fc977000000|
| 100|0x00007fc978000000, 0x00007fc978000000, 0x00007fc979000000|  0%| F|  |TS  0|AC  0|TAMS 0x00007fc978000000, 0x00007fc978000000|
| 101|0x00007fc979000000, 0x00007fc979000000, 0x00007fc97a000000|  0%| F|  |TS  0|AC  0|TAMS 0x00007fc979000000, 0x00007fc979000000|
| 102|0x00007fc97a000000, 0x00007fc97a000000, 0x00007fc97b000000|  0%| F|  |TS  0|AC  0|TAMS 0x00007fc97a000000, 0x00007fc97a000000|
| 103|0x00007fc97b000000, 0x00007fc97b000000, 0x00007fc97c000000|  0%| F|  |TS  0|AC  0|TAMS 0x00007fc97b000000, 0x00007fc97b000000|
| 104|0x00007fc97c000000, 0x00007fc97c000000, 0x00007fc97d000000|  0%| F|  |TS  0|AC  0|TAMS 0x00007fc97c000000, 0x00007fc97c000000|
| 105|0x00007fc97d000000, 0x00007fc97d000000, 0x00007fc97e000000|  0%| F|  |TS  0|AC  0|TAMS 0x00007fc97d000000, 0x00007fc97d000000|
| 106|0x00007fc97e000000, 0x00007fc97e000000, 0x00007fc97f000000|  0%| F|  |TS  0|AC  0|TAMS 0x00007fc97e000000, 0x00007fc97e000000|
| 107|0x00007fc97f000000, 0x00007fc97f000000, 0x00007fc980000000|  0%| F|  |TS  0|AC  0|TAMS 0x00007fc97f000000, 0x00007fc97f000000|
| 108|0x00007fc980000000, 0x00007fc980000000, 0x00007fc981000000|  0%| F|  |TS  0|AC  0|TAMS 0x00007fc980000000, 0x00007fc980000000|
| 109|0x00007fc981000000, 0x00007fc981000000, 0x00007fc982000000|  0%| F|  |TS  0|AC  0|TAMS 0x00007fc981000000, 0x00007fc981000000|
| 110|0x00007fc982000000, 0x00007fc982000000, 0x00007fc983000000|  0%| F|  |TS  0|AC  0|TAMS 0x00007fc982000000, 0x00007fc982000000|
| 111|0x00007fc983000000, 0x00007fc983000000, 0x00007fc984000000|  0%| F|  |TS  0|AC  0|TAMS 0x00007fc983000000, 0x00007fc983000000|
| 112|0x00007fc984000000, 0x00007fc984000000, 0x00007fc985000000|  0%| F|  |TS  0|AC  0|TAMS 0x00007fc984000000, 0x00007fc984000000|
| 113|0x00007fc985000000, 0x00007fc985000000, 0x00007fc986000000|  0%| F|  |TS  0|AC  0|TAMS 0x00007fc985000000, 0x00007fc985000000|
| 114|0x00007fc986000000, 0x00007fc986000000, 0x00007fc987000000|  0%| F|  |TS  0|AC  0|TAMS 0x00007fc986000000, 0x00007fc986000000|
| 115|0x00007fc987000000, 0x00007fc987000000, 0x00007fc988000000|  0%| F|  |TS  0|AC  0|TAMS 0x00007fc987000000, 0x00007fc987000000|
| 116|0x00007fc988000000, 0x00007fc988000000, 0x00007fc989000000|  0%| F|  |TS  0|AC  0|TAMS 0x00007fc988000000, 0x00007fc988000000|
| 117|0x00007fc989000000, 0x00007fc989000000, 0x00007fc98a000000|  0%| F|  |TS  0|AC  0|TAMS 0x00007fc989000000, 0x00007fc989000000|
| 118|0x00007fc98a000000, 0x00007fc98a000000, 0x00007fc98b000000|  0%| F|  |TS  0|AC  0|TAMS 0x00007fc98a000000, 0x00007fc98a000000|
| 119|0x00007fc98b000000, 0x00007fc98b000000, 0x00007fc98c000000|  0%| F|  |TS  0|AC  0|TAMS 0x00007fc98b000000, 0x00007fc98b000000|
| 120|0x00007fc98c000000, 0x00007fc98c000000, 0x00007fc98d000000|  0%| F|  |TS  0|AC  0|TAMS 0x00007fc98c000000, 0x00007fc98c000000|
| 121|0x00007fc98d000000, 0x00007fc98d000000, 0x00007fc98e000000|  0%| F|  |TS  0|AC  0|TAMS 0x00007fc98d000000, 0x00007fc98d000000|
| 122|0x00007fc98e000000, 0x00007fc98e000000, 0x00007fc98f000000|  0%| F|  |TS  0|AC  0|TAMS 0x00007fc98e000000, 0x00007fc98e000000|
| 123|0x00007fc98f000000, 0x00007fc98f000000, 0x00007fc990000000|  0%| F|  |TS  0|AC  0|TAMS 0x00007fc98f000000, 0x00007fc98f000000|
| 124|0x00007fc990000000, 0x00007fc990000000, 0x00007fc991000000|  0%| F|  |TS  0|AC  0|TAMS 0x00007fc990000000, 0x00007fc990000000|
| 125|0x00007fc991000000, 0x00007fc991000000, 0x00007fc992000000|  0%| F|  |TS  0|AC  0|TAMS 0x00007fc991000000, 0x00007fc991000000|
| 126|0x00007fc992000000, 0x00007fc992000000, 0x00007fc993000000|  0%| F|  |TS  0|AC  0|TAMS 0x00007fc992000000, 0x00007fc992000000|
| 127|0x00007fc993000000, 0x00007fc993000000, 0x00007fc994000000|  0%| F|  |TS  0|AC  0|TAMS 0x00007fc993000000, 0x00007fc993000000|
| 128|0x00007fc994000000, 0x00007fc994000000, 0x00007fc995000000|  0%| F|  |TS  0|AC  0|TAMS 0x00007fc994000000, 0x00007fc994000000|
| 129|0x00007fc995000000, 0x00007fc995000000, 0x00007fc996000000|  0%| F|  |TS  0|AC  0|TAMS 0x00007fc995000000, 0x00007fc995000000|
| 130|0x00007fc996000000, 0x00007fc996000000, 0x00007fc997000000|  0%| F|  |TS  0|AC  0|TAMS 0x00007fc996000000, 0x00007fc996000000|
| 131|0x00007fc997000000, 0x00007fc997000000, 0x00007fc998000000|  0%| F|  |TS  0|AC  0|TAMS 0x00007fc997000000, 0x00007fc997000000|
| 132|0x00007fc998000000, 0x00007fc998000000, 0x00007fc999000000|  0%| F|  |TS  0|AC  0|TAMS 0x00007fc998000000, 0x00007fc998000000|
| 133|0x00007fc999000000, 0x00007fc999000000, 0x00007fc99a000000|  0%| F|  |TS  0|AC  0|TAMS 0x00007fc999000000, 0x00007fc999000000|
| 134|0x00007fc99a000000, 0x00007fc99a000000, 0x00007fc99b000000|  0%| F|  |TS  0|AC  0|TAMS 0x00007fc99a000000, 0x00007fc99a000000|
| 135|0x00007fc99b000000, 0x00007fc99b000000, 0x00007fc99c000000|  0%| F|  |TS  0|AC  0|TAMS 0x00007fc99b000000, 0x00007fc99b000000|
| 136|0x00007fc99c000000, 0x00007fc99c000000, 0x00007fc99d000000|  0%| F|  |TS  0|AC  0|TAMS 0x00007fc99c000000, 0x00007fc99c000000|
| 137|0x00007fc99d000000, 0x00007fc99d000000, 0x00007fc99e000000|  0%| F|  |TS  0|AC  0|TAMS 0x00007fc99d000000, 0x00007fc99d000000|
| 138|0x00007fc99e000000, 0x00007fc99e000000, 0x00007fc99f000000|  0%| F|  |TS  0|AC  0|TAMS 0x00007fc99e000000, 0x00007fc99e000000|
| 139|0x00007fc99f000000, 0x00007fc99f000000, 0x00007fc9a0000000|  0%| F|  |TS  0|AC  0|TAMS 0x00007fc99f000000, 0x00007fc99f000000|
| 140|0x00007fc9a0000000, 0x00007fc9a0000000, 0x00007fc9a1000000|  0%| F|  |TS  0|AC  0|TAMS 0x00007fc9a0000000, 0x00007fc9a0000000|
| 141|0x00007fc9a1000000, 0x00007fc9a1000000, 0x00007fc9a2000000|  0%| F|  |TS  0|AC  0|TAMS 0x00007fc9a1000000, 0x00007fc9a1000000|
| 142|0x00007fc9a2000000, 0x00007fc9a2000000, 0x00007fc9a3000000|  0%| F|  |TS  0|AC  0|TAMS 0x00007fc9a2000000, 0x00007fc9a2000000|
| 143|0x00007fc9a3000000, 0x00007fc9a3000000, 0x00007fc9a4000000|  0%| F|  |TS  0|AC  0|TAMS 0x00007fc9a3000000, 0x00007fc9a3000000|
| 144|0x00007fc9a4000000, 0x00007fc9a4000000, 0x00007fc9a5000000|  0%| F|  |TS  0|AC  0|TAMS 0x00007fc9a4000000, 0x00007fc9a4000000|
| 145|0x00007fc9a5000000, 0x00007fc9a5000000, 0x00007fc9a6000000|  0%| F|  |TS  0|AC  0|TAMS 0x00007fc9a5000000, 0x00007fc9a5000000|
| 146|0x00007fc9a6000000, 0x00007fc9a6000000, 0x00007fc9a7000000|  0%| F|  |TS  0|AC  0|TAMS 0x00007fc9a6000000, 0x00007fc9a6000000|
| 147|0x00007fc9a7000000, 0x00007fc9a7000000, 0x00007fc9a8000000|  0%| F|  |TS  0|AC  0|TAMS 0x00007fc9a7000000, 0x00007fc9a7000000|
| 148|0x00007fc9a8000000, 0x00007fc9a8000000, 0x00007fc9a9000000|  0%| F|  |TS  0|AC  0|TAMS 0x00007fc9a8000000, 0x00007fc9a8000000|
| 149|0x00007fc9a9000000, 0x00007fc9a9000000, 0x00007fc9aa000000|  0%| F|  |TS  0|AC  0|TAMS 0x00007fc9a9000000, 0x00007fc9a9000000|
| 150|0x00007fc9aa000000, 0x00007fc9aa000000, 0x00007fc9ab000000|  0%| F|  |TS  0|AC  0|TAMS 0x00007fc9aa000000, 0x00007fc9aa000000|
| 151|0x00007fc9ab000000, 0x00007fc9ab000000, 0x00007fc9ac000000|  0%| F|  |TS  0|AC  0|TAMS 0x00007fc9ab000000, 0x00007fc9ab000000|
| 152|0x00007fc9ac000000, 0x00007fc9ac000000, 0x00007fc9ad000000|  0%| F|  |TS  0|AC  0|TAMS 0x00007fc9ac000000, 0x00007fc9ac000000|
| 153|0x00007fc9ad000000, 0x00007fc9ad000000, 0x00007fc9ae000000|  0%| F|  |TS  0|AC  0|TAMS 0x00007fc9ad000000, 0x00007fc9ad000000|
| 154|0x00007fc9ae000000, 0x00007fc9ae000000, 0x00007fc9af000000|  0%| F|  |TS  0|AC  0|TAMS 0x00007fc9ae000000, 0x00007fc9ae000000|
| 155|0x00007fc9af000000, 0x00007fc9af000000, 0x00007fc9b0000000|  0%| F|  |TS  0|AC  0|TAMS 0x00007fc9af000000, 0x00007fc9af000000|
| 156|0x00007fc9b0000000, 0x00007fc9b0000000, 0x00007fc9b1000000|  0%| F|  |TS  0|AC  0|TAMS 0x00007fc9b0000000, 0x00007fc9b0000000|
| 157|0x00007fc9b1000000, 0x00007fc9b1000000, 0x00007fc9b2000000|  0%| F|  |TS  0|AC  0|TAMS 0x00007fc9b1000000, 0x00007fc9b1000000|
| 158|0x00007fc9b2000000, 0x00007fc9b281c090, 0x00007fc9b3000000| 50%| S|CS|TS  4|AC  0|TAMS 0x00007fc9b2000000, 0x00007fc9b2000000|
| 159|0x00007fc9b3000000, 0x00007fc9b3000000, 0x00007fc9b4000000|  0%| F|  |TS  4|AC  0|TAMS 0x00007fc9b3000000, 0x00007fc9b3000000|
| 160|0x00007fc9b4000000, 0x00007fc9b4000000, 0x00007fc9b5000000|  0%| F|  |TS  4|AC  0|TAMS 0x00007fc9b4000000, 0x00007fc9b4000000|
| 161|0x00007fc9b5000000, 0x00007fc9b5000000, 0x00007fc9b6000000|  0%| F|  |TS  4|AC  0|TAMS 0x00007fc9b5000000, 0x00007fc9b5000000|
| 162|0x00007fc9b6000000, 0x00007fc9b6000000, 0x00007fc9b7000000|  0%| F|  |TS  4|AC  0|TAMS 0x00007fc9b6000000, 0x00007fc9b6000000|
| 163|0x00007fc9b7000000, 0x00007fc9b7000000, 0x00007fc9b8000000|  0%| F|  |TS  4|AC  0|TAMS 0x00007fc9b7000000, 0x00007fc9b7000000|
| 164|0x00007fc9b8000000, 0x00007fc9b8000000, 0x00007fc9b9000000|  0%| F|  |TS  4|AC  0|TAMS 0x00007fc9b8000000, 0x00007fc9b8000000|
| 165|0x00007fc9b9000000, 0x00007fc9b9000000, 0x00007fc9ba000000|  0%| F|  |TS  4|AC  0|TAMS 0x00007fc9b9000000, 0x00007fc9b9000000|
| 166|0x00007fc9ba000000, 0x00007fc9ba000000, 0x00007fc9bb000000|  0%| F|  |TS  4|AC  0|TAMS 0x00007fc9ba000000, 0x00007fc9ba000000|
| 167|0x00007fc9bb000000, 0x00007fc9bb000000, 0x00007fc9bc000000|  0%| F|  |TS  4|AC  0|TAMS 0x00007fc9bb000000, 0x00007fc9bb000000|
| 168|0x00007fc9bc000000, 0x00007fc9bc000000, 0x00007fc9bd000000|  0%| F|  |TS  4|AC  0|TAMS 0x00007fc9bc000000, 0x00007fc9bc000000|
| 169|0x00007fc9bd000000, 0x00007fc9bd000000, 0x00007fc9be000000|  0%| F|  |TS  4|AC  0|TAMS 0x00007fc9bd000000, 0x00007fc9bd000000|
| 170|0x00007fc9be000000, 0x00007fc9be000000, 0x00007fc9bf000000|  0%| F|  |TS  4|AC  0|TAMS 0x00007fc9be000000, 0x00007fc9be000000|
| 171|0x00007fc9bf000000, 0x00007fc9bf000000, 0x00007fc9c0000000|  0%| F|  |TS  4|AC  0|TAMS 0x00007fc9bf000000, 0x00007fc9bf000000|
| 172|0x00007fc9c0000000, 0x00007fc9c0000000, 0x00007fc9c1000000|  0%| F|  |TS  4|AC  0|TAMS 0x00007fc9c0000000, 0x00007fc9c0000000|
| 173|0x00007fc9c1000000, 0x00007fc9c1000000, 0x00007fc9c2000000|  0%| F|  |TS  4|AC  0|TAMS 0x00007fc9c1000000, 0x00007fc9c1000000|
| 174|0x00007fc9c2000000, 0x00007fc9c2000000, 0x00007fc9c3000000|  0%| F|  |TS  4|AC  0|TAMS 0x00007fc9c2000000, 0x00007fc9c2000000|
| 175|0x00007fc9c3000000, 0x00007fc9c3000000, 0x00007fc9c4000000|  0%| F|  |TS  4|AC  0|TAMS 0x00007fc9c3000000, 0x00007fc9c3000000|
| 176|0x00007fc9c4000000, 0x00007fc9c4000000, 0x00007fc9c5000000|  0%| F|  |TS  4|AC  0|TAMS 0x00007fc9c4000000, 0x00007fc9c4000000|
| 177|0x00007fc9c5000000, 0x00007fc9c5000000, 0x00007fc9c6000000|  0%| F|  |TS  4|AC  0|TAMS 0x00007fc9c5000000, 0x00007fc9c5000000|
| 178|0x00007fc9c6000000, 0x00007fc9c6000000, 0x00007fc9c7000000|  0%| F|  |TS  4|AC  0|TAMS 0x00007fc9c6000000, 0x00007fc9c6000000|
| 179|0x00007fc9c7000000, 0x00007fc9c7000000, 0x00007fc9c8000000|  0%| F|  |TS  4|AC  0|TAMS 0x00007fc9c7000000, 0x00007fc9c7000000|

Card table byte_map: [0x00007fc8fb000000,0x00007fc907800000] byte_map_base: 0x00007f8916760000

Marking Bits (Prev, Next): (CMBitMap*) 0x00007fe25c092a40, (CMBitMap*) 0x00007fe25c092a78
 Prev Bits: [0x00007fc88a800000, 0x00007fc8ee800000)
 Next Bits: [0x00007fc826800000, 0x00007fc88a800000)

Polling page: 0x00007fe264ccf000

CodeHeap 'non-profiled nmethods': size=120032Kb used=831Kb max_used=831Kb free=119201Kb
 bounds [0x00007fe24b5ed000, 0x00007fe24b85d000, 0x00007fe252b25000]
CodeHeap 'profiled nmethods': size=120028Kb used=3859Kb max_used=3859Kb free=116168Kb
 bounds [0x00007fe2440b6000, 0x00007fe244486000, 0x00007fe24b5ed000]
CodeHeap 'non-nmethods': size=5700Kb used=1224Kb max_used=1250Kb free=4476Kb
 bounds [0x00007fe243b25000, 0x00007fe243d95000, 0x00007fe2440b6000]
 total_blobs=2846 nmethods=1819 adapters=543
 compilation: enabled

Compilation events (10 events):
Event: 2.488 Thread 0x00007fe25c162800 1816       2       parser.ast.Expression::evaluateDouble (71 bytes)
Event: 2.488 Thread 0x00007fe25c15e800 1817       4       parser.ast.ExpressionBinaryOp::evaluate (1023 bytes)
Event: 2.488 Thread 0x00007fe25c162800 nmethod 1816 0x00007fe244460810 code [0x00007fe244460a20, 0x00007fe244460e18]
Event: 2.488 Thread 0x00007fe25c162800 1818 %     3       explicit.ConstructModel::constructModel @ 532 (1822 bytes)
Event: 2.488 Thread 0x00007fe25c15c800 1819       4       parser.ast.Expression::evaluateDouble (71 bytes)
Event: 2.490 Thread 0x00007fe25c15c800 nmethod 1819 0x00007fe24b6b4a90 code [0x00007fe24b6b4c60, 0x00007fe24b6b4e98]
Event: 2.507 Thread 0x00007fe25c162800 nmethod 1818% 0x00007fe244461010 code [0x00007fe244462aa0, 0x00007fe244473d48]
Event: 2.526 Thread 0x00007fe25c160800 1820 %     4       explicit.ConstructModel::constructModel @ 532 (1822 bytes)
Event: 2.535 Thread 0x00007fe25c15e800 nmethod 1817 0x00007fe24b6b5110 code [0x00007fe24b6b58a0, 0x00007fe24b6b8c50]
Event: 2.542 Thread 0x00007fe25c160800 nmethod 1820% 0x00007fe24b6bb490 code [0x00007fe24b6bb680, 0x00007fe24b6bc428]

GC Heap History (10 events):
Event: 1.790 GC heap after
{Heap after GC invocations=14 (full 0):
 garbage-first heap   total 983040K, used 739465K [0x00007fc914000000, 0x00007fe214000000)
  region size 16384K, 1 young (16384K), 1 survivors (16384K)
 Metaspace       used 19302K, capacity 19521K, committed 19712K, reserved 20480K
}
Event: 1.820 GC heap before
{Heap before GC invocations=14 (full 0):
 garbage-first heap   total 983040K, used 772233K [0x00007fc914000000, 0x00007fe214000000)
  region size 16384K, 3 young (49152K), 1 survivors (16384K)
 Metaspace       used 19302K, capacity 19521K, committed 19712K, reserved 20480K
}
Event: 1.840 GC heap after
{Heap after GC invocations=15 (full 0):
 garbage-first heap   total 2949120K, used 782170K [0x00007fc914000000, 0x00007fe214000000)
  region size 16384K, 1 young (16384K), 1 survivors (16384K)
 Metaspace       used 19302K, capacity 19521K, committed 19712K, reserved 20480K
}
Event: 1.998 GC heap before
{Heap before GC invocations=16 (full 0):
 garbage-first heap   total 2949120K, used 896858K [0x00007fc914000000, 0x00007fe214000000)
  region size 16384K, 11 young (180224K), 1 survivors (16384K)
 Metaspace       used 19304K, capacity 19521K, committed 19712K, reserved 20480K
}
Event: 2.052 GC heap after
{Heap after GC invocations=17 (full 0):
 garbage-first heap   total 2949120K, used 897685K [0x00007fc914000000, 0x00007fe214000000)
  region size 16384K, 2 young (32768K), 2 survivors (32768K)
 Metaspace       used 19304K, capacity 19521K, committed 19712K, reserved 20480K
}
Event: 2.201 GC heap before
{Heap before GC invocations=17 (full 0):
 garbage-first heap   total 2949120K, used 1192597K [0x00007fc914000000, 0x00007fe214000000)
  region size 16384K, 15 young (245760K), 2 survivors (32768K)
 Metaspace       used 19304K, capacity 19521K, committed 19712K, reserved 20480K
}
Event: 2.283 GC heap after
{Heap after GC invocations=18 (full 0):
 garbage-first heap   total 2949120K, used 1203250K [0x00007fc914000000, 0x00007fe214000000)
  region size 16384K, 2 young (32768K), 2 survivors (32768K)
 Metaspace       used 19304K, capacity 19521K, committed 19712K, reserved 20480K
}
Event: 2.448 GC heap before
{Heap before GC invocations=18 (full 0):
 garbage-first heap   total 2949120K, used 1449010K [0x00007fc914000000, 0x00007fe214000000)
  region size 16384K, 17 young (278528K), 2 survivors (32768K)
 Metaspace       used 19381K, capacity 19649K, committed 19968K, reserved 20480K
}
Event: 2.462 GC heap after
{Heap after GC invocations=19 (full 0):
 garbage-first heap   total 2949120K, used 1226386K [0x00007fc914000000, 0x00007fe214000000)
  region size 16384K, 1 young (16384K), 1 survivors (16384K)
 Metaspace       used 19381K, capacity 19649K, committed 19968K, reserved 20480K
}
Event: 2.603 GC heap before
{Heap before GC invocations=19 (full 0):
 garbage-first heap   total 2949120K, used 1554066K [0x00007fc914000000, 0x00007fe214000000)
  region size 16384K, 21 young (344064K), 1 survivors (16384K)
 Metaspace       used 19381K, capacity 19649K, committed 19968K, reserved 20480K
}

Deoptimization events (10 events):
Event: 0.577 Thread 0x00007fe25c012000 Uncommon trap: reason=unstable_if action=reinterpret pc=0x00007fe24b5f48fc method=java.lang.String.isLatin1()Z @ 10 c2
Event: 0.577 Thread 0x00007fe25c012000 Uncommon trap: reason=unstable_if action=reinterpret pc=0x00007fe24b5f3fe8 method=java.lang.String.isLatin1()Z @ 10 c2
Event: 0.578 Thread 0x00007fe25c012000 Uncommon trap: reason=unstable_if action=reinterpret pc=0x00007fe24b6193a4 method=jdk.internal.org.objectweb.asm.Type.getArgumentsAndReturnSizes(Ljava/lang/String;)I @ 88 c2
Event: 1.184 Thread 0x00007fe25c012000 Uncommon trap: reason=unstable_if action=reinterpret pc=0x00007fe24b6a1828 method=parser.VarList.getAllStates()Ljava/util/List; @ 67 c2
Event: 2.344 Thread 0x00007fe25c012000 Uncommon trap: reason=unstable_if action=reinterpret pc=0x00007fe24b6aa03c method=parser.ast.ExpressionBinaryOp.evaluate(Lparser/EvaluateContext;)Ljava/lang/Object; @ 166 c2
Event: 2.483 Thread 0x00007fe25c012000 Uncommon trap: reason=unstable_if action=reinterpret pc=0x00007fe24b6b0158 method=parser.ast.Expression.evaluateDouble(Lparser/EvaluateContext;)D @ 51 c2
Event: 2.483 Thread 0x00007fe25c012000 Uncommon trap: reason=speculate_class_check action=maybe_recompile pc=0x00007fe24b6b0188 method=parser.ast.Expression.evaluateBoolean(Lparser/EvaluateContext;)Z @ 2 c2
Event: 2.483 Thread 0x00007fe25c012000 Uncommon trap: reason=unstable_if action=reinterpret pc=0x00007fe24b6a69e0 method=parser.ast.Expression.evaluateDouble(Lparser/EvaluateContext;)D @ 51 c2
Event: 2.483 Thread 0x00007fe25c012000 Uncommon trap: reason=speculate_class_check action=maybe_recompile pc=0x00007fe24b6b0188 method=parser.ast.Expression.evaluateBoolean(Lparser/EvaluateContext;)Z @ 2 c2
Event: 2.483 Thread 0x00007fe25c012000 Uncommon trap: reason=unstable_if action=reinterpret pc=0x00007fe24b6b40ac method=explicit.ConstructModel.constructModel(Lparser/ast/ModulesFile;ZZZZ[Z)Lexplicit/Model; @ 565 c2

Classes redefined (0 events):
No events

Internal exceptions (10 events):
Event: 0.435 Thread 0x00007fe25c012000 Exception <a 'java/lang/NoSuchMethodError'{0x00007fc923177210}: java.lang.invoke.DirectMethodHandle$Holder.invokeStatic(Ljava/lang/Object;Ljava/lang/Object;Ljava/lang/Object;Ljava/lang/Object;Ljava/lang/Object;Ljava/lang/Object;Ljava/lang/Object;Ljava/lan
Event: 0.437 Thread 0x00007fe25c012000 Exception <a 'java/lang/NoSuchMethodError'{0x00007fc9231cdf50}: java.lang.invoke.DirectMethodHandle$Holder.invokeStatic(Ljava/lang/Object;Ljava/lang/Object;Ljava/lang/Object;Ljava/lang/Object;Ljava/lang/Object;Ljava/lang/Object;Ljava/lang/Object;Ljava/lan
Event: 0.438 Thread 0x00007fe25c012000 Exception <a 'java/lang/NoSuchMethodError'{0x00007fc9231ff058}: method resolution failed> (0x00007fc9231ff058) thrown at [/build/openjdk-lts-HXybSI/openjdk-lts-10.0.2+13/src/hotspot/share/prims/methodHandles.cpp, line 1226]
Event: 0.443 Thread 0x00007fe25c012000 Exception <a 'java/lang/NoSuchMethodError'{0x00007fc9232c4db8}: java.lang.invoke.DirectMethodHandle$Holder.invokeSpecial(Ljava/lang/Object;Ljava/lang/Object;IILjava/lang/Object;Ljava/lang/Object;Ljava/lang/Object;Ljava/lang/Object;)Ljava/lang/Object;> (0x
Event: 0.443 Thread 0x00007fe25c012000 Exception <a 'java/lang/NoSuchMethodError'{0x00007fc9232c9b40}: java.lang.invoke.DelegatingMethodHandle$Holder.reinvoke_L(Ljava/lang/Object;IILjava/lang/Object;Ljava/lang/Object;Ljava/lang/Object;Ljava/lang/Object;)Ljava/lang/Object;> (0x00007fc9232c9b40)
Event: 0.464 Thread 0x00007fe25c012000 Exception <a 'java/lang/NoSuchMethodError'{0x00007fc9234f4108}: java.lang.invoke.DirectMethodHandle$Holder.invokeStatic(Ljava/lang/Object;Ljava/lang/Object;Ljava/lang/Object;Ljava/lang/Object;Ljava/lang/Object;Ljava/lang/Object;Ljava/lang/Object;Ljava/lan
Event: 0.465 Thread 0x00007fe25c012000 Exception <a 'java/lang/NoSuchMethodError'{0x00007fc9235071c0}: java.lang.invoke.DirectMethodHandle$Holder.invokeStatic(Ljava/lang/Object;Ljava/lang/Object;Ljava/lang/Object;Ljava/lang/Object;Ljava/lang/Object;Ljava/lang/Object;Ljava/lang/Object;Ljava/lan
Event: 0.466 Thread 0x00007fe25c012000 Exception <a 'java/lang/NoSuchMethodError'{0x00007fc92351a700}: java.lang.invoke.DirectMethodHandle$Holder.invokeStatic(Ljava/lang/Object;Ljava/lang/Object;Ljava/lang/Object;Ljava/lang/Object;Ljava/lang/Object;Ljava/lang/Object;Ljava/lang/Object;Ljava/lan
Event: 0.872 Thread 0x00007fe25c012000 Exception <a 'java/lang/NoSuchMethodError'{0x00007fc92395c610}: java.lang.Object.lambda$union$2(Ljava/util/regex/Pattern$CharPredicate;I)Z> (0x00007fc92395c610) thrown at [/build/openjdk-lts-HXybSI/openjdk-lts-10.0.2+13/src/hotspot/share/interpreter/linkR
Event: 0.872 Thread 0x00007fe25c012000 Exception <a 'java/lang/NoSuchMethodError'{0x00007fc9239615a8}: java.lang.Object.lambda$negate$3(I)Z> (0x00007fc9239615a8) thrown at [/build/openjdk-lts-HXybSI/openjdk-lts-10.0.2+13/src/hotspot/share/interpreter/linkResolver.cpp, line 741]

Events (10 events):
Event: 2.483 Thread 0x00007fe25c012000 DEOPT UNPACKING pc=0x00007fe243b4cfa5 sp=0x00007fe262248048 mode 2
Event: 2.483 Thread 0x00007fe25c012000 Uncommon trap: trap_request=0xffffff76 fr.pc=0x00007fe24b6b0188 relative=0x0000000000002328
Event: 2.483 Thread 0x00007fe25c012000 DEOPT PACKING pc=0x00007fe24b6b0188 sp=0x00007fe262248390
Event: 2.483 Thread 0x00007fe25c012000 DEOPT UNPACKING pc=0x00007fe243b4cfa5 sp=0x00007fe2622482f8 mode 2
Event: 2.483 Thread 0x00007fe25c012000 Uncommon trap: trap_request=0xffffff55 fr.pc=0x00007fe24b6b40ac relative=0x00000000000008cc
Event: 2.483 Thread 0x00007fe25c012000 DEOPT PACKING pc=0x00007fe24b6b40ac sp=0x00007fe2622484e0
Event: 2.483 Thread 0x00007fe25c012000 DEOPT UNPACKING pc=0x00007fe243b4cfa5 sp=0x00007fe262248478 mode 2
Event: 2.542 Thread 0x00007fe25c012000 DEOPT PACKING pc=0x00007fe2444719d6 sp=0x00007fe262247fa0
Event: 2.542 Thread 0x00007fe25c012000 DEOPT UNPACKING pc=0x00007fe243b4cdba sp=0x00007fe262247970 mode 0
Event: 2.603 Executing VM operation: G1IncCollectionPause


Dynamic libraries:
55c6b46a4000-55c6b46a5000 r-xp 00000000 103:04 529357                    /usr/lib/jvm/java-11-openjdk-amd64/bin/java
55c6b48a5000-55c6b48a6000 r--p 00001000 103:04 529357                    /usr/lib/jvm/java-11-openjdk-amd64/bin/java
55c6b48a6000-55c6b48a7000 rw-p 00002000 103:04 529357                    /usr/lib/jvm/java-11-openjdk-amd64/bin/java
55c6b613f000-55c6b6160000 rw-p 00000000 00:00 0                          [heap]
7fc6fbffe000-7fc7a0000000 rw-p 00000000 00:00 0 
7fc7a0000000-7fc7a0021000 rw-p 00000000 00:00 0 
7fc7a0021000-7fc7a4000000 ---p 00000000 00:00 0 
7fc7a4000000-7fc7a4021000 rw-p 00000000 00:00 0 
7fc7a4021000-7fc7a8000000 ---p 00000000 00:00 0 
7fc7a8000000-7fc7a8021000 rw-p 00000000 00:00 0 
7fc7a8021000-7fc7ac000000 ---p 00000000 00:00 0 
7fc7ac000000-7fc7ac026000 rw-p 00000000 00:00 0 
7fc7ac026000-7fc7b0000000 ---p 00000000 00:00 0 
7fc7b0000000-7fc7b0021000 rw-p 00000000 00:00 0 
7fc7b0021000-7fc7b4000000 ---p 00000000 00:00 0 
7fc7b4000000-7fc7b4021000 rw-p 00000000 00:00 0 
7fc7b4021000-7fc7b8000000 ---p 00000000 00:00 0 
7fc7b84fa000-7fc7b867a000 rw-p 00000000 00:00 0 
7fc7b867a000-7fc7b86fa000 ---p 00000000 00:00 0 
7fc7b86fa000-7fc7b8717000 r-xp 00000000 103:04 665812                    /usr/local/prism-games-2.0.beta3-linux64/lib/libprismhybrid.so
7fc7b8717000-7fc7b8916000 ---p 0001d000 103:04 665812                    /usr/local/prism-games-2.0.beta3-linux64/lib/libprismhybrid.so
7fc7b8916000-7fc7b8917000 rw-p 0001c000 103:04 665812                    /usr/local/prism-games-2.0.beta3-linux64/lib/libprismhybrid.so
7fc7b8917000-7fc7b8918000 rw-p 00000000 00:00 0 
7fc7b8918000-7fc7b89b4000 r-xp 00000000 103:04 665821                    /usr/local/prism-games-2.0.beta3-linux64/lib/liblpsolve55.so
7fc7b89b4000-7fc7b8bb3000 ---p 0009c000 103:04 665821                    /usr/local/prism-games-2.0.beta3-linux64/lib/liblpsolve55.so
7fc7b8bb3000-7fc7b8bb5000 rw-p 0009b000 103:04 665821                    /usr/local/prism-games-2.0.beta3-linux64/lib/liblpsolve55.so
7fc7b8bb5000-7fc7b8bb6000 rw-p 00000000 00:00 0 
7fc7b8bb6000-7fc7b8bbd000 r-xp 00000000 103:04 665814                    /usr/local/prism-games-2.0.beta3-linux64/lib/libdv.so
7fc7b8bbd000-7fc7b8dbc000 ---p 00007000 103:04 665814                    /usr/local/prism-games-2.0.beta3-linux64/lib/libdv.so
7fc7b8dbc000-7fc7b8dbd000 rw-p 00006000 103:04 665814                    /usr/local/prism-games-2.0.beta3-linux64/lib/libdv.so
7fc7b8dbd000-7fc7b8dec000 r-xp 00000000 103:04 665808                    /usr/local/prism-games-2.0.beta3-linux64/lib/libprismsparse.so
7fc7b8dec000-7fc7b8feb000 ---p 0002f000 103:04 665808                    /usr/local/prism-games-2.0.beta3-linux64/lib/libprismsparse.so
7fc7b8feb000-7fc7b8fec000 rw-p 0002e000 103:04 665808                    /usr/local/prism-games-2.0.beta3-linux64/lib/libprismsparse.so
7fc7b8fec000-7fc7b8fef000 r-xp 00000000 103:04 665806                    /usr/local/prism-games-2.0.beta3-linux64/lib/libodd.so
7fc7b8fef000-7fc7b91ee000 ---p 00003000 103:04 665806                    /usr/local/prism-games-2.0.beta3-linux64/lib/libodd.so
7fc7b91ee000-7fc7b91ef000 rw-p 00002000 103:04 665806                    /usr/local/prism-games-2.0.beta3-linux64/lib/libodd.so
7fc7b91ef000-7fc7b91fa000 r-xp 00000000 103:04 665816                    /usr/local/prism-games-2.0.beta3-linux64/lib/libprismmtbdd.so
7fc7b91fa000-7fc7b93fa000 ---p 0000b000 103:04 665816                    /usr/local/prism-games-2.0.beta3-linux64/lib/libprismmtbdd.so
7fc7b93fa000-7fc7b93fb000 rw-p 0000b000 103:04 665816                    /usr/local/prism-games-2.0.beta3-linux64/lib/libprismmtbdd.so
7fc7b93fb000-7fc7b9bfc000 rw-p 00000000 00:00 0 
7fc7b9bfc000-7fc7b9c75000 r-xp 00000000 103:04 665817                    /usr/local/prism-games-2.0.beta3-linux64/lib/libdd.so
7fc7b9c75000-7fc7b9e74000 ---p 00079000 103:04 665817                    /usr/local/prism-games-2.0.beta3-linux64/lib/libdd.so
7fc7b9e74000-7fc7b9e76000 rw-p 00078000 103:04 665817                    /usr/local/prism-games-2.0.beta3-linux64/lib/libdd.so
7fc7b9e76000-7fc7b9e7d000 r-xp 00000000 103:04 665802                    /usr/local/prism-games-2.0.beta3-linux64/lib/libjdd.so
7fc7b9e7d000-7fc7ba07c000 ---p 00007000 103:04 665802                    /usr/local/prism-games-2.0.beta3-linux64/lib/libjdd.so
7fc7ba07c000-7fc7ba07d000 rw-p 00006000 103:04 665802                    /usr/local/prism-games-2.0.beta3-linux64/lib/libjdd.so
7fc7ba07d000-7fc7ba27d000 rw-p 00000000 00:00 0 
7fc7ba27d000-7fc7ba281000 ---p 00000000 00:00 0 
7fc7ba281000-7fc7ba67e000 rw-p 00000000 00:00 0 
7fc7ba67e000-7fc7ba682000 ---p 00000000 00:00 0 
7fc7ba682000-7fc7baa7f000 rw-p 00000000 00:00 0 
7fc7baa7f000-7fc7baab0000 r-xp 00000000 103:04 534498                    /usr/lib/x86_64-linux-gnu/libpng16.so.16.34.0
7fc7baab0000-7fc7bacaf000 ---p 00031000 103:04 534498                    /usr/lib/x86_64-linux-gnu/libpng16.so.16.34.0
7fc7bacaf000-7fc7bacb0000 r--p 00030000 103:04 534498                    /usr/lib/x86_64-linux-gnu/libpng16.so.16.34.0
7fc7bacb0000-7fc7bacb1000 rw-p 00031000 103:04 534498                    /usr/lib/x86_64-linux-gnu/libpng16.so.16.34.0
7fc7bacb1000-7fc7bad5e000 r-xp 00000000 103:04 534008                    /usr/lib/x86_64-linux-gnu/libfreetype.so.6.15.0
7fc7bad5e000-7fc7baf5d000 ---p 000ad000 103:04 534008                    /usr/lib/x86_64-linux-gnu/libfreetype.so.6.15.0
7fc7baf5d000-7fc7baf64000 r--p 000ac000 103:04 534008                    /usr/lib/x86_64-linux-gnu/libfreetype.so.6.15.0
7fc7baf64000-7fc7baf65000 rw-p 000b3000 103:04 534008                    /usr/lib/x86_64-linux-gnu/libfreetype.so.6.15.0
7fc7baf65000-7fc7baffa000 r-xp 00000000 103:04 664524                    /usr/lib/jvm/java-11-openjdk-amd64/lib/libfontmanager.so
7fc7baffa000-7fc7bb1fa000 ---p 00095000 103:04 664524                    /usr/lib/jvm/java-11-openjdk-amd64/lib/libfontmanager.so
7fc7bb1fa000-7fc7bb1fb000 r--p 00095000 103:04 664524                    /usr/lib/jvm/java-11-openjdk-amd64/lib/libfontmanager.so
7fc7bb1fb000-7fc7bb1fc000 rw-p 00096000 103:04 664524                    /usr/lib/jvm/java-11-openjdk-amd64/lib/libfontmanager.so
7fc7bb1fc000-7fc7bb3fd000 rw-p 00000000 00:00 0 
7fc7bb3fd000-7fc7bb401000 ---p 00000000 00:00 0 
7fc7bb401000-7fc7bb7fe000 rw-p 00000000 00:00 0 
7fc7bb7fe000-7fc7bb802000 ---p 00000000 00:00 0 
7fc7bb802000-7fc7bbbff000 rw-p 00000000 00:00 0 
7fc7bbbff000-7fc7bbc03000 ---p 00000000 00:00 0 
7fc7bbc03000-7fc7bc000000 rw-p 00000000 00:00 0 
7fc7bc000000-7fc7bc021000 rw-p 00000000 00:00 0 
7fc7bc021000-7fc7c0000000 ---p 00000000 00:00 0 
7fc7c0000000-7fc7c0021000 rw-p 00000000 00:00 0 
7fc7c0021000-7fc7c4000000 ---p 00000000 00:00 0 
7fc7c4000000-7fc7c443b000 rw-p 00000000 00:00 0 
7fc7c443b000-7fc7c8000000 ---p 00000000 00:00 0 
7fc7c8000000-7fc7c8021000 rw-p 00000000 00:00 0 
7fc7c8021000-7fc7cc000000 ---p 00000000 00:00 0 
7fc7cc000000-7fc7cc749000 rw-p 00000000 00:00 0 
7fc7cc749000-7fc7d0000000 ---p 00000000 00:00 0 
7fc7d0000000-7fc7d05ec000 rw-p 00000000 00:00 0 
7fc7d05ec000-7fc7d4000000 ---p 00000000 00:00 0 
7fc7d4000000-7fc7d4021000 rw-p 00000000 00:00 0 
7fc7d4021000-7fc7d8000000 ---p 00000000 00:00 0 
7fc7d8000000-7fc7d8ae7000 rw-p 00000000 00:00 0 
7fc7d8ae7000-7fc7dc000000 ---p 00000000 00:00 0 
7fc7dc000000-7fc7dc021000 rw-p 00000000 00:00 0 
7fc7dc021000-7fc7e0000000 ---p 00000000 00:00 0 
7fc7e0000000-7fc7e0021000 rw-p 00000000 00:00 0 
7fc7e0021000-7fc7e4000000 ---p 00000000 00:00 0 
7fc7e4000000-7fc7e41a8000 rw-p 00000000 00:00 0 
7fc7e41a8000-7fc7e8000000 ---p 00000000 00:00 0 
7fc7e8000000-7fc7e8021000 rw-p 00000000 00:00 0 
7fc7e8021000-7fc7ec000000 ---p 00000000 00:00 0 
7fc7ec167000-7fc7ec367000 rw-p 00000000 00:00 0 
7fc7ec41f000-7fc7ec61f000 rw-p 00000000 00:00 0 
7fc7ec61f000-7fc7ec81f000 rw-p 00000000 00:00 0 
7fc7ec81f000-7fc7ec827000 r-xp 00000000 103:04 664512                    /usr/lib/jvm/java-11-openjdk-amd64/lib/libawt_headless.so
7fc7ec827000-7fc7eca26000 ---p 00008000 103:04 664512                    /usr/lib/jvm/java-11-openjdk-amd64/lib/libawt_headless.so
7fc7eca26000-7fc7eca27000 r--p 00007000 103:04 664512                    /usr/lib/jvm/java-11-openjdk-amd64/lib/libawt_headless.so
7fc7eca27000-7fc7eca28000 rw-p 00008000 103:04 664512                    /usr/lib/jvm/java-11-openjdk-amd64/lib/libawt_headless.so
7fc7eca28000-7fc7ecac8000 r-xp 00000000 103:04 664508                    /usr/lib/jvm/java-11-openjdk-amd64/lib/libawt.so
7fc7ecac8000-7fc7eccc8000 ---p 000a0000 103:04 664508                    /usr/lib/jvm/java-11-openjdk-amd64/lib/libawt.so
7fc7eccc8000-7fc7eccc9000 r--p 000a0000 103:04 664508                    /usr/lib/jvm/java-11-openjdk-amd64/lib/libawt.so
7fc7eccc9000-7fc7eccd4000 rw-p 000a1000 103:04 664508                    /usr/lib/jvm/java-11-openjdk-amd64/lib/libawt.so
7fc7eccd4000-7fc7eccf9000 rw-p 00000000 00:00 0 
7fc7eccf9000-7fc7eccfd000 r-xp 00000000 103:04 665810                    /usr/local/prism-games-2.0.beta3-linux64/lib/libprism.so
7fc7eccfd000-7fc7ecefc000 ---p 00004000 103:04 665810                    /usr/local/prism-games-2.0.beta3-linux64/lib/libprism.so
7fc7ecefc000-7fc7ecefd000 rw-p 00003000 103:04 665810                    /usr/local/prism-games-2.0.beta3-linux64/lib/libprism.so
7fc7ecefd000-7fc7ecf14000 r-xp 00000000 103:04 664825                    /usr/lib/jvm/java-11-openjdk-amd64/lib/libnet.so
7fc7ecf14000-7fc7ed113000 ---p 00017000 103:04 664825                    /usr/lib/jvm/java-11-openjdk-amd64/lib/libnet.so
7fc7ed113000-7fc7ed114000 r--p 00016000 103:04 664825                    /usr/lib/jvm/java-11-openjdk-amd64/lib/libnet.so
7fc7ed114000-7fc7ed115000 rw-p 00017000 103:04 664825                    /usr/lib/jvm/java-11-openjdk-amd64/lib/libnet.so
7fc7ed115000-7fc7ed126000 r-xp 00000000 103:04 664832                    /usr/lib/jvm/java-11-openjdk-amd64/lib/libnio.so
7fc7ed126000-7fc7ed325000 ---p 00011000 103:04 664832                    /usr/lib/jvm/java-11-openjdk-amd64/lib/libnio.so
7fc7ed325000-7fc7ed326000 r--p 00010000 103:04 664832                    /usr/lib/jvm/java-11-openjdk-amd64/lib/libnio.so
7fc7ed326000-7fc7ed327000 rw-p 00011000 103:04 664832                    /usr/lib/jvm/java-11-openjdk-amd64/lib/libnio.so
7fc7ed327000-7fc7ed32b000 ---p 00000000 00:00 0 
7fc7ed32b000-7fc7ed728000 rw-p 00000000 00:00 0 
7fc7ed728000-7fc7ed729000 ---p 00000000 00:00 0 
7fc7ed729000-7fc7ed82a000 rw-p 00000000 00:00 0 
7fc7ed82a000-7fc7ed82e000 ---p 00000000 00:00 0 
7fc7ed82e000-7fc7edc2b000 rw-p 00000000 00:00 0 
7fc7edc2b000-7fc7edc2f000 ---p 00000000 00:00 0 
7fc7edc2f000-7fc7ee02c000 rw-p 00000000 00:00 0 
7fc7ee02c000-7fc7ee030000 ---p 00000000 00:00 0 
7fc7ee030000-7fc7ee12d000 rw-p 00000000 00:00 0 
7fc7ee12d000-7fc7ee131000 ---p 00000000 00:00 0 
7fc7ee131000-7fc7ee22e000 rw-p 00000000 00:00 0 
7fc7ee22e000-7fc7ee232000 ---p 00000000 00:00 0 
7fc7ee232000-7fc7ee62f000 rw-p 00000000 00:00 0 
7fc7ee62f000-7fc7eeffe000 r--p 00000000 103:04 531372                    /usr/lib/locale/locale-archive
7fc7eeffe000-7fc7ef002000 ---p 00000000 00:00 0 
7fc7ef002000-7fc7ef3ff000 rw-p 00000000 00:00 0 
7fc7ef3ff000-7fc7ef403000 ---p 00000000 00:00 0 
7fc7ef403000-7fc7f0000000 rw-p 00000000 00:00 0 
7fc7f0000000-7fc7f0021000 rw-p 00000000 00:00 0 
7fc7f0021000-7fc7f4000000 ---p 00000000 00:00 0 
7fc7f4000000-7fc7f4021000 rw-p 00000000 00:00 0 
7fc7f4021000-7fc7f8000000 ---p 00000000 00:00 0 
7fc7f8000000-7fc7f8025000 rw-p 00000000 00:00 0 
7fc7f8025000-7fc7fc000000 ---p 00000000 00:00 0 
7fc7fc000000-7fc7fc021000 rw-p 00000000 00:00 0 
7fc7fc021000-7fc800000000 ---p 00000000 00:00 0 
7fc800000000-7fc800021000 rw-p 00000000 00:00 0 
7fc800021000-7fc804000000 ---p 00000000 00:00 0 
7fc804000000-7fc804021000 rw-p 00000000 00:00 0 
7fc804021000-7fc808000000 ---p 00000000 00:00 0 
7fc808000000-7fc808021000 rw-p 00000000 00:00 0 
7fc808021000-7fc80c000000 ---p 00000000 00:00 0 
7fc80c000000-7fc80c021000 rw-p 00000000 00:00 0 
7fc80c021000-7fc810000000 ---p 00000000 00:00 0 
7fc810000000-7fc810041000 rw-p 00000000 00:00 0 
7fc810041000-7fc814000000 ---p 00000000 00:00 0 
7fc814000000-7fc81402d000 rw-p 00000000 00:00 0 
7fc81402d000-7fc818000000 ---p 00000000 00:00 0 
7fc818000000-7fc818021000 rw-p 00000000 00:00 0 
7fc818021000-7fc81c000000 ---p 00000000 00:00 0 
7fc81c000000-7fc81c021000 rw-p 00000000 00:00 0 
7fc81c021000-7fc820000000 ---p 00000000 00:00 0 
7fc820000000-7fc820021000 rw-p 00000000 00:00 0 
7fc820021000-7fc824000000 ---p 00000000 00:00 0 
7fc82404d000-7fc82407e000 rw-p 00000000 00:00 0 
7fc82407e000-7fc824082000 ---p 00000000 00:00 0 
7fc824082000-7fc82417f000 rw-p 00000000 00:00 0 
7fc82417f000-7fc824183000 ---p 00000000 00:00 0 
7fc824183000-7fc824280000 rw-p 00000000 00:00 0 
7fc824280000-7fc824281000 ---p 00000000 00:00 0 
7fc824281000-7fc8243f8000 rw-p 00000000 00:00 0 
7fc8243f8000-7fc8243f9000 ---p 00000000 00:00 0 
7fc8243f9000-7fc8244fa000 rw-p 00000000 00:00 0 
7fc8244fa000-7fc8244fb000 ---p 00000000 00:00 0 
7fc8244fb000-7fc8245fc000 rw-p 00000000 00:00 0 
7fc8245fc000-7fc8245fd000 ---p 00000000 00:00 0 
7fc8245fd000-7fc8246fe000 rw-p 00000000 00:00 0 
7fc8246fe000-7fc8246ff000 ---p 00000000 00:00 0 
7fc8246ff000-7fc829500000 rw-p 00000000 00:00 0 
7fc829500000-7fc88a800000 ---p 00000000 00:00 0 
7fc88a800000-7fc88d500000 rw-p 00000000 00:00 0 
7fc88d500000-7fc8ee800000 ---p 00000000 00:00 0 
7fc8ee800000-7fc8eeda0000 rw-p 00000000 00:00 0 
7fc8eeda0000-7fc8fb000000 ---p 00000000 00:00 0 
7fc8fb000000-7fc8fb5a0000 rw-p 00000000 00:00 0 
7fc8fb5a0000-7fc907800000 ---p 00000000 00:00 0 
7fc907800000-7fc907da0000 rw-p 00000000 00:00 0 
7fc907da0000-7fc914000000 ---p 00000000 00:00 0 
7fc914000000-7fc9c8000000 rw-p 00000000 00:00 0 
7fcb30000000-7fe214000000 ---p 00000000 00:00 0 
7fe214000000-7fe2140ee000 rw-p 00000000 00:00 0 
7fe2140ee000-7fe218000000 ---p 00000000 00:00 0 
7fe218000000-7fe218021000 rw-p 00000000 00:00 0 
7fe218021000-7fe21c000000 ---p 00000000 00:00 0 
7fe21c000000-7fe21c1ca000 rw-p 00000000 00:00 0 
7fe21c1ca000-7fe220000000 ---p 00000000 00:00 0 
7fe220000000-7fe2201ba000 rw-p 00000000 00:00 0 
7fe2201ba000-7fe224000000 ---p 00000000 00:00 0 
7fe224000000-7fe22413e000 rw-p 00000000 00:00 0 
7fe22413e000-7fe228000000 ---p 00000000 00:00 0 
7fe228000000-7fe228101000 rw-p 00000000 00:00 0 
7fe228101000-7fe22c000000 ---p 00000000 00:00 0 
7fe22c000000-7fe22c11c000 rw-p 00000000 00:00 0 
7fe22c11c000-7fe230000000 ---p 00000000 00:00 0 
7fe230000000-7fe2300f0000 rw-p 00000000 00:00 0 
7fe2300f0000-7fe234000000 ---p 00000000 00:00 0 
7fe234000000-7fe2340db000 rw-p 00000000 00:00 0 
7fe2340db000-7fe238000000 ---p 00000000 00:00 0 
7fe238000000-7fe2380fe000 rw-p 00000000 00:00 0 
7fe2380fe000-7fe23c000000 ---p 00000000 00:00 0 
7fe23c000000-7fe23c0f9000 rw-p 00000000 00:00 0 
7fe23c0f9000-7fe240000000 ---p 00000000 00:00 0 
7fe240006000-7fe240007000 ---p 00000000 00:00 0 
7fe240007000-7fe240108000 rw-p 00000000 00:00 0 
7fe240108000-7fe240109000 ---p 00000000 00:00 0 
7fe240109000-7fe24020a000 rw-p 00000000 00:00 0 
7fe24020a000-7fe24020b000 ---p 00000000 00:00 0 
7fe24020b000-7fe24030c000 rw-p 00000000 00:00 0 
7fe24030c000-7fe24030d000 ---p 00000000 00:00 0 
7fe24030d000-7fe24040e000 rw-p 00000000 00:00 0 
7fe24040e000-7fe24040f000 ---p 00000000 00:00 0 
7fe24040f000-7fe240510000 rw-p 00000000 00:00 0 
7fe240510000-7fe240511000 ---p 00000000 00:00 0 
7fe240511000-7fe240612000 rw-p 00000000 00:00 0 
7fe240612000-7fe240613000 ---p 00000000 00:00 0 
7fe240613000-7fe24111e000 rw-p 00000000 00:00 0 
7fe24111e000-7fe24111f000 ---p 00000000 00:00 0 
7fe24111f000-7fe241220000 rw-p 00000000 00:00 0 
7fe241220000-7fe241221000 ---p 00000000 00:00 0 
7fe241221000-7fe241322000 rw-p 00000000 00:00 0 
7fe241322000-7fe241323000 ---p 00000000 00:00 0 
7fe241323000-7fe241424000 rw-p 00000000 00:00 0 
7fe241424000-7fe241425000 ---p 00000000 00:00 0 
7fe241425000-7fe243b25000 rw-p 00000000 00:00 0 
7fe243b25000-7fe243d95000 rwxp 00000000 00:00 0 
7fe243d95000-7fe2440b6000 ---p 00000000 00:00 0 
7fe2440b6000-7fe244486000 rwxp 00000000 00:00 0 
7fe244486000-7fe24b5ed000 ---p 00000000 00:00 0 
7fe24b5ed000-7fe24b85d000 rwxp 00000000 00:00 0 
7fe24b85d000-7fe252b25000 ---p 00000000 00:00 0 
7fe252b25000-7fe25c000000 r--s 00000000 103:04 670543                    /usr/lib/jvm/java-11-openjdk-amd64/lib/modules
7fe25c000000-7fe25c751000 rw-p 00000000 00:00 0 
7fe25c751000-7fe260000000 ---p 00000000 00:00 0 
7fe26001c000-7fe2601a0000 rw-p 00000000 00:00 0 
7fe2601a0000-7fe2601a1000 ---p 00000000 00:00 0 
7fe2601a1000-7fe2602a2000 rw-p 00000000 00:00 0 
7fe2602a2000-7fe2602a3000 ---p 00000000 00:00 0 
7fe2602a3000-7fe2603a4000 rw-p 00000000 00:00 0 
7fe2603a4000-7fe2603a5000 ---p 00000000 00:00 0 
7fe2603a5000-7fe2604a6000 rw-p 00000000 00:00 0 
7fe2604a6000-7fe2604a7000 ---p 00000000 00:00 0 
7fe2604a7000-7fe2605a8000 rw-p 00000000 00:00 0 
7fe2605a8000-7fe2605a9000 ---p 00000000 00:00 0 
7fe2605a9000-7fe2606aa000 rw-p 00000000 00:00 0 
7fe2606aa000-7fe2606ab000 ---p 00000000 00:00 0 
7fe2606ab000-7fe2607ac000 rw-p 00000000 00:00 0 
7fe2607ac000-7fe2607ad000 ---p 00000000 00:00 0 
7fe2607ad000-7fe2608ae000 rw-p 00000000 00:00 0 
7fe2608ae000-7fe2608af000 ---p 00000000 00:00 0 
7fe2608af000-7fe2609b0000 rw-p 00000000 00:00 0 
7fe2609b0000-7fe2609b1000 ---p 00000000 00:00 0 
7fe2609b1000-7fe260ab2000 rw-p 00000000 00:00 0 
7fe260ab2000-7fe260ab3000 ---p 00000000 00:00 0 
7fe260ab3000-7fe260bb4000 rw-p 00000000 00:00 0 
7fe260bb4000-7fe260bb9000 r-xp 00000000 103:04 664738                    /usr/lib/jvm/java-11-openjdk-amd64/lib/libjimage.so
7fe260bb9000-7fe260db8000 ---p 00005000 103:04 664738                    /usr/lib/jvm/java-11-openjdk-amd64/lib/libjimage.so
7fe260db8000-7fe260db9000 r--p 00004000 103:04 664738                    /usr/lib/jvm/java-11-openjdk-amd64/lib/libjimage.so
7fe260db9000-7fe260dba000 rw-p 00005000 103:04 664738                    /usr/lib/jvm/java-11-openjdk-amd64/lib/libjimage.so
7fe260dba000-7fe260dc1000 r-xp 00000000 103:04 670542                    /usr/lib/jvm/java-11-openjdk-amd64/lib/libzip.so
7fe260dc1000-7fe260fc0000 ---p 00007000 103:04 670542                    /usr/lib/jvm/java-11-openjdk-amd64/lib/libzip.so
7fe260fc0000-7fe260fc1000 r--p 00006000 103:04 670542                    /usr/lib/jvm/java-11-openjdk-amd64/lib/libzip.so
7fe260fc1000-7fe260fc2000 rw-p 00007000 103:04 670542                    /usr/lib/jvm/java-11-openjdk-amd64/lib/libzip.so
7fe260fc2000-7fe260fcd000 r-xp 00000000 103:04 267847                    /lib/x86_64-linux-gnu/libnss_files-2.27.so
7fe260fcd000-7fe2611cc000 ---p 0000b000 103:04 267847                    /lib/x86_64-linux-gnu/libnss_files-2.27.so
7fe2611cc000-7fe2611cd000 r--p 0000a000 103:04 267847                    /lib/x86_64-linux-gnu/libnss_files-2.27.so
7fe2611cd000-7fe2611ce000 rw-p 0000b000 103:04 267847                    /lib/x86_64-linux-gnu/libnss_files-2.27.so
7fe2611ce000-7fe2611d4000 rw-p 00000000 00:00 0 
7fe2611d4000-7fe2611eb000 r-xp 00000000 103:04 267841                    /lib/x86_64-linux-gnu/libnsl-2.27.so
7fe2611eb000-7fe2613ea000 ---p 00017000 103:04 267841                    /lib/x86_64-linux-gnu/libnsl-2.27.so
7fe2613ea000-7fe2613eb000 r--p 00016000 103:04 267841                    /lib/x86_64-linux-gnu/libnsl-2.27.so
7fe2613eb000-7fe2613ec000 rw-p 00017000 103:04 267841                    /lib/x86_64-linux-gnu/libnsl-2.27.so
7fe2613ec000-7fe2613ee000 rw-p 00000000 00:00 0 
7fe2613ee000-7fe2613f9000 r-xp 00000000 103:04 267858                    /lib/x86_64-linux-gnu/libnss_nis-2.27.so
7fe2613f9000-7fe2615f8000 ---p 0000b000 103:04 267858                    /lib/x86_64-linux-gnu/libnss_nis-2.27.so
7fe2615f8000-7fe2615f9000 r--p 0000a000 103:04 267858                    /lib/x86_64-linux-gnu/libnss_nis-2.27.so
7fe2615f9000-7fe2615fa000 rw-p 0000b000 103:04 267858                    /lib/x86_64-linux-gnu/libnss_nis-2.27.so
7fe2615fa000-7fe261602000 r-xp 00000000 103:04 267843                    /lib/x86_64-linux-gnu/libnss_compat-2.27.so
7fe261602000-7fe261802000 ---p 00008000 103:04 267843                    /lib/x86_64-linux-gnu/libnss_compat-2.27.so
7fe261802000-7fe261803000 r--p 00008000 103:04 267843                    /lib/x86_64-linux-gnu/libnss_compat-2.27.so
7fe261803000-7fe261804000 rw-p 00009000 103:04 267843                    /lib/x86_64-linux-gnu/libnss_compat-2.27.so
7fe261804000-7fe261830000 r-xp 00000000 103:04 664658                    /usr/lib/jvm/java-11-openjdk-amd64/lib/libjava.so
7fe261830000-7fe261a2f000 ---p 0002c000 103:04 664658                    /usr/lib/jvm/java-11-openjdk-amd64/lib/libjava.so
7fe261a2f000-7fe261a30000 r--p 0002b000 103:04 664658                    /usr/lib/jvm/java-11-openjdk-amd64/lib/libjava.so
7fe261a30000-7fe261a32000 rw-p 0002c000 103:04 664658                    /usr/lib/jvm/java-11-openjdk-amd64/lib/libjava.so
7fe261a32000-7fe261a3f000 r-xp 00000000 103:04 670541                    /usr/lib/jvm/java-11-openjdk-amd64/lib/libverify.so
7fe261a3f000-7fe261c3e000 ---p 0000d000 103:04 670541                    /usr/lib/jvm/java-11-openjdk-amd64/lib/libverify.so
7fe261c3e000-7fe261c40000 r--p 0000c000 103:04 670541                    /usr/lib/jvm/java-11-openjdk-amd64/lib/libverify.so
7fe261c40000-7fe261c41000 rw-p 0000e000 103:04 670541                    /usr/lib/jvm/java-11-openjdk-amd64/lib/libverify.so
7fe261c41000-7fe261c48000 r-xp 00000000 103:04 267898                    /lib/x86_64-linux-gnu/librt-2.27.so
7fe261c48000-7fe261e47000 ---p 00007000 103:04 267898                    /lib/x86_64-linux-gnu/librt-2.27.so
7fe261e47000-7fe261e48000 r--p 00006000 103:04 267898                    /lib/x86_64-linux-gnu/librt-2.27.so
7fe261e48000-7fe261e49000 rw-p 00007000 103:04 267898                    /lib/x86_64-linux-gnu/librt-2.27.so
7fe261e49000-7fe261e4d000 ---p 00000000 00:00 0 
7fe261e4d000-7fe26224a000 rw-p 00000000 00:00 0 
7fe26224a000-7fe262261000 r-xp 00000000 103:04 261825                    /lib/x86_64-linux-gnu/libgcc_s.so.1
7fe262261000-7fe262460000 ---p 00017000 103:04 261825                    /lib/x86_64-linux-gnu/libgcc_s.so.1
7fe262460000-7fe262461000 r--p 00016000 103:04 261825                    /lib/x86_64-linux-gnu/libgcc_s.so.1
7fe262461000-7fe262462000 rw-p 00017000 103:04 261825                    /lib/x86_64-linux-gnu/libgcc_s.so.1
7fe262462000-7fe2625ff000 r-xp 00000000 103:04 267820                    /lib/x86_64-linux-gnu/libm-2.27.so
7fe2625ff000-7fe2627fe000 ---p 0019d000 103:04 267820                    /lib/x86_64-linux-gnu/libm-2.27.so
7fe2627fe000-7fe2627ff000 r--p 0019c000 103:04 267820                    /lib/x86_64-linux-gnu/libm-2.27.so
7fe2627ff000-7fe262800000 rw-p 0019d000 103:04 267820                    /lib/x86_64-linux-gnu/libm-2.27.so
7fe262800000-7fe262979000 r-xp 00000000 103:04 523283                    /usr/lib/x86_64-linux-gnu/libstdc++.so.6.0.25
7fe262979000-7fe262b79000 ---p 00179000 103:04 523283                    /usr/lib/x86_64-linux-gnu/libstdc++.so.6.0.25
7fe262b79000-7fe262b83000 r--p 00179000 103:04 523283                    /usr/lib/x86_64-linux-gnu/libstdc++.so.6.0.25
7fe262b83000-7fe262b85000 rw-p 00183000 103:04 523283                    /usr/lib/x86_64-linux-gnu/libstdc++.so.6.0.25
7fe262b85000-7fe262b89000 rw-p 00000000 00:00 0 
7fe262b89000-7fe263b26000 r-xp 00000000 103:04 670546                    /usr/lib/jvm/java-11-openjdk-amd64/lib/server/libjvm.so
7fe263b26000-7fe263d26000 ---p 00f9d000 103:04 670546                    /usr/lib/jvm/java-11-openjdk-amd64/lib/server/libjvm.so
7fe263d26000-7fe263dea000 r--p 00f9d000 103:04 670546                    /usr/lib/jvm/java-11-openjdk-amd64/lib/server/libjvm.so
7fe263dea000-7fe263e22000 rw-p 01061000 103:04 670546                    /usr/lib/jvm/java-11-openjdk-amd64/lib/server/libjvm.so
7fe263e22000-7fe263e6b000 rw-p 00000000 00:00 0 
7fe263e6b000-7fe263e85000 r-xp 00000000 103:04 267890                    /lib/x86_64-linux-gnu/libpthread-2.27.so
7fe263e85000-7fe264084000 ---p 0001a000 103:04 267890                    /lib/x86_64-linux-gnu/libpthread-2.27.so
7fe264084000-7fe264085000 r--p 00019000 103:04 267890                    /lib/x86_64-linux-gnu/libpthread-2.27.so
7fe264085000-7fe264086000 rw-p 0001a000 103:04 267890                    /lib/x86_64-linux-gnu/libpthread-2.27.so
7fe264086000-7fe26408a000 rw-p 00000000 00:00 0 
7fe26408a000-7fe26408d000 r-xp 00000000 103:04 267780                    /lib/x86_64-linux-gnu/libdl-2.27.so
7fe26408d000-7fe26428c000 ---p 00003000 103:04 267780                    /lib/x86_64-linux-gnu/libdl-2.27.so
7fe26428c000-7fe26428d000 r--p 00002000 103:04 267780                    /lib/x86_64-linux-gnu/libdl-2.27.so
7fe26428d000-7fe26428e000 rw-p 00003000 103:04 267780                    /lib/x86_64-linux-gnu/libdl-2.27.so
7fe26428e000-7fe2642aa000 r-xp 00000000 103:04 267929                    /lib/x86_64-linux-gnu/libz.so.1.2.11
7fe2642aa000-7fe2644a9000 ---p 0001c000 103:04 267929                    /lib/x86_64-linux-gnu/libz.so.1.2.11
7fe2644a9000-7fe2644aa000 r--p 0001b000 103:04 267929                    /lib/x86_64-linux-gnu/libz.so.1.2.11
7fe2644aa000-7fe2644ab000 rw-p 0001c000 103:04 267929                    /lib/x86_64-linux-gnu/libz.so.1.2.11
7fe2644ab000-7fe264692000 r-xp 00000000 103:04 267757                    /lib/x86_64-linux-gnu/libc-2.27.so
7fe264692000-7fe264892000 ---p 001e7000 103:04 267757                    /lib/x86_64-linux-gnu/libc-2.27.so
7fe264892000-7fe264896000 r--p 001e7000 103:04 267757                    /lib/x86_64-linux-gnu/libc-2.27.so
7fe264896000-7fe264898000 rw-p 001eb000 103:04 267757                    /lib/x86_64-linux-gnu/libc-2.27.so
7fe264898000-7fe26489c000 rw-p 00000000 00:00 0 
7fe26489c000-7fe2648ab000 r-xp 00000000 103:04 664504                    /usr/lib/jvm/java-11-openjdk-amd64/lib/jli/libjli.so
7fe2648ab000-7fe264aaa000 ---p 0000f000 103:04 664504                    /usr/lib/jvm/java-11-openjdk-amd64/lib/jli/libjli.so
7fe264aaa000-7fe264aab000 r--p 0000e000 103:04 664504                    /usr/lib/jvm/java-11-openjdk-amd64/lib/jli/libjli.so
7fe264aab000-7fe264aac000 rw-p 0000f000 103:04 664504                    /usr/lib/jvm/java-11-openjdk-amd64/lib/jli/libjli.so
7fe264aac000-7fe264ad3000 r-xp 00000000 103:04 267729                    /lib/x86_64-linux-gnu/ld-2.27.so
7fe264add000-7fe264ae2000 rw-p 00000000 00:00 0 
7fe264ae2000-7fe264bc8000 ---p 00000000 00:00 0 
7fe264bc8000-7fe264bd0000 rw-p 00000000 00:00 0 
7fe264bd0000-7fe264cb3000 ---p 00000000 00:00 0 
7fe264cb3000-7fe264cb5000 rw-p 00000000 00:00 0 
7fe264cb9000-7fe264cba000 r--p 00000000 103:04 794806                    /usr/share/locale-langpack/en_GB/LC_MESSAGES/libc.mo
7fe264cba000-7fe264cc0000 rw-p 00000000 00:00 0 
7fe264cc0000-7fe264cc7000 ---p 00000000 00:00 0 
7fe264cc7000-7fe264ccf000 rw-s 00000000 103:04 1056591                   /tmp/hsperfdata_william/5678
7fe264ccf000-7fe264cd0000 ---p 00000000 00:00 0 
7fe264cd0000-7fe264cd1000 r--p 00000000 00:00 0 
7fe264cd1000-7fe264cd3000 rw-p 00000000 00:00 0 
7fe264cd3000-7fe264cd4000 r--p 00027000 103:04 267729                    /lib/x86_64-linux-gnu/ld-2.27.so
7fe264cd4000-7fe264cd5000 rw-p 00028000 103:04 267729                    /lib/x86_64-linux-gnu/ld-2.27.so
7fe264cd5000-7fe264cd6000 rw-p 00000000 00:00 0 
7ffd8d797000-7ffd8d7b9000 rw-p 00000000 00:00 0                          [stack]
7ffd8d7ba000-7ffd8d7bd000 r--p 00000000 00:00 0                          [vvar]
7ffd8d7bd000-7ffd8d7bf000 r-xp 00000000 00:00 0                          [vdso]
ffffffffff600000-ffffffffff601000 r-xp 00000000 00:00 0                  [vsyscall]


VM Arguments:
jvm_args: -Xmx100g -Xss4M -Djava.awt.headless=true -Djava.library.path=/usr/local/prism-games-2.0.beta3-linux64/lib:/ppl 
java_command: prism.PrismCL -cuddmaxmem 100g -javamaxmem 100g smgKAAW_mul.prism smg_props.props -prop 1 -s -exportadvmdp tmp.tra -exportstates tmp.sta
java_class_path (initial): /usr/local/prism-games-2.0.beta3-linux64/lib/prism.jar:/usr/local/prism-games-2.0.beta3-linux64/classes:/usr/local/prism-games-2.0.beta3-linux64:/usr/local/prism-games-2.0.beta3-linux64/lib/pepa.zip:/ppl/*:/usr/local/prism-games-2.0.beta3-linux64/lib/ppl_java.jar:/usr/local/prism-games-2.0.beta3-linux64/lib/epsgraphics.jar:/usr/local/prism-games-2.0.beta3-linux64/lib/jhoafparser.jar:/usr/local/prism-games-2.0.beta3-linux64/lib/commons-math3-3.3.jar:/usr/local/prism-games-2.0.beta3-linux64/lib/jcommon.jar:/usr/local/prism-games-2.0.beta3-linux64/lib/colt.jar:/usr/local/prism-games-2.0.beta3-linux64/lib/prism.jar:/usr/local/prism-games-2.0.beta3-linux64/lib/nailgun-server.jar:/usr/local/prism-games-2.0.beta3-linux64/lib/jfreechart.jar:/usr/local/prism-games-2.0.beta3-linux64/lib/jas.jar:/usr/local/prism-games-2.0.beta3-linux64/lib/lpsolve55j.jar:/usr/local/prism-games-2.0.beta3-linux64/lib/log4j.jar
Launcher Type: SUN_STANDARD

Logging:
Log output configuration:
#0: stdout all=warning uptime,level,tags
#1: stderr all=off uptime,level,tags

Environment Variables:
PATH=/home/william/anaconda3/bin:/home/william/prism-4.4-linux64/bin:/bin:/usr/bin:/usr/local/bin:/usr/hosts:/usr/ucb:/snap/bin
USERNAME=william
LD_LIBRARY_PATH=/usr/local/prism-games-2.0.beta3-linux64/lib:/ppl
SHELL=/bin/bash
DISPLAY=:0

Signal Handlers:
SIGSEGV: [libjvm.so+0xd28b70], sa_mask[0]=11111111011111111101111111111110, sa_flags=SA_RESTART|SA_SIGINFO
SIGBUS: [libjvm.so+0xd28b70], sa_mask[0]=11111111011111111101111111111110, sa_flags=SA_RESTART|SA_SIGINFO
SIGFPE: [libjvm.so+0xd28b70], sa_mask[0]=11111111011111111101111111111110, sa_flags=SA_RESTART|SA_SIGINFO
SIGPIPE: [libjvm.so+0xb2a1f0], sa_mask[0]=11111111011111111101111111111110, sa_flags=SA_RESTART|SA_SIGINFO
SIGXFSZ: [libjvm.so+0xb2a1f0], sa_mask[0]=11111111011111111101111111111110, sa_flags=SA_RESTART|SA_SIGINFO
SIGILL: [libjvm.so+0xd28b70], sa_mask[0]=11111111011111111101111111111110, sa_flags=SA_RESTART|SA_SIGINFO
SIGUSR2: [libjvm.so+0xb2a030], sa_mask[0]=00000000000000000000000000000000, sa_flags=SA_RESTART|SA_SIGINFO
SIGHUP: [libjvm.so+0xb2a180], sa_mask[0]=11111111011111111101111111111110, sa_flags=SA_RESTART|SA_SIGINFO
SIGINT: [libjvm.so+0xb2a180], sa_mask[0]=11111111011111111101111111111110, sa_flags=SA_RESTART|SA_SIGINFO
SIGTERM: [libjvm.so+0xb2a180], sa_mask[0]=11111111011111111101111111111110, sa_flags=SA_RESTART|SA_SIGINFO
SIGQUIT: [libjvm.so+0xb2a180], sa_mask[0]=11111111011111111101111111111110, sa_flags=SA_RESTART|SA_SIGINFO


---------------  S Y S T E M  ---------------

OS:DISTRIB_ID=Ubuntu
DISTRIB_RELEASE=18.04
DISTRIB_CODENAME=bionic
DISTRIB_DESCRIPTION="Ubuntu 18.04.1 LTS"
uname:Linux 4.19.0-041900-generic #201810221809 SMP Mon Oct 22 22:11:45 UTC 2018 x86_64
libc:glibc 2.27 NPTL 2.27 
rlimit: STACK 8192k, CORE 0k, NPROC 62301, NOFILE 4096, AS infinity, DATA infinity, FSIZE infinity
load average:2.05 1.07 1.17

/proc/meminfo:
MemTotal:       16058740 kB
MemFree:         1009580 kB
MemAvailable:    4914576 kB
Buffers:          636416 kB
Cached:          4483312 kB
SwapCached:            0 kB
Active:         11972268 kB
Inactive:        2479416 kB
Active(anon):    9334704 kB
Inactive(anon):  1083380 kB
Active(file):    2637564 kB
Inactive(file):  1396036 kB
Unevictable:        2376 kB
Mlocked:            2376 kB
SwapTotal:             0 kB
SwapFree:              0 kB
Dirty:               516 kB
Writeback:             0 kB
AnonPages:       9334896 kB
Mapped:          1122620 kB
Shmem:           1086136 kB
Slab:             320460 kB
SReclaimable:     213076 kB
SUnreclaim:       107384 kB
KernelStack:       20448 kB
PageTables:       107268 kB
NFS_Unstable:          0 kB
Bounce:                0 kB
WritebackTmp:          0 kB
CommitLimit:     8029368 kB
Committed_AS:   33964460 kB
VmallocTotal:   34359738367 kB
VmallocUsed:           0 kB
VmallocChunk:          0 kB
Percpu:             4928 kB
HardwareCorrupted:     0 kB
AnonHugePages:         0 kB
ShmemHugePages:        0 kB
ShmemPmdMapped:        0 kB
CmaTotal:              0 kB
CmaFree:               0 kB
HugePages_Total:       0
HugePages_Free:        0
HugePages_Rsvd:        0
HugePages_Surp:        0
Hugepagesize:       2048 kB
Hugetlb:               0 kB
DirectMap4k:      556880 kB
DirectMap2M:    14807040 kB
DirectMap1G:     1048576 kB

container (cgroup) information:
container_type: cgroupv1
cpu_cpuset_cpus: 0-11
cpu_memory_nodes: 0
active_processor_count: 12
cpu_quota: -1
cpu_period: 100000
cpu_shares: -1
memory_limit_in_bytes: -1
memory_and_swap_limit_in_bytes: -2
memory_soft_limit_in_bytes: -1
memory_usage_in_bytes: 14801915904
memory_max_usage_in_bytes: 2080768


CPU:total 12 (initial active 12) (6 cores per cpu, 2 threads per core) family 6 model 158 stepping 10, cmov, cx8, fxsr, mmx, sse, sse2, sse3, ssse3, sse4.1, sse4.2, popcnt, avx, avx2, aes, clmul, erms, 3dnowpref, lzcnt, ht, tsc, tscinvbit, bmi1, bmi2, adx, fma
CPU Model and flags from /proc/cpuinfo:
model name	: Intel(R) Core(TM) i7-8750H CPU @ 2.20GHz
flags		: fpu vme de pse tsc msr pae mce cx8 apic sep mtrr pge mca cmov pat pse36 clflush dts acpi mmx fxsr sse sse2 ss ht tm pbe syscall nx pdpe1gb rdtscp lm constant_tsc art arch_perfmon pebs bts rep_good nopl xtopology nonstop_tsc cpuid aperfmperf tsc_known_freq pni pclmulqdq dtes64 monitor ds_cpl vmx est tm2 ssse3 sdbg fma cx16 xtpr pdcm pcid sse4_1 sse4_2 x2apic movbe popcnt tsc_deadline_timer aes xsave avx f16c rdrand lahf_lm abm 3dnowprefetch cpuid_fault epb invpcid_single pti ssbd ibrs ibpb stibp tpr_shadow vnmi flexpriority ept vpid ept_ad fsgsbase tsc_adjust bmi1 avx2 smep bmi2 erms invpcid mpx rdseed adx smap clflushopt intel_pt xsaveopt xsavec xgetbv1 xsaves dtherm ida arat pln pts hwp hwp_notify hwp_act_window hwp_epp flush_l1d

Memory: 4k page, physical 16058740k(1007060k free), swap 0k(0k free)

vm_info: OpenJDK 64-Bit Server VM (10.0.2+13-Ubuntu-1ubuntu0.18.04.3) for linux-amd64 JRE (10.0.2+13-Ubuntu-1ubuntu0.18.04.3), built on Oct  7 2018 15:06:09 by "buildd" with gcc 7.3.0

END.
